[ 2014-12-18T10:35:15+08:00 ] 127.0.0.1 /
INFO: [ app_init ] --START--
INFO: Run Behavior\BuildLiteBehavior [ RunTime:0.001000s ]
SQL: SHOW COLUMNS FROM `gica_hooks` [ RunTime:0.0040s ]
SQL: SELECT `name`,`addons` FROM `gica_hooks`  [ RunTime:0.0000s ]
SQL: SHOW COLUMNS FROM `gica_addons` [ RunTime:0.0040s ]
SQL: SELECT `id`,`name` FROM `gica_addons` WHERE `status` = 1 AND `name` IN ('ReturnTop')  [ RunTime:0.0000s ]
SQL: SELECT `id`,`name` FROM `gica_addons` WHERE `status` = 1 AND `name` IN ('Attachment')  [ RunTime:0.0000s ]
SQL: SELECT `id`,`name` FROM `gica_addons` WHERE `status` = 1 AND `name` IN ('Attachment','SocialComment')  [ RunTime:0.0010s ]
SQL: SELECT `id`,`name` FROM `gica_addons` WHERE `status` = 1 AND `name` IN ('Attachment')  [ RunTime:0.0010s ]
SQL: SELECT `id`,`name` FROM `gica_addons` WHERE `status` = 1 AND `name` IN ('Editor')  [ RunTime:0.0010s ]
SQL: SELECT `id`,`name` FROM `gica_addons` WHERE `status` = 1 AND `name` IN ('EditorForAdmin')  [ RunTime:0.0020s ]
SQL: SELECT `id`,`name` FROM `gica_addons` WHERE `status` = 1 AND `name` IN ('SiteStat','SystemInfo','DevTeam')  [ RunTime:0.0010s ]
SQL: SELECT `id`,`name` FROM `gica_addons` WHERE `status` = 1 AND `name` IN ('Editor')  [ RunTime:0.0010s ]
INFO: Run Common\Behavior\InitHookBehavior [ RunTime:0.088005s ]
INFO: [ app_init ] --END-- [ RunTime:0.089005s ]
INFO: [ app_begin ] --START--
INFO: Run Behavior\ReadHtmlCacheBehavior [ RunTime:0.066004s ]
INFO: [ app_begin ] --END-- [ RunTime:0.066004s ]
SQL: SHOW COLUMNS FROM `gica_config` [ RunTime:0.0070s ]
SQL: SELECT `type`,`name`,`value` FROM `gica_config` WHERE `status` = 1  [ RunTime:0.0010s ]

[ 2014-12-18T10:40:09+08:00 ] 127.0.0.1 /index.php?s=/Home/Borrow/index.html
INFO: [ app_init ] --START--
INFO: Run Behavior\BuildLiteBehavior [ RunTime:0.000000s ]
INFO: Run Common\Behavior\InitHookBehavior [ RunTime:0.009001s ]
INFO: [ app_init ] --END-- [ RunTime:0.010001s ]
INFO: [ app_begin ] --START--
INFO: Run Behavior\ReadHtmlCacheBehavior [ RunTime:0.002000s ]
INFO: [ app_begin ] --END-- [ RunTime:0.002000s ]
SQL: SHOW COLUMNS FROM `gica_config` [ RunTime:0.0030s ]
SQL: SELECT `type`,`name`,`value` FROM `gica_config` WHERE `status` = 1  [ RunTime:0.0010s ]

[ 2014-12-18T10:41:10+08:00 ] 127.0.0.1 /index.php?s=/Home/Borrow/index.html
INFO: [ app_init ] --START--
INFO: Run Behavior\BuildLiteBehavior [ RunTime:0.000000s ]
INFO: Run Common\Behavior\InitHookBehavior [ RunTime:0.007001s ]
INFO: [ app_init ] --END-- [ RunTime:0.008001s ]
INFO: [ app_begin ] --START--
INFO: Run Behavior\ReadHtmlCacheBehavior [ RunTime:0.002000s ]
INFO: [ app_begin ] --END-- [ RunTime:0.002000s ]
SQL: SHOW COLUMNS FROM `gica_config` [ RunTime:0.0030s ]
SQL: SELECT `type`,`name`,`value` FROM `gica_config` WHERE `status` = 1  [ RunTime:0.0000s ]

[ 2014-12-18T10:41:28+08:00 ] 127.0.0.1 /index.php?s=/Home/Borrow/index.html
INFO: [ app_init ] --START--
INFO: Run Behavior\BuildLiteBehavior [ RunTime:0.000000s ]
INFO: Run Common\Behavior\InitHookBehavior [ RunTime:0.008000s ]
INFO: [ app_init ] --END-- [ RunTime:0.008000s ]
INFO: [ app_begin ] --START--
INFO: Run Behavior\ReadHtmlCacheBehavior [ RunTime:0.003001s ]
INFO: [ app_begin ] --END-- [ RunTime:0.003001s ]
SQL: SHOW COLUMNS FROM `gica_config` [ RunTime:0.0040s ]
SQL: SELECT `type`,`name`,`value` FROM `gica_config` WHERE `status` = 1  [ RunTime:0.0000s ]

[ 2014-12-18T10:41:49+08:00 ] 127.0.0.1 /index.php?s=/Home/Borrow/index.html
INFO: [ app_init ] --START--
INFO: Run Behavior\BuildLiteBehavior [ RunTime:0.000000s ]
INFO: Run Common\Behavior\InitHookBehavior [ RunTime:0.009000s ]
INFO: [ app_init ] --END-- [ RunTime:0.009000s ]
INFO: [ app_begin ] --START--
INFO: Run Behavior\ReadHtmlCacheBehavior [ RunTime:0.002000s ]
INFO: [ app_begin ] --END-- [ RunTime:0.002000s ]
SQL: SHOW COLUMNS FROM `gica_config` [ RunTime:0.0040s ]
SQL: SELECT `type`,`name`,`value` FROM `gica_config` WHERE `status` = 1  [ RunTime:0.0000s ]

[ 2014-12-18T10:43:13+08:00 ] 127.0.0.1 /index.php?s=/Home/User/login.html
INFO: [ app_init ] --START--
INFO: Run Behavior\BuildLiteBehavior [ RunTime:0.000000s ]
INFO: Run Common\Behavior\InitHookBehavior [ RunTime:0.007000s ]
INFO: [ app_init ] --END-- [ RunTime:0.009000s ]
INFO: [ app_begin ] --START--
INFO: Run Behavior\ReadHtmlCacheBehavior [ RunTime:0.002000s ]
INFO: [ app_begin ] --END-- [ RunTime:0.002000s ]
SQL: SHOW COLUMNS FROM `gica_config` [ RunTime:0.0030s ]
SQL: SELECT `type`,`name`,`value` FROM `gica_config` WHERE `status` = 1  [ RunTime:0.0010s ]

[ 2014-12-18T10:43:13+08:00 ] 127.0.0.1 /index.php?s=/Home/User/verify.html
INFO: [ app_init ] --START--
INFO: Run Behavior\BuildLiteBehavior [ RunTime:0.000000s ]
INFO: Run Common\Behavior\InitHookBehavior [ RunTime:0.008000s ]
INFO: [ app_init ] --END-- [ RunTime:0.009000s ]
INFO: [ app_begin ] --START--
INFO: Run Behavior\ReadHtmlCacheBehavior [ RunTime:0.002000s ]
INFO: [ app_begin ] --END-- [ RunTime:0.002000s ]
SQL: SHOW COLUMNS FROM `gica_config` [ RunTime:0.0100s ]
SQL: SELECT `type`,`name`,`value` FROM `gica_config` WHERE `status` = 1  [ RunTime:0.0000s ]

[ 2014-12-18T10:43:16+08:00 ] 127.0.0.1 /index.php?s=/Home/Finance/index.html
INFO: [ app_init ] --START--
INFO: Run Behavior\BuildLiteBehavior [ RunTime:0.000000s ]
INFO: Run Common\Behavior\InitHookBehavior [ RunTime:0.008000s ]
INFO: [ app_init ] --END-- [ RunTime:0.009000s ]
INFO: [ app_begin ] --START--
INFO: Run Behavior\ReadHtmlCacheBehavior [ RunTime:0.002001s ]
INFO: [ app_begin ] --END-- [ RunTime:0.002001s ]
SQL: SHOW COLUMNS FROM `gica_config` [ RunTime:0.0030s ]
SQL: SELECT `type`,`name`,`value` FROM `gica_config` WHERE `status` = 1  [ RunTime:0.0010s ]

[ 2014-12-18T10:43:19+08:00 ] 127.0.0.1 /index.php?s=/Home/Borrow/index.html
INFO: [ app_init ] --START--
INFO: Run Behavior\BuildLiteBehavior [ RunTime:0.000000s ]
INFO: Run Common\Behavior\InitHookBehavior [ RunTime:0.009001s ]
INFO: [ app_init ] --END-- [ RunTime:0.009001s ]
INFO: [ app_begin ] --START--
INFO: Run Behavior\ReadHtmlCacheBehavior [ RunTime:0.002000s ]
INFO: [ app_begin ] --END-- [ RunTime:0.002000s ]
SQL: SHOW COLUMNS FROM `gica_config` [ RunTime:0.0030s ]
SQL: SELECT `type`,`name`,`value` FROM `gica_config` WHERE `status` = 1  [ RunTime:0.0000s ]

[ 2014-12-18T10:43:24+08:00 ] 127.0.0.1 /index.php?s=/Home/User/login.html
INFO: [ app_init ] --START--
INFO: Run Behavior\BuildLiteBehavior [ RunTime:0.000000s ]
INFO: Run Common\Behavior\InitHookBehavior [ RunTime:0.008000s ]
INFO: [ app_init ] --END-- [ RunTime:0.009000s ]
INFO: [ app_begin ] --START--
INFO: Run Behavior\ReadHtmlCacheBehavior [ RunTime:0.001000s ]
INFO: [ app_begin ] --END-- [ RunTime:0.002001s ]
SQL: SHOW COLUMNS FROM `gica_config` [ RunTime:0.0040s ]
SQL: SELECT `type`,`name`,`value` FROM `gica_config` WHERE `status` = 1  [ RunTime:0.0000s ]

[ 2014-12-18T10:43:24+08:00 ] 127.0.0.1 /index.php?s=/Home/User/verify.html
INFO: [ app_init ] --START--
INFO: Run Behavior\BuildLiteBehavior [ RunTime:0.000000s ]
INFO: Run Common\Behavior\InitHookBehavior [ RunTime:0.007001s ]
INFO: [ app_init ] --END-- [ RunTime:0.008001s ]
INFO: [ app_begin ] --START--
INFO: Run Behavior\ReadHtmlCacheBehavior [ RunTime:0.002000s ]
INFO: [ app_begin ] --END-- [ RunTime:0.002000s ]
SQL: SHOW COLUMNS FROM `gica_config` [ RunTime:0.0030s ]
SQL: SELECT `type`,`name`,`value` FROM `gica_config` WHERE `status` = 1  [ RunTime:0.0000s ]

[ 2014-12-18T10:43:46+08:00 ] 127.0.0.1 /index.php?s=/Home/User/login.html
INFO: [ app_init ] --START--
INFO: Run Behavior\BuildLiteBehavior [ RunTime:0.000000s ]
INFO: Run Common\Behavior\InitHookBehavior [ RunTime:0.010000s ]
INFO: [ app_init ] --END-- [ RunTime:0.011000s ]
INFO: [ app_begin ] --START--
INFO: Run Behavior\ReadHtmlCacheBehavior [ RunTime:0.003000s ]
INFO: [ app_begin ] --END-- [ RunTime:0.003000s ]
SQL: SHOW COLUMNS FROM `gica_config` [ RunTime:0.0030s ]
SQL: SELECT `type`,`name`,`value` FROM `gica_config` WHERE `status` = 1  [ RunTime:0.0000s ]

