[ 2014-12-08T10:05:34+08:00 ] 127.0.0.1 /
INFO: [ app_init ] --START--
INFO: Run Behavior\BuildLiteBehavior [ RunTime:0.000000s ]
INFO: Run Common\Behavior\InitHookBehavior [ RunTime:0.007000s ]
INFO: [ app_init ] --END-- [ RunTime:0.007000s ]
INFO: [ app_begin ] --START--
INFO: Run Behavior\ReadHtmlCacheBehavior [ RunTime:0.017001s ]
INFO: [ app_begin ] --END-- [ RunTime:0.017001s ]
SQL: SHOW COLUMNS FROM `gica_config` [ RunTime:0.0210s ]
SQL: SELECT `type`,`name`,`value` FROM `gica_config` WHERE `status` = 1  [ RunTime:0.0000s ]

[ 2014-12-08T10:05:44+08:00 ] 127.0.0.1 /index.php?s=/Home/Newhelp/compare_tools.html
INFO: [ app_init ] --START--
INFO: Run Behavior\BuildLiteBehavior [ RunTime:0.000000s ]
INFO: Run Common\Behavior\InitHookBehavior [ RunTime:0.007001s ]
INFO: [ app_init ] --END-- [ RunTime:0.008001s ]
INFO: [ app_begin ] --START--
INFO: Run Behavior\ReadHtmlCacheBehavior [ RunTime:0.001000s ]
INFO: [ app_begin ] --END-- [ RunTime:0.002000s ]
SQL: SHOW COLUMNS FROM `gica_config` [ RunTime:0.0030s ]
SQL: SELECT `type`,`name`,`value` FROM `gica_config` WHERE `status` = 1  [ RunTime:0.0000s ]

[ 2014-12-08T10:10:52+08:00 ] 127.0.0.1 /index.php?s=/Home/Finance/index.html
INFO: [ app_init ] --START--
INFO: Run Behavior\BuildLiteBehavior [ RunTime:0.000000s ]
INFO: Run Common\Behavior\InitHookBehavior [ RunTime:0.007001s ]
INFO: [ app_init ] --END-- [ RunTime:0.007001s ]
INFO: [ app_begin ] --START--
INFO: Run Behavior\ReadHtmlCacheBehavior [ RunTime:0.002000s ]
INFO: [ app_begin ] --END-- [ RunTime:0.002000s ]
SQL: SHOW COLUMNS FROM `gica_config` [ RunTime:0.0020s ]
SQL: SELECT `type`,`name`,`value` FROM `gica_config` WHERE `status` = 1  [ RunTime:0.0010s ]

[ 2014-12-08T10:10:57+08:00 ] 127.0.0.1 /index.php?s=/Home/Borrow/index.html
INFO: [ app_init ] --START--
INFO: Run Behavior\BuildLiteBehavior [ RunTime:0.000000s ]
INFO: Run Common\Behavior\InitHookBehavior [ RunTime:0.007000s ]
INFO: [ app_init ] --END-- [ RunTime:0.008000s ]
INFO: [ app_begin ] --START--
INFO: Run Behavior\ReadHtmlCacheBehavior [ RunTime:0.002000s ]
INFO: [ app_begin ] --END-- [ RunTime:0.002000s ]
SQL: SHOW COLUMNS FROM `gica_config` [ RunTime:0.0030s ]
SQL: SELECT `type`,`name`,`value` FROM `gica_config` WHERE `status` = 1  [ RunTime:0.0000s ]

[ 2014-12-08T10:10:59+08:00 ] 127.0.0.1 /index.php?s=/Home/Borrow/borrowAdd.html
INFO: [ app_init ] --START--
INFO: Run Behavior\BuildLiteBehavior [ RunTime:0.000000s ]
INFO: Run Common\Behavior\InitHookBehavior [ RunTime:0.006001s ]
INFO: [ app_init ] --END-- [ RunTime:0.007001s ]
INFO: [ app_begin ] --START--
INFO: Run Behavior\ReadHtmlCacheBehavior [ RunTime:0.002000s ]
INFO: [ app_begin ] --END-- [ RunTime:0.002000s ]
SQL: SHOW COLUMNS FROM `gica_config` [ RunTime:0.0030s ]
SQL: SELECT `type`,`name`,`value` FROM `gica_config` WHERE `status` = 1  [ RunTime:0.0000s ]

[ 2014-12-08T10:11:02+08:00 ] 127.0.0.1 /index.php?s=/Home/Borrow/index.html
INFO: [ app_init ] --START--
INFO: Run Behavior\BuildLiteBehavior [ RunTime:0.000000s ]
INFO: Run Common\Behavior\InitHookBehavior [ RunTime:0.006001s ]
INFO: [ app_init ] --END-- [ RunTime:0.007001s ]
INFO: [ app_begin ] --START--
INFO: Run Behavior\ReadHtmlCacheBehavior [ RunTime:0.002000s ]
INFO: [ app_begin ] --END-- [ RunTime:0.002000s ]
SQL: SHOW COLUMNS FROM `gica_config` [ RunTime:0.0020s ]
SQL: SELECT `type`,`name`,`value` FROM `gica_config` WHERE `status` = 1  [ RunTime:0.0010s ]

[ 2014-12-08T10:11:06+08:00 ] 127.0.0.1 /index.php?s=/Home/User/login.html
INFO: [ app_init ] --START--
INFO: Run Behavior\BuildLiteBehavior [ RunTime:0.000000s ]
INFO: Run Common\Behavior\InitHookBehavior [ RunTime:0.006000s ]
INFO: [ app_init ] --END-- [ RunTime:0.008001s ]
INFO: [ app_begin ] --START--
INFO: Run Behavior\ReadHtmlCacheBehavior [ RunTime:0.002000s ]
INFO: [ app_begin ] --END-- [ RunTime:0.002000s ]
SQL: SHOW COLUMNS FROM `gica_config` [ RunTime:0.0020s ]
SQL: SELECT `type`,`name`,`value` FROM `gica_config` WHERE `status` = 1  [ RunTime:0.0000s ]

[ 2014-12-08T10:11:06+08:00 ] 127.0.0.1 /index.php?s=/Home/User/verify.html
INFO: [ app_init ] --START--
INFO: Run Behavior\BuildLiteBehavior [ RunTime:0.000000s ]
INFO: Run Common\Behavior\InitHookBehavior [ RunTime:0.012000s ]
INFO: [ app_init ] --END-- [ RunTime:0.013000s ]
INFO: [ app_begin ] --START--
INFO: Run Behavior\ReadHtmlCacheBehavior [ RunTime:0.003000s ]
INFO: [ app_begin ] --END-- [ RunTime:0.003000s ]
SQL: SHOW COLUMNS FROM `gica_config` [ RunTime:0.0030s ]
SQL: SELECT `type`,`name`,`value` FROM `gica_config` WHERE `status` = 1  [ RunTime:0.0000s ]

[ 2014-12-08T13:10:02+08:00 ] 127.0.0.1 /index.php?s=/Home/Borrow/index.html
INFO: [ app_init ] --START--
INFO: Run Behavior\BuildLiteBehavior [ RunTime:0.000000s ]
INFO: Run Common\Behavior\InitHookBehavior [ RunTime:0.000000s ]
INFO: [ app_init ] --END-- [ RunTime:0.000000s ]
INFO: [ app_begin ] --START--
INFO: Run Behavior\ReadHtmlCacheBehavior [ RunTime:0.000000s ]
INFO: [ app_begin ] --END-- [ RunTime:0.000000s ]
SQL: SHOW COLUMNS FROM `gica_config` [ RunTime:0.0000s ]
SQL: SELECT `type`,`name`,`value` FROM `gica_config` WHERE `status` = 1  [ RunTime:0.0000s ]

[ 2014-12-08T13:10:06+08:00 ] 127.0.0.1 /index.php?s=/Home/Borrow/borrowAdd.html
INFO: [ app_init ] --START--
INFO: Run Behavior\BuildLiteBehavior [ RunTime:0.000000s ]
INFO: Run Common\Behavior\InitHookBehavior [ RunTime:0.015600s ]
INFO: [ app_init ] --END-- [ RunTime:0.015600s ]
INFO: [ app_begin ] --START--
INFO: Run Behavior\ReadHtmlCacheBehavior [ RunTime:0.000000s ]
INFO: [ app_begin ] --END-- [ RunTime:0.000000s ]
SQL: SHOW COLUMNS FROM `gica_config` [ RunTime:0.0000s ]
SQL: SELECT `type`,`name`,`value` FROM `gica_config` WHERE `status` = 1  [ RunTime:0.0000s ]

[ 2014-12-08T13:11:58+08:00 ] 127.0.0.1 /index.php?s=/Home/Borrow/index.html
INFO: [ app_init ] --START--
INFO: Run Behavior\BuildLiteBehavior [ RunTime:0.000000s ]
INFO: Run Common\Behavior\InitHookBehavior [ RunTime:0.015600s ]
INFO: [ app_init ] --END-- [ RunTime:0.015600s ]
INFO: [ app_begin ] --START--
INFO: Run Behavior\ReadHtmlCacheBehavior [ RunTime:0.000000s ]
INFO: [ app_begin ] --END-- [ RunTime:0.000000s ]
SQL: SHOW COLUMNS FROM `gica_config` [ RunTime:0.0000s ]
SQL: SELECT `type`,`name`,`value` FROM `gica_config` WHERE `status` = 1  [ RunTime:0.0000s ]

[ 2014-12-08T13:12:38+08:00 ] 127.0.0.1 /index.php?s=/Home/Borrow/index.html
INFO: [ app_init ] --START--
INFO: Run Behavior\BuildLiteBehavior [ RunTime:0.000000s ]
INFO: Run Common\Behavior\InitHookBehavior [ RunTime:0.015600s ]
INFO: [ app_init ] --END-- [ RunTime:0.015600s ]
INFO: [ app_begin ] --START--
INFO: Run Behavior\ReadHtmlCacheBehavior [ RunTime:0.000000s ]
INFO: [ app_begin ] --END-- [ RunTime:0.000000s ]
SQL: SHOW COLUMNS FROM `gica_config` [ RunTime:0.0000s ]
SQL: SELECT `type`,`name`,`value` FROM `gica_config` WHERE `status` = 1  [ RunTime:0.0000s ]

[ 2014-12-08T13:12:41+08:00 ] 127.0.0.1 /index.php?s=/Home/Borrow/papersinfo.html
INFO: [ app_init ] --START--
INFO: Run Behavior\BuildLiteBehavior [ RunTime:0.000000s ]
INFO: Run Common\Behavior\InitHookBehavior [ RunTime:0.000000s ]
INFO: [ app_init ] --END-- [ RunTime:0.000000s ]
INFO: [ app_begin ] --START--
INFO: Run Behavior\ReadHtmlCacheBehavior [ RunTime:0.000000s ]
INFO: [ app_begin ] --END-- [ RunTime:0.000000s ]
SQL: SHOW COLUMNS FROM `gica_config` [ RunTime:0.0000s ]
SQL: SELECT `type`,`name`,`value` FROM `gica_config` WHERE `status` = 1  [ RunTime:0.0000s ]

[ 2014-12-08T13:12:44+08:00 ] 127.0.0.1 /index.php?s=/Home/Borrow/circulation.html
INFO: [ app_init ] --START--
INFO: Run Behavior\BuildLiteBehavior [ RunTime:0.000000s ]
INFO: Run Common\Behavior\InitHookBehavior [ RunTime:0.000000s ]
INFO: [ app_init ] --END-- [ RunTime:0.000000s ]
INFO: [ app_begin ] --START--
INFO: Run Behavior\ReadHtmlCacheBehavior [ RunTime:0.000000s ]
INFO: [ app_begin ] --END-- [ RunTime:0.000000s ]
SQL: SHOW COLUMNS FROM `gica_config` [ RunTime:0.0000s ]
SQL: SELECT `type`,`name`,`value` FROM `gica_config` WHERE `status` = 1  [ RunTime:0.0000s ]

