[ 2015-07-16T16:40:50+08:00 ] 127.0.0.1 /Borrow/borrowapply.html
INFO: [ app_init ] --START--
INFO: Run Behavior\BuildLiteBehavior [ RunTime:0.000000s ]
SQL: SHOW COLUMNS FROM `gica_hooks` [ RunTime:0.0020s ]
SQL: SELECT `name`,`addons` FROM `gica_hooks`  [ RunTime:0.0000s ]
SQL: SHOW COLUMNS FROM `gica_addons` [ RunTime:0.0020s ]
SQL: SELECT `id`,`name` FROM `gica_addons` WHERE `status` = 1 AND `name` IN ('Unslider','ImageSlider')  [ RunTime:0.0000s ]
SQL: SELECT `id`,`name` FROM `gica_addons` WHERE `status` = 1 AND `name` IN ('ReturnTop','Unslider','Statistics','SuperLinks','BaiduStatistics','AdFloat')  [ RunTime:0.0000s ]
SQL: SELECT `id`,`name` FROM `gica_addons` WHERE `status` = 1 AND `name` IN ('Attachment')  [ RunTime:0.0000s ]
SQL: SELECT `id`,`name` FROM `gica_addons` WHERE `status` = 1 AND `name` IN ('Attachment','SocialComment','baidushare','Fancybox')  [ RunTime:0.0000s ]
SQL: SELECT `id`,`name` FROM `gica_addons` WHERE `status` = 1 AND `name` IN ('Attachment')  [ RunTime:0.0010s ]
SQL: SELECT `id`,`name` FROM `gica_addons` WHERE `status` = 1 AND `name` IN ('Editor')  [ RunTime:0.0000s ]
SQL: SELECT `id`,`name` FROM `gica_addons` WHERE `status` = 1 AND `name` IN ('EditorForAdmin')  [ RunTime:0.0000s ]
SQL: SELECT `id`,`name` FROM `gica_addons` WHERE `status` = 1 AND `name` IN ('SiteStat','SystemInfo','Singlepage')  [ RunTime:0.0000s ]
SQL: SELECT `id`,`name` FROM `gica_addons` WHERE `status` = 1 AND `name` IN ('Editor')  [ RunTime:0.0010s ]
SQL: SELECT `id`,`name` FROM `gica_addons` WHERE `status` = 1 AND `name` IN ('MultiLang','Iswaf')  [ RunTime:0.0000s ]
SQL: SELECT `id`,`name` FROM `gica_addons` WHERE `status` = 1 AND `name` IN ('Iyo9Table')  [ RunTime:0.0010s ]
SQL: SELECT `id`,`name` FROM `gica_addons` WHERE `status` = 1 AND `name` IN ('indexAliPlay','AliPlay')  [ RunTime:0.0000s ]
SQL: SELECT `id`,`name` FROM `gica_addons` WHERE `status` = 1 AND `name` IN ('EasyGo')  [ RunTime:0.0000s ]
SQL: SELECT `id`,`name` FROM `gica_addons` WHERE `status` = 1 AND `name` IN ('ChinaCity')  [ RunTime:0.0000s ]
SQL: SELECT `id`,`name` FROM `gica_addons` WHERE `status` = 1 AND `name` IN ('Template')  [ RunTime:0.0000s ]
INFO: Run Common\Behavior\InitHookBehavior [ RunTime:0.159009s ]
INFO: [ app_init ] --END-- [ RunTime:0.163010s ]
INFO: [ app_begin ] --START--
INFO: Run Behavior\ReadHtmlCacheBehavior [ RunTime:0.020001s ]
NOTIC: [2] opendir(./Runtime/iswaf_database//conf/,./Runtime/iswaf_database//conf/): ÏµÍ³ÕÒ²»µ½Ö¸¶¨µÄÂ·¾¶¡£ (code: 3) H:\upupw\vhosts\www.ghcf.cn\Addons\Iswaf\iswaf\iswaf.php ç¬¬ 159 è¡Œ.
NOTIC: [2] opendir(./Runtime/iswaf_database//conf/): failed to open dir: No such file or directory H:\upupw\vhosts\www.ghcf.cn\Addons\Iswaf\iswaf\iswaf.php ç¬¬ 159 è¡Œ.
INFO: Run Addons\Iswaf\IswafAddon [ RunTime:0.451026s ]
INFO: [ app_begin ] --END-- [ RunTime:0.471027s ]
SQL: SHOW COLUMNS FROM `gica_config` [ RunTime:0.0030s ]
SQL: SELECT `type`,`name`,`value` FROM `gica_config` WHERE `status` = 1  [ RunTime:0.0000s ]
SQL: SHOW COLUMNS FROM `gica_z_borrow_apply` [ RunTime:0.0020s ]
SQL: SELECT * FROM `gica_z_borrow_apply` WHERE `apply_uid` = 85 AND `status` = 1  [ RunTime:0.0010s ]
SQL: SELECT * FROM `gica_z_borrow_apply` WHERE `apply_uid` = 85 AND `status` = 0  [ RunTime:0.0000s ]
SQL: SHOW COLUMNS FROM `gica_z_members_status` [ RunTime:0.0030s ]
SQL: SELECT * FROM `gica_z_members_status` WHERE `uid` = 85  [ RunTime:0.0000s ]
INFO: [ view_parse ] --START--
INFO: [ template_filter ] --START--
INFO: Run Behavior\ContentReplaceBehavior [ RunTime:0.001000s ]
INFO: [ template_filter ] --END-- [ RunTime:0.001000s ]
SQL: SHOW COLUMNS FROM `gica_ucenter_member` [ RunTime:0.0050s ]
SQL: SELECT `logo_url` FROM `gica_ucenter_member` WHERE `id` = 85 LIMIT 1   [ RunTime:0.0000s ]
SQL: SHOW COLUMNS FROM `gica_z_system_msg` [ RunTime:0.0040s ]
SQL: SELECT COUNT(*) AS tp_count FROM `gica_z_system_msg` WHERE ( status=0 and uid=85 ) LIMIT 1   [ RunTime:0.0000s ]
SQL: SHOW COLUMNS FROM `gica_z_inner_msg` [ RunTime:0.0040s ]
SQL: SELECT COUNT(*) AS tp_count FROM `gica_z_inner_msg` WHERE ( status=0 and tid=85 ) LIMIT 1   [ RunTime:0.0000s ]
INFO: Run Behavior\ParseTemplateBehavior [ RunTime:0.311017s ]
INFO: [ view_parse ] --END-- [ RunTime:0.311017s ]
INFO: [ view_filter ] --START--
INFO: Run Behavior\WriteHtmlCacheBehavior [ RunTime:0.025002s ]
INFO: [ view_filter ] --END-- [ RunTime:0.025002s ]
INFO: [ app_end ] --START--
INFO: Run Behavior\ShowPageTraceBehavior [ RunTime:0.022001s ]
INFO: [ app_end ] --END-- [ RunTime:0.022001s ]

[ 2015-07-16T16:40:51+08:00 ] 127.0.0.1 /Public/Home/css/h.css
INFO: [ app_init ] --START--
INFO: Run Behavior\BuildLiteBehavior [ RunTime:0.000000s ]
INFO: Run Common\Behavior\InitHookBehavior [ RunTime:0.080005s ]
INFO: [ app_init ] --END-- [ RunTime:0.084005s ]
INFO: [ app_begin ] --START--
INFO: Run Behavior\ReadHtmlCacheBehavior [ RunTime:0.021001s ]
INFO: Run Addons\Iswaf\IswafAddon [ RunTime:0.419024s ]
INFO: [ app_begin ] --END-- [ RunTime:0.440025s ]
SQL: SHOW COLUMNS FROM `gica_config` [ RunTime:0.0030s ]
SQL: SELECT `type`,`name`,`value` FROM `gica_config` WHERE `status` = 1  [ RunTime:0.0010s ]

[ 2015-07-16T16:40:52+08:00 ] 127.0.0.1 /Public/Home/css/ysx.css
INFO: [ app_init ] --START--
INFO: Run Behavior\BuildLiteBehavior [ RunTime:0.000000s ]
INFO: Run Common\Behavior\InitHookBehavior [ RunTime:0.081004s ]
INFO: [ app_init ] --END-- [ RunTime:0.084005s ]
INFO: [ app_begin ] --START--
INFO: Run Behavior\ReadHtmlCacheBehavior [ RunTime:0.021001s ]
INFO: Run Addons\Iswaf\IswafAddon [ RunTime:0.418024s ]
INFO: [ app_begin ] --END-- [ RunTime:0.439025s ]
SQL: SHOW COLUMNS FROM `gica_config` [ RunTime:0.0030s ]
SQL: SELECT `type`,`name`,`value` FROM `gica_config` WHERE `status` = 1  [ RunTime:0.0000s ]

[ 2015-07-16T16:40:53+08:00 ] 127.0.0.1 /Index/index.html
INFO: [ app_init ] --START--
INFO: Run Behavior\BuildLiteBehavior [ RunTime:0.000000s ]
INFO: Run Common\Behavior\InitHookBehavior [ RunTime:0.071004s ]
INFO: [ app_init ] --END-- [ RunTime:0.074004s ]
INFO: [ app_begin ] --START--
INFO: Run Behavior\ReadHtmlCacheBehavior [ RunTime:0.021001s ]
INFO: Run Addons\Iswaf\IswafAddon [ RunTime:0.340019s ]
INFO: [ app_begin ] --END-- [ RunTime:0.361020s ]
SQL: SHOW COLUMNS FROM `gica_config` [ RunTime:0.0020s ]
SQL: SELECT `type`,`name`,`value` FROM `gica_config` WHERE `status` = 1  [ RunTime:0.0000s ]
SQL: SHOW COLUMNS FROM `gica_category` [ RunTime:0.0020s ]
SQL: SELECT `id`,`name`,`title`,`pid`,`sort`,`list_row`,`meta_title`,`keywords`,`description`,`template_index`,`template_lists`,`template_detail`,`template_edit`,`model`,`model_sub`,`type`,`link_id`,`allow_publish`,`display`,`reply`,`check`,`reply_model`,`extend`,`create_time`,`update_time`,`status`,`icon`,`groups` FROM `gica_category` WHERE `status` = 1 ORDER BY sort  [ RunTime:0.0000s ]
SQL: SHOW COLUMNS FROM `gica_document` [ RunTime:0.0030s ]
SQL: SELECT * FROM `gica_document` WHERE `category_id` = 2 LIMIT 6   [ RunTime:0.0010s ]
SQL: SELECT * FROM `gica_document` WHERE `category_id` = 40 LIMIT 7   [ RunTime:0.0000s ]
SQL: SELECT * FROM `gica_document` WHERE `category_id` = 43 LIMIT 7   [ RunTime:0.0010s ]
SQL: SHOW COLUMNS FROM `gica_z_borrow_investor` [ RunTime:0.0030s ]
SQL: SELECT `investor_uid`,sum(investor_capital)investor_capital FROM `gica_z_borrow_investor` GROUP BY investor_uid ORDER BY investor_capital desc  [ RunTime:0.0000s ]
SQL: SHOW COLUMNS FROM `gica_z_borrow_info` [ RunTime:0.0030s ]
SQL: SELECT COUNT(*) AS tp_count FROM `gica_z_borrow_info` WHERE ( borrow_status not in (1,5,3) ) LIMIT 1   [ RunTime:0.0010s ]
SQL: SELECT * FROM `gica_z_borrow_info` WHERE ( borrow_status not in (1,5,3) ) ORDER BY borrow_status not in (0,6) DESC,add_time  DESC LIMIT 0,8   [ RunTime:0.0000s ]
INFO: [ view_parse ] --START--
INFO: [ template_filter ] --START--
INFO: Run Behavior\ContentReplaceBehavior [ RunTime:0.000000s ]
INFO: [ template_filter ] --END-- [ RunTime:0.000000s ]
SQL: SHOW COLUMNS FROM `gica_ucenter_member` [ RunTime:0.0030s ]
SQL: SELECT `logo_url` FROM `gica_ucenter_member` WHERE `id` = 85 LIMIT 1   [ RunTime:0.0010s ]
SQL: SHOW COLUMNS FROM `gica_z_system_msg` [ RunTime:0.0020s ]
SQL: SELECT COUNT(*) AS tp_count FROM `gica_z_system_msg` WHERE ( status=0 and uid=85 ) LIMIT 1   [ RunTime:0.0000s ]
SQL: SHOW COLUMNS FROM `gica_z_inner_msg` [ RunTime:0.0020s ]
SQL: SELECT COUNT(*) AS tp_count FROM `gica_z_inner_msg` WHERE ( status=0 and tid=85 ) LIMIT 1   [ RunTime:0.0000s ]
SQL: SHOW COLUMNS FROM `gica_category` [ RunTime:0.0020s ]
SQL: SELECT * FROM `gica_category` WHERE `id` = 43 LIMIT 1   [ RunTime:0.0010s ]
SQL: SELECT * FROM `gica_category` WHERE `id` = 2 LIMIT 1   [ RunTime:0.0010s ]
SQL: SELECT * FROM `gica_category` WHERE `id` = 40 LIMIT 1   [ RunTime:0.0000s ]
INFO: [ indexAliPlay ] --START--
SQL: SHOW COLUMNS FROM `gica_addons` [ RunTime:0.0040s ]
SQL: SELECT `config` FROM `gica_addons` WHERE `name` = 'AliPlay' AND `status` = 1 LIMIT 1   [ RunTime:0.0000s ]
INFO: Run Addons\AliPlay\AliPlayAddon [ RunTime:0.043003s ]
INFO: [ indexAliPlay ] --END-- [ RunTime:0.043003s ]
INFO: Run Behavior\ParseTemplateBehavior [ RunTime:0.420024s ]
INFO: [ view_parse ] --END-- [ RunTime:0.420024s ]
INFO: [ view_filter ] --START--
INFO: Run Behavior\WriteHtmlCacheBehavior [ RunTime:0.021001s ]
INFO: [ view_filter ] --END-- [ RunTime:0.021001s ]
INFO: [ app_end ] --START--
INFO: Run Behavior\ShowPageTraceBehavior [ RunTime:0.019001s ]
INFO: [ app_end ] --END-- [ RunTime:0.019001s ]

[ 2015-07-16T16:40:54+08:00 ] 127.0.0.1 /Index/index.html
INFO: [ app_init ] --START--
INFO: Run Behavior\BuildLiteBehavior [ RunTime:0.000000s ]
INFO: Run Common\Behavior\InitHookBehavior [ RunTime:0.073004s ]
INFO: [ app_init ] --END-- [ RunTime:0.077004s ]
INFO: [ app_begin ] --START--
INFO: Run Behavior\ReadHtmlCacheBehavior [ RunTime:0.020002s ]
INFO: Run Addons\Iswaf\IswafAddon [ RunTime:0.347019s ]
INFO: [ app_begin ] --END-- [ RunTime:0.368021s ]
SQL: SHOW COLUMNS FROM `gica_config` [ RunTime:0.0030s ]
SQL: SELECT `type`,`name`,`value` FROM `gica_config` WHERE `status` = 1  [ RunTime:0.0000s ]
SQL: SHOW COLUMNS FROM `gica_category` [ RunTime:0.0030s ]
SQL: SELECT `id`,`name`,`title`,`pid`,`sort`,`list_row`,`meta_title`,`keywords`,`description`,`template_index`,`template_lists`,`template_detail`,`template_edit`,`model`,`model_sub`,`type`,`link_id`,`allow_publish`,`display`,`reply`,`check`,`reply_model`,`extend`,`create_time`,`update_time`,`status`,`icon`,`groups` FROM `gica_category` WHERE `status` = 1 ORDER BY sort  [ RunTime:0.0010s ]
SQL: SHOW COLUMNS FROM `gica_document` [ RunTime:0.0020s ]
SQL: SELECT * FROM `gica_document` WHERE `category_id` = 2 LIMIT 6   [ RunTime:0.0000s ]
SQL: SELECT * FROM `gica_document` WHERE `category_id` = 40 LIMIT 7   [ RunTime:0.0000s ]
SQL: SELECT * FROM `gica_document` WHERE `category_id` = 43 LIMIT 7   [ RunTime:0.0000s ]
SQL: SHOW COLUMNS FROM `gica_z_borrow_investor` [ RunTime:0.0020s ]
SQL: SELECT `investor_uid`,sum(investor_capital)investor_capital FROM `gica_z_borrow_investor` GROUP BY investor_uid ORDER BY investor_capital desc  [ RunTime:0.0000s ]
SQL: SHOW COLUMNS FROM `gica_z_borrow_info` [ RunTime:0.0020s ]
SQL: SELECT COUNT(*) AS tp_count FROM `gica_z_borrow_info` WHERE ( borrow_status not in (1,5,3) ) LIMIT 1   [ RunTime:0.0000s ]
SQL: SELECT * FROM `gica_z_borrow_info` WHERE ( borrow_status not in (1,5,3) ) ORDER BY borrow_status not in (0,6) DESC,add_time  DESC LIMIT 0,8   [ RunTime:0.0010s ]
INFO: [ view_parse ] --START--
INFO: [ template_filter ] --START--
INFO: Run Behavior\ContentReplaceBehavior [ RunTime:0.000000s ]
INFO: [ template_filter ] --END-- [ RunTime:0.001000s ]
SQL: SHOW COLUMNS FROM `gica_ucenter_member` [ RunTime:0.0050s ]
SQL: SELECT `logo_url` FROM `gica_ucenter_member` WHERE `id` = 85 LIMIT 1   [ RunTime:0.0010s ]
SQL: SHOW COLUMNS FROM `gica_z_system_msg` [ RunTime:0.0040s ]
SQL: SELECT COUNT(*) AS tp_count FROM `gica_z_system_msg` WHERE ( status=0 and uid=85 ) LIMIT 1   [ RunTime:0.0010s ]
SQL: SHOW COLUMNS FROM `gica_z_inner_msg` [ RunTime:0.0040s ]
SQL: SELECT COUNT(*) AS tp_count FROM `gica_z_inner_msg` WHERE ( status=0 and tid=85 ) LIMIT 1   [ RunTime:0.0010s ]
INFO: [ indexAliPlay ] --START--
SQL: SHOW COLUMNS FROM `gica_addons` [ RunTime:0.0040s ]
SQL: SELECT `config` FROM `gica_addons` WHERE `name` = 'AliPlay' AND `status` = 1 LIMIT 1   [ RunTime:0.0010s ]
INFO: Run Addons\AliPlay\AliPlayAddon [ RunTime:0.042002s ]
INFO: [ indexAliPlay ] --END-- [ RunTime:0.042002s ]
INFO: Run Behavior\ParseTemplateBehavior [ RunTime:0.358020s ]
INFO: [ view_parse ] --END-- [ RunTime:0.358020s ]
INFO: [ view_filter ] --START--
INFO: Run Behavior\WriteHtmlCacheBehavior [ RunTime:0.020002s ]
INFO: [ view_filter ] --END-- [ RunTime:0.022002s ]
INFO: [ app_end ] --START--
INFO: Run Behavior\ShowPageTraceBehavior [ RunTime:0.020001s ]
INFO: [ app_end ] --END-- [ RunTime:0.020001s ]

[ 2015-07-16T16:40:59+08:00 ] 127.0.0.1 /Public/Home/css/h.css
INFO: [ app_init ] --START--
INFO: Run Behavior\BuildLiteBehavior [ RunTime:0.001000s ]
INFO: Run Common\Behavior\InitHookBehavior [ RunTime:0.086005s ]
INFO: [ app_init ] --END-- [ RunTime:0.091005s ]
INFO: [ app_begin ] --START--
INFO: Run Behavior\ReadHtmlCacheBehavior [ RunTime:0.023002s ]
INFO: Run Addons\Iswaf\IswafAddon [ RunTime:0.413023s ]
INFO: [ app_begin ] --END-- [ RunTime:0.436025s ]
SQL: SHOW COLUMNS FROM `gica_config` [ RunTime:0.0030s ]
SQL: SELECT `type`,`name`,`value` FROM `gica_config` WHERE `status` = 1  [ RunTime:0.0000s ]

[ 2015-07-16T16:40:59+08:00 ] 127.0.0.1 /Public/Home/css/ysx.css
INFO: [ app_init ] --START--
INFO: Run Behavior\BuildLiteBehavior [ RunTime:0.000000s ]
INFO: Run Common\Behavior\InitHookBehavior [ RunTime:0.090005s ]
INFO: [ app_init ] --END-- [ RunTime:0.096005s ]
INFO: [ app_begin ] --START--
INFO: Run Behavior\ReadHtmlCacheBehavior [ RunTime:0.023001s ]
INFO: Run Addons\Iswaf\IswafAddon [ RunTime:0.424025s ]
INFO: [ app_begin ] --END-- [ RunTime:0.447026s ]
SQL: SHOW COLUMNS FROM `gica_config` [ RunTime:0.0020s ]
SQL: SELECT `type`,`name`,`value` FROM `gica_config` WHERE `status` = 1  [ RunTime:0.0000s ]

[ 2015-07-16T16:41:00+08:00 ] 127.0.0.1 /Index/index.html
INFO: [ app_init ] --START--
INFO: Run Behavior\BuildLiteBehavior [ RunTime:0.000000s ]
INFO: Run Common\Behavior\InitHookBehavior [ RunTime:0.070004s ]
INFO: [ app_init ] --END-- [ RunTime:0.074005s ]
INFO: [ app_begin ] --START--
INFO: Run Behavior\ReadHtmlCacheBehavior [ RunTime:0.020002s ]
INFO: Run Addons\Iswaf\IswafAddon [ RunTime:0.327018s ]
INFO: [ app_begin ] --END-- [ RunTime:0.347020s ]
SQL: SHOW COLUMNS FROM `gica_config` [ RunTime:0.0030s ]
SQL: SELECT `type`,`name`,`value` FROM `gica_config` WHERE `status` = 1  [ RunTime:0.0000s ]
SQL: SHOW COLUMNS FROM `gica_category` [ RunTime:0.0020s ]
SQL: SELECT `id`,`name`,`title`,`pid`,`sort`,`list_row`,`meta_title`,`keywords`,`description`,`template_index`,`template_lists`,`template_detail`,`template_edit`,`model`,`model_sub`,`type`,`link_id`,`allow_publish`,`display`,`reply`,`check`,`reply_model`,`extend`,`create_time`,`update_time`,`status`,`icon`,`groups` FROM `gica_category` WHERE `status` = 1 ORDER BY sort  [ RunTime:0.0000s ]
SQL: SHOW COLUMNS FROM `gica_document` [ RunTime:0.0030s ]
SQL: SELECT * FROM `gica_document` WHERE `category_id` = 2 LIMIT 6   [ RunTime:0.0000s ]
SQL: SELECT * FROM `gica_document` WHERE `category_id` = 40 LIMIT 7   [ RunTime:0.0010s ]
SQL: SELECT * FROM `gica_document` WHERE `category_id` = 43 LIMIT 7   [ RunTime:0.0000s ]
SQL: SHOW COLUMNS FROM `gica_z_borrow_investor` [ RunTime:0.0030s ]
SQL: SELECT `investor_uid`,sum(investor_capital)investor_capital FROM `gica_z_borrow_investor` GROUP BY investor_uid ORDER BY investor_capital desc  [ RunTime:0.0010s ]
SQL: SHOW COLUMNS FROM `gica_z_borrow_info` [ RunTime:0.0030s ]
SQL: SELECT COUNT(*) AS tp_count FROM `gica_z_borrow_info` WHERE ( borrow_status not in (1,5,3) ) LIMIT 1   [ RunTime:0.0000s ]
SQL: SELECT * FROM `gica_z_borrow_info` WHERE ( borrow_status not in (1,5,3) ) ORDER BY borrow_status not in (0,6) DESC,add_time  DESC LIMIT 0,8   [ RunTime:0.0010s ]
INFO: [ view_parse ] --START--
INFO: [ template_filter ] --START--
INFO: Run Behavior\ContentReplaceBehavior [ RunTime:0.000000s ]
INFO: [ template_filter ] --END-- [ RunTime:0.000000s ]
SQL: SHOW COLUMNS FROM `gica_ucenter_member` [ RunTime:0.0050s ]
SQL: SELECT `logo_url` FROM `gica_ucenter_member` WHERE `id` = 85 LIMIT 1   [ RunTime:0.0000s ]
SQL: SHOW COLUMNS FROM `gica_z_system_msg` [ RunTime:0.0050s ]
SQL: SELECT COUNT(*) AS tp_count FROM `gica_z_system_msg` WHERE ( status=0 and uid=85 ) LIMIT 1   [ RunTime:0.0000s ]
SQL: SHOW COLUMNS FROM `gica_z_inner_msg` [ RunTime:0.0030s ]
SQL: SELECT COUNT(*) AS tp_count FROM `gica_z_inner_msg` WHERE ( status=0 and tid=85 ) LIMIT 1   [ RunTime:0.0000s ]
INFO: [ indexAliPlay ] --START--
SQL: SHOW COLUMNS FROM `gica_addons` [ RunTime:0.0030s ]
SQL: SELECT `config` FROM `gica_addons` WHERE `name` = 'AliPlay' AND `status` = 1 LIMIT 1   [ RunTime:0.0000s ]
INFO: Run Addons\AliPlay\AliPlayAddon [ RunTime:0.038002s ]
INFO: [ indexAliPlay ] --END-- [ RunTime:0.038002s ]
INFO: Run Behavior\ParseTemplateBehavior [ RunTime:0.339019s ]
INFO: [ view_parse ] --END-- [ RunTime:0.339019s ]
INFO: [ view_filter ] --START--
INFO: Run Behavior\WriteHtmlCacheBehavior [ RunTime:0.020001s ]
INFO: [ view_filter ] --END-- [ RunTime:0.020001s ]
INFO: [ app_end ] --START--
INFO: Run Behavior\ShowPageTraceBehavior [ RunTime:0.020002s ]
INFO: [ app_end ] --END-- [ RunTime:0.020002s ]

[ 2015-07-16T16:41:02+08:00 ] 127.0.0.1 /Index/index.html
INFO: [ app_init ] --START--
INFO: Run Behavior\BuildLiteBehavior [ RunTime:0.000000s ]
INFO: Run Common\Behavior\InitHookBehavior [ RunTime:0.071004s ]
INFO: [ app_init ] --END-- [ RunTime:0.075004s ]
INFO: [ app_begin ] --START--
INFO: Run Behavior\ReadHtmlCacheBehavior [ RunTime:0.019001s ]
INFO: Run Addons\Iswaf\IswafAddon [ RunTime:0.325019s ]
INFO: [ app_begin ] --END-- [ RunTime:0.344020s ]
SQL: SHOW COLUMNS FROM `gica_config` [ RunTime:0.0030s ]
SQL: SELECT `type`,`name`,`value` FROM `gica_config` WHERE `status` = 1  [ RunTime:0.0000s ]
SQL: SHOW COLUMNS FROM `gica_category` [ RunTime:0.0030s ]
SQL: SELECT `id`,`name`,`title`,`pid`,`sort`,`list_row`,`meta_title`,`keywords`,`description`,`template_index`,`template_lists`,`template_detail`,`template_edit`,`model`,`model_sub`,`type`,`link_id`,`allow_publish`,`display`,`reply`,`check`,`reply_model`,`extend`,`create_time`,`update_time`,`status`,`icon`,`groups` FROM `gica_category` WHERE `status` = 1 ORDER BY sort  [ RunTime:0.0000s ]
SQL: SHOW COLUMNS FROM `gica_document` [ RunTime:0.0030s ]
SQL: SELECT * FROM `gica_document` WHERE `category_id` = 2 LIMIT 6   [ RunTime:0.0000s ]
SQL: SELECT * FROM `gica_document` WHERE `category_id` = 40 LIMIT 7   [ RunTime:0.0000s ]
SQL: SELECT * FROM `gica_document` WHERE `category_id` = 43 LIMIT 7   [ RunTime:0.0010s ]
SQL: SHOW COLUMNS FROM `gica_z_borrow_investor` [ RunTime:0.0030s ]
SQL: SELECT `investor_uid`,sum(investor_capital)investor_capital FROM `gica_z_borrow_investor` GROUP BY investor_uid ORDER BY investor_capital desc  [ RunTime:0.0000s ]
SQL: SHOW COLUMNS FROM `gica_z_borrow_info` [ RunTime:0.0020s ]
SQL: SELECT COUNT(*) AS tp_count FROM `gica_z_borrow_info` WHERE ( borrow_status not in (1,5,3) ) LIMIT 1   [ RunTime:0.0000s ]
SQL: SELECT * FROM `gica_z_borrow_info` WHERE ( borrow_status not in (1,5,3) ) ORDER BY borrow_status not in (0,6) DESC,add_time  DESC LIMIT 0,8   [ RunTime:0.0010s ]
INFO: [ view_parse ] --START--
INFO: [ template_filter ] --START--
INFO: Run Behavior\ContentReplaceBehavior [ RunTime:0.000000s ]
INFO: [ template_filter ] --END-- [ RunTime:0.000000s ]
SQL: SHOW COLUMNS FROM `gica_ucenter_member` [ RunTime:0.0060s ]
SQL: SELECT `logo_url` FROM `gica_ucenter_member` WHERE `id` = 85 LIMIT 1   [ RunTime:0.0010s ]
SQL: SHOW COLUMNS FROM `gica_z_system_msg` [ RunTime:0.0020s ]
SQL: SELECT COUNT(*) AS tp_count FROM `gica_z_system_msg` WHERE ( status=0 and uid=85 ) LIMIT 1   [ RunTime:0.0000s ]
SQL: SHOW COLUMNS FROM `gica_z_inner_msg` [ RunTime:0.0030s ]
SQL: SELECT COUNT(*) AS tp_count FROM `gica_z_inner_msg` WHERE ( status=0 and tid=85 ) LIMIT 1   [ RunTime:0.0000s ]
INFO: [ indexAliPlay ] --START--
SQL: SHOW COLUMNS FROM `gica_addons` [ RunTime:0.0030s ]
SQL: SELECT `config` FROM `gica_addons` WHERE `name` = 'AliPlay' AND `status` = 1 LIMIT 1   [ RunTime:0.0000s ]
INFO: Run Addons\AliPlay\AliPlayAddon [ RunTime:0.036002s ]
INFO: [ indexAliPlay ] --END-- [ RunTime:0.036002s ]
INFO: Run Behavior\ParseTemplateBehavior [ RunTime:0.338019s ]
INFO: [ view_parse ] --END-- [ RunTime:0.338019s ]
INFO: [ view_filter ] --START--
INFO: Run Behavior\WriteHtmlCacheBehavior [ RunTime:0.020001s ]
INFO: [ view_filter ] --END-- [ RunTime:0.020001s ]
INFO: [ app_end ] --START--
INFO: Run Behavior\ShowPageTraceBehavior [ RunTime:0.020001s ]
INFO: [ app_end ] --END-- [ RunTime:0.020001s ]

[ 2015-07-16T16:41:10+08:00 ] 127.0.0.1 /Home/Index/fankui.html
INFO: [ app_init ] --START--
INFO: Run Behavior\BuildLiteBehavior [ RunTime:0.000000s ]
INFO: Run Common\Behavior\InitHookBehavior [ RunTime:0.066004s ]
INFO: [ app_init ] --END-- [ RunTime:0.071004s ]
INFO: [ app_begin ] --START--
INFO: Run Behavior\ReadHtmlCacheBehavior [ RunTime:0.019001s ]
INFO: Run Addons\Iswaf\IswafAddon [ RunTime:0.323018s ]
INFO: [ app_begin ] --END-- [ RunTime:0.342019s ]
SQL: SHOW COLUMNS FROM `gica_config` [ RunTime:0.0020s ]
SQL: SELECT `type`,`name`,`value` FROM `gica_config` WHERE `status` = 1  [ RunTime:0.0000s ]
INFO: [ view_parse ] --START--
INFO: [ template_filter ] --START--
INFO: Run Behavior\ContentReplaceBehavior [ RunTime:0.000000s ]
INFO: [ template_filter ] --END-- [ RunTime:0.000000s ]
INFO: Run Behavior\ParseTemplateBehavior [ RunTime:0.163009s ]
INFO: [ view_parse ] --END-- [ RunTime:0.163009s ]
INFO: [ view_filter ] --START--
INFO: Run Behavior\WriteHtmlCacheBehavior [ RunTime:0.017001s ]
INFO: [ view_filter ] --END-- [ RunTime:0.017001s ]
INFO: [ app_end ] --START--
INFO: Run Behavior\ShowPageTraceBehavior [ RunTime:0.020001s ]
INFO: [ app_end ] --END-- [ RunTime:0.020001s ]

[ 2015-07-16T16:41:44+08:00 ] 127.0.0.1 /Public/Home/css/h.css
INFO: [ app_init ] --START--
INFO: Run Behavior\BuildLiteBehavior [ RunTime:0.000000s ]
INFO: Run Common\Behavior\InitHookBehavior [ RunTime:0.086005s ]
INFO: [ app_init ] --END-- [ RunTime:0.090005s ]
INFO: [ app_begin ] --START--
INFO: Run Behavior\ReadHtmlCacheBehavior [ RunTime:0.022001s ]
INFO: Run Addons\Iswaf\IswafAddon [ RunTime:0.410023s ]
INFO: [ app_begin ] --END-- [ RunTime:0.433024s ]
SQL: SHOW COLUMNS FROM `gica_config` [ RunTime:0.0030s ]
SQL: SELECT `type`,`name`,`value` FROM `gica_config` WHERE `status` = 1  [ RunTime:0.0000s ]

[ 2015-07-16T16:41:44+08:00 ] 127.0.0.1 /Public/Home/css/ysx.css
INFO: [ app_init ] --START--
INFO: Run Behavior\BuildLiteBehavior [ RunTime:0.000000s ]
INFO: Run Common\Behavior\InitHookBehavior [ RunTime:0.089005s ]
INFO: [ app_init ] --END-- [ RunTime:0.093005s ]
INFO: [ app_begin ] --START--
INFO: Run Behavior\ReadHtmlCacheBehavior [ RunTime:0.024002s ]
INFO: Run Addons\Iswaf\IswafAddon [ RunTime:0.424024s ]
INFO: [ app_begin ] --END-- [ RunTime:0.448026s ]
SQL: SHOW COLUMNS FROM `gica_config` [ RunTime:0.0020s ]
SQL: SELECT `type`,`name`,`value` FROM `gica_config` WHERE `status` = 1  [ RunTime:0.0000s ]

[ 2015-07-16T16:41:45+08:00 ] 127.0.0.1 /Index/index.html
INFO: [ app_init ] --START--
INFO: Run Behavior\BuildLiteBehavior [ RunTime:0.000000s ]
INFO: Run Common\Behavior\InitHookBehavior [ RunTime:0.069004s ]
INFO: [ app_init ] --END-- [ RunTime:0.073005s ]
INFO: [ app_begin ] --START--
INFO: Run Behavior\ReadHtmlCacheBehavior [ RunTime:0.020002s ]
INFO: Run Addons\Iswaf\IswafAddon [ RunTime:0.316018s ]
INFO: [ app_begin ] --END-- [ RunTime:0.336020s ]
SQL: SHOW COLUMNS FROM `gica_config` [ RunTime:0.0030s ]
SQL: SELECT `type`,`name`,`value` FROM `gica_config` WHERE `status` = 1  [ RunTime:0.0000s ]
SQL: SHOW COLUMNS FROM `gica_category` [ RunTime:0.0020s ]
SQL: SELECT `id`,`name`,`title`,`pid`,`sort`,`list_row`,`meta_title`,`keywords`,`description`,`template_index`,`template_lists`,`template_detail`,`template_edit`,`model`,`model_sub`,`type`,`link_id`,`allow_publish`,`display`,`reply`,`check`,`reply_model`,`extend`,`create_time`,`update_time`,`status`,`icon`,`groups` FROM `gica_category` WHERE `status` = 1 ORDER BY sort  [ RunTime:0.0000s ]
SQL: SHOW COLUMNS FROM `gica_document` [ RunTime:0.0030s ]
SQL: SELECT * FROM `gica_document` WHERE `category_id` = 2 LIMIT 6   [ RunTime:0.0010s ]
SQL: SELECT * FROM `gica_document` WHERE `category_id` = 40 LIMIT 7   [ RunTime:0.0000s ]
SQL: SELECT * FROM `gica_document` WHERE `category_id` = 43 LIMIT 7   [ RunTime:0.0010s ]
SQL: SHOW COLUMNS FROM `gica_z_borrow_investor` [ RunTime:0.0030s ]
SQL: SELECT `investor_uid`,sum(investor_capital)investor_capital FROM `gica_z_borrow_investor` GROUP BY investor_uid ORDER BY investor_capital desc  [ RunTime:0.0000s ]
SQL: SHOW COLUMNS FROM `gica_z_borrow_info` [ RunTime:0.0030s ]
SQL: SELECT COUNT(*) AS tp_count FROM `gica_z_borrow_info` WHERE ( borrow_status not in (1,5,3) ) LIMIT 1   [ RunTime:0.0000s ]
SQL: SELECT * FROM `gica_z_borrow_info` WHERE ( borrow_status not in (1,5,3) ) ORDER BY borrow_status not in (0,6) DESC,add_time  DESC LIMIT 0,8   [ RunTime:0.0010s ]
INFO: [ view_parse ] --START--
INFO: [ template_filter ] --START--
INFO: Run Behavior\ContentReplaceBehavior [ RunTime:0.000000s ]
INFO: [ template_filter ] --END-- [ RunTime:0.000000s ]
SQL: SHOW COLUMNS FROM `gica_ucenter_member` [ RunTime:0.0030s ]
SQL: SELECT `logo_url` FROM `gica_ucenter_member` WHERE `id` = 85 LIMIT 1   [ RunTime:0.0010s ]
SQL: SHOW COLUMNS FROM `gica_z_system_msg` [ RunTime:0.0030s ]
SQL: SELECT COUNT(*) AS tp_count FROM `gica_z_system_msg` WHERE ( status=0 and uid=85 ) LIMIT 1   [ RunTime:0.0000s ]
SQL: SHOW COLUMNS FROM `gica_z_inner_msg` [ RunTime:0.0030s ]
SQL: SELECT COUNT(*) AS tp_count FROM `gica_z_inner_msg` WHERE ( status=0 and tid=85 ) LIMIT 1   [ RunTime:0.0010s ]
INFO: [ indexAliPlay ] --START--
SQL: SHOW COLUMNS FROM `gica_addons` [ RunTime:0.0020s ]
SQL: SELECT `config` FROM `gica_addons` WHERE `name` = 'AliPlay' AND `status` = 1 LIMIT 1   [ RunTime:0.0000s ]
INFO: Run Addons\AliPlay\AliPlayAddon [ RunTime:0.033002s ]
INFO: [ indexAliPlay ] --END-- [ RunTime:0.033002s ]
INFO: Run Behavior\ParseTemplateBehavior [ RunTime:0.334019s ]
INFO: [ view_parse ] --END-- [ RunTime:0.334019s ]
INFO: [ view_filter ] --START--
INFO: Run Behavior\WriteHtmlCacheBehavior [ RunTime:0.021001s ]
INFO: [ view_filter ] --END-- [ RunTime:0.021001s ]
INFO: [ app_end ] --START--
INFO: Run Behavior\ShowPageTraceBehavior [ RunTime:0.020002s ]
INFO: [ app_end ] --END-- [ RunTime:0.020002s ]

[ 2015-07-16T16:41:47+08:00 ] 127.0.0.1 /Index/index.html
INFO: [ app_init ] --START--
INFO: Run Behavior\BuildLiteBehavior [ RunTime:0.000000s ]
INFO: Run Common\Behavior\InitHookBehavior [ RunTime:0.079004s ]
INFO: [ app_init ] --END-- [ RunTime:0.082004s ]
INFO: [ app_begin ] --START--
INFO: Run Behavior\ReadHtmlCacheBehavior [ RunTime:0.020002s ]
INFO: Run Addons\Iswaf\IswafAddon [ RunTime:0.325018s ]
INFO: [ app_begin ] --END-- [ RunTime:0.345020s ]
SQL: SHOW COLUMNS FROM `gica_config` [ RunTime:0.0020s ]
SQL: SELECT `type`,`name`,`value` FROM `gica_config` WHERE `status` = 1  [ RunTime:0.0000s ]
SQL: SHOW COLUMNS FROM `gica_category` [ RunTime:0.0040s ]
SQL: SELECT `id`,`name`,`title`,`pid`,`sort`,`list_row`,`meta_title`,`keywords`,`description`,`template_index`,`template_lists`,`template_detail`,`template_edit`,`model`,`model_sub`,`type`,`link_id`,`allow_publish`,`display`,`reply`,`check`,`reply_model`,`extend`,`create_time`,`update_time`,`status`,`icon`,`groups` FROM `gica_category` WHERE `status` = 1 ORDER BY sort  [ RunTime:0.0000s ]
SQL: SHOW COLUMNS FROM `gica_document` [ RunTime:0.0020s ]
SQL: SELECT * FROM `gica_document` WHERE `category_id` = 2 LIMIT 6   [ RunTime:0.0000s ]
SQL: SELECT * FROM `gica_document` WHERE `category_id` = 40 LIMIT 7   [ RunTime:0.0010s ]
SQL: SELECT * FROM `gica_document` WHERE `category_id` = 43 LIMIT 7   [ RunTime:0.0000s ]
SQL: SHOW COLUMNS FROM `gica_z_borrow_investor` [ RunTime:0.0020s ]
SQL: SELECT `investor_uid`,sum(investor_capital)investor_capital FROM `gica_z_borrow_investor` GROUP BY investor_uid ORDER BY investor_capital desc  [ RunTime:0.0000s ]
SQL: SHOW COLUMNS FROM `gica_z_borrow_info` [ RunTime:0.0030s ]
SQL: SELECT COUNT(*) AS tp_count FROM `gica_z_borrow_info` WHERE ( borrow_status not in (1,5,3) ) LIMIT 1   [ RunTime:0.0000s ]
SQL: SELECT * FROM `gica_z_borrow_info` WHERE ( borrow_status not in (1,5,3) ) ORDER BY borrow_status not in (0,6) DESC,add_time  DESC LIMIT 0,8   [ RunTime:0.0010s ]
INFO: [ view_parse ] --START--
INFO: [ template_filter ] --START--
INFO: Run Behavior\ContentReplaceBehavior [ RunTime:0.000000s ]
INFO: [ template_filter ] --END-- [ RunTime:0.000000s ]
SQL: SHOW COLUMNS FROM `gica_ucenter_member` [ RunTime:0.0050s ]
SQL: SELECT `logo_url` FROM `gica_ucenter_member` WHERE `id` = 85 LIMIT 1   [ RunTime:0.0010s ]
SQL: SHOW COLUMNS FROM `gica_z_system_msg` [ RunTime:0.0040s ]
SQL: SELECT COUNT(*) AS tp_count FROM `gica_z_system_msg` WHERE ( status=0 and uid=85 ) LIMIT 1   [ RunTime:0.0010s ]
SQL: SHOW COLUMNS FROM `gica_z_inner_msg` [ RunTime:0.0040s ]
SQL: SELECT COUNT(*) AS tp_count FROM `gica_z_inner_msg` WHERE ( status=0 and tid=85 ) LIMIT 1   [ RunTime:0.0000s ]
INFO: [ indexAliPlay ] --START--
SQL: SHOW COLUMNS FROM `gica_addons` [ RunTime:0.0040s ]
SQL: SELECT `config` FROM `gica_addons` WHERE `name` = 'AliPlay' AND `status` = 1 LIMIT 1   [ RunTime:0.0000s ]
INFO: Run Addons\AliPlay\AliPlayAddon [ RunTime:0.039002s ]
INFO: [ indexAliPlay ] --END-- [ RunTime:0.039002s ]
INFO: Run Behavior\ParseTemplateBehavior [ RunTime:0.335019s ]
INFO: [ view_parse ] --END-- [ RunTime:0.335019s ]
INFO: [ view_filter ] --START--
INFO: Run Behavior\WriteHtmlCacheBehavior [ RunTime:0.021002s ]
INFO: [ view_filter ] --END-- [ RunTime:0.021002s ]
INFO: [ app_end ] --START--
INFO: Run Behavior\ShowPageTraceBehavior [ RunTime:0.020001s ]
INFO: [ app_end ] --END-- [ RunTime:0.021001s ]

[ 2015-07-16T16:41:50+08:00 ] 127.0.0.1 /Home/User/profile.html
INFO: [ app_init ] --START--
INFO: Run Behavior\BuildLiteBehavior [ RunTime:0.000000s ]
INFO: Run Common\Behavior\InitHookBehavior [ RunTime:0.072004s ]
INFO: [ app_init ] --END-- [ RunTime:0.075004s ]
INFO: [ app_begin ] --START--
INFO: Run Behavior\ReadHtmlCacheBehavior [ RunTime:0.019001s ]
INFO: Run Addons\Iswaf\IswafAddon [ RunTime:0.313018s ]
INFO: [ app_begin ] --END-- [ RunTime:0.332019s ]
SQL: SHOW COLUMNS FROM `gica_config` [ RunTime:0.0030s ]
SQL: SELECT `type`,`name`,`value` FROM `gica_config` WHERE `status` = 1  [ RunTime:0.0000s ]
SQL: SHOW COLUMNS FROM `gica_ucenter_member` [ RunTime:0.0020s ]
SQL: SELECT * FROM `gica_ucenter_member` WHERE `id` = 85  [ RunTime:0.0010s ]
SQL: SHOW COLUMNS FROM `gica_z_members_status` [ RunTime:0.0020s ]
SQL: SELECT * FROM `gica_z_members_status` WHERE `uid` = 85  [ RunTime:0.0000s ]
INFO: [ view_parse ] --START--
INFO: [ template_filter ] --START--
INFO: Run Behavior\ContentReplaceBehavior [ RunTime:0.001000s ]
INFO: [ template_filter ] --END-- [ RunTime:0.001000s ]
SQL: SELECT `logo_url` FROM `gica_ucenter_member` WHERE `id` = 85 LIMIT 1   [ RunTime:0.0010s ]
SQL: SHOW COLUMNS FROM `gica_z_system_msg` [ RunTime:0.0040s ]
SQL: SELECT COUNT(*) AS tp_count FROM `gica_z_system_msg` WHERE ( status=0 and uid=85 ) LIMIT 1   [ RunTime:0.0000s ]
SQL: SHOW COLUMNS FROM `gica_z_inner_msg` [ RunTime:0.0030s ]
SQL: SELECT COUNT(*) AS tp_count FROM `gica_z_inner_msg` WHERE ( status=0 and tid=85 ) LIMIT 1   [ RunTime:0.0010s ]
INFO: Run Behavior\ParseTemplateBehavior [ RunTime:0.290017s ]
INFO: [ view_parse ] --END-- [ RunTime:0.290017s ]
INFO: [ view_filter ] --START--
INFO: Run Behavior\WriteHtmlCacheBehavior [ RunTime:0.021001s ]
INFO: [ view_filter ] --END-- [ RunTime:0.021001s ]
INFO: [ app_end ] --START--
INFO: Run Behavior\ShowPageTraceBehavior [ RunTime:0.020001s ]
INFO: [ app_end ] --END-- [ RunTime:0.020001s ]

[ 2015-07-16T16:41:51+08:00 ] 127.0.0.1 /Public/Home/css/h.css
INFO: [ app_init ] --START--
INFO: Run Behavior\BuildLiteBehavior [ RunTime:0.000000s ]
INFO: Run Common\Behavior\InitHookBehavior [ RunTime:0.081005s ]
INFO: [ app_init ] --END-- [ RunTime:0.085005s ]
INFO: [ app_begin ] --START--
INFO: Run Behavior\ReadHtmlCacheBehavior [ RunTime:0.023001s ]
INFO: Run Addons\Iswaf\IswafAddon [ RunTime:0.415024s ]
INFO: [ app_begin ] --END-- [ RunTime:0.438025s ]
SQL: SHOW COLUMNS FROM `gica_config` [ RunTime:0.0020s ]
SQL: SELECT `type`,`name`,`value` FROM `gica_config` WHERE `status` = 1  [ RunTime:0.0000s ]

[ 2015-07-16T16:41:52+08:00 ] 127.0.0.1 /Public/Home/css/ysx.css
INFO: [ app_init ] --START--
INFO: Run Behavior\BuildLiteBehavior [ RunTime:0.000000s ]
INFO: Run Common\Behavior\InitHookBehavior [ RunTime:0.085005s ]
INFO: [ app_init ] --END-- [ RunTime:0.089006s ]
INFO: [ app_begin ] --START--
INFO: Run Behavior\ReadHtmlCacheBehavior [ RunTime:0.029002s ]
INFO: Run Addons\Iswaf\IswafAddon [ RunTime:0.426024s ]
INFO: [ app_begin ] --END-- [ RunTime:0.455026s ]
SQL: SHOW COLUMNS FROM `gica_config` [ RunTime:0.0020s ]
SQL: SELECT `type`,`name`,`value` FROM `gica_config` WHERE `status` = 1  [ RunTime:0.0000s ]

[ 2015-07-16T16:41:53+08:00 ] 127.0.0.1 /Index/index.html
INFO: [ app_init ] --START--
INFO: Run Behavior\BuildLiteBehavior [ RunTime:0.000000s ]
INFO: Run Common\Behavior\InitHookBehavior [ RunTime:0.058004s ]
INFO: [ app_init ] --END-- [ RunTime:0.061004s ]
INFO: [ app_begin ] --START--
INFO: Run Behavior\ReadHtmlCacheBehavior [ RunTime:0.020001s ]
INFO: Run Addons\Iswaf\IswafAddon [ RunTime:0.329019s ]
INFO: [ app_begin ] --END-- [ RunTime:0.349020s ]
SQL: SHOW COLUMNS FROM `gica_config` [ RunTime:0.0020s ]
SQL: SELECT `type`,`name`,`value` FROM `gica_config` WHERE `status` = 1  [ RunTime:0.0010s ]
SQL: SHOW COLUMNS FROM `gica_category` [ RunTime:0.0030s ]
SQL: SELECT `id`,`name`,`title`,`pid`,`sort`,`list_row`,`meta_title`,`keywords`,`description`,`template_index`,`template_lists`,`template_detail`,`template_edit`,`model`,`model_sub`,`type`,`link_id`,`allow_publish`,`display`,`reply`,`check`,`reply_model`,`extend`,`create_time`,`update_time`,`status`,`icon`,`groups` FROM `gica_category` WHERE `status` = 1 ORDER BY sort  [ RunTime:0.0010s ]
SQL: SHOW COLUMNS FROM `gica_document` [ RunTime:0.0020s ]
SQL: SELECT * FROM `gica_document` WHERE `category_id` = 2 LIMIT 6   [ RunTime:0.0000s ]
SQL: SELECT * FROM `gica_document` WHERE `category_id` = 40 LIMIT 7   [ RunTime:0.0010s ]
SQL: SELECT * FROM `gica_document` WHERE `category_id` = 43 LIMIT 7   [ RunTime:0.0000s ]
SQL: SHOW COLUMNS FROM `gica_z_borrow_investor` [ RunTime:0.0020s ]
SQL: SELECT `investor_uid`,sum(investor_capital)investor_capital FROM `gica_z_borrow_investor` GROUP BY investor_uid ORDER BY investor_capital desc  [ RunTime:0.0000s ]
SQL: SHOW COLUMNS FROM `gica_z_borrow_info` [ RunTime:0.0030s ]
SQL: SELECT COUNT(*) AS tp_count FROM `gica_z_borrow_info` WHERE ( borrow_status not in (1,5,3) ) LIMIT 1   [ RunTime:0.0000s ]
SQL: SELECT * FROM `gica_z_borrow_info` WHERE ( borrow_status not in (1,5,3) ) ORDER BY borrow_status not in (0,6) DESC,add_time  DESC LIMIT 0,8   [ RunTime:0.0000s ]
INFO: [ view_parse ] --START--
INFO: [ template_filter ] --START--
INFO: Run Behavior\ContentReplaceBehavior [ RunTime:0.000000s ]
INFO: [ template_filter ] --END-- [ RunTime:0.000000s ]
SQL: SHOW COLUMNS FROM `gica_ucenter_member` [ RunTime:0.0030s ]
SQL: SELECT `logo_url` FROM `gica_ucenter_member` WHERE `id` = 85 LIMIT 1   [ RunTime:0.0000s ]
SQL: SHOW COLUMNS FROM `gica_z_system_msg` [ RunTime:0.0030s ]
SQL: SELECT COUNT(*) AS tp_count FROM `gica_z_system_msg` WHERE ( status=0 and uid=85 ) LIMIT 1   [ RunTime:0.0000s ]
SQL: SHOW COLUMNS FROM `gica_z_inner_msg` [ RunTime:0.0020s ]
SQL: SELECT COUNT(*) AS tp_count FROM `gica_z_inner_msg` WHERE ( status=0 and tid=85 ) LIMIT 1   [ RunTime:0.0010s ]
INFO: [ indexAliPlay ] --START--
SQL: SHOW COLUMNS FROM `gica_addons` [ RunTime:0.0030s ]
SQL: SELECT `config` FROM `gica_addons` WHERE `name` = 'AliPlay' AND `status` = 1 LIMIT 1   [ RunTime:0.0000s ]
INFO: Run Addons\AliPlay\AliPlayAddon [ RunTime:0.036002s ]
INFO: [ indexAliPlay ] --END-- [ RunTime:0.036002s ]
INFO: Run Behavior\ParseTemplateBehavior [ RunTime:0.330019s ]
INFO: [ view_parse ] --END-- [ RunTime:0.330019s ]
INFO: [ view_filter ] --START--
INFO: Run Behavior\WriteHtmlCacheBehavior [ RunTime:0.018001s ]
INFO: [ view_filter ] --END-- [ RunTime:0.018001s ]
INFO: [ app_end ] --START--
INFO: Run Behavior\ShowPageTraceBehavior [ RunTime:0.018001s ]
INFO: [ app_end ] --END-- [ RunTime:0.018001s ]

[ 2015-07-16T16:41:54+08:00 ] 127.0.0.1 /Index/index.html
INFO: [ app_init ] --START--
INFO: Run Behavior\BuildLiteBehavior [ RunTime:0.000000s ]
INFO: Run Common\Behavior\InitHookBehavior [ RunTime:0.072004s ]
INFO: [ app_init ] --END-- [ RunTime:0.076005s ]
INFO: [ app_begin ] --START--
INFO: Run Behavior\ReadHtmlCacheBehavior [ RunTime:0.020001s ]
INFO: Run Addons\Iswaf\IswafAddon [ RunTime:0.324018s ]
INFO: [ app_begin ] --END-- [ RunTime:0.344019s ]
SQL: SHOW COLUMNS FROM `gica_config` [ RunTime:0.0030s ]
SQL: SELECT `type`,`name`,`value` FROM `gica_config` WHERE `status` = 1  [ RunTime:0.0010s ]
SQL: SHOW COLUMNS FROM `gica_category` [ RunTime:0.0030s ]
SQL: SELECT `id`,`name`,`title`,`pid`,`sort`,`list_row`,`meta_title`,`keywords`,`description`,`template_index`,`template_lists`,`template_detail`,`template_edit`,`model`,`model_sub`,`type`,`link_id`,`allow_publish`,`display`,`reply`,`check`,`reply_model`,`extend`,`create_time`,`update_time`,`status`,`icon`,`groups` FROM `gica_category` WHERE `status` = 1 ORDER BY sort  [ RunTime:0.0000s ]
SQL: SHOW COLUMNS FROM `gica_document` [ RunTime:0.0030s ]
SQL: SELECT * FROM `gica_document` WHERE `category_id` = 2 LIMIT 6   [ RunTime:0.0000s ]
SQL: SELECT * FROM `gica_document` WHERE `category_id` = 40 LIMIT 7   [ RunTime:0.0000s ]
SQL: SELECT * FROM `gica_document` WHERE `category_id` = 43 LIMIT 7   [ RunTime:0.0000s ]
SQL: SHOW COLUMNS FROM `gica_z_borrow_investor` [ RunTime:0.0020s ]
SQL: SELECT `investor_uid`,sum(investor_capital)investor_capital FROM `gica_z_borrow_investor` GROUP BY investor_uid ORDER BY investor_capital desc  [ RunTime:0.0010s ]
SQL: SHOW COLUMNS FROM `gica_z_borrow_info` [ RunTime:0.0030s ]
SQL: SELECT COUNT(*) AS tp_count FROM `gica_z_borrow_info` WHERE ( borrow_status not in (1,5,3) ) LIMIT 1   [ RunTime:0.0000s ]
SQL: SELECT * FROM `gica_z_borrow_info` WHERE ( borrow_status not in (1,5,3) ) ORDER BY borrow_status not in (0,6) DESC,add_time  DESC LIMIT 0,8   [ RunTime:0.0000s ]
INFO: [ view_parse ] --START--
INFO: [ template_filter ] --START--
INFO: Run Behavior\ContentReplaceBehavior [ RunTime:0.000000s ]
INFO: [ template_filter ] --END-- [ RunTime:0.000000s ]
SQL: SHOW COLUMNS FROM `gica_ucenter_member` [ RunTime:0.0050s ]
SQL: SELECT `logo_url` FROM `gica_ucenter_member` WHERE `id` = 85 LIMIT 1   [ RunTime:0.0000s ]
SQL: SHOW COLUMNS FROM `gica_z_system_msg` [ RunTime:0.0030s ]
SQL: SELECT COUNT(*) AS tp_count FROM `gica_z_system_msg` WHERE ( status=0 and uid=85 ) LIMIT 1   [ RunTime:0.0000s ]
SQL: SHOW COLUMNS FROM `gica_z_inner_msg` [ RunTime:0.0030s ]
SQL: SELECT COUNT(*) AS tp_count FROM `gica_z_inner_msg` WHERE ( status=0 and tid=85 ) LIMIT 1   [ RunTime:0.0000s ]
INFO: [ indexAliPlay ] --START--
SQL: SHOW COLUMNS FROM `gica_addons` [ RunTime:0.0030s ]
SQL: SELECT `config` FROM `gica_addons` WHERE `name` = 'AliPlay' AND `status` = 1 LIMIT 1   [ RunTime:0.0010s ]
INFO: Run Addons\AliPlay\AliPlayAddon [ RunTime:0.039002s ]
INFO: [ indexAliPlay ] --END-- [ RunTime:0.039002s ]
INFO: Run Behavior\ParseTemplateBehavior [ RunTime:0.335019s ]
INFO: [ view_parse ] --END-- [ RunTime:0.335019s ]
INFO: [ view_filter ] --START--
INFO: Run Behavior\WriteHtmlCacheBehavior [ RunTime:0.021001s ]
INFO: [ view_filter ] --END-- [ RunTime:0.021001s ]
INFO: [ app_end ] --START--
INFO: Run Behavior\ShowPageTraceBehavior [ RunTime:0.019001s ]
INFO: [ app_end ] --END-- [ RunTime:0.019001s ]

[ 2015-07-16T16:41:58+08:00 ] 127.0.0.1 /Home/Borrow/papersinfo.html
INFO: [ app_init ] --START--
INFO: Run Behavior\BuildLiteBehavior [ RunTime:0.000000s ]
INFO: Run Common\Behavior\InitHookBehavior [ RunTime:0.072004s ]
INFO: [ app_init ] --END-- [ RunTime:0.075004s ]
INFO: [ app_begin ] --START--
INFO: Run Behavior\ReadHtmlCacheBehavior [ RunTime:0.019001s ]
INFO: Run Addons\Iswaf\IswafAddon [ RunTime:0.331019s ]
INFO: [ app_begin ] --END-- [ RunTime:0.350020s ]
SQL: SHOW COLUMNS FROM `gica_config` [ RunTime:0.0030s ]
SQL: SELECT `type`,`name`,`value` FROM `gica_config` WHERE `status` = 1  [ RunTime:0.0000s ]
SQL: SHOW COLUMNS FROM `gica_z_member_data_info` [ RunTime:0.0030s ]
SQL: SELECT * FROM `gica_z_member_data_info` WHERE `uid` = 85 AND `type` = 2  [ RunTime:0.0000s ]
INFO: [ view_parse ] --START--
INFO: [ template_filter ] --START--
INFO: Run Behavior\ContentReplaceBehavior [ RunTime:0.000000s ]
INFO: [ template_filter ] --END-- [ RunTime:0.000000s ]
SQL: SHOW COLUMNS FROM `gica_ucenter_member` [ RunTime:0.0050s ]
SQL: SELECT `logo_url` FROM `gica_ucenter_member` WHERE `id` = 85 LIMIT 1   [ RunTime:0.0010s ]
SQL: SHOW COLUMNS FROM `gica_z_system_msg` [ RunTime:0.0040s ]
SQL: SELECT COUNT(*) AS tp_count FROM `gica_z_system_msg` WHERE ( status=0 and uid=85 ) LIMIT 1   [ RunTime:0.0010s ]
SQL: SHOW COLUMNS FROM `gica_z_inner_msg` [ RunTime:0.0040s ]
SQL: SELECT COUNT(*) AS tp_count FROM `gica_z_inner_msg` WHERE ( status=0 and tid=85 ) LIMIT 1   [ RunTime:0.0010s ]
INFO: Run Behavior\ParseTemplateBehavior [ RunTime:0.294017s ]
INFO: [ view_parse ] --END-- [ RunTime:0.294017s ]
INFO: [ view_filter ] --START--
INFO: Run Behavior\WriteHtmlCacheBehavior [ RunTime:0.021001s ]
INFO: [ view_filter ] --END-- [ RunTime:0.021001s ]
INFO: [ app_end ] --START--
INFO: Run Behavior\ShowPageTraceBehavior [ RunTime:0.019001s ]
INFO: [ app_end ] --END-- [ RunTime:0.019001s ]

[ 2015-07-16T16:41:59+08:00 ] 127.0.0.1 /Public/Home/css/ysx.css
INFO: [ app_init ] --START--
INFO: Run Behavior\BuildLiteBehavior [ RunTime:0.000000s ]
INFO: Run Common\Behavior\InitHookBehavior [ RunTime:0.085005s ]
INFO: [ app_init ] --END-- [ RunTime:0.089005s ]
INFO: [ app_begin ] --START--
INFO: Run Behavior\ReadHtmlCacheBehavior [ RunTime:0.022001s ]
INFO: Run Addons\Iswaf\IswafAddon [ RunTime:0.412024s ]
INFO: [ app_begin ] --END-- [ RunTime:0.434025s ]
SQL: SHOW COLUMNS FROM `gica_config` [ RunTime:0.0030s ]
SQL: SELECT `type`,`name`,`value` FROM `gica_config` WHERE `status` = 1  [ RunTime:0.0000s ]

[ 2015-07-16T16:41:59+08:00 ] 127.0.0.1 /Public/Home/css/h.css
INFO: [ app_init ] --START--
INFO: Run Behavior\BuildLiteBehavior [ RunTime:0.000000s ]
INFO: Run Common\Behavior\InitHookBehavior [ RunTime:0.085005s ]
INFO: [ app_init ] --END-- [ RunTime:0.089005s ]
INFO: [ app_begin ] --START--
INFO: Run Behavior\ReadHtmlCacheBehavior [ RunTime:0.023002s ]
INFO: Run Addons\Iswaf\IswafAddon [ RunTime:0.421024s ]
INFO: [ app_begin ] --END-- [ RunTime:0.444026s ]
SQL: SHOW COLUMNS FROM `gica_config` [ RunTime:0.0020s ]
SQL: SELECT `type`,`name`,`value` FROM `gica_config` WHERE `status` = 1  [ RunTime:0.0000s ]

[ 2015-07-16T16:42:01+08:00 ] 127.0.0.1 /Index/index.html
INFO: [ app_init ] --START--
INFO: Run Behavior\BuildLiteBehavior [ RunTime:0.000000s ]
INFO: Run Common\Behavior\InitHookBehavior [ RunTime:0.073004s ]
INFO: [ app_init ] --END-- [ RunTime:0.077004s ]
INFO: [ app_begin ] --START--
INFO: Run Behavior\ReadHtmlCacheBehavior [ RunTime:0.020001s ]
INFO: Run Addons\Iswaf\IswafAddon [ RunTime:0.330019s ]
INFO: [ app_begin ] --END-- [ RunTime:0.350020s ]
SQL: SHOW COLUMNS FROM `gica_config` [ RunTime:0.0030s ]
SQL: SELECT `type`,`name`,`value` FROM `gica_config` WHERE `status` = 1  [ RunTime:0.0000s ]
SQL: SHOW COLUMNS FROM `gica_category` [ RunTime:0.0030s ]
SQL: SELECT `id`,`name`,`title`,`pid`,`sort`,`list_row`,`meta_title`,`keywords`,`description`,`template_index`,`template_lists`,`template_detail`,`template_edit`,`model`,`model_sub`,`type`,`link_id`,`allow_publish`,`display`,`reply`,`check`,`reply_model`,`extend`,`create_time`,`update_time`,`status`,`icon`,`groups` FROM `gica_category` WHERE `status` = 1 ORDER BY sort  [ RunTime:0.0000s ]
SQL: SHOW COLUMNS FROM `gica_document` [ RunTime:0.0030s ]
SQL: SELECT * FROM `gica_document` WHERE `category_id` = 2 LIMIT 6   [ RunTime:0.0000s ]
SQL: SELECT * FROM `gica_document` WHERE `category_id` = 40 LIMIT 7   [ RunTime:0.0000s ]
SQL: SELECT * FROM `gica_document` WHERE `category_id` = 43 LIMIT 7   [ RunTime:0.0010s ]
SQL: SHOW COLUMNS FROM `gica_z_borrow_investor` [ RunTime:0.0020s ]
SQL: SELECT `investor_uid`,sum(investor_capital)investor_capital FROM `gica_z_borrow_investor` GROUP BY investor_uid ORDER BY investor_capital desc  [ RunTime:0.0010s ]
SQL: SHOW COLUMNS FROM `gica_z_borrow_info` [ RunTime:0.0030s ]
SQL: SELECT COUNT(*) AS tp_count FROM `gica_z_borrow_info` WHERE ( borrow_status not in (1,5,3) ) LIMIT 1   [ RunTime:0.0000s ]
SQL: SELECT * FROM `gica_z_borrow_info` WHERE ( borrow_status not in (1,5,3) ) ORDER BY borrow_status not in (0,6) DESC,add_time  DESC LIMIT 0,8   [ RunTime:0.0000s ]
INFO: [ view_parse ] --START--
INFO: [ template_filter ] --START--
INFO: Run Behavior\ContentReplaceBehavior [ RunTime:0.000000s ]
INFO: [ template_filter ] --END-- [ RunTime:0.000000s ]
SQL: SHOW COLUMNS FROM `gica_ucenter_member` [ RunTime:0.0050s ]
SQL: SELECT `logo_url` FROM `gica_ucenter_member` WHERE `id` = 85 LIMIT 1   [ RunTime:0.0010s ]
SQL: SHOW COLUMNS FROM `gica_z_system_msg` [ RunTime:0.0030s ]
SQL: SELECT COUNT(*) AS tp_count FROM `gica_z_system_msg` WHERE ( status=0 and uid=85 ) LIMIT 1   [ RunTime:0.0000s ]
SQL: SHOW COLUMNS FROM `gica_z_inner_msg` [ RunTime:0.0020s ]
SQL: SELECT COUNT(*) AS tp_count FROM `gica_z_inner_msg` WHERE ( status=0 and tid=85 ) LIMIT 1   [ RunTime:0.0000s ]
INFO: [ indexAliPlay ] --START--
SQL: SHOW COLUMNS FROM `gica_addons` [ RunTime:0.0030s ]
SQL: SELECT `config` FROM `gica_addons` WHERE `name` = 'AliPlay' AND `status` = 1 LIMIT 1   [ RunTime:0.0000s ]
INFO: Run Addons\AliPlay\AliPlayAddon [ RunTime:0.038002s ]
INFO: [ indexAliPlay ] --END-- [ RunTime:0.038002s ]
INFO: Run Behavior\ParseTemplateBehavior [ RunTime:0.342020s ]
INFO: [ view_parse ] --END-- [ RunTime:0.342020s ]
INFO: [ view_filter ] --START--
INFO: Run Behavior\WriteHtmlCacheBehavior [ RunTime:0.022001s ]
INFO: [ view_filter ] --END-- [ RunTime:0.022001s ]
INFO: [ app_end ] --START--
INFO: Run Behavior\ShowPageTraceBehavior [ RunTime:0.020001s ]
INFO: [ app_end ] --END-- [ RunTime:0.020001s ]

[ 2015-07-16T16:42:02+08:00 ] 127.0.0.1 /Index/index.html
INFO: [ app_init ] --START--
INFO: Run Behavior\BuildLiteBehavior [ RunTime:0.000000s ]
INFO: Run Common\Behavior\InitHookBehavior [ RunTime:0.072004s ]
INFO: [ app_init ] --END-- [ RunTime:0.076004s ]
INFO: [ app_begin ] --START--
INFO: Run Behavior\ReadHtmlCacheBehavior [ RunTime:0.020001s ]
INFO: Run Addons\Iswaf\IswafAddon [ RunTime:0.312018s ]
INFO: [ app_begin ] --END-- [ RunTime:0.332019s ]
SQL: SHOW COLUMNS FROM `gica_config` [ RunTime:0.0030s ]
SQL: SELECT `type`,`name`,`value` FROM `gica_config` WHERE `status` = 1  [ RunTime:0.0010s ]
SQL: SHOW COLUMNS FROM `gica_category` [ RunTime:0.0030s ]
SQL: SELECT `id`,`name`,`title`,`pid`,`sort`,`list_row`,`meta_title`,`keywords`,`description`,`template_index`,`template_lists`,`template_detail`,`template_edit`,`model`,`model_sub`,`type`,`link_id`,`allow_publish`,`display`,`reply`,`check`,`reply_model`,`extend`,`create_time`,`update_time`,`status`,`icon`,`groups` FROM `gica_category` WHERE `status` = 1 ORDER BY sort  [ RunTime:0.0000s ]
SQL: SHOW COLUMNS FROM `gica_document` [ RunTime:0.0030s ]
SQL: SELECT * FROM `gica_document` WHERE `category_id` = 2 LIMIT 6   [ RunTime:0.0000s ]
SQL: SELECT * FROM `gica_document` WHERE `category_id` = 40 LIMIT 7   [ RunTime:0.0010s ]
SQL: SELECT * FROM `gica_document` WHERE `category_id` = 43 LIMIT 7   [ RunTime:0.0000s ]
SQL: SHOW COLUMNS FROM `gica_z_borrow_investor` [ RunTime:0.0030s ]
SQL: SELECT `investor_uid`,sum(investor_capital)investor_capital FROM `gica_z_borrow_investor` GROUP BY investor_uid ORDER BY investor_capital desc  [ RunTime:0.0000s ]
SQL: SHOW COLUMNS FROM `gica_z_borrow_info` [ RunTime:0.0020s ]
SQL: SELECT COUNT(*) AS tp_count FROM `gica_z_borrow_info` WHERE ( borrow_status not in (1,5,3) ) LIMIT 1   [ RunTime:0.0000s ]
SQL: SELECT * FROM `gica_z_borrow_info` WHERE ( borrow_status not in (1,5,3) ) ORDER BY borrow_status not in (0,6) DESC,add_time  DESC LIMIT 0,8   [ RunTime:0.0000s ]
INFO: [ view_parse ] --START--
INFO: [ template_filter ] --START--
INFO: Run Behavior\ContentReplaceBehavior [ RunTime:0.000000s ]
INFO: [ template_filter ] --END-- [ RunTime:0.000000s ]
SQL: SHOW COLUMNS FROM `gica_ucenter_member` [ RunTime:0.0040s ]
SQL: SELECT `logo_url` FROM `gica_ucenter_member` WHERE `id` = 85 LIMIT 1   [ RunTime:0.0000s ]
SQL: SHOW COLUMNS FROM `gica_z_system_msg` [ RunTime:0.0040s ]
SQL: SELECT COUNT(*) AS tp_count FROM `gica_z_system_msg` WHERE ( status=0 and uid=85 ) LIMIT 1   [ RunTime:0.0000s ]
SQL: SHOW COLUMNS FROM `gica_z_inner_msg` [ RunTime:0.0030s ]
SQL: SELECT COUNT(*) AS tp_count FROM `gica_z_inner_msg` WHERE ( status=0 and tid=85 ) LIMIT 1   [ RunTime:0.0010s ]
INFO: [ indexAliPlay ] --START--
SQL: SHOW COLUMNS FROM `gica_addons` [ RunTime:0.0020s ]
SQL: SELECT `config` FROM `gica_addons` WHERE `name` = 'AliPlay' AND `status` = 1 LIMIT 1   [ RunTime:0.0000s ]
INFO: Run Addons\AliPlay\AliPlayAddon [ RunTime:0.037002s ]
INFO: [ indexAliPlay ] --END-- [ RunTime:0.037002s ]
INFO: Run Behavior\ParseTemplateBehavior [ RunTime:0.337019s ]
INFO: [ view_parse ] --END-- [ RunTime:0.337019s ]
INFO: [ view_filter ] --START--
INFO: Run Behavior\WriteHtmlCacheBehavior [ RunTime:0.020002s ]
INFO: [ view_filter ] --END-- [ RunTime:0.020002s ]
INFO: [ app_end ] --START--
INFO: Run Behavior\ShowPageTraceBehavior [ RunTime:0.020001s ]
INFO: [ app_end ] --END-- [ RunTime:0.020001s ]

[ 2015-07-16T16:45:33+08:00 ] 127.0.0.1 /Public/Home/css/ysx.css
INFO: [ app_init ] --START--
INFO: Run Behavior\BuildLiteBehavior [ RunTime:0.000000s ]
INFO: Run Common\Behavior\InitHookBehavior [ RunTime:0.084004s ]
INFO: [ app_init ] --END-- [ RunTime:0.088005s ]
INFO: [ app_begin ] --START--
INFO: Run Behavior\ReadHtmlCacheBehavior [ RunTime:0.022001s ]
INFO: Run Addons\Iswaf\IswafAddon [ RunTime:0.435025s ]
INFO: [ app_begin ] --END-- [ RunTime:0.457026s ]
SQL: SHOW COLUMNS FROM `gica_config` [ RunTime:0.0030s ]
SQL: SELECT `type`,`name`,`value` FROM `gica_config` WHERE `status` = 1  [ RunTime:0.0000s ]

[ 2015-07-16T16:45:33+08:00 ] 127.0.0.1 /Public/Home/css/h.css
INFO: [ app_init ] --START--
INFO: Run Behavior\BuildLiteBehavior [ RunTime:0.000000s ]
INFO: Run Common\Behavior\InitHookBehavior [ RunTime:0.086004s ]
INFO: [ app_init ] --END-- [ RunTime:0.092005s ]
INFO: [ app_begin ] --START--
INFO: Run Behavior\ReadHtmlCacheBehavior [ RunTime:0.022001s ]
INFO: Run Addons\Iswaf\IswafAddon [ RunTime:0.441025s ]
INFO: [ app_begin ] --END-- [ RunTime:0.463026s ]
SQL: SHOW COLUMNS FROM `gica_config` [ RunTime:0.0030s ]
SQL: SELECT `type`,`name`,`value` FROM `gica_config` WHERE `status` = 1  [ RunTime:0.0010s ]

[ 2015-07-16T16:45:34+08:00 ] 127.0.0.1 /Index/index.html
INFO: [ app_init ] --START--
INFO: Run Behavior\BuildLiteBehavior [ RunTime:0.000000s ]
INFO: Run Common\Behavior\InitHookBehavior [ RunTime:0.065004s ]
INFO: [ app_init ] --END-- [ RunTime:0.068004s ]
INFO: [ app_begin ] --START--
INFO: Run Behavior\ReadHtmlCacheBehavior [ RunTime:0.020001s ]
INFO: Run Addons\Iswaf\IswafAddon [ RunTime:0.331019s ]
INFO: [ app_begin ] --END-- [ RunTime:0.351020s ]
SQL: SHOW COLUMNS FROM `gica_config` [ RunTime:0.0030s ]
SQL: SELECT `type`,`name`,`value` FROM `gica_config` WHERE `status` = 1  [ RunTime:0.0010s ]
SQL: SHOW COLUMNS FROM `gica_category` [ RunTime:0.0020s ]
SQL: SELECT `id`,`name`,`title`,`pid`,`sort`,`list_row`,`meta_title`,`keywords`,`description`,`template_index`,`template_lists`,`template_detail`,`template_edit`,`model`,`model_sub`,`type`,`link_id`,`allow_publish`,`display`,`reply`,`check`,`reply_model`,`extend`,`create_time`,`update_time`,`status`,`icon`,`groups` FROM `gica_category` WHERE `status` = 1 ORDER BY sort  [ RunTime:0.0000s ]
SQL: SHOW COLUMNS FROM `gica_document` [ RunTime:0.0030s ]
SQL: SELECT * FROM `gica_document` WHERE `category_id` = 2 LIMIT 6   [ RunTime:0.0000s ]
SQL: SELECT * FROM `gica_document` WHERE `category_id` = 40 LIMIT 7   [ RunTime:0.0000s ]
SQL: SELECT * FROM `gica_document` WHERE `category_id` = 43 LIMIT 7   [ RunTime:0.0000s ]
SQL: SHOW COLUMNS FROM `gica_z_borrow_investor` [ RunTime:0.0030s ]
SQL: SELECT `investor_uid`,sum(investor_capital)investor_capital FROM `gica_z_borrow_investor` GROUP BY investor_uid ORDER BY investor_capital desc  [ RunTime:0.0000s ]
SQL: SHOW COLUMNS FROM `gica_z_borrow_info` [ RunTime:0.0020s ]
SQL: SELECT COUNT(*) AS tp_count FROM `gica_z_borrow_info` WHERE ( borrow_status not in (1,5,3) ) LIMIT 1   [ RunTime:0.0000s ]
SQL: SELECT * FROM `gica_z_borrow_info` WHERE ( borrow_status not in (1,5,3) ) ORDER BY borrow_status not in (0,6) DESC,add_time  DESC LIMIT 0,8   [ RunTime:0.0010s ]
INFO: [ view_parse ] --START--
INFO: [ template_filter ] --START--
INFO: Run Behavior\ContentReplaceBehavior [ RunTime:0.000000s ]
INFO: [ template_filter ] --END-- [ RunTime:0.000000s ]
SQL: SHOW COLUMNS FROM `gica_ucenter_member` [ RunTime:0.0050s ]
SQL: SELECT `logo_url` FROM `gica_ucenter_member` WHERE `id` = 85 LIMIT 1   [ RunTime:0.0010s ]
SQL: SHOW COLUMNS FROM `gica_z_system_msg` [ RunTime:0.0040s ]
SQL: SELECT COUNT(*) AS tp_count FROM `gica_z_system_msg` WHERE ( status=0 and uid=85 ) LIMIT 1   [ RunTime:0.0010s ]
SQL: SHOW COLUMNS FROM `gica_z_inner_msg` [ RunTime:0.0050s ]
SQL: SELECT COUNT(*) AS tp_count FROM `gica_z_inner_msg` WHERE ( status=0 and tid=85 ) LIMIT 1   [ RunTime:0.0010s ]
INFO: [ indexAliPlay ] --START--
SQL: SHOW COLUMNS FROM `gica_addons` [ RunTime:0.0030s ]
SQL: SELECT `config` FROM `gica_addons` WHERE `name` = 'AliPlay' AND `status` = 1 LIMIT 1   [ RunTime:0.0000s ]
INFO: Run Addons\AliPlay\AliPlayAddon [ RunTime:0.041002s ]
INFO: [ indexAliPlay ] --END-- [ RunTime:0.042003s ]
INFO: Run Behavior\ParseTemplateBehavior [ RunTime:0.345020s ]
INFO: [ view_parse ] --END-- [ RunTime:0.345020s ]
INFO: [ view_filter ] --START--
INFO: Run Behavior\WriteHtmlCacheBehavior [ RunTime:0.021001s ]
INFO: [ view_filter ] --END-- [ RunTime:0.021001s ]
INFO: [ app_end ] --START--
INFO: Run Behavior\ShowPageTraceBehavior [ RunTime:0.021001s ]
INFO: [ app_end ] --END-- [ RunTime:0.021001s ]

[ 2015-07-16T16:45:36+08:00 ] 127.0.0.1 /Index/index.html
INFO: [ app_init ] --START--
INFO: Run Behavior\BuildLiteBehavior [ RunTime:0.000000s ]
INFO: Run Common\Behavior\InitHookBehavior [ RunTime:0.074004s ]
INFO: [ app_init ] --END-- [ RunTime:0.077005s ]
INFO: [ app_begin ] --START--
INFO: Run Behavior\ReadHtmlCacheBehavior [ RunTime:0.020001s ]
INFO: Run Addons\Iswaf\IswafAddon [ RunTime:0.319018s ]
INFO: [ app_begin ] --END-- [ RunTime:0.339019s ]
SQL: SHOW COLUMNS FROM `gica_config` [ RunTime:0.0030s ]
SQL: SELECT `type`,`name`,`value` FROM `gica_config` WHERE `status` = 1  [ RunTime:0.0000s ]
SQL: SHOW COLUMNS FROM `gica_category` [ RunTime:0.0020s ]
SQL: SELECT `id`,`name`,`title`,`pid`,`sort`,`list_row`,`meta_title`,`keywords`,`description`,`template_index`,`template_lists`,`template_detail`,`template_edit`,`model`,`model_sub`,`type`,`link_id`,`allow_publish`,`display`,`reply`,`check`,`reply_model`,`extend`,`create_time`,`update_time`,`status`,`icon`,`groups` FROM `gica_category` WHERE `status` = 1 ORDER BY sort  [ RunTime:0.0000s ]
SQL: SHOW COLUMNS FROM `gica_document` [ RunTime:0.0030s ]
SQL: SELECT * FROM `gica_document` WHERE `category_id` = 2 LIMIT 6   [ RunTime:0.0010s ]
SQL: SELECT * FROM `gica_document` WHERE `category_id` = 40 LIMIT 7   [ RunTime:0.0000s ]
SQL: SELECT * FROM `gica_document` WHERE `category_id` = 43 LIMIT 7   [ RunTime:0.0010s ]
SQL: SHOW COLUMNS FROM `gica_z_borrow_investor` [ RunTime:0.0030s ]
SQL: SELECT `investor_uid`,sum(investor_capital)investor_capital FROM `gica_z_borrow_investor` GROUP BY investor_uid ORDER BY investor_capital desc  [ RunTime:0.0000s ]
SQL: SHOW COLUMNS FROM `gica_z_borrow_info` [ RunTime:0.0020s ]
SQL: SELECT COUNT(*) AS tp_count FROM `gica_z_borrow_info` WHERE ( borrow_status not in (1,5,3) ) LIMIT 1   [ RunTime:0.0000s ]
SQL: SELECT * FROM `gica_z_borrow_info` WHERE ( borrow_status not in (1,5,3) ) ORDER BY borrow_status not in (0,6) DESC,add_time  DESC LIMIT 0,8   [ RunTime:0.0000s ]
INFO: [ view_parse ] --START--
INFO: [ template_filter ] --START--
INFO: Run Behavior\ContentReplaceBehavior [ RunTime:0.001000s ]
INFO: [ template_filter ] --END-- [ RunTime:0.001000s ]
SQL: SHOW COLUMNS FROM `gica_ucenter_member` [ RunTime:0.0040s ]
SQL: SELECT `logo_url` FROM `gica_ucenter_member` WHERE `id` = 85 LIMIT 1   [ RunTime:0.0000s ]
SQL: SHOW COLUMNS FROM `gica_z_system_msg` [ RunTime:0.0040s ]
SQL: SELECT COUNT(*) AS tp_count FROM `gica_z_system_msg` WHERE ( status=0 and uid=85 ) LIMIT 1   [ RunTime:0.0000s ]
SQL: SHOW COLUMNS FROM `gica_z_inner_msg` [ RunTime:0.0040s ]
SQL: SELECT COUNT(*) AS tp_count FROM `gica_z_inner_msg` WHERE ( status=0 and tid=85 ) LIMIT 1   [ RunTime:0.0000s ]
INFO: [ indexAliPlay ] --START--
SQL: SHOW COLUMNS FROM `gica_addons` [ RunTime:0.0030s ]
SQL: SELECT `config` FROM `gica_addons` WHERE `name` = 'AliPlay' AND `status` = 1 LIMIT 1   [ RunTime:0.0000s ]
INFO: Run Addons\AliPlay\AliPlayAddon [ RunTime:0.039002s ]
INFO: [ indexAliPlay ] --END-- [ RunTime:0.039002s ]
INFO: Run Behavior\ParseTemplateBehavior [ RunTime:0.359020s ]
INFO: [ view_parse ] --END-- [ RunTime:0.359020s ]
INFO: [ view_filter ] --START--
INFO: Run Behavior\WriteHtmlCacheBehavior [ RunTime:0.021001s ]
INFO: [ view_filter ] --END-- [ RunTime:0.021001s ]
INFO: [ app_end ] --START--
INFO: Run Behavior\ShowPageTraceBehavior [ RunTime:0.020002s ]
INFO: [ app_end ] --END-- [ RunTime:0.020002s ]

[ 2015-07-16T16:56:19+08:00 ] 127.0.0.1 /Newhelp/borrowhelp.html
INFO: [ app_init ] --START--
INFO: Run Behavior\BuildLiteBehavior [ RunTime:0.000000s ]
INFO: Run Common\Behavior\InitHookBehavior [ RunTime:0.068004s ]
INFO: [ app_init ] --END-- [ RunTime:0.071004s ]
INFO: [ app_begin ] --START--
INFO: Run Behavior\ReadHtmlCacheBehavior [ RunTime:0.019001s ]
INFO: Run Addons\Iswaf\IswafAddon [ RunTime:0.310018s ]
INFO: [ app_begin ] --END-- [ RunTime:0.329019s ]
SQL: SHOW COLUMNS FROM `gica_config` [ RunTime:0.0020s ]
SQL: SELECT `type`,`name`,`value` FROM `gica_config` WHERE `status` = 1  [ RunTime:0.0000s ]
INFO: [ view_parse ] --START--
INFO: [ template_filter ] --START--
INFO: Run Behavior\ContentReplaceBehavior [ RunTime:0.001000s ]
INFO: [ template_filter ] --END-- [ RunTime:0.001000s ]
SQL: SHOW COLUMNS FROM `gica_ucenter_member` [ RunTime:0.0040s ]
SQL: SELECT `logo_url` FROM `gica_ucenter_member` WHERE `id` = 85 LIMIT 1   [ RunTime:0.0000s ]
SQL: SHOW COLUMNS FROM `gica_z_system_msg` [ RunTime:0.0040s ]
SQL: SELECT COUNT(*) AS tp_count FROM `gica_z_system_msg` WHERE ( status=0 and uid=85 ) LIMIT 1   [ RunTime:0.0010s ]
SQL: SHOW COLUMNS FROM `gica_z_inner_msg` [ RunTime:0.0030s ]
SQL: SELECT COUNT(*) AS tp_count FROM `gica_z_inner_msg` WHERE ( status=0 and tid=85 ) LIMIT 1   [ RunTime:0.0000s ]
INFO: Run Behavior\ParseTemplateBehavior [ RunTime:0.312017s ]
INFO: [ view_parse ] --END-- [ RunTime:0.312017s ]
INFO: [ view_filter ] --START--
INFO: Run Behavior\WriteHtmlCacheBehavior [ RunTime:0.022002s ]
INFO: [ view_filter ] --END-- [ RunTime:0.022002s ]
INFO: [ app_end ] --START--
INFO: Run Behavior\ShowPageTraceBehavior [ RunTime:0.021001s ]
INFO: [ app_end ] --END-- [ RunTime:0.022001s ]

[ 2015-07-16T16:56:20+08:00 ] 127.0.0.1 /Public/Home/css/h.css
INFO: [ app_init ] --START--
INFO: Run Behavior\BuildLiteBehavior [ RunTime:0.000000s ]
INFO: Run Common\Behavior\InitHookBehavior [ RunTime:0.095005s ]
INFO: [ app_init ] --END-- [ RunTime:0.100006s ]
INFO: [ app_begin ] --START--
INFO: Run Behavior\ReadHtmlCacheBehavior [ RunTime:0.026002s ]
INFO: Run Addons\Iswaf\IswafAddon [ RunTime:0.432025s ]
INFO: [ app_begin ] --END-- [ RunTime:0.458027s ]
SQL: SHOW COLUMNS FROM `gica_config` [ RunTime:0.0030s ]
SQL: SELECT `type`,`name`,`value` FROM `gica_config` WHERE `status` = 1  [ RunTime:0.0010s ]

[ 2015-07-16T16:56:21+08:00 ] 127.0.0.1 /Public/Home/css/ysx.css
INFO: [ app_init ] --START--
INFO: Run Behavior\BuildLiteBehavior [ RunTime:0.000000s ]
INFO: Run Common\Behavior\InitHookBehavior [ RunTime:0.096005s ]
INFO: [ app_init ] --END-- [ RunTime:0.101006s ]
INFO: [ app_begin ] --START--
INFO: Run Behavior\ReadHtmlCacheBehavior [ RunTime:0.026002s ]
INFO: Run Addons\Iswaf\IswafAddon [ RunTime:0.438025s ]
INFO: [ app_begin ] --END-- [ RunTime:0.464027s ]
SQL: SHOW COLUMNS FROM `gica_config` [ RunTime:0.0030s ]
SQL: SELECT `type`,`name`,`value` FROM `gica_config` WHERE `status` = 1  [ RunTime:0.0000s ]

[ 2015-07-16T16:56:22+08:00 ] 127.0.0.1 /Index/index.html
INFO: [ app_init ] --START--
INFO: Run Behavior\BuildLiteBehavior [ RunTime:0.000000s ]
INFO: Run Common\Behavior\InitHookBehavior [ RunTime:0.072004s ]
INFO: [ app_init ] --END-- [ RunTime:0.076004s ]
INFO: [ app_begin ] --START--
INFO: Run Behavior\ReadHtmlCacheBehavior [ RunTime:0.020001s ]
INFO: Run Addons\Iswaf\IswafAddon [ RunTime:0.327019s ]
INFO: [ app_begin ] --END-- [ RunTime:0.347020s ]
SQL: SHOW COLUMNS FROM `gica_config` [ RunTime:0.0020s ]
SQL: SELECT `type`,`name`,`value` FROM `gica_config` WHERE `status` = 1  [ RunTime:0.0000s ]
SQL: SHOW COLUMNS FROM `gica_category` [ RunTime:0.0020s ]
SQL: SELECT `id`,`name`,`title`,`pid`,`sort`,`list_row`,`meta_title`,`keywords`,`description`,`template_index`,`template_lists`,`template_detail`,`template_edit`,`model`,`model_sub`,`type`,`link_id`,`allow_publish`,`display`,`reply`,`check`,`reply_model`,`extend`,`create_time`,`update_time`,`status`,`icon`,`groups` FROM `gica_category` WHERE `status` = 1 ORDER BY sort  [ RunTime:0.0000s ]
SQL: SHOW COLUMNS FROM `gica_document` [ RunTime:0.0020s ]
SQL: SELECT * FROM `gica_document` WHERE `category_id` = 2 LIMIT 6   [ RunTime:0.0000s ]
SQL: SELECT * FROM `gica_document` WHERE `category_id` = 40 LIMIT 7   [ RunTime:0.0010s ]
SQL: SELECT * FROM `gica_document` WHERE `category_id` = 43 LIMIT 7   [ RunTime:0.0000s ]
SQL: SHOW COLUMNS FROM `gica_z_borrow_investor` [ RunTime:0.0030s ]
SQL: SELECT `investor_uid`,sum(investor_capital)investor_capital FROM `gica_z_borrow_investor` GROUP BY investor_uid ORDER BY investor_capital desc  [ RunTime:0.0010s ]
SQL: SHOW COLUMNS FROM `gica_z_borrow_info` [ RunTime:0.0030s ]
SQL: SELECT COUNT(*) AS tp_count FROM `gica_z_borrow_info` WHERE ( borrow_status not in (1,5,3) ) LIMIT 1   [ RunTime:0.0000s ]
SQL: SELECT * FROM `gica_z_borrow_info` WHERE ( borrow_status not in (1,5,3) ) ORDER BY borrow_status not in (0,6) DESC,add_time  DESC LIMIT 0,8   [ RunTime:0.0000s ]
INFO: [ view_parse ] --START--
INFO: [ template_filter ] --START--
INFO: Run Behavior\ContentReplaceBehavior [ RunTime:0.000000s ]
INFO: [ template_filter ] --END-- [ RunTime:0.000000s ]
SQL: SHOW COLUMNS FROM `gica_ucenter_member` [ RunTime:0.0060s ]
SQL: SELECT `logo_url` FROM `gica_ucenter_member` WHERE `id` = 85 LIMIT 1   [ RunTime:0.0010s ]
SQL: SHOW COLUMNS FROM `gica_z_system_msg` [ RunTime:0.0040s ]
SQL: SELECT COUNT(*) AS tp_count FROM `gica_z_system_msg` WHERE ( status=0 and uid=85 ) LIMIT 1   [ RunTime:0.0000s ]
SQL: SHOW COLUMNS FROM `gica_z_inner_msg` [ RunTime:0.0040s ]
SQL: SELECT COUNT(*) AS tp_count FROM `gica_z_inner_msg` WHERE ( status=0 and tid=85 ) LIMIT 1   [ RunTime:0.0010s ]
INFO: [ indexAliPlay ] --START--
SQL: SHOW COLUMNS FROM `gica_addons` [ RunTime:0.0030s ]
SQL: SELECT `config` FROM `gica_addons` WHERE `name` = 'AliPlay' AND `status` = 1 LIMIT 1   [ RunTime:0.0000s ]
INFO: Run Addons\AliPlay\AliPlayAddon [ RunTime:0.037002s ]
INFO: [ indexAliPlay ] --END-- [ RunTime:0.037002s ]
INFO: Run Behavior\ParseTemplateBehavior [ RunTime:0.338019s ]
INFO: [ view_parse ] --END-- [ RunTime:0.338019s ]
INFO: [ view_filter ] --START--
INFO: Run Behavior\WriteHtmlCacheBehavior [ RunTime:0.020001s ]
INFO: [ view_filter ] --END-- [ RunTime:0.020001s ]
INFO: [ app_end ] --START--
INFO: Run Behavior\ShowPageTraceBehavior [ RunTime:0.019001s ]
INFO: [ app_end ] --END-- [ RunTime:0.019001s ]

[ 2015-07-16T16:56:23+08:00 ] 127.0.0.1 /Index/index.html
INFO: [ app_init ] --START--
INFO: Run Behavior\BuildLiteBehavior [ RunTime:0.000000s ]
INFO: Run Common\Behavior\InitHookBehavior [ RunTime:0.071004s ]
INFO: [ app_init ] --END-- [ RunTime:0.075004s ]
INFO: [ app_begin ] --START--
INFO: Run Behavior\ReadHtmlCacheBehavior [ RunTime:0.019001s ]
INFO: Run Addons\Iswaf\IswafAddon [ RunTime:0.327019s ]
INFO: [ app_begin ] --END-- [ RunTime:0.346020s ]
SQL: SHOW COLUMNS FROM `gica_config` [ RunTime:0.0020s ]
SQL: SELECT `type`,`name`,`value` FROM `gica_config` WHERE `status` = 1  [ RunTime:0.0010s ]
SQL: SHOW COLUMNS FROM `gica_category` [ RunTime:0.0020s ]
SQL: SELECT `id`,`name`,`title`,`pid`,`sort`,`list_row`,`meta_title`,`keywords`,`description`,`template_index`,`template_lists`,`template_detail`,`template_edit`,`model`,`model_sub`,`type`,`link_id`,`allow_publish`,`display`,`reply`,`check`,`reply_model`,`extend`,`create_time`,`update_time`,`status`,`icon`,`groups` FROM `gica_category` WHERE `status` = 1 ORDER BY sort  [ RunTime:0.0000s ]
SQL: SHOW COLUMNS FROM `gica_document` [ RunTime:0.0030s ]
SQL: SELECT * FROM `gica_document` WHERE `category_id` = 2 LIMIT 6   [ RunTime:0.0000s ]
SQL: SELECT * FROM `gica_document` WHERE `category_id` = 40 LIMIT 7   [ RunTime:0.0010s ]
SQL: SELECT * FROM `gica_document` WHERE `category_id` = 43 LIMIT 7   [ RunTime:0.0000s ]
SQL: SHOW COLUMNS FROM `gica_z_borrow_investor` [ RunTime:0.0020s ]
SQL: SELECT `investor_uid`,sum(investor_capital)investor_capital FROM `gica_z_borrow_investor` GROUP BY investor_uid ORDER BY investor_capital desc  [ RunTime:0.0000s ]
SQL: SHOW COLUMNS FROM `gica_z_borrow_info` [ RunTime:0.0020s ]
SQL: SELECT COUNT(*) AS tp_count FROM `gica_z_borrow_info` WHERE ( borrow_status not in (1,5,3) ) LIMIT 1   [ RunTime:0.0010s ]
SQL: SELECT * FROM `gica_z_borrow_info` WHERE ( borrow_status not in (1,5,3) ) ORDER BY borrow_status not in (0,6) DESC,add_time  DESC LIMIT 0,8   [ RunTime:0.0000s ]
INFO: [ view_parse ] --START--
INFO: [ template_filter ] --START--
INFO: Run Behavior\ContentReplaceBehavior [ RunTime:0.000000s ]
INFO: [ template_filter ] --END-- [ RunTime:0.000000s ]
SQL: SHOW COLUMNS FROM `gica_ucenter_member` [ RunTime:0.0050s ]
SQL: SELECT `logo_url` FROM `gica_ucenter_member` WHERE `id` = 85 LIMIT 1   [ RunTime:0.0000s ]
SQL: SHOW COLUMNS FROM `gica_z_system_msg` [ RunTime:0.0040s ]
SQL: SELECT COUNT(*) AS tp_count FROM `gica_z_system_msg` WHERE ( status=0 and uid=85 ) LIMIT 1   [ RunTime:0.0000s ]
SQL: SHOW COLUMNS FROM `gica_z_inner_msg` [ RunTime:0.0040s ]
SQL: SELECT COUNT(*) AS tp_count FROM `gica_z_inner_msg` WHERE ( status=0 and tid=85 ) LIMIT 1   [ RunTime:0.0000s ]
INFO: [ indexAliPlay ] --START--
SQL: SHOW COLUMNS FROM `gica_addons` [ RunTime:0.0020s ]
SQL: SELECT `config` FROM `gica_addons` WHERE `name` = 'AliPlay' AND `status` = 1 LIMIT 1   [ RunTime:0.0010s ]
INFO: Run Addons\AliPlay\AliPlayAddon [ RunTime:0.037002s ]
INFO: [ indexAliPlay ] --END-- [ RunTime:0.037002s ]
INFO: Run Behavior\ParseTemplateBehavior [ RunTime:0.326019s ]
INFO: [ view_parse ] --END-- [ RunTime:0.326019s ]
INFO: [ view_filter ] --START--
INFO: Run Behavior\WriteHtmlCacheBehavior [ RunTime:0.020001s ]
INFO: [ view_filter ] --END-- [ RunTime:0.020001s ]
INFO: [ app_end ] --START--
INFO: Run Behavior\ShowPageTraceBehavior [ RunTime:0.020001s ]
INFO: [ app_end ] --END-- [ RunTime:0.020001s ]

[ 2015-07-16T16:57:04+08:00 ] 127.0.0.1 /Borrow/borrowapply.html
INFO: [ app_init ] --START--
INFO: Run Behavior\BuildLiteBehavior [ RunTime:0.000000s ]
INFO: Run Common\Behavior\InitHookBehavior [ RunTime:0.061003s ]
INFO: [ app_init ] --END-- [ RunTime:0.065004s ]
INFO: [ app_begin ] --START--
INFO: Run Behavior\ReadHtmlCacheBehavior [ RunTime:0.019001s ]
INFO: Run Addons\Iswaf\IswafAddon [ RunTime:0.332019s ]
INFO: [ app_begin ] --END-- [ RunTime:0.351020s ]
SQL: SHOW COLUMNS FROM `gica_config` [ RunTime:0.0030s ]
SQL: SELECT `type`,`name`,`value` FROM `gica_config` WHERE `status` = 1  [ RunTime:0.0000s ]
SQL: SHOW COLUMNS FROM `gica_z_borrow_apply` [ RunTime:0.0030s ]
SQL: SELECT * FROM `gica_z_borrow_apply` WHERE `apply_uid` = 85 AND `status` = 1  [ RunTime:0.0000s ]
SQL: SELECT * FROM `gica_z_borrow_apply` WHERE `apply_uid` = 85 AND `status` = 0  [ RunTime:0.0000s ]
SQL: SHOW COLUMNS FROM `gica_z_members_status` [ RunTime:0.0030s ]
SQL: SELECT * FROM `gica_z_members_status` WHERE `uid` = 85  [ RunTime:0.0000s ]
INFO: [ view_parse ] --START--
INFO: [ template_filter ] --START--
INFO: Run Behavior\ContentReplaceBehavior [ RunTime:0.000000s ]
INFO: [ template_filter ] --END-- [ RunTime:0.001000s ]
SQL: SHOW COLUMNS FROM `gica_ucenter_member` [ RunTime:0.0040s ]
SQL: SELECT `logo_url` FROM `gica_ucenter_member` WHERE `id` = 85 LIMIT 1   [ RunTime:0.0000s ]
SQL: SHOW COLUMNS FROM `gica_z_system_msg` [ RunTime:0.0030s ]
SQL: SELECT COUNT(*) AS tp_count FROM `gica_z_system_msg` WHERE ( status=0 and uid=85 ) LIMIT 1   [ RunTime:0.0000s ]
SQL: SHOW COLUMNS FROM `gica_z_inner_msg` [ RunTime:0.0040s ]
SQL: SELECT COUNT(*) AS tp_count FROM `gica_z_inner_msg` WHERE ( status=0 and tid=85 ) LIMIT 1   [ RunTime:0.0010s ]
INFO: Run Behavior\ParseTemplateBehavior [ RunTime:0.298017s ]
INFO: [ view_parse ] --END-- [ RunTime:0.298017s ]
INFO: [ view_filter ] --START--
INFO: Run Behavior\WriteHtmlCacheBehavior [ RunTime:0.023001s ]
INFO: [ view_filter ] --END-- [ RunTime:0.023001s ]
INFO: [ app_end ] --START--
INFO: Run Behavior\ShowPageTraceBehavior [ RunTime:0.022001s ]
INFO: [ app_end ] --END-- [ RunTime:0.022001s ]

[ 2015-07-16T16:57:06+08:00 ] 127.0.0.1 /Public/Home/css/ysx.css
INFO: [ app_init ] --START--
INFO: Run Behavior\BuildLiteBehavior [ RunTime:0.000000s ]
INFO: Run Common\Behavior\InitHookBehavior [ RunTime:0.087005s ]
INFO: [ app_init ] --END-- [ RunTime:0.091005s ]
INFO: [ app_begin ] --START--
INFO: Run Behavior\ReadHtmlCacheBehavior [ RunTime:0.022002s ]
INFO: Run Addons\Iswaf\IswafAddon [ RunTime:0.415023s ]
INFO: [ app_begin ] --END-- [ RunTime:0.437025s ]
SQL: SHOW COLUMNS FROM `gica_config` [ RunTime:0.0030s ]
SQL: SELECT `type`,`name`,`value` FROM `gica_config` WHERE `status` = 1  [ RunTime:0.0000s ]

[ 2015-07-16T16:57:06+08:00 ] 127.0.0.1 /Public/Home/css/h.css
INFO: [ app_init ] --START--
INFO: Run Behavior\BuildLiteBehavior [ RunTime:0.000000s ]
INFO: Run Common\Behavior\InitHookBehavior [ RunTime:0.090005s ]
INFO: [ app_init ] --END-- [ RunTime:0.095005s ]
INFO: [ app_begin ] --START--
INFO: Run Behavior\ReadHtmlCacheBehavior [ RunTime:0.025001s ]
INFO: Run Addons\Iswaf\IswafAddon [ RunTime:0.419024s ]
INFO: [ app_begin ] --END-- [ RunTime:0.444025s ]
SQL: SHOW COLUMNS FROM `gica_config` [ RunTime:0.0020s ]
SQL: SELECT `type`,`name`,`value` FROM `gica_config` WHERE `status` = 1  [ RunTime:0.0000s ]

[ 2015-07-16T16:57:07+08:00 ] 127.0.0.1 /Index/index.html
INFO: [ app_init ] --START--
INFO: Run Behavior\BuildLiteBehavior [ RunTime:0.000000s ]
INFO: Run Common\Behavior\InitHookBehavior [ RunTime:0.073004s ]
INFO: [ app_init ] --END-- [ RunTime:0.077004s ]
INFO: [ app_begin ] --START--
INFO: Run Behavior\ReadHtmlCacheBehavior [ RunTime:0.020001s ]
INFO: Run Addons\Iswaf\IswafAddon [ RunTime:0.336020s ]
INFO: [ app_begin ] --END-- [ RunTime:0.356021s ]
SQL: SHOW COLUMNS FROM `gica_config` [ RunTime:0.0030s ]
SQL: SELECT `type`,`name`,`value` FROM `gica_config` WHERE `status` = 1  [ RunTime:0.0000s ]
SQL: SHOW COLUMNS FROM `gica_category` [ RunTime:0.0030s ]
SQL: SELECT `id`,`name`,`title`,`pid`,`sort`,`list_row`,`meta_title`,`keywords`,`description`,`template_index`,`template_lists`,`template_detail`,`template_edit`,`model`,`model_sub`,`type`,`link_id`,`allow_publish`,`display`,`reply`,`check`,`reply_model`,`extend`,`create_time`,`update_time`,`status`,`icon`,`groups` FROM `gica_category` WHERE `status` = 1 ORDER BY sort  [ RunTime:0.0000s ]
SQL: SHOW COLUMNS FROM `gica_document` [ RunTime:0.0030s ]
SQL: SELECT * FROM `gica_document` WHERE `category_id` = 2 LIMIT 6   [ RunTime:0.0000s ]
SQL: SELECT * FROM `gica_document` WHERE `category_id` = 40 LIMIT 7   [ RunTime:0.0010s ]
SQL: SELECT * FROM `gica_document` WHERE `category_id` = 43 LIMIT 7   [ RunTime:0.0000s ]
SQL: SHOW COLUMNS FROM `gica_z_borrow_investor` [ RunTime:0.0030s ]
SQL: SELECT `investor_uid`,sum(investor_capital)investor_capital FROM `gica_z_borrow_investor` GROUP BY investor_uid ORDER BY investor_capital desc  [ RunTime:0.0000s ]
SQL: SHOW COLUMNS FROM `gica_z_borrow_info` [ RunTime:0.0020s ]
SQL: SELECT COUNT(*) AS tp_count FROM `gica_z_borrow_info` WHERE ( borrow_status not in (1,5,3) ) LIMIT 1   [ RunTime:0.0000s ]
SQL: SELECT * FROM `gica_z_borrow_info` WHERE ( borrow_status not in (1,5,3) ) ORDER BY borrow_status not in (0,6) DESC,add_time  DESC LIMIT 0,8   [ RunTime:0.0010s ]
INFO: [ view_parse ] --START--
INFO: [ template_filter ] --START--
INFO: Run Behavior\ContentReplaceBehavior [ RunTime:0.001000s ]
INFO: [ template_filter ] --END-- [ RunTime:0.001000s ]
SQL: SHOW COLUMNS FROM `gica_ucenter_member` [ RunTime:0.0050s ]
SQL: SELECT `logo_url` FROM `gica_ucenter_member` WHERE `id` = 85 LIMIT 1   [ RunTime:0.0000s ]
SQL: SHOW COLUMNS FROM `gica_z_system_msg` [ RunTime:0.0040s ]
SQL: SELECT COUNT(*) AS tp_count FROM `gica_z_system_msg` WHERE ( status=0 and uid=85 ) LIMIT 1   [ RunTime:0.0000s ]
SQL: SHOW COLUMNS FROM `gica_z_inner_msg` [ RunTime:0.0040s ]
SQL: SELECT COUNT(*) AS tp_count FROM `gica_z_inner_msg` WHERE ( status=0 and tid=85 ) LIMIT 1   [ RunTime:0.0000s ]
INFO: [ indexAliPlay ] --START--
SQL: SHOW COLUMNS FROM `gica_addons` [ RunTime:0.0030s ]
SQL: SELECT `config` FROM `gica_addons` WHERE `name` = 'AliPlay' AND `status` = 1 LIMIT 1   [ RunTime:0.0010s ]
INFO: Run Addons\AliPlay\AliPlayAddon [ RunTime:0.041002s ]
INFO: [ indexAliPlay ] --END-- [ RunTime:0.041002s ]
INFO: Run Behavior\ParseTemplateBehavior [ RunTime:0.357020s ]
INFO: [ view_parse ] --END-- [ RunTime:0.357020s ]
INFO: [ view_filter ] --START--
INFO: Run Behavior\WriteHtmlCacheBehavior [ RunTime:0.021001s ]
INFO: [ view_filter ] --END-- [ RunTime:0.021001s ]
INFO: [ app_end ] --START--
INFO: Run Behavior\ShowPageTraceBehavior [ RunTime:0.020001s ]
INFO: [ app_end ] --END-- [ RunTime:0.021002s ]

[ 2015-07-16T16:57:09+08:00 ] 127.0.0.1 /Index/index.html
INFO: [ app_init ] --START--
INFO: Run Behavior\BuildLiteBehavior [ RunTime:0.000000s ]
INFO: Run Common\Behavior\InitHookBehavior [ RunTime:0.073004s ]
INFO: [ app_init ] --END-- [ RunTime:0.076004s ]
INFO: [ app_begin ] --START--
INFO: Run Behavior\ReadHtmlCacheBehavior [ RunTime:0.020001s ]
INFO: Run Addons\Iswaf\IswafAddon [ RunTime:0.322018s ]
INFO: [ app_begin ] --END-- [ RunTime:0.343020s ]
SQL: SHOW COLUMNS FROM `gica_config` [ RunTime:0.0020s ]
SQL: SELECT `type`,`name`,`value` FROM `gica_config` WHERE `status` = 1  [ RunTime:0.0000s ]
SQL: SHOW COLUMNS FROM `gica_category` [ RunTime:0.0020s ]
SQL: SELECT `id`,`name`,`title`,`pid`,`sort`,`list_row`,`meta_title`,`keywords`,`description`,`template_index`,`template_lists`,`template_detail`,`template_edit`,`model`,`model_sub`,`type`,`link_id`,`allow_publish`,`display`,`reply`,`check`,`reply_model`,`extend`,`create_time`,`update_time`,`status`,`icon`,`groups` FROM `gica_category` WHERE `status` = 1 ORDER BY sort  [ RunTime:0.0000s ]
SQL: SHOW COLUMNS FROM `gica_document` [ RunTime:0.0030s ]
SQL: SELECT * FROM `gica_document` WHERE `category_id` = 2 LIMIT 6   [ RunTime:0.0000s ]
SQL: SELECT * FROM `gica_document` WHERE `category_id` = 40 LIMIT 7   [ RunTime:0.0010s ]
SQL: SELECT * FROM `gica_document` WHERE `category_id` = 43 LIMIT 7   [ RunTime:0.0000s ]
SQL: SHOW COLUMNS FROM `gica_z_borrow_investor` [ RunTime:0.0030s ]
SQL: SELECT `investor_uid`,sum(investor_capital)investor_capital FROM `gica_z_borrow_investor` GROUP BY investor_uid ORDER BY investor_capital desc  [ RunTime:0.0000s ]
SQL: SHOW COLUMNS FROM `gica_z_borrow_info` [ RunTime:0.0030s ]
SQL: SELECT COUNT(*) AS tp_count FROM `gica_z_borrow_info` WHERE ( borrow_status not in (1,5,3) ) LIMIT 1   [ RunTime:0.0010s ]
SQL: SELECT * FROM `gica_z_borrow_info` WHERE ( borrow_status not in (1,5,3) ) ORDER BY borrow_status not in (0,6) DESC,add_time  DESC LIMIT 0,8   [ RunTime:0.0010s ]
INFO: [ view_parse ] --START--
INFO: [ template_filter ] --START--
INFO: Run Behavior\ContentReplaceBehavior [ RunTime:0.001000s ]
INFO: [ template_filter ] --END-- [ RunTime:0.001000s ]
SQL: SHOW COLUMNS FROM `gica_ucenter_member` [ RunTime:0.0030s ]
SQL: SELECT `logo_url` FROM `gica_ucenter_member` WHERE `id` = 85 LIMIT 1   [ RunTime:0.0000s ]
SQL: SHOW COLUMNS FROM `gica_z_system_msg` [ RunTime:0.0030s ]
SQL: SELECT COUNT(*) AS tp_count FROM `gica_z_system_msg` WHERE ( status=0 and uid=85 ) LIMIT 1   [ RunTime:0.0000s ]
SQL: SHOW COLUMNS FROM `gica_z_inner_msg` [ RunTime:0.0030s ]
SQL: SELECT COUNT(*) AS tp_count FROM `gica_z_inner_msg` WHERE ( status=0 and tid=85 ) LIMIT 1   [ RunTime:0.0000s ]
INFO: [ indexAliPlay ] --START--
SQL: SHOW COLUMNS FROM `gica_addons` [ RunTime:0.0030s ]
SQL: SELECT `config` FROM `gica_addons` WHERE `name` = 'AliPlay' AND `status` = 1 LIMIT 1   [ RunTime:0.0010s ]
INFO: Run Addons\AliPlay\AliPlayAddon [ RunTime:0.038002s ]
INFO: [ indexAliPlay ] --END-- [ RunTime:0.038002s ]
INFO: Run Behavior\ParseTemplateBehavior [ RunTime:0.350020s ]
INFO: [ view_parse ] --END-- [ RunTime:0.350020s ]
INFO: [ view_filter ] --START--
INFO: Run Behavior\WriteHtmlCacheBehavior [ RunTime:0.020001s ]
INFO: [ view_filter ] --END-- [ RunTime:0.020001s ]
INFO: [ app_end ] --START--
INFO: Run Behavior\ShowPageTraceBehavior [ RunTime:0.020001s ]
INFO: [ app_end ] --END-- [ RunTime:0.020001s ]

[ 2015-07-16T16:59:42+08:00 ] 127.0.0.1 /Home/Index/index.html
INFO: [ app_init ] --START--
INFO: Run Behavior\BuildLiteBehavior [ RunTime:0.000000s ]
INFO: Run Common\Behavior\InitHookBehavior [ RunTime:0.071004s ]
INFO: [ app_init ] --END-- [ RunTime:0.075004s ]
INFO: [ app_begin ] --START--
INFO: Run Behavior\ReadHtmlCacheBehavior [ RunTime:0.020001s ]
INFO: Run Addons\Iswaf\IswafAddon [ RunTime:0.337020s ]
INFO: [ app_begin ] --END-- [ RunTime:0.357021s ]
SQL: SHOW COLUMNS FROM `gica_config` [ RunTime:0.0030s ]
SQL: SELECT `type`,`name`,`value` FROM `gica_config` WHERE `status` = 1  [ RunTime:0.0000s ]
SQL: SHOW COLUMNS FROM `gica_category` [ RunTime:0.0030s ]
SQL: SELECT `id`,`name`,`title`,`pid`,`sort`,`list_row`,`meta_title`,`keywords`,`description`,`template_index`,`template_lists`,`template_detail`,`template_edit`,`model`,`model_sub`,`type`,`link_id`,`allow_publish`,`display`,`reply`,`check`,`reply_model`,`extend`,`create_time`,`update_time`,`status`,`icon`,`groups` FROM `gica_category` WHERE `status` = 1 ORDER BY sort  [ RunTime:0.0010s ]
SQL: SHOW COLUMNS FROM `gica_document` [ RunTime:0.0020s ]
SQL: SELECT * FROM `gica_document` WHERE `category_id` = 2 LIMIT 6   [ RunTime:0.0000s ]
SQL: SELECT * FROM `gica_document` WHERE `category_id` = 40 LIMIT 7   [ RunTime:0.0000s ]
SQL: SELECT * FROM `gica_document` WHERE `category_id` = 43 LIMIT 7   [ RunTime:0.0000s ]
SQL: SHOW COLUMNS FROM `gica_z_borrow_investor` [ RunTime:0.0030s ]
SQL: SELECT `investor_uid`,sum(investor_capital)investor_capital FROM `gica_z_borrow_investor` GROUP BY investor_uid ORDER BY investor_capital desc  [ RunTime:0.0000s ]
SQL: SHOW COLUMNS FROM `gica_z_borrow_info` [ RunTime:0.0030s ]
SQL: SELECT COUNT(*) AS tp_count FROM `gica_z_borrow_info` WHERE ( borrow_status not in (1,5,3) ) LIMIT 1   [ RunTime:0.0000s ]
SQL: SELECT * FROM `gica_z_borrow_info` WHERE ( borrow_status not in (1,5,3) ) ORDER BY borrow_status not in (0,6) DESC,add_time  DESC LIMIT 0,8   [ RunTime:0.0010s ]
INFO: [ view_parse ] --START--
INFO: [ template_filter ] --START--
INFO: Run Behavior\ContentReplaceBehavior [ RunTime:0.001000s ]
INFO: [ template_filter ] --END-- [ RunTime:0.001000s ]
SQL: SHOW COLUMNS FROM `gica_ucenter_member` [ RunTime:0.0050s ]
SQL: SELECT `logo_url` FROM `gica_ucenter_member` WHERE `id` = 85 LIMIT 1   [ RunTime:0.0000s ]
SQL: SHOW COLUMNS FROM `gica_z_system_msg` [ RunTime:0.0040s ]
SQL: SELECT COUNT(*) AS tp_count FROM `gica_z_system_msg` WHERE ( status=0 and uid=85 ) LIMIT 1   [ RunTime:0.0000s ]
SQL: SHOW COLUMNS FROM `gica_z_inner_msg` [ RunTime:0.0040s ]
SQL: SELECT COUNT(*) AS tp_count FROM `gica_z_inner_msg` WHERE ( status=0 and tid=85 ) LIMIT 1   [ RunTime:0.0000s ]
INFO: [ indexAliPlay ] --START--
SQL: SHOW COLUMNS FROM `gica_addons` [ RunTime:0.0020s ]
SQL: SELECT `config` FROM `gica_addons` WHERE `name` = 'AliPlay' AND `status` = 1 LIMIT 1   [ RunTime:0.0000s ]
INFO: Run Addons\AliPlay\AliPlayAddon [ RunTime:0.034002s ]
INFO: [ indexAliPlay ] --END-- [ RunTime:0.034002s ]
INFO: Run Behavior\ParseTemplateBehavior [ RunTime:0.345020s ]
INFO: [ view_parse ] --END-- [ RunTime:0.345020s ]
INFO: [ view_filter ] --START--
INFO: Run Behavior\WriteHtmlCacheBehavior [ RunTime:0.021001s ]
INFO: [ view_filter ] --END-- [ RunTime:0.021001s ]
INFO: [ app_end ] --START--
INFO: Run Behavior\ShowPageTraceBehavior [ RunTime:0.020001s ]
INFO: [ app_end ] --END-- [ RunTime:0.020001s ]

[ 2015-07-16T16:59:43+08:00 ] 127.0.0.1 /Public/Home/css/h.css
INFO: [ app_init ] --START--
INFO: Run Behavior\BuildLiteBehavior [ RunTime:0.000000s ]
INFO: Run Common\Behavior\InitHookBehavior [ RunTime:0.087005s ]
INFO: [ app_init ] --END-- [ RunTime:0.092005s ]
INFO: [ app_begin ] --START--
INFO: Run Behavior\ReadHtmlCacheBehavior [ RunTime:0.024002s ]
INFO: Run Addons\Iswaf\IswafAddon [ RunTime:0.413023s ]
INFO: [ app_begin ] --END-- [ RunTime:0.438025s ]
SQL: SHOW COLUMNS FROM `gica_config` [ RunTime:0.0030s ]
SQL: SELECT `type`,`name`,`value` FROM `gica_config` WHERE `status` = 1  [ RunTime:0.0010s ]

[ 2015-07-16T16:59:44+08:00 ] 127.0.0.1 /Public/Home/css/ysx.css
INFO: [ app_init ] --START--
INFO: Run Behavior\BuildLiteBehavior [ RunTime:0.000000s ]
INFO: Run Common\Behavior\InitHookBehavior [ RunTime:0.085005s ]
INFO: [ app_init ] --END-- [ RunTime:0.089005s ]
INFO: [ app_begin ] --START--
INFO: Run Behavior\ReadHtmlCacheBehavior [ RunTime:0.021001s ]
INFO: Run Addons\Iswaf\IswafAddon [ RunTime:0.415024s ]
INFO: [ app_begin ] --END-- [ RunTime:0.437025s ]
SQL: SHOW COLUMNS FROM `gica_config` [ RunTime:0.0030s ]
SQL: SELECT `type`,`name`,`value` FROM `gica_config` WHERE `status` = 1  [ RunTime:0.0000s ]

[ 2015-07-16T16:59:45+08:00 ] 127.0.0.1 /Index/index.html
INFO: [ app_init ] --START--
INFO: Run Behavior\BuildLiteBehavior [ RunTime:0.000000s ]
INFO: Run Common\Behavior\InitHookBehavior [ RunTime:0.073004s ]
INFO: [ app_init ] --END-- [ RunTime:0.076004s ]
INFO: [ app_begin ] --START--
INFO: Run Behavior\ReadHtmlCacheBehavior [ RunTime:0.015001s ]
INFO: Run Addons\Iswaf\IswafAddon [ RunTime:0.338019s ]
INFO: [ app_begin ] --END-- [ RunTime:0.353020s ]
SQL: SHOW COLUMNS FROM `gica_config` [ RunTime:0.0020s ]
SQL: SELECT `type`,`name`,`value` FROM `gica_config` WHERE `status` = 1  [ RunTime:0.0000s ]
SQL: SHOW COLUMNS FROM `gica_category` [ RunTime:0.0030s ]
SQL: SELECT `id`,`name`,`title`,`pid`,`sort`,`list_row`,`meta_title`,`keywords`,`description`,`template_index`,`template_lists`,`template_detail`,`template_edit`,`model`,`model_sub`,`type`,`link_id`,`allow_publish`,`display`,`reply`,`check`,`reply_model`,`extend`,`create_time`,`update_time`,`status`,`icon`,`groups` FROM `gica_category` WHERE `status` = 1 ORDER BY sort  [ RunTime:0.0010s ]
SQL: SHOW COLUMNS FROM `gica_document` [ RunTime:0.0020s ]
SQL: SELECT * FROM `gica_document` WHERE `category_id` = 2 LIMIT 6   [ RunTime:0.0000s ]
SQL: SELECT * FROM `gica_document` WHERE `category_id` = 40 LIMIT 7   [ RunTime:0.0000s ]
SQL: SELECT * FROM `gica_document` WHERE `category_id` = 43 LIMIT 7   [ RunTime:0.0010s ]
SQL: SHOW COLUMNS FROM `gica_z_borrow_investor` [ RunTime:0.0020s ]
SQL: SELECT `investor_uid`,sum(investor_capital)investor_capital FROM `gica_z_borrow_investor` GROUP BY investor_uid ORDER BY investor_capital desc  [ RunTime:0.0010s ]
SQL: SHOW COLUMNS FROM `gica_z_borrow_info` [ RunTime:0.0020s ]
SQL: SELECT COUNT(*) AS tp_count FROM `gica_z_borrow_info` WHERE ( borrow_status not in (1,5,3) ) LIMIT 1   [ RunTime:0.0000s ]
SQL: SELECT * FROM `gica_z_borrow_info` WHERE ( borrow_status not in (1,5,3) ) ORDER BY borrow_status not in (0,6) DESC,add_time  DESC LIMIT 0,8   [ RunTime:0.0000s ]
INFO: [ view_parse ] --START--
INFO: [ template_filter ] --START--
INFO: Run Behavior\ContentReplaceBehavior [ RunTime:0.000000s ]
INFO: [ template_filter ] --END-- [ RunTime:0.000000s ]
SQL: SHOW COLUMNS FROM `gica_ucenter_member` [ RunTime:0.0040s ]
SQL: SELECT `logo_url` FROM `gica_ucenter_member` WHERE `id` = 85 LIMIT 1   [ RunTime:0.0000s ]
SQL: SHOW COLUMNS FROM `gica_z_system_msg` [ RunTime:0.0040s ]
SQL: SELECT COUNT(*) AS tp_count FROM `gica_z_system_msg` WHERE ( status=0 and uid=85 ) LIMIT 1   [ RunTime:0.0000s ]
SQL: SHOW COLUMNS FROM `gica_z_inner_msg` [ RunTime:0.0040s ]
SQL: SELECT COUNT(*) AS tp_count FROM `gica_z_inner_msg` WHERE ( status=0 and tid=85 ) LIMIT 1   [ RunTime:0.0000s ]
INFO: [ indexAliPlay ] --START--
SQL: SHOW COLUMNS FROM `gica_addons` [ RunTime:0.0030s ]
SQL: SELECT `config` FROM `gica_addons` WHERE `name` = 'AliPlay' AND `status` = 1 LIMIT 1   [ RunTime:0.0000s ]
INFO: Run Addons\AliPlay\AliPlayAddon [ RunTime:0.037002s ]
INFO: [ indexAliPlay ] --END-- [ RunTime:0.037002s ]
INFO: Run Behavior\ParseTemplateBehavior [ RunTime:0.347020s ]
INFO: [ view_parse ] --END-- [ RunTime:0.347020s ]
INFO: [ view_filter ] --START--
INFO: Run Behavior\WriteHtmlCacheBehavior [ RunTime:0.020001s ]
INFO: [ view_filter ] --END-- [ RunTime:0.020001s ]
INFO: [ app_end ] --START--
INFO: Run Behavior\ShowPageTraceBehavior [ RunTime:0.020001s ]
INFO: [ app_end ] --END-- [ RunTime:0.020001s ]

[ 2015-07-16T16:59:46+08:00 ] 127.0.0.1 /Index/index.html
INFO: [ app_init ] --START--
INFO: Run Behavior\BuildLiteBehavior [ RunTime:0.000000s ]
INFO: Run Common\Behavior\InitHookBehavior [ RunTime:0.071004s ]
INFO: [ app_init ] --END-- [ RunTime:0.075004s ]
INFO: [ app_begin ] --START--
INFO: Run Behavior\ReadHtmlCacheBehavior [ RunTime:0.021001s ]
INFO: Run Addons\Iswaf\IswafAddon [ RunTime:0.336019s ]
INFO: [ app_begin ] --END-- [ RunTime:0.357020s ]
SQL: SHOW COLUMNS FROM `gica_config` [ RunTime:0.0030s ]
SQL: SELECT `type`,`name`,`value` FROM `gica_config` WHERE `status` = 1  [ RunTime:0.0000s ]
SQL: SHOW COLUMNS FROM `gica_category` [ RunTime:0.0030s ]
SQL: SELECT `id`,`name`,`title`,`pid`,`sort`,`list_row`,`meta_title`,`keywords`,`description`,`template_index`,`template_lists`,`template_detail`,`template_edit`,`model`,`model_sub`,`type`,`link_id`,`allow_publish`,`display`,`reply`,`check`,`reply_model`,`extend`,`create_time`,`update_time`,`status`,`icon`,`groups` FROM `gica_category` WHERE `status` = 1 ORDER BY sort  [ RunTime:0.0010s ]
SQL: SHOW COLUMNS FROM `gica_document` [ RunTime:0.0020s ]
SQL: SELECT * FROM `gica_document` WHERE `category_id` = 2 LIMIT 6   [ RunTime:0.0000s ]
SQL: SELECT * FROM `gica_document` WHERE `category_id` = 40 LIMIT 7   [ RunTime:0.0000s ]
SQL: SELECT * FROM `gica_document` WHERE `category_id` = 43 LIMIT 7   [ RunTime:0.0000s ]
SQL: SHOW COLUMNS FROM `gica_z_borrow_investor` [ RunTime:0.0020s ]
SQL: SELECT `investor_uid`,sum(investor_capital)investor_capital FROM `gica_z_borrow_investor` GROUP BY investor_uid ORDER BY investor_capital desc  [ RunTime:0.0000s ]
SQL: SHOW COLUMNS FROM `gica_z_borrow_info` [ RunTime:0.0030s ]
SQL: SELECT COUNT(*) AS tp_count FROM `gica_z_borrow_info` WHERE ( borrow_status not in (1,5,3) ) LIMIT 1   [ RunTime:0.0000s ]
SQL: SELECT * FROM `gica_z_borrow_info` WHERE ( borrow_status not in (1,5,3) ) ORDER BY borrow_status not in (0,6) DESC,add_time  DESC LIMIT 0,8   [ RunTime:0.0000s ]
INFO: [ view_parse ] --START--
INFO: [ template_filter ] --START--
INFO: Run Behavior\ContentReplaceBehavior [ RunTime:0.000000s ]
INFO: [ template_filter ] --END-- [ RunTime:0.000000s ]
SQL: SHOW COLUMNS FROM `gica_ucenter_member` [ RunTime:0.0050s ]
SQL: SELECT `logo_url` FROM `gica_ucenter_member` WHERE `id` = 85 LIMIT 1   [ RunTime:0.0010s ]
SQL: SHOW COLUMNS FROM `gica_z_system_msg` [ RunTime:0.0030s ]
SQL: SELECT COUNT(*) AS tp_count FROM `gica_z_system_msg` WHERE ( status=0 and uid=85 ) LIMIT 1   [ RunTime:0.0000s ]
SQL: SHOW COLUMNS FROM `gica_z_inner_msg` [ RunTime:0.0030s ]
SQL: SELECT COUNT(*) AS tp_count FROM `gica_z_inner_msg` WHERE ( status=0 and tid=85 ) LIMIT 1   [ RunTime:0.0000s ]
INFO: [ indexAliPlay ] --START--
SQL: SHOW COLUMNS FROM `gica_addons` [ RunTime:0.0040s ]
SQL: SELECT `config` FROM `gica_addons` WHERE `name` = 'AliPlay' AND `status` = 1 LIMIT 1   [ RunTime:0.0000s ]
INFO: Run Addons\AliPlay\AliPlayAddon [ RunTime:0.040002s ]
INFO: [ indexAliPlay ] --END-- [ RunTime:0.040002s ]
INFO: Run Behavior\ParseTemplateBehavior [ RunTime:0.346019s ]
INFO: [ view_parse ] --END-- [ RunTime:0.346019s ]
INFO: [ view_filter ] --START--
INFO: Run Behavior\WriteHtmlCacheBehavior [ RunTime:0.019001s ]
INFO: [ view_filter ] --END-- [ RunTime:0.019001s ]
INFO: [ app_end ] --START--
INFO: Run Behavior\ShowPageTraceBehavior [ RunTime:0.020002s ]
INFO: [ app_end ] --END-- [ RunTime:0.020002s ]

