[ 2015-01-17T16:54:07+08:00 ] 127.0.0.1 /
INFO: [ app_init ] --START--
INFO: Run Behavior\BuildLiteBehavior [ RunTime:0.000000s ]
SQL: SHOW COLUMNS FROM `gica_hooks` [ RunTime:0.1110s ]
SQL: SELECT `name`,`addons` FROM `gica_hooks`  [ RunTime:0.0010s ]
SQL: SHOW COLUMNS FROM `gica_addons` [ RunTime:0.0160s ]
SQL: SELECT `id`,`name` FROM `gica_addons` WHERE `status` = 1 AND `name` IN ('Unslider','ImageSlider')  [ RunTime:0.0010s ]
SQL: SELECT `id`,`name` FROM `gica_addons` WHERE `status` = 1 AND `name` IN ('ReturnTop','Unslider','Webim','Statistics','SuperLinks','BaiduStatistics','AdFloat')  [ RunTime:0.0010s ]
SQL: SELECT `id`,`name` FROM `gica_addons` WHERE `status` = 1 AND `name` IN ('Attachment')  [ RunTime:0.0090s ]
SQL: SELECT `id`,`name` FROM `gica_addons` WHERE `status` = 1 AND `name` IN ('Attachment','SocialComment','baidushare','JqQrcode','Fancybox','documentNav','Wsearch')  [ RunTime:0.0000s ]
SQL: SELECT `id`,`name` FROM `gica_addons` WHERE `status` = 1 AND `name` IN ('Attachment','Ping')  [ RunTime:0.0010s ]
SQL: SELECT `id`,`name` FROM `gica_addons` WHERE `status` = 1 AND `name` IN ('Editor')  [ RunTime:0.0010s ]
SQL: SELECT `id`,`name` FROM `gica_addons` WHERE `status` = 1 AND `name` IN ('EditorForAdmin')  [ RunTime:0.0010s ]
SQL: SELECT `id`,`name` FROM `gica_addons` WHERE `status` = 1 AND `name` IN ('SiteStat','SystemInfo','DevTeam','Weather','Theme','Singlepage','QiuBai')  [ RunTime:0.0000s ]
SQL: SELECT `id`,`name` FROM `gica_addons` WHERE `status` = 1 AND `name` IN ('Editor')  [ RunTime:0.0000s ]
SQL: SELECT `id`,`name` FROM `gica_addons` WHERE `status` = 1 AND `name` IN ('MultiLang','Iswaf')  [ RunTime:0.0000s ]
SQL: SELECT `id`,`name` FROM `gica_addons` WHERE `status` = 1 AND `name` IN ('Iyo9Table')  [ RunTime:0.0000s ]
SQL: SELECT `id`,`name` FROM `gica_addons` WHERE `status` = 1 AND `name` IN ('JqQrcode','VideoWall','MovieLog')  [ RunTime:0.0000s ]
SQL: SELECT `id`,`name` FROM `gica_addons` WHERE `status` = 1 AND `name` IN ('indexAliPlay','AliPlay')  [ RunTime:0.0000s ]
SQL: SELECT `id`,`name` FROM `gica_addons` WHERE `status` = 1 AND `name` IN ('EasyGo')  [ RunTime:0.0000s ]
SQL: SELECT `id`,`name` FROM `gica_addons` WHERE `status` = 1 AND `name` IN ('ChinaCity')  [ RunTime:0.0000s ]
SQL: SELECT `id`,`name` FROM `gica_addons` WHERE `status` = 1 AND `name` IN ('OTcaiji')  [ RunTime:0.0000s ]
SQL: SELECT `id`,`name` FROM `gica_addons` WHERE `status` = 1 AND `name` IN ('Template')  [ RunTime:0.0000s ]
INFO: Run Common\Behavior\InitHookBehavior [ RunTime:0.234013s ]
INFO: [ app_init ] --END-- [ RunTime:0.235014s ]
INFO: [ app_begin ] --START--
INFO: Run Behavior\ReadHtmlCacheBehavior [ RunTime:0.013000s ]
INFO: [ app_begin ] --END-- [ RunTime:0.013000s ]
SQL: SHOW COLUMNS FROM `gica_config` [ RunTime:0.0040s ]
SQL: SELECT `type`,`name`,`value` FROM `gica_config` WHERE `status` = 1  [ RunTime:0.0000s ]
SQL: SHOW COLUMNS FROM `gica_category` [ RunTime:0.0040s ]
SQL: SELECT `id`,`name`,`title`,`pid`,`sort`,`list_row`,`meta_title`,`keywords`,`description`,`template_index`,`template_lists`,`template_detail`,`template_edit`,`model`,`model_sub`,`type`,`link_id`,`allow_publish`,`display`,`reply`,`check`,`reply_model`,`extend`,`create_time`,`update_time`,`status`,`icon`,`groups` FROM `gica_category` WHERE `status` = 1 ORDER BY sort  [ RunTime:0.0010s ]
SQL: SHOW COLUMNS FROM `gica_document` [ RunTime:0.0040s ]
SQL: SELECT * FROM `gica_document` WHERE `category_id` = 2 LIMIT 6   [ RunTime:0.0010s ]
SQL: SELECT `id`,`uid`,`name`,`title`,`category_id`,`group_id`,`description`,`root`,`pid`,`model_id`,`type`,`position`,`link_id`,`cover_id`,`display`,`deadline`,`attach`,`view`,`comment`,`extend`,`level`,`create_time`,`update_time`,`status` FROM `gica_document` WHERE `category_id` = 40 AND `status` = 1 AND `pid` = 0 AND `create_time` < 1421484846 AND ( deadline = 0 OR deadline > 1421484846 ) ORDER BY `id` DESC  [ RunTime:0.0010s ]
SQL: SELECT * FROM `gica_document` WHERE `category_id` = 43 LIMIT 6   [ RunTime:0.0010s ]
SQL: SHOW COLUMNS FROM `gica_z_borrow_investor` [ RunTime:0.0060s ]
SQL: SELECT `investor_uid`,sum(investor_capital)investor_capital FROM `gica_z_borrow_investor` GROUP BY investor_uid ORDER BY investor_capital desc  [ RunTime:0.0010s ]
SQL: SHOW COLUMNS FROM `gica_z_borrow_info` [ RunTime:0.0070s ]
SQL: SELECT COUNT(*) AS tp_count FROM `gica_z_borrow_info` WHERE ( borrow_status not in (1,5,3) ) LIMIT 1   [ RunTime:0.0010s ]
SQL: SELECT * FROM `gica_z_borrow_info` WHERE ( borrow_status not in (1,5,3) ) ORDER BY `borrow_status` ASC LIMIT 0,8   [ RunTime:0.0010s ]
INFO: [ view_parse ] --START--
INFO: [ template_filter ] --START--
INFO: Run Behavior\ContentReplaceBehavior [ RunTime:0.001000s ]
INFO: [ template_filter ] --END-- [ RunTime:0.001000s ]
SQL: SHOW COLUMNS FROM `gica_category` [ RunTime:0.0050s ]
SQL: SELECT * FROM `gica_category` WHERE `id` = 2 LIMIT 1   [ RunTime:0.0090s ]
SQL: SELECT * FROM `gica_category` WHERE `id` = 40 LIMIT 1   [ RunTime:0.0010s ]
SQL: SELECT * FROM `gica_category` WHERE `id` = 43 LIMIT 1   [ RunTime:0.0000s ]
INFO: Run Behavior\ParseTemplateBehavior [ RunTime:0.099005s ]
INFO: [ view_parse ] --END-- [ RunTime:0.099005s ]
INFO: [ view_filter ] --START--
INFO: Run Behavior\WriteHtmlCacheBehavior [ RunTime:0.008001s ]
INFO: [ view_filter ] --END-- [ RunTime:0.008001s ]
INFO: [ app_end ] --START--
INFO: Run Behavior\ShowPageTraceBehavior [ RunTime:0.008000s ]
INFO: [ app_end ] --END-- [ RunTime:0.008000s ]

[ 2015-01-17T16:54:10+08:00 ] 127.0.0.1 /index.php?s=/Home/Borrow/index.html
INFO: [ app_init ] --START--
INFO: Run Behavior\BuildLiteBehavior [ RunTime:0.000000s ]
INFO: Run Common\Behavior\InitHookBehavior [ RunTime:0.013000s ]
INFO: [ app_init ] --END-- [ RunTime:0.013000s ]
INFO: [ app_begin ] --START--
INFO: Run Behavior\ReadHtmlCacheBehavior [ RunTime:0.003000s ]
INFO: [ app_begin ] --END-- [ RunTime:0.003000s ]
SQL: SHOW COLUMNS FROM `gica_config` [ RunTime:0.0050s ]
SQL: SELECT `type`,`name`,`value` FROM `gica_config` WHERE `status` = 1  [ RunTime:0.0000s ]
INFO: [ view_parse ] --START--
INFO: [ template_filter ] --START--
INFO: Run Behavior\ContentReplaceBehavior [ RunTime:0.000000s ]
INFO: [ template_filter ] --END-- [ RunTime:0.000000s ]
INFO: Run Behavior\ParseTemplateBehavior [ RunTime:0.034002s ]
INFO: [ view_parse ] --END-- [ RunTime:0.035002s ]
INFO: [ view_filter ] --START--
INFO: Run Behavior\WriteHtmlCacheBehavior [ RunTime:0.003000s ]
INFO: [ view_filter ] --END-- [ RunTime:0.003000s ]
INFO: [ app_end ] --START--
INFO: Run Behavior\ShowPageTraceBehavior [ RunTime:0.003000s ]
INFO: [ app_end ] --END-- [ RunTime:0.003000s ]

[ 2015-01-17T16:54:15+08:00 ] 127.0.0.1 /index.php?s=/Home/User/login.html
INFO: [ app_init ] --START--
INFO: Run Behavior\BuildLiteBehavior [ RunTime:0.000000s ]
INFO: Run Common\Behavior\InitHookBehavior [ RunTime:0.013001s ]
INFO: [ app_init ] --END-- [ RunTime:0.013001s ]
INFO: [ app_begin ] --START--
INFO: Run Behavior\ReadHtmlCacheBehavior [ RunTime:0.004001s ]
INFO: [ app_begin ] --END-- [ RunTime:0.004001s ]
SQL: SHOW COLUMNS FROM `gica_config` [ RunTime:0.0130s ]
SQL: SELECT `type`,`name`,`value` FROM `gica_config` WHERE `status` = 1  [ RunTime:0.0020s ]
INFO: [ view_parse ] --START--
INFO: [ template_filter ] --START--
INFO: Run Behavior\ContentReplaceBehavior [ RunTime:0.000000s ]
INFO: [ template_filter ] --END-- [ RunTime:0.000000s ]
INFO: Run Behavior\ParseTemplateBehavior [ RunTime:0.050003s ]
INFO: [ view_parse ] --END-- [ RunTime:0.050003s ]
INFO: [ view_filter ] --START--
INFO: Run Behavior\WriteHtmlCacheBehavior [ RunTime:0.006000s ]
INFO: [ view_filter ] --END-- [ RunTime:0.006000s ]
INFO: [ app_end ] --START--
INFO: Run Behavior\ShowPageTraceBehavior [ RunTime:0.004000s ]
INFO: [ app_end ] --END-- [ RunTime:0.004000s ]

[ 2015-01-17T16:54:16+08:00 ] 127.0.0.1 /index.php?s=/Home/User/verify.html
INFO: [ app_init ] --START--
INFO: Run Behavior\BuildLiteBehavior [ RunTime:0.000000s ]
INFO: Run Common\Behavior\InitHookBehavior [ RunTime:0.012001s ]
INFO: [ app_init ] --END-- [ RunTime:0.012001s ]
INFO: [ app_begin ] --START--
INFO: Run Behavior\ReadHtmlCacheBehavior [ RunTime:0.004001s ]
INFO: [ app_begin ] --END-- [ RunTime:0.004001s ]
SQL: SHOW COLUMNS FROM `gica_config` [ RunTime:0.0050s ]
SQL: SELECT `type`,`name`,`value` FROM `gica_config` WHERE `status` = 1  [ RunTime:0.0000s ]
NOTIC: [8] ob_clean(): failed to delete buffer zlib output compression D:\UPGICA\upupw\vhosts\tp\Application\Home\Controller\UserController.class.php 第 164 行.
INFO: [ app_end ] --START--
INFO: Run Behavior\ShowPageTraceBehavior [ RunTime:0.003000s ]
INFO: [ app_end ] --END-- [ RunTime:0.004000s ]

[ 2015-01-17T16:54:26+08:00 ] 127.0.0.1 /index.php?s=/Home/User/login.html
INFO: [ app_init ] --START--
INFO: Run Behavior\BuildLiteBehavior [ RunTime:0.000000s ]
INFO: Run Common\Behavior\InitHookBehavior [ RunTime:0.011001s ]
INFO: [ app_init ] --END-- [ RunTime:0.011001s ]
INFO: [ app_begin ] --START--
INFO: Run Behavior\ReadHtmlCacheBehavior [ RunTime:0.003000s ]
INFO: [ app_begin ] --END-- [ RunTime:0.003000s ]
SQL: SHOW COLUMNS FROM `gica_config` [ RunTime:0.0050s ]
SQL: SELECT `type`,`name`,`value` FROM `gica_config` WHERE `status` = 1  [ RunTime:0.0000s ]
NOTIC: [8] Undefined index: lite D:\UPGICA\upupw\vhosts\tp\ThinkPHP\Library\Think\Db.class.php 第 37 行.
SQL: SHOW COLUMNS FROM `gica_member` [ RunTime:0.0040s ]
SQL: SELECT `uid`,`nickname`,`sex`,`birthday`,`qq`,`score`,`login`,`reg_ip`,`reg_time`,`last_login_ip`,`last_login_time`,`status` FROM `gica_member` WHERE `uid` = 1 LIMIT 1   [ RunTime:0.0000s ]
SQL: UPDATE `gica_member` SET `login`=`login`+1,`last_login_time`='1421484865',`last_login_ip`='2130706433' WHERE `uid` = 1 [ RunTime:0.0000s ]
SQL: SHOW COLUMNS FROM `gica_action` [ RunTime:0.0050s ]
SQL: SELECT * FROM `gica_action` WHERE `name` = 'user_login' LIMIT 1   [ RunTime:0.0000s ]

[ 2015-01-17T16:54:26+08:00 ] 127.0.0.1 /index.php?s=/Home/Borrow/circulation.html
INFO: [ app_init ] --START--
INFO: Run Behavior\BuildLiteBehavior [ RunTime:0.000000s ]
INFO: Run Common\Behavior\InitHookBehavior [ RunTime:0.017001s ]
INFO: [ app_init ] --END-- [ RunTime:0.017001s ]
INFO: [ app_begin ] --START--
INFO: Run Behavior\ReadHtmlCacheBehavior [ RunTime:0.004000s ]
INFO: [ app_begin ] --END-- [ RunTime:0.004000s ]
SQL: SHOW COLUMNS FROM `gica_config` [ RunTime:0.0050s ]
SQL: SELECT `type`,`name`,`value` FROM `gica_config` WHERE `status` = 1  [ RunTime:0.0000s ]
SQL: SHOW COLUMNS FROM `gica_z_members_status` [ RunTime:0.0040s ]
SQL: SELECT * FROM `gica_z_members_status` WHERE ( uid=1 )  [ RunTime:0.0000s ]

[ 2015-01-17T16:54:26+08:00 ] 127.0.0.1 /index.php?s=/Home/Borrow/papersinfo.html
INFO: [ app_init ] --START--
INFO: Run Behavior\BuildLiteBehavior [ RunTime:0.000000s ]
INFO: Run Common\Behavior\InitHookBehavior [ RunTime:0.011001s ]
INFO: [ app_init ] --END-- [ RunTime:0.011001s ]
INFO: [ app_begin ] --START--
INFO: Run Behavior\ReadHtmlCacheBehavior [ RunTime:0.003000s ]
INFO: [ app_begin ] --END-- [ RunTime:0.003000s ]
SQL: SHOW COLUMNS FROM `gica_config` [ RunTime:0.0060s ]
SQL: SELECT `type`,`name`,`value` FROM `gica_config` WHERE `status` = 1  [ RunTime:0.0000s ]
SQL: SHOW COLUMNS FROM `gica_z_member_data_info` [ RunTime:0.0350s ]
SQL: SELECT * FROM `gica_z_member_data_info` WHERE `uid` = 1 AND `type` = 2  [ RunTime:0.0010s ]
INFO: [ view_parse ] --START--
INFO: [ template_filter ] --START--
INFO: Run Behavior\ContentReplaceBehavior [ RunTime:0.001000s ]
INFO: [ template_filter ] --END-- [ RunTime:0.001000s ]
INFO: Run Behavior\ParseTemplateBehavior [ RunTime:0.049003s ]
INFO: [ view_parse ] --END-- [ RunTime:0.049003s ]
INFO: [ view_filter ] --START--
INFO: Run Behavior\WriteHtmlCacheBehavior [ RunTime:0.003000s ]
INFO: [ view_filter ] --END-- [ RunTime:0.003000s ]
INFO: [ app_end ] --START--
INFO: Run Behavior\ShowPageTraceBehavior [ RunTime:0.003000s ]
INFO: [ app_end ] --END-- [ RunTime:0.003000s ]

[ 2015-01-17T16:55:09+08:00 ] 127.0.0.1 /index.php?s=/Home/Borrow/index.html
INFO: [ app_init ] --START--
INFO: Run Behavior\BuildLiteBehavior [ RunTime:0.000000s ]
INFO: Run Common\Behavior\InitHookBehavior [ RunTime:0.011000s ]
INFO: [ app_init ] --END-- [ RunTime:0.011000s ]
INFO: [ app_begin ] --START--
INFO: Run Behavior\ReadHtmlCacheBehavior [ RunTime:0.002000s ]
INFO: [ app_begin ] --END-- [ RunTime:0.002000s ]
SQL: SHOW COLUMNS FROM `gica_config` [ RunTime:0.0050s ]
SQL: SELECT `type`,`name`,`value` FROM `gica_config` WHERE `status` = 1  [ RunTime:0.0010s ]
INFO: [ view_parse ] --START--
INFO: [ template_filter ] --START--
INFO: Run Behavior\ContentReplaceBehavior [ RunTime:0.000000s ]
INFO: [ template_filter ] --END-- [ RunTime:0.000000s ]
INFO: Run Behavior\ParseTemplateBehavior [ RunTime:0.034002s ]
INFO: [ view_parse ] --END-- [ RunTime:0.034002s ]
INFO: [ view_filter ] --START--
INFO: Run Behavior\WriteHtmlCacheBehavior [ RunTime:0.004000s ]
INFO: [ view_filter ] --END-- [ RunTime:0.004000s ]
INFO: [ app_end ] --START--
INFO: Run Behavior\ShowPageTraceBehavior [ RunTime:0.003001s ]
INFO: [ app_end ] --END-- [ RunTime:0.003001s ]

[ 2015-01-17T17:02:40+08:00 ] 127.0.0.1 /index.php?s=/Home/Borrow/index.html
INFO: [ app_init ] --START--
INFO: Run Behavior\BuildLiteBehavior [ RunTime:0.000000s ]
INFO: Run Common\Behavior\InitHookBehavior [ RunTime:0.012001s ]
INFO: [ app_init ] --END-- [ RunTime:0.013001s ]
INFO: [ app_begin ] --START--
INFO: Run Behavior\ReadHtmlCacheBehavior [ RunTime:0.004001s ]
INFO: [ app_begin ] --END-- [ RunTime:0.004001s ]
SQL: SHOW COLUMNS FROM `gica_config` [ RunTime:0.0040s ]
SQL: SELECT `type`,`name`,`value` FROM `gica_config` WHERE `status` = 1  [ RunTime:0.0010s ]
INFO: [ view_parse ] --START--
INFO: [ template_filter ] --START--
INFO: Run Behavior\ContentReplaceBehavior [ RunTime:0.000000s ]
INFO: [ template_filter ] --END-- [ RunTime:0.001000s ]
INFO: Run Behavior\ParseTemplateBehavior [ RunTime:0.036002s ]
INFO: [ view_parse ] --END-- [ RunTime:0.036002s ]
INFO: [ view_filter ] --START--
INFO: Run Behavior\WriteHtmlCacheBehavior [ RunTime:0.004001s ]
INFO: [ view_filter ] --END-- [ RunTime:0.004001s ]
INFO: [ app_end ] --START--
INFO: Run Behavior\ShowPageTraceBehavior [ RunTime:0.003000s ]
INFO: [ app_end ] --END-- [ RunTime:0.003000s ]

[ 2015-01-17T17:02:43+08:00 ] 127.0.0.1 /index.php?s=/Home/Index/index.html
INFO: [ app_init ] --START--
INFO: Run Behavior\BuildLiteBehavior [ RunTime:0.000000s ]
INFO: Run Common\Behavior\InitHookBehavior [ RunTime:0.012001s ]
INFO: [ app_init ] --END-- [ RunTime:0.013001s ]
INFO: [ app_begin ] --START--
INFO: Run Behavior\ReadHtmlCacheBehavior [ RunTime:0.003001s ]
INFO: [ app_begin ] --END-- [ RunTime:0.003001s ]
SQL: SHOW COLUMNS FROM `gica_config` [ RunTime:0.0150s ]
SQL: SELECT `type`,`name`,`value` FROM `gica_config` WHERE `status` = 1  [ RunTime:0.0010s ]
SQL: SHOW COLUMNS FROM `gica_category` [ RunTime:0.0050s ]
SQL: SELECT `id`,`name`,`title`,`pid`,`sort`,`list_row`,`meta_title`,`keywords`,`description`,`template_index`,`template_lists`,`template_detail`,`template_edit`,`model`,`model_sub`,`type`,`link_id`,`allow_publish`,`display`,`reply`,`check`,`reply_model`,`extend`,`create_time`,`update_time`,`status`,`icon`,`groups` FROM `gica_category` WHERE `status` = 1 ORDER BY sort  [ RunTime:0.0010s ]
SQL: SHOW COLUMNS FROM `gica_document` [ RunTime:0.0070s ]
SQL: SELECT * FROM `gica_document` WHERE `category_id` = 2 LIMIT 6   [ RunTime:0.0010s ]
SQL: SELECT `id`,`uid`,`name`,`title`,`category_id`,`group_id`,`description`,`root`,`pid`,`model_id`,`type`,`position`,`link_id`,`cover_id`,`display`,`deadline`,`attach`,`view`,`comment`,`extend`,`level`,`create_time`,`update_time`,`status` FROM `gica_document` WHERE `category_id` = 40 AND `status` = 1 AND `pid` = 0 AND `create_time` < 1421485362 AND ( deadline = 0 OR deadline > 1421485362 ) ORDER BY `id` DESC  [ RunTime:0.0010s ]
SQL: SELECT * FROM `gica_document` WHERE `category_id` = 43 LIMIT 6   [ RunTime:0.0010s ]
SQL: SHOW COLUMNS FROM `gica_z_borrow_investor` [ RunTime:0.0040s ]
SQL: SELECT `investor_uid`,sum(investor_capital)investor_capital FROM `gica_z_borrow_investor` GROUP BY investor_uid ORDER BY investor_capital desc  [ RunTime:0.0000s ]
SQL: SHOW COLUMNS FROM `gica_z_borrow_info` [ RunTime:0.0050s ]
SQL: SELECT COUNT(*) AS tp_count FROM `gica_z_borrow_info` WHERE ( borrow_status not in (1,5,3) ) LIMIT 1   [ RunTime:0.0000s ]
SQL: SELECT * FROM `gica_z_borrow_info` WHERE ( borrow_status not in (1,5,3) ) ORDER BY `borrow_status` ASC LIMIT 0,8   [ RunTime:0.0020s ]
INFO: [ view_parse ] --START--
INFO: [ template_filter ] --START--
INFO: Run Behavior\ContentReplaceBehavior [ RunTime:0.000000s ]
INFO: [ template_filter ] --END-- [ RunTime:0.000000s ]
INFO: Run Behavior\ParseTemplateBehavior [ RunTime:0.044002s ]
INFO: [ view_parse ] --END-- [ RunTime:0.044002s ]
INFO: [ view_filter ] --START--
INFO: Run Behavior\WriteHtmlCacheBehavior [ RunTime:0.004001s ]
INFO: [ view_filter ] --END-- [ RunTime:0.005001s ]
INFO: [ app_end ] --START--
INFO: Run Behavior\ShowPageTraceBehavior [ RunTime:0.003000s ]
INFO: [ app_end ] --END-- [ RunTime:0.003000s ]

[ 2015-01-17T17:02:49+08:00 ] 127.0.0.1 /index.php?s=/Home/Borrow/index.html
INFO: [ app_init ] --START--
INFO: Run Behavior\BuildLiteBehavior [ RunTime:0.000000s ]
INFO: Run Common\Behavior\InitHookBehavior [ RunTime:0.012001s ]
INFO: [ app_init ] --END-- [ RunTime:0.013001s ]
INFO: [ app_begin ] --START--
INFO: Run Behavior\ReadHtmlCacheBehavior [ RunTime:0.003000s ]
INFO: [ app_begin ] --END-- [ RunTime:0.004000s ]
SQL: SHOW COLUMNS FROM `gica_config` [ RunTime:0.0160s ]
SQL: SELECT `type`,`name`,`value` FROM `gica_config` WHERE `status` = 1  [ RunTime:0.0010s ]
INFO: [ view_parse ] --START--
INFO: [ template_filter ] --START--
INFO: Run Behavior\ContentReplaceBehavior [ RunTime:0.000000s ]
INFO: [ template_filter ] --END-- [ RunTime:0.000000s ]
INFO: Run Behavior\ParseTemplateBehavior [ RunTime:0.035002s ]
INFO: [ view_parse ] --END-- [ RunTime:0.035002s ]
INFO: [ view_filter ] --START--
INFO: Run Behavior\WriteHtmlCacheBehavior [ RunTime:0.003001s ]
INFO: [ view_filter ] --END-- [ RunTime:0.003001s ]
INFO: [ app_end ] --START--
INFO: Run Behavior\ShowPageTraceBehavior [ RunTime:0.004000s ]
INFO: [ app_end ] --END-- [ RunTime:0.004000s ]

[ 2015-01-17T17:02:53+08:00 ] 127.0.0.1 /index.php?s=/Home/Finance/index.html
INFO: [ app_init ] --START--
INFO: Run Behavior\BuildLiteBehavior [ RunTime:0.000000s ]
INFO: Run Common\Behavior\InitHookBehavior [ RunTime:0.020001s ]
INFO: [ app_init ] --END-- [ RunTime:0.020001s ]
INFO: [ app_begin ] --START--
INFO: Run Behavior\ReadHtmlCacheBehavior [ RunTime:0.003000s ]
INFO: [ app_begin ] --END-- [ RunTime:0.003000s ]
SQL: SHOW COLUMNS FROM `gica_config` [ RunTime:0.0070s ]
SQL: SELECT `type`,`name`,`value` FROM `gica_config` WHERE `status` = 1  [ RunTime:0.0020s ]
SQL: SHOW COLUMNS FROM `gica_z_borrow_info` [ RunTime:0.0080s ]
SQL: SELECT COUNT(*) AS tp_count FROM `gica_z_borrow_info` WHERE ( borrow_status not in (1,5,3)  ) LIMIT 1   [ RunTime:0.0010s ]
SQL: SELECT * FROM `gica_z_borrow_info` WHERE ( borrow_status not in (1,5,3) and borrow_type in (1,2,3,4,5,6) ) ORDER BY `borrow_status` ASC LIMIT 0,8   [ RunTime:0.0020s ]
INFO: [ view_parse ] --START--
INFO: [ template_filter ] --START--
INFO: Run Behavior\ContentReplaceBehavior [ RunTime:0.000000s ]
INFO: [ template_filter ] --END-- [ RunTime:0.000000s ]
INFO: Run Behavior\ParseTemplateBehavior [ RunTime:0.043002s ]
INFO: [ view_parse ] --END-- [ RunTime:0.043002s ]
INFO: [ view_filter ] --START--
INFO: Run Behavior\WriteHtmlCacheBehavior [ RunTime:0.004001s ]
INFO: [ view_filter ] --END-- [ RunTime:0.005001s ]
INFO: [ app_end ] --START--
INFO: Run Behavior\ShowPageTraceBehavior [ RunTime:0.004000s ]
INFO: [ app_end ] --END-- [ RunTime:0.004000s ]

[ 2015-01-17T17:02:58+08:00 ] 127.0.0.1 /index.php?s=/Home/User/login.html
INFO: [ app_init ] --START--
INFO: Run Behavior\BuildLiteBehavior [ RunTime:0.000000s ]
INFO: Run Common\Behavior\InitHookBehavior [ RunTime:0.014000s ]
INFO: [ app_init ] --END-- [ RunTime:0.015000s ]
INFO: [ app_begin ] --START--
INFO: Run Behavior\ReadHtmlCacheBehavior [ RunTime:0.006000s ]
INFO: [ app_begin ] --END-- [ RunTime:0.006000s ]
SQL: SHOW COLUMNS FROM `gica_config` [ RunTime:0.0050s ]
SQL: SELECT `type`,`name`,`value` FROM `gica_config` WHERE `status` = 1  [ RunTime:0.0010s ]
INFO: [ view_parse ] --START--
INFO: [ template_filter ] --START--
INFO: Run Behavior\ContentReplaceBehavior [ RunTime:0.000000s ]
INFO: [ template_filter ] --END-- [ RunTime:0.000000s ]
INFO: Run Behavior\ParseTemplateBehavior [ RunTime:0.038002s ]
INFO: [ view_parse ] --END-- [ RunTime:0.038002s ]
INFO: [ view_filter ] --START--
INFO: Run Behavior\WriteHtmlCacheBehavior [ RunTime:0.003000s ]
INFO: [ view_filter ] --END-- [ RunTime:0.003000s ]
INFO: [ app_end ] --START--
INFO: Run Behavior\ShowPageTraceBehavior [ RunTime:0.003000s ]
INFO: [ app_end ] --END-- [ RunTime:0.003000s ]

[ 2015-01-17T17:02:58+08:00 ] 127.0.0.1 /index.php?s=/Home/User/verify.html
INFO: [ app_init ] --START--
INFO: Run Behavior\BuildLiteBehavior [ RunTime:0.000000s ]
INFO: Run Common\Behavior\InitHookBehavior [ RunTime:0.016001s ]
INFO: [ app_init ] --END-- [ RunTime:0.016001s ]
INFO: [ app_begin ] --START--
INFO: Run Behavior\ReadHtmlCacheBehavior [ RunTime:0.005001s ]
INFO: [ app_begin ] --END-- [ RunTime:0.005001s ]
SQL: SHOW COLUMNS FROM `gica_config` [ RunTime:0.0040s ]
SQL: SELECT `type`,`name`,`value` FROM `gica_config` WHERE `status` = 1  [ RunTime:0.0010s ]
NOTIC: [8] ob_clean(): failed to delete buffer zlib output compression D:\UPGICA\upupw\vhosts\tp\Application\Home\Controller\UserController.class.php 第 164 行.
INFO: [ app_end ] --START--
INFO: Run Behavior\ShowPageTraceBehavior [ RunTime:0.007000s ]
INFO: [ app_end ] --END-- [ RunTime:0.007000s ]

[ 2015-01-17T17:03:08+08:00 ] 127.0.0.1 /index.php?s=/Home/User/login.html
INFO: [ app_init ] --START--
INFO: Run Behavior\BuildLiteBehavior [ RunTime:0.000000s ]
INFO: Run Common\Behavior\InitHookBehavior [ RunTime:0.012001s ]
INFO: [ app_init ] --END-- [ RunTime:0.012001s ]
INFO: [ app_begin ] --START--
INFO: Run Behavior\ReadHtmlCacheBehavior [ RunTime:0.004000s ]
INFO: [ app_begin ] --END-- [ RunTime:0.004000s ]
SQL: SHOW COLUMNS FROM `gica_config` [ RunTime:0.0060s ]
SQL: SELECT `type`,`name`,`value` FROM `gica_config` WHERE `status` = 1  [ RunTime:0.0010s ]
NOTIC: [8] Undefined index: lite D:\UPGICA\upupw\vhosts\tp\ThinkPHP\Library\Think\Db.class.php 第 37 行.
SQL: SHOW COLUMNS FROM `gica_member` [ RunTime:0.0040s ]
SQL: SELECT `uid`,`nickname`,`sex`,`birthday`,`qq`,`score`,`login`,`reg_ip`,`reg_time`,`last_login_ip`,`last_login_time`,`status` FROM `gica_member` WHERE `uid` = 1 LIMIT 1   [ RunTime:0.0010s ]
SQL: UPDATE `gica_member` SET `login`=`login`+1,`last_login_time`='1421485388',`last_login_ip`='2130706433' WHERE `uid` = 1 [ RunTime:0.0000s ]
SQL: SHOW COLUMNS FROM `gica_action` [ RunTime:0.0040s ]
SQL: SELECT * FROM `gica_action` WHERE `name` = 'user_login' LIMIT 1   [ RunTime:0.0000s ]

[ 2015-01-17T17:03:08+08:00 ] 127.0.0.1 /index.php?s=/Home/Borrow/circulation.html
INFO: [ app_init ] --START--
INFO: Run Behavior\BuildLiteBehavior [ RunTime:0.000000s ]
INFO: Run Common\Behavior\InitHookBehavior [ RunTime:0.014001s ]
INFO: [ app_init ] --END-- [ RunTime:0.014001s ]
INFO: [ app_begin ] --START--
INFO: Run Behavior\ReadHtmlCacheBehavior [ RunTime:0.003000s ]
INFO: [ app_begin ] --END-- [ RunTime:0.003000s ]
SQL: SHOW COLUMNS FROM `gica_config` [ RunTime:0.0060s ]
SQL: SELECT `type`,`name`,`value` FROM `gica_config` WHERE `status` = 1  [ RunTime:0.0010s ]
SQL: SHOW COLUMNS FROM `gica_z_members_status` [ RunTime:0.0040s ]
SQL: SELECT * FROM `gica_z_members_status` WHERE ( uid=1 )  [ RunTime:0.0000s ]

[ 2015-01-17T17:03:09+08:00 ] 127.0.0.1 /index.php?s=/Home/Borrow/papersinfo.html
INFO: [ app_init ] --START--
INFO: Run Behavior\BuildLiteBehavior [ RunTime:0.000000s ]
INFO: Run Common\Behavior\InitHookBehavior [ RunTime:0.013001s ]
INFO: [ app_init ] --END-- [ RunTime:0.014001s ]
INFO: [ app_begin ] --START--
INFO: Run Behavior\ReadHtmlCacheBehavior [ RunTime:0.003000s ]
INFO: [ app_begin ] --END-- [ RunTime:0.003000s ]
SQL: SHOW COLUMNS FROM `gica_config` [ RunTime:0.0050s ]
SQL: SELECT `type`,`name`,`value` FROM `gica_config` WHERE `status` = 1  [ RunTime:0.0020s ]
SQL: SHOW COLUMNS FROM `gica_z_member_data_info` [ RunTime:0.0050s ]
SQL: SELECT * FROM `gica_z_member_data_info` WHERE `uid` = 1 AND `type` = 2  [ RunTime:0.0010s ]
INFO: [ view_parse ] --START--
INFO: [ template_filter ] --START--
INFO: Run Behavior\ContentReplaceBehavior [ RunTime:0.000000s ]
INFO: [ template_filter ] --END-- [ RunTime:0.000000s ]
INFO: Run Behavior\ParseTemplateBehavior [ RunTime:0.042003s ]
INFO: [ view_parse ] --END-- [ RunTime:0.042003s ]
INFO: [ view_filter ] --START--
INFO: Run Behavior\WriteHtmlCacheBehavior [ RunTime:0.003000s ]
INFO: [ view_filter ] --END-- [ RunTime:0.003000s ]
INFO: [ app_end ] --START--
INFO: Run Behavior\ShowPageTraceBehavior [ RunTime:0.003000s ]
INFO: [ app_end ] --END-- [ RunTime:0.003000s ]

[ 2015-01-17T17:04:33+08:00 ] 127.0.0.1 /index.php?s=/Home/Borrow/index.html
INFO: [ app_init ] --START--
INFO: Run Behavior\BuildLiteBehavior [ RunTime:0.000000s ]
INFO: Run Common\Behavior\InitHookBehavior [ RunTime:0.012001s ]
INFO: [ app_init ] --END-- [ RunTime:0.012001s ]
INFO: [ app_begin ] --START--
INFO: Run Behavior\ReadHtmlCacheBehavior [ RunTime:0.003000s ]
INFO: [ app_begin ] --END-- [ RunTime:0.003000s ]
SQL: SHOW COLUMNS FROM `gica_config` [ RunTime:0.0070s ]
SQL: SELECT `type`,`name`,`value` FROM `gica_config` WHERE `status` = 1  [ RunTime:0.0010s ]
INFO: [ view_parse ] --START--
INFO: [ template_filter ] --START--
INFO: Run Behavior\ContentReplaceBehavior [ RunTime:0.000000s ]
INFO: [ template_filter ] --END-- [ RunTime:0.000000s ]
INFO: Run Behavior\ParseTemplateBehavior [ RunTime:0.035002s ]
INFO: [ view_parse ] --END-- [ RunTime:0.035002s ]
INFO: [ view_filter ] --START--
INFO: Run Behavior\WriteHtmlCacheBehavior [ RunTime:0.003000s ]
INFO: [ view_filter ] --END-- [ RunTime:0.003000s ]
INFO: [ app_end ] --START--
INFO: Run Behavior\ShowPageTraceBehavior [ RunTime:0.004001s ]
INFO: [ app_end ] --END-- [ RunTime:0.004001s ]

[ 2015-01-17T17:05:51+08:00 ] 127.0.0.1 /index.php?s=/Home/Borrow/index.html
INFO: [ app_init ] --START--
INFO: Run Behavior\BuildLiteBehavior [ RunTime:0.000000s ]
INFO: Run Common\Behavior\InitHookBehavior [ RunTime:0.013001s ]
INFO: [ app_init ] --END-- [ RunTime:0.013001s ]
INFO: [ app_begin ] --START--
INFO: Run Behavior\ReadHtmlCacheBehavior [ RunTime:0.003000s ]
INFO: [ app_begin ] --END-- [ RunTime:0.003000s ]
SQL: SHOW COLUMNS FROM `gica_config` [ RunTime:0.0040s ]
SQL: SELECT `type`,`name`,`value` FROM `gica_config` WHERE `status` = 1  [ RunTime:0.0010s ]
INFO: [ view_parse ] --START--
INFO: [ template_filter ] --START--
INFO: Run Behavior\ContentReplaceBehavior [ RunTime:0.000000s ]
INFO: [ template_filter ] --END-- [ RunTime:0.000000s ]
INFO: Run Behavior\ParseTemplateBehavior [ RunTime:0.038002s ]
INFO: [ view_parse ] --END-- [ RunTime:0.038002s ]
INFO: [ view_filter ] --START--
INFO: Run Behavior\WriteHtmlCacheBehavior [ RunTime:0.003000s ]
INFO: [ view_filter ] --END-- [ RunTime:0.003000s ]
INFO: [ app_end ] --START--
INFO: Run Behavior\ShowPageTraceBehavior [ RunTime:0.002000s ]
INFO: [ app_end ] --END-- [ RunTime:0.002000s ]

[ 2015-01-17T17:26:43+08:00 ] 127.0.0.1 /index.php?s=/Home/Index/index.html
INFO: [ app_init ] --START--
INFO: Run Behavior\BuildLiteBehavior [ RunTime:0.000000s ]
INFO: Run Common\Behavior\InitHookBehavior [ RunTime:0.012001s ]
INFO: [ app_init ] --END-- [ RunTime:0.012001s ]
INFO: [ app_begin ] --START--
INFO: Run Behavior\ReadHtmlCacheBehavior [ RunTime:0.004000s ]
INFO: [ app_begin ] --END-- [ RunTime:0.004000s ]
SQL: SHOW COLUMNS FROM `gica_config` [ RunTime:0.0060s ]
SQL: SELECT `type`,`name`,`value` FROM `gica_config` WHERE `status` = 1  [ RunTime:0.0010s ]
SQL: SHOW COLUMNS FROM `gica_category` [ RunTime:0.0090s ]
SQL: SELECT `id`,`name`,`title`,`pid`,`sort`,`list_row`,`meta_title`,`keywords`,`description`,`template_index`,`template_lists`,`template_detail`,`template_edit`,`model`,`model_sub`,`type`,`link_id`,`allow_publish`,`display`,`reply`,`check`,`reply_model`,`extend`,`create_time`,`update_time`,`status`,`icon`,`groups` FROM `gica_category` WHERE `status` = 1 ORDER BY sort  [ RunTime:0.0010s ]
SQL: SHOW COLUMNS FROM `gica_document` [ RunTime:0.0050s ]
SQL: SELECT * FROM `gica_document` WHERE `category_id` = 2 LIMIT 6   [ RunTime:0.0000s ]
SQL: SELECT `id`,`uid`,`name`,`title`,`category_id`,`group_id`,`description`,`root`,`pid`,`model_id`,`type`,`position`,`link_id`,`cover_id`,`display`,`deadline`,`attach`,`view`,`comment`,`extend`,`level`,`create_time`,`update_time`,`status` FROM `gica_document` WHERE `category_id` = 40 AND `status` = 1 AND `pid` = 0 AND `create_time` < 1421486803 AND ( deadline = 0 OR deadline > 1421486803 ) ORDER BY `id` DESC  [ RunTime:0.0010s ]
SQL: SELECT * FROM `gica_document` WHERE `category_id` = 43 LIMIT 6   [ RunTime:0.0000s ]
SQL: SHOW COLUMNS FROM `gica_z_borrow_investor` [ RunTime:0.0050s ]
SQL: SELECT `investor_uid`,sum(investor_capital)investor_capital FROM `gica_z_borrow_investor` GROUP BY investor_uid ORDER BY investor_capital desc  [ RunTime:0.0000s ]
SQL: SHOW COLUMNS FROM `gica_z_borrow_info` [ RunTime:0.0140s ]
SQL: SELECT COUNT(*) AS tp_count FROM `gica_z_borrow_info` WHERE ( borrow_status not in (1,5,3) ) LIMIT 1   [ RunTime:0.0000s ]
SQL: SELECT * FROM `gica_z_borrow_info` WHERE ( borrow_status not in (1,5,3) ) ORDER BY `borrow_status` ASC LIMIT 0,8   [ RunTime:0.0010s ]
INFO: [ view_parse ] --START--
INFO: [ template_filter ] --START--
INFO: Run Behavior\ContentReplaceBehavior [ RunTime:0.000000s ]
INFO: [ template_filter ] --END-- [ RunTime:0.000000s ]
INFO: Run Behavior\ParseTemplateBehavior [ RunTime:0.047003s ]
INFO: [ view_parse ] --END-- [ RunTime:0.047003s ]
INFO: [ view_filter ] --START--
INFO: Run Behavior\WriteHtmlCacheBehavior [ RunTime:0.004000s ]
INFO: [ view_filter ] --END-- [ RunTime:0.004000s ]
INFO: [ app_end ] --START--
INFO: Run Behavior\ShowPageTraceBehavior [ RunTime:0.004000s ]
INFO: [ app_end ] --END-- [ RunTime:0.004000s ]

[ 2015-01-17T17:26:49+08:00 ] 127.0.0.1 /index.php?s=/Home/borrow/detail/id/21.html
INFO: [ app_init ] --START--
INFO: Run Behavior\BuildLiteBehavior [ RunTime:0.000000s ]
INFO: Run Common\Behavior\InitHookBehavior [ RunTime:0.012001s ]
INFO: [ app_init ] --END-- [ RunTime:0.012001s ]
INFO: [ app_begin ] --START--
INFO: Run Behavior\ReadHtmlCacheBehavior [ RunTime:0.003000s ]
INFO: [ app_begin ] --END-- [ RunTime:0.003000s ]
SQL: SHOW COLUMNS FROM `gica_config` [ RunTime:0.0060s ]
SQL: SELECT `type`,`name`,`value` FROM `gica_config` WHERE `status` = 1  [ RunTime:0.0010s ]
SQL: SHOW COLUMNS FROM `gica_z_borrow_info` [ RunTime:0.0050s ]
SQL: SELECT * FROM `gica_z_borrow_info` WHERE `id` = 21  [ RunTime:0.0000s ]
SQL: SHOW COLUMNS FROM `gica_z_borrow_investor` [ RunTime:0.0040s ]
SQL: SELECT `investor_uid`,`borrow_uid`,`borrow_id`,sum(investor_capital)investor_capital,`deadline`,`add_time`,`invest_fee` FROM `gica_z_borrow_investor` WHERE `borrow_id` = 41 GROUP BY investor_uid ORDER BY id asc  [ RunTime:0.0350s ]
INFO: [ view_parse ] --START--
INFO: [ template_filter ] --START--
INFO: Run Behavior\ContentReplaceBehavior [ RunTime:0.000000s ]
INFO: [ template_filter ] --END-- [ RunTime:0.000000s ]
NOTIC: [8] Undefined variable: vb D:\UPGICA\upupw\vhosts\tp\Runtime\Cache\Home\0a5e924de39160296f076465f07e9d0e.php 第 200 行.
SQL: SHOW COLUMNS FROM `gica_member` [ RunTime:0.0060s ]
SQL: SELECT `nickname` FROM `gica_member` LIMIT 1   [ RunTime:0.0020s ]
NOTIC: [8] Undefined variable: vb D:\UPGICA\upupw\vhosts\tp\Runtime\Cache\Home\0a5e924de39160296f076465f07e9d0e.php 第 201 行.
NOTIC: [8] Undefined variable: vb D:\UPGICA\upupw\vhosts\tp\Runtime\Cache\Home\0a5e924de39160296f076465f07e9d0e.php 第 202 行.
NOTIC: [8] Use of undefined constant borrow_interest_rate - assumed 'borrow_interest_rate' D:\UPGICA\upupw\vhosts\tp\Runtime\Cache\Home\0a5e924de39160296f076465f07e9d0e.php 第 220 行.
SQL: SELECT `nickname` FROM `gica_member` WHERE `uid` = 35 LIMIT 1   [ RunTime:0.0010s ]
SQL: SELECT `nickname` FROM `gica_member` WHERE `uid` = 1 LIMIT 1   [ RunTime:0.0000s ]
SQL: SELECT `nickname` FROM `gica_member` WHERE `uid` = 20 LIMIT 1   [ RunTime:0.0000s ]
INFO: Run Behavior\ParseTemplateBehavior [ RunTime:0.071004s ]
INFO: [ view_parse ] --END-- [ RunTime:0.071004s ]
INFO: [ view_filter ] --START--
INFO: Run Behavior\WriteHtmlCacheBehavior [ RunTime:0.004000s ]
INFO: [ view_filter ] --END-- [ RunTime:0.004000s ]
INFO: [ app_end ] --START--
INFO: Run Behavior\ShowPageTraceBehavior [ RunTime:0.004000s ]
INFO: [ app_end ] --END-- [ RunTime:0.004000s ]

[ 2015-01-17T17:28:11+08:00 ] 127.0.0.1 /index.php?s=/Home/borrow/detail/id/16.html
INFO: [ app_init ] --START--
INFO: Run Behavior\BuildLiteBehavior [ RunTime:0.000000s ]
INFO: Run Common\Behavior\InitHookBehavior [ RunTime:0.012001s ]
INFO: [ app_init ] --END-- [ RunTime:0.012001s ]
INFO: [ app_begin ] --START--
INFO: Run Behavior\ReadHtmlCacheBehavior [ RunTime:0.004000s ]
INFO: [ app_begin ] --END-- [ RunTime:0.004000s ]
SQL: SHOW COLUMNS FROM `gica_config` [ RunTime:0.0060s ]
SQL: SELECT `type`,`name`,`value` FROM `gica_config` WHERE `status` = 1  [ RunTime:0.0010s ]
SQL: SHOW COLUMNS FROM `gica_z_borrow_info` [ RunTime:0.0060s ]
SQL: SELECT * FROM `gica_z_borrow_info` WHERE `id` = 16  [ RunTime:0.0010s ]
SQL: SHOW COLUMNS FROM `gica_z_borrow_investor` [ RunTime:0.0040s ]
SQL: SELECT `investor_uid`,`borrow_uid`,`borrow_id`,sum(investor_capital)investor_capital,`deadline`,`add_time`,`invest_fee` FROM `gica_z_borrow_investor` WHERE `borrow_id` = 41 GROUP BY investor_uid ORDER BY id asc  [ RunTime:0.0010s ]
INFO: [ view_parse ] --START--
INFO: [ template_filter ] --START--
INFO: Run Behavior\ContentReplaceBehavior [ RunTime:0.000000s ]
INFO: [ template_filter ] --END-- [ RunTime:0.000000s ]
NOTIC: [8] Undefined variable: vb D:\UPGICA\upupw\vhosts\tp\Runtime\Cache\Home\0a5e924de39160296f076465f07e9d0e.php 第 200 行.
SQL: SHOW COLUMNS FROM `gica_member` [ RunTime:0.0050s ]
SQL: SELECT `nickname` FROM `gica_member` LIMIT 1   [ RunTime:0.0010s ]
NOTIC: [8] Undefined variable: vb D:\UPGICA\upupw\vhosts\tp\Runtime\Cache\Home\0a5e924de39160296f076465f07e9d0e.php 第 201 行.
NOTIC: [8] Undefined variable: vb D:\UPGICA\upupw\vhosts\tp\Runtime\Cache\Home\0a5e924de39160296f076465f07e9d0e.php 第 202 行.
NOTIC: [8] Use of undefined constant borrow_interest_rate - assumed 'borrow_interest_rate' D:\UPGICA\upupw\vhosts\tp\Runtime\Cache\Home\0a5e924de39160296f076465f07e9d0e.php 第 220 行.
SQL: SELECT `nickname` FROM `gica_member` WHERE `uid` = 14 LIMIT 1   [ RunTime:0.0020s ]
SQL: SELECT `nickname` FROM `gica_member` WHERE `uid` = 1 LIMIT 1   [ RunTime:0.0010s ]
SQL: SELECT `nickname` FROM `gica_member` WHERE `uid` = 20 LIMIT 1   [ RunTime:0.0000s ]
INFO: Run Behavior\ParseTemplateBehavior [ RunTime:0.054003s ]
INFO: [ view_parse ] --END-- [ RunTime:0.054003s ]
INFO: [ view_filter ] --START--
INFO: Run Behavior\WriteHtmlCacheBehavior [ RunTime:0.003000s ]
INFO: [ view_filter ] --END-- [ RunTime:0.003000s ]
INFO: [ app_end ] --START--
INFO: Run Behavior\ShowPageTraceBehavior [ RunTime:0.003000s ]
INFO: [ app_end ] --END-- [ RunTime:0.003000s ]

[ 2015-01-17T17:34:49+08:00 ] 127.0.0.1 /index.php?s=/Home/Borrow/index.html
INFO: [ app_init ] --START--
INFO: Run Behavior\BuildLiteBehavior [ RunTime:0.000000s ]
INFO: Run Common\Behavior\InitHookBehavior [ RunTime:0.020001s ]
INFO: [ app_init ] --END-- [ RunTime:0.021001s ]
INFO: [ app_begin ] --START--
INFO: Run Behavior\ReadHtmlCacheBehavior [ RunTime:0.005000s ]
INFO: [ app_begin ] --END-- [ RunTime:0.005000s ]
SQL: SHOW COLUMNS FROM `gica_config` [ RunTime:0.0050s ]
SQL: SELECT `type`,`name`,`value` FROM `gica_config` WHERE `status` = 1  [ RunTime:0.0000s ]
INFO: [ view_parse ] --START--
INFO: [ template_filter ] --START--
INFO: Run Behavior\ContentReplaceBehavior [ RunTime:0.000000s ]
INFO: [ template_filter ] --END-- [ RunTime:0.000000s ]
INFO: Run Behavior\ParseTemplateBehavior [ RunTime:0.038002s ]
INFO: [ view_parse ] --END-- [ RunTime:0.038002s ]
INFO: [ view_filter ] --START--
INFO: Run Behavior\WriteHtmlCacheBehavior [ RunTime:0.006000s ]
INFO: [ view_filter ] --END-- [ RunTime:0.006000s ]
INFO: [ app_end ] --START--
INFO: Run Behavior\ShowPageTraceBehavior [ RunTime:0.004000s ]
INFO: [ app_end ] --END-- [ RunTime:0.004000s ]

[ 2015-01-17T17:34:52+08:00 ] 127.0.0.1 /index.php?s=/Home/Borrow/circulation/type/1.html
INFO: [ app_init ] --START--
INFO: Run Behavior\BuildLiteBehavior [ RunTime:0.000000s ]
INFO: Run Common\Behavior\InitHookBehavior [ RunTime:0.011000s ]
INFO: [ app_init ] --END-- [ RunTime:0.011000s ]
INFO: [ app_begin ] --START--
INFO: Run Behavior\ReadHtmlCacheBehavior [ RunTime:0.003000s ]
INFO: [ app_begin ] --END-- [ RunTime:0.003000s ]
SQL: SHOW COLUMNS FROM `gica_config` [ RunTime:0.0060s ]
SQL: SELECT `type`,`name`,`value` FROM `gica_config` WHERE `status` = 1  [ RunTime:0.0000s ]
SQL: SHOW COLUMNS FROM `gica_z_members_status` [ RunTime:0.0050s ]
SQL: SELECT * FROM `gica_z_members_status` WHERE ( uid=1 )  [ RunTime:0.0000s ]

[ 2015-01-17T17:34:52+08:00 ] 127.0.0.1 /index.php?s=/Home/Borrow/borrowinfo/type/1.html
INFO: [ app_init ] --START--
INFO: Run Behavior\BuildLiteBehavior [ RunTime:0.000000s ]
INFO: Run Common\Behavior\InitHookBehavior [ RunTime:0.014001s ]
INFO: [ app_init ] --END-- [ RunTime:0.014001s ]
INFO: [ app_begin ] --START--
INFO: Run Behavior\ReadHtmlCacheBehavior [ RunTime:0.004001s ]
INFO: [ app_begin ] --END-- [ RunTime:0.004001s ]
SQL: SHOW COLUMNS FROM `gica_config` [ RunTime:0.0060s ]
SQL: SELECT `type`,`name`,`value` FROM `gica_config` WHERE `status` = 1  [ RunTime:0.0010s ]
INFO: [ view_parse ] --START--
INFO: [ template_filter ] --START--
INFO: Run Behavior\ContentReplaceBehavior [ RunTime:0.000000s ]
INFO: [ template_filter ] --END-- [ RunTime:0.000000s ]
NOTIC: [8] Undefined variable: id D:\UPGICA\upupw\vhosts\tp\Runtime\Cache\Home\6a8206979cb2104b0260f8d0d12efbd5.php 第 208 行.
INFO: Run Behavior\ParseTemplateBehavior [ RunTime:0.107006s ]
INFO: [ view_parse ] --END-- [ RunTime:0.107006s ]
INFO: [ view_filter ] --START--
INFO: Run Behavior\WriteHtmlCacheBehavior [ RunTime:0.003000s ]
INFO: [ view_filter ] --END-- [ RunTime:0.003000s ]
INFO: [ app_end ] --START--
INFO: Run Behavior\ShowPageTraceBehavior [ RunTime:0.003000s ]
INFO: [ app_end ] --END-- [ RunTime:0.003000s ]

[ 2015-01-17T17:35:38+08:00 ] 127.0.0.1 /index.php?s=/Home/Borrow/borrowinfo/type/1.html
INFO: [ app_init ] --START--
INFO: Run Behavior\BuildLiteBehavior [ RunTime:0.000000s ]
INFO: Run Common\Behavior\InitHookBehavior [ RunTime:0.011001s ]
INFO: [ app_init ] --END-- [ RunTime:0.011001s ]
INFO: [ app_begin ] --START--
INFO: Run Behavior\ReadHtmlCacheBehavior [ RunTime:0.003000s ]
INFO: [ app_begin ] --END-- [ RunTime:0.003000s ]
SQL: SHOW COLUMNS FROM `gica_config` [ RunTime:0.0130s ]
SQL: SELECT `type`,`name`,`value` FROM `gica_config` WHERE `status` = 1  [ RunTime:0.0010s ]
INFO: [ view_parse ] --START--
INFO: [ template_filter ] --START--
INFO: Run Behavior\ContentReplaceBehavior [ RunTime:0.000000s ]
INFO: [ template_filter ] --END-- [ RunTime:0.000000s ]
NOTIC: [8] Undefined variable: id D:\UPGICA\upupw\vhosts\tp\Runtime\Cache\Home\6a8206979cb2104b0260f8d0d12efbd5.php 第 208 行.
INFO: Run Behavior\ParseTemplateBehavior [ RunTime:0.040002s ]
INFO: [ view_parse ] --END-- [ RunTime:0.040002s ]
INFO: [ view_filter ] --START--
INFO: Run Behavior\WriteHtmlCacheBehavior [ RunTime:0.002000s ]
INFO: [ view_filter ] --END-- [ RunTime:0.002000s ]
INFO: [ app_end ] --START--
INFO: Run Behavior\ShowPageTraceBehavior [ RunTime:0.004001s ]
INFO: [ app_end ] --END-- [ RunTime:0.004001s ]

[ 2015-01-17T17:35:45+08:00 ] 127.0.0.1 /index.php?s=/Home/Borrow/papersinfo.html
INFO: [ app_init ] --START--
INFO: Run Behavior\BuildLiteBehavior [ RunTime:0.000000s ]
INFO: Run Common\Behavior\InitHookBehavior [ RunTime:0.011000s ]
INFO: [ app_init ] --END-- [ RunTime:0.011000s ]
INFO: [ app_begin ] --START--
INFO: Run Behavior\ReadHtmlCacheBehavior [ RunTime:0.003000s ]
INFO: [ app_begin ] --END-- [ RunTime:0.003000s ]
SQL: SHOW COLUMNS FROM `gica_config` [ RunTime:0.0070s ]
SQL: SELECT `type`,`name`,`value` FROM `gica_config` WHERE `status` = 1  [ RunTime:0.0000s ]
SQL: SHOW COLUMNS FROM `gica_z_member_data_info` [ RunTime:0.0050s ]
SQL: SELECT * FROM `gica_z_member_data_info` WHERE `uid` = 1 AND `type` = 2  [ RunTime:0.0010s ]
INFO: [ view_parse ] --START--
INFO: [ template_filter ] --START--
INFO: Run Behavior\ContentReplaceBehavior [ RunTime:0.000000s ]
INFO: [ template_filter ] --END-- [ RunTime:0.000000s ]
INFO: Run Behavior\ParseTemplateBehavior [ RunTime:0.038002s ]
INFO: [ view_parse ] --END-- [ RunTime:0.038002s ]
INFO: [ view_filter ] --START--
INFO: Run Behavior\WriteHtmlCacheBehavior [ RunTime:0.004000s ]
INFO: [ view_filter ] --END-- [ RunTime:0.004000s ]
INFO: [ app_end ] --START--
INFO: Run Behavior\ShowPageTraceBehavior [ RunTime:0.004000s ]
INFO: [ app_end ] --END-- [ RunTime:0.004000s ]

[ 2015-01-17T17:36:24+08:00 ] 127.0.0.1 /index.php?s=/Home/Borrow/papersinfo.html
INFO: [ app_init ] --START--
INFO: Run Behavior\BuildLiteBehavior [ RunTime:0.000000s ]
INFO: Run Common\Behavior\InitHookBehavior [ RunTime:0.013000s ]
INFO: [ app_init ] --END-- [ RunTime:0.013000s ]
INFO: [ app_begin ] --START--
INFO: Run Behavior\ReadHtmlCacheBehavior [ RunTime:0.006000s ]
INFO: [ app_begin ] --END-- [ RunTime:0.006000s ]
SQL: SHOW COLUMNS FROM `gica_config` [ RunTime:0.0060s ]
SQL: SELECT `type`,`name`,`value` FROM `gica_config` WHERE `status` = 1  [ RunTime:0.0010s ]
SQL: SHOW COLUMNS FROM `gica_z_member_data_info` [ RunTime:0.0050s ]
SQL: SELECT * FROM `gica_z_member_data_info` WHERE `uid` = 1 AND `type` = 2  [ RunTime:0.0020s ]
INFO: [ view_parse ] --START--
INFO: [ template_filter ] --START--
INFO: Run Behavior\ContentReplaceBehavior [ RunTime:0.000000s ]
INFO: [ template_filter ] --END-- [ RunTime:0.000000s ]
INFO: Run Behavior\ParseTemplateBehavior [ RunTime:0.038003s ]
INFO: [ view_parse ] --END-- [ RunTime:0.039003s ]
INFO: [ view_filter ] --START--
INFO: Run Behavior\WriteHtmlCacheBehavior [ RunTime:0.002000s ]
INFO: [ view_filter ] --END-- [ RunTime:0.002000s ]
INFO: [ app_end ] --START--
INFO: Run Behavior\ShowPageTraceBehavior [ RunTime:0.004000s ]
INFO: [ app_end ] --END-- [ RunTime:0.004000s ]

[ 2015-01-17T17:36:28+08:00 ] 127.0.0.1 /index.php?s=/Home/Borrow/userinfo.html
INFO: [ app_init ] --START--
INFO: Run Behavior\BuildLiteBehavior [ RunTime:0.000000s ]
INFO: Run Common\Behavior\InitHookBehavior [ RunTime:0.012000s ]
INFO: [ app_init ] --END-- [ RunTime:0.012000s ]
INFO: [ app_begin ] --START--
INFO: Run Behavior\ReadHtmlCacheBehavior [ RunTime:0.003000s ]
INFO: [ app_begin ] --END-- [ RunTime:0.003000s ]
SQL: SHOW COLUMNS FROM `gica_config` [ RunTime:0.0090s ]
SQL: SELECT `type`,`name`,`value` FROM `gica_config` WHERE `status` = 1  [ RunTime:0.0010s ]
NOTIC: [8] Undefined index: type D:\UPGICA\upupw\vhosts\tp\Application\Home\Controller\BorrowController.class.php 第 57 行.
SQL: SHOW COLUMNS FROM `gica_z_member_info` [ RunTime:0.0050s ]
SQL: SELECT * FROM `gica_z_member_info` WHERE `uid` = 1  [ RunTime:0.0060s ]
INFO: [ view_parse ] --START--
INFO: [ template_filter ] --START--
INFO: Run Behavior\ContentReplaceBehavior [ RunTime:0.000000s ]
INFO: [ template_filter ] --END-- [ RunTime:0.000000s ]
NOTIC: [8] Undefined variable: vb D:\UPGICA\upupw\vhosts\tp\Runtime\Cache\Home\27ffc416335f4c3a0a3157d16b1a729d.php 第 210 行.
INFO: Run Behavior\ParseTemplateBehavior [ RunTime:0.044003s ]
INFO: [ view_parse ] --END-- [ RunTime:0.044003s ]
INFO: [ view_filter ] --START--
INFO: Run Behavior\WriteHtmlCacheBehavior [ RunTime:0.003000s ]
INFO: [ view_filter ] --END-- [ RunTime:0.003000s ]
INFO: [ app_end ] --START--
INFO: Run Behavior\ShowPageTraceBehavior [ RunTime:0.006000s ]
INFO: [ app_end ] --END-- [ RunTime:0.006000s ]

[ 2015-01-17T17:36:41+08:00 ] 127.0.0.1 /index.php?s=/Home/Borrow/borrowinfo.html
INFO: [ app_init ] --START--
INFO: Run Behavior\BuildLiteBehavior [ RunTime:0.000000s ]
INFO: Run Common\Behavior\InitHookBehavior [ RunTime:0.013001s ]
INFO: [ app_init ] --END-- [ RunTime:0.013001s ]
INFO: [ app_begin ] --START--
INFO: Run Behavior\ReadHtmlCacheBehavior [ RunTime:0.004000s ]
INFO: [ app_begin ] --END-- [ RunTime:0.005000s ]
SQL: SHOW COLUMNS FROM `gica_config` [ RunTime:0.0060s ]
SQL: SELECT `type`,`name`,`value` FROM `gica_config` WHERE `status` = 1  [ RunTime:0.0010s ]
NOTIC: [8] Undefined index: type D:\UPGICA\upupw\vhosts\tp\Application\Home\Controller\BorrowController.class.php 第 50 行.
INFO: [ view_parse ] --START--
INFO: [ template_filter ] --START--
INFO: Run Behavior\ContentReplaceBehavior [ RunTime:0.000000s ]
INFO: [ template_filter ] --END-- [ RunTime:0.000000s ]
NOTIC: [8] Undefined variable: id D:\UPGICA\upupw\vhosts\tp\Runtime\Cache\Home\6a8206979cb2104b0260f8d0d12efbd5.php 第 208 行.
INFO: Run Behavior\ParseTemplateBehavior [ RunTime:0.035002s ]
INFO: [ view_parse ] --END-- [ RunTime:0.035002s ]
INFO: [ view_filter ] --START--
INFO: Run Behavior\WriteHtmlCacheBehavior [ RunTime:0.003000s ]
INFO: [ view_filter ] --END-- [ RunTime:0.003000s ]
INFO: [ app_end ] --START--
INFO: Run Behavior\ShowPageTraceBehavior [ RunTime:0.003001s ]
INFO: [ app_end ] --END-- [ RunTime:0.003001s ]

[ 2015-01-17T17:39:40+08:00 ] 127.0.0.1 /index.php?s=/Home/Borrow/circulation_save.html
INFO: [ app_init ] --START--
INFO: Run Behavior\BuildLiteBehavior [ RunTime:0.000000s ]
INFO: Run Common\Behavior\InitHookBehavior [ RunTime:0.012001s ]
INFO: [ app_init ] --END-- [ RunTime:0.012001s ]
INFO: [ app_begin ] --START--
INFO: Run Behavior\ReadHtmlCacheBehavior [ RunTime:0.003001s ]
INFO: [ app_begin ] --END-- [ RunTime:0.003001s ]
SQL: SHOW COLUMNS FROM `gica_config` [ RunTime:0.0050s ]
SQL: SELECT `type`,`name`,`value` FROM `gica_config` WHERE `status` = 1  [ RunTime:0.0010s ]
SQL: SHOW COLUMNS FROM `gica_z_borrow_info` [ RunTime:0.0110s ]
NOTIC: [8] Undefined index: depict D:\UPGICA\upupw\vhosts\tp\Application\Home\Controller\BorrowController.class.php 第 224 行.
INFO: [ view_parse ] --START--
INFO: [ template_filter ] --START--
INFO: Run Behavior\ContentReplaceBehavior [ RunTime:0.000000s ]
INFO: [ template_filter ] --END-- [ RunTime:0.000000s ]
NOTIC: [8] Undefined variable: message D:\UPGICA\upupw\vhosts\tp\Runtime\Cache\Home\2d24e418072d1bdaa4cd45d1aef6e660.php 第 214 行.
INFO: Run Behavior\ParseTemplateBehavior [ RunTime:0.035002s ]
INFO: [ view_parse ] --END-- [ RunTime:0.035002s ]
INFO: [ view_filter ] --START--
INFO: Run Behavior\WriteHtmlCacheBehavior [ RunTime:0.003000s ]
INFO: [ view_filter ] --END-- [ RunTime:0.003000s ]

[ 2015-01-17T17:41:13+08:00 ] 127.0.0.1 /index.php?s=/Home/Index/index.html
INFO: [ app_init ] --START--
INFO: Run Behavior\BuildLiteBehavior [ RunTime:0.000000s ]
INFO: Run Common\Behavior\InitHookBehavior [ RunTime:0.016001s ]
INFO: [ app_init ] --END-- [ RunTime:0.016001s ]
INFO: [ app_begin ] --START--
INFO: Run Behavior\ReadHtmlCacheBehavior [ RunTime:0.003000s ]
INFO: [ app_begin ] --END-- [ RunTime:0.003000s ]
SQL: SHOW COLUMNS FROM `gica_config` [ RunTime:0.0040s ]
SQL: SELECT `type`,`name`,`value` FROM `gica_config` WHERE `status` = 1  [ RunTime:0.0010s ]
SQL: SHOW COLUMNS FROM `gica_category` [ RunTime:0.0060s ]
SQL: SELECT `id`,`name`,`title`,`pid`,`sort`,`list_row`,`meta_title`,`keywords`,`description`,`template_index`,`template_lists`,`template_detail`,`template_edit`,`model`,`model_sub`,`type`,`link_id`,`allow_publish`,`display`,`reply`,`check`,`reply_model`,`extend`,`create_time`,`update_time`,`status`,`icon`,`groups` FROM `gica_category` WHERE `status` = 1 ORDER BY sort  [ RunTime:0.0010s ]
SQL: SHOW COLUMNS FROM `gica_document` [ RunTime:0.0050s ]
SQL: SELECT * FROM `gica_document` WHERE `category_id` = 2 LIMIT 6   [ RunTime:0.0010s ]
SQL: SELECT `id`,`uid`,`name`,`title`,`category_id`,`group_id`,`description`,`root`,`pid`,`model_id`,`type`,`position`,`link_id`,`cover_id`,`display`,`deadline`,`attach`,`view`,`comment`,`extend`,`level`,`create_time`,`update_time`,`status` FROM `gica_document` WHERE `category_id` = 40 AND `status` = 1 AND `pid` = 0 AND `create_time` < 1421487673 AND ( deadline = 0 OR deadline > 1421487673 ) ORDER BY `id` DESC  [ RunTime:0.0010s ]
SQL: SELECT * FROM `gica_document` WHERE `category_id` = 43 LIMIT 6   [ RunTime:0.0010s ]
SQL: SHOW COLUMNS FROM `gica_z_borrow_investor` [ RunTime:0.0050s ]
SQL: SELECT `investor_uid`,sum(investor_capital)investor_capital FROM `gica_z_borrow_investor` GROUP BY investor_uid ORDER BY investor_capital desc  [ RunTime:0.0000s ]
SQL: SHOW COLUMNS FROM `gica_z_borrow_info` [ RunTime:0.0060s ]
SQL: SELECT COUNT(*) AS tp_count FROM `gica_z_borrow_info` WHERE ( borrow_status not in (1,5,3) ) LIMIT 1   [ RunTime:0.0000s ]
SQL: SELECT * FROM `gica_z_borrow_info` WHERE ( borrow_status not in (1,5,3) ) ORDER BY `borrow_status` ASC LIMIT 0,8   [ RunTime:0.0010s ]
INFO: [ view_parse ] --START--
INFO: [ template_filter ] --START--
INFO: Run Behavior\ContentReplaceBehavior [ RunTime:0.000000s ]
INFO: [ template_filter ] --END-- [ RunTime:0.000000s ]
INFO: Run Behavior\ParseTemplateBehavior [ RunTime:0.044002s ]
INFO: [ view_parse ] --END-- [ RunTime:0.044002s ]
INFO: [ view_filter ] --START--
INFO: Run Behavior\WriteHtmlCacheBehavior [ RunTime:0.003001s ]
INFO: [ view_filter ] --END-- [ RunTime:0.004001s ]
INFO: [ app_end ] --START--
INFO: Run Behavior\ShowPageTraceBehavior [ RunTime:0.003000s ]
INFO: [ app_end ] --END-- [ RunTime:0.003000s ]

[ 2015-01-17T17:41:16+08:00 ] 127.0.0.1 /index.php?s=/Home/Index/index.html
INFO: [ app_init ] --START--
INFO: Run Behavior\BuildLiteBehavior [ RunTime:0.000000s ]
INFO: Run Common\Behavior\InitHookBehavior [ RunTime:0.018001s ]
INFO: [ app_init ] --END-- [ RunTime:0.018001s ]
INFO: [ app_begin ] --START--
INFO: Run Behavior\ReadHtmlCacheBehavior [ RunTime:0.003000s ]
INFO: [ app_begin ] --END-- [ RunTime:0.004001s ]
SQL: SHOW COLUMNS FROM `gica_config` [ RunTime:0.0040s ]
SQL: SELECT `type`,`name`,`value` FROM `gica_config` WHERE `status` = 1  [ RunTime:0.0000s ]
SQL: SHOW COLUMNS FROM `gica_category` [ RunTime:0.0050s ]
SQL: SELECT `id`,`name`,`title`,`pid`,`sort`,`list_row`,`meta_title`,`keywords`,`description`,`template_index`,`template_lists`,`template_detail`,`template_edit`,`model`,`model_sub`,`type`,`link_id`,`allow_publish`,`display`,`reply`,`check`,`reply_model`,`extend`,`create_time`,`update_time`,`status`,`icon`,`groups` FROM `gica_category` WHERE `status` = 1 ORDER BY sort  [ RunTime:0.0000s ]
SQL: SHOW COLUMNS FROM `gica_document` [ RunTime:0.0060s ]
SQL: SELECT * FROM `gica_document` WHERE `category_id` = 2 LIMIT 6   [ RunTime:0.0010s ]
SQL: SELECT `id`,`uid`,`name`,`title`,`category_id`,`group_id`,`description`,`root`,`pid`,`model_id`,`type`,`position`,`link_id`,`cover_id`,`display`,`deadline`,`attach`,`view`,`comment`,`extend`,`level`,`create_time`,`update_time`,`status` FROM `gica_document` WHERE `category_id` = 40 AND `status` = 1 AND `pid` = 0 AND `create_time` < 1421487676 AND ( deadline = 0 OR deadline > 1421487676 ) ORDER BY `id` DESC  [ RunTime:0.0000s ]
SQL: SELECT * FROM `gica_document` WHERE `category_id` = 43 LIMIT 6   [ RunTime:0.0010s ]
SQL: SHOW COLUMNS FROM `gica_z_borrow_investor` [ RunTime:0.0040s ]
SQL: SELECT `investor_uid`,sum(investor_capital)investor_capital FROM `gica_z_borrow_investor` GROUP BY investor_uid ORDER BY investor_capital desc  [ RunTime:0.0010s ]
SQL: SHOW COLUMNS FROM `gica_z_borrow_info` [ RunTime:0.0050s ]
SQL: SELECT COUNT(*) AS tp_count FROM `gica_z_borrow_info` WHERE ( borrow_status not in (1,5,3) ) LIMIT 1   [ RunTime:0.0000s ]
SQL: SELECT * FROM `gica_z_borrow_info` WHERE ( borrow_status not in (1,5,3) ) ORDER BY `borrow_status` ASC LIMIT 0,8   [ RunTime:0.0010s ]
INFO: [ view_parse ] --START--
INFO: [ template_filter ] --START--
INFO: Run Behavior\ContentReplaceBehavior [ RunTime:0.000000s ]
INFO: [ template_filter ] --END-- [ RunTime:0.000000s ]
INFO: Run Behavior\ParseTemplateBehavior [ RunTime:0.047003s ]
INFO: [ view_parse ] --END-- [ RunTime:0.047003s ]
INFO: [ view_filter ] --START--
INFO: Run Behavior\WriteHtmlCacheBehavior [ RunTime:0.003000s ]
INFO: [ view_filter ] --END-- [ RunTime:0.003000s ]
INFO: [ app_end ] --START--
INFO: Run Behavior\ShowPageTraceBehavior [ RunTime:0.003000s ]
INFO: [ app_end ] --END-- [ RunTime:0.003000s ]

[ 2015-01-17T17:41:44+08:00 ] 127.0.0.1 /
INFO: [ app_init ] --START--
INFO: Run Behavior\BuildLiteBehavior [ RunTime:0.000000s ]
INFO: Run Common\Behavior\InitHookBehavior [ RunTime:0.010001s ]
INFO: [ app_init ] --END-- [ RunTime:0.011001s ]
INFO: [ app_begin ] --START--
INFO: Run Behavior\ReadHtmlCacheBehavior [ RunTime:0.002000s ]
INFO: [ app_begin ] --END-- [ RunTime:0.002000s ]
SQL: SHOW COLUMNS FROM `gica_config` [ RunTime:0.0060s ]
SQL: SELECT `type`,`name`,`value` FROM `gica_config` WHERE `status` = 1  [ RunTime:0.0010s ]
SQL: SHOW COLUMNS FROM `gica_category` [ RunTime:0.0050s ]
SQL: SELECT `id`,`name`,`title`,`pid`,`sort`,`list_row`,`meta_title`,`keywords`,`description`,`template_index`,`template_lists`,`template_detail`,`template_edit`,`model`,`model_sub`,`type`,`link_id`,`allow_publish`,`display`,`reply`,`check`,`reply_model`,`extend`,`create_time`,`update_time`,`status`,`icon`,`groups` FROM `gica_category` WHERE `status` = 1 ORDER BY sort  [ RunTime:0.0010s ]
SQL: SHOW COLUMNS FROM `gica_document` [ RunTime:0.0050s ]
SQL: SELECT * FROM `gica_document` WHERE `category_id` = 2 LIMIT 6   [ RunTime:0.0010s ]
SQL: SELECT `id`,`uid`,`name`,`title`,`category_id`,`group_id`,`description`,`root`,`pid`,`model_id`,`type`,`position`,`link_id`,`cover_id`,`display`,`deadline`,`attach`,`view`,`comment`,`extend`,`level`,`create_time`,`update_time`,`status` FROM `gica_document` WHERE `category_id` = 40 AND `status` = 1 AND `pid` = 0 AND `create_time` < 1421487704 AND ( deadline = 0 OR deadline > 1421487704 ) ORDER BY `id` DESC  [ RunTime:0.0010s ]
SQL: SELECT * FROM `gica_document` WHERE `category_id` = 43 LIMIT 6   [ RunTime:0.0010s ]
SQL: SHOW COLUMNS FROM `gica_z_borrow_investor` [ RunTime:0.0070s ]
SQL: SELECT `investor_uid`,sum(investor_capital)investor_capital FROM `gica_z_borrow_investor` GROUP BY investor_uid ORDER BY investor_capital desc  [ RunTime:0.0010s ]
SQL: SHOW COLUMNS FROM `gica_z_borrow_info` [ RunTime:0.0070s ]
SQL: SELECT COUNT(*) AS tp_count FROM `gica_z_borrow_info` WHERE ( borrow_status not in (1,5,3) ) LIMIT 1   [ RunTime:0.0000s ]
SQL: SELECT * FROM `gica_z_borrow_info` WHERE ( borrow_status not in (1,5,3) ) ORDER BY `borrow_status` ASC LIMIT 0,8   [ RunTime:0.0010s ]
INFO: [ view_parse ] --START--
INFO: [ template_filter ] --START--
INFO: Run Behavior\ContentReplaceBehavior [ RunTime:0.000000s ]
INFO: [ template_filter ] --END-- [ RunTime:0.000000s ]
INFO: Run Behavior\ParseTemplateBehavior [ RunTime:0.043002s ]
INFO: [ view_parse ] --END-- [ RunTime:0.043002s ]
INFO: [ view_filter ] --START--
INFO: Run Behavior\WriteHtmlCacheBehavior [ RunTime:0.003001s ]
INFO: [ view_filter ] --END-- [ RunTime:0.003001s ]
INFO: [ app_end ] --START--
INFO: Run Behavior\ShowPageTraceBehavior [ RunTime:0.003000s ]
INFO: [ app_end ] --END-- [ RunTime:0.003000s ]

[ 2015-01-17T17:42:21+08:00 ] 127.0.0.1 /
INFO: [ app_init ] --START--
INFO: Run Behavior\BuildLiteBehavior [ RunTime:0.000000s ]
INFO: Run Common\Behavior\InitHookBehavior [ RunTime:0.014001s ]
INFO: [ app_init ] --END-- [ RunTime:0.014001s ]
INFO: [ app_begin ] --START--
INFO: Run Behavior\ReadHtmlCacheBehavior [ RunTime:0.004000s ]
INFO: [ app_begin ] --END-- [ RunTime:0.004000s ]
SQL: SHOW COLUMNS FROM `gica_config` [ RunTime:0.0070s ]
SQL: SELECT `type`,`name`,`value` FROM `gica_config` WHERE `status` = 1  [ RunTime:0.0010s ]
SQL: SHOW COLUMNS FROM `gica_category` [ RunTime:0.0050s ]
SQL: SELECT `id`,`name`,`title`,`pid`,`sort`,`list_row`,`meta_title`,`keywords`,`description`,`template_index`,`template_lists`,`template_detail`,`template_edit`,`model`,`model_sub`,`type`,`link_id`,`allow_publish`,`display`,`reply`,`check`,`reply_model`,`extend`,`create_time`,`update_time`,`status`,`icon`,`groups` FROM `gica_category` WHERE `status` = 1 ORDER BY sort  [ RunTime:0.0020s ]
SQL: SHOW COLUMNS FROM `gica_document` [ RunTime:0.0060s ]
SQL: SELECT * FROM `gica_document` WHERE `category_id` = 2 LIMIT 6   [ RunTime:0.0010s ]
SQL: SELECT `id`,`uid`,`name`,`title`,`category_id`,`group_id`,`description`,`root`,`pid`,`model_id`,`type`,`position`,`link_id`,`cover_id`,`display`,`deadline`,`attach`,`view`,`comment`,`extend`,`level`,`create_time`,`update_time`,`status` FROM `gica_document` WHERE `category_id` = 40 AND `status` = 1 AND `pid` = 0 AND `create_time` < 1421487741 AND ( deadline = 0 OR deadline > 1421487741 ) ORDER BY `id` DESC  [ RunTime:0.0010s ]
SQL: SELECT * FROM `gica_document` WHERE `category_id` = 43 LIMIT 6   [ RunTime:0.0010s ]
SQL: SHOW COLUMNS FROM `gica_z_borrow_investor` [ RunTime:0.0040s ]
SQL: SELECT `investor_uid`,sum(investor_capital)investor_capital FROM `gica_z_borrow_investor` GROUP BY investor_uid ORDER BY investor_capital desc  [ RunTime:0.0000s ]
SQL: SHOW COLUMNS FROM `gica_z_borrow_info` [ RunTime:0.0050s ]
SQL: SELECT COUNT(*) AS tp_count FROM `gica_z_borrow_info` WHERE ( borrow_status not in (1,5,3) ) LIMIT 1   [ RunTime:0.0010s ]
SQL: SELECT * FROM `gica_z_borrow_info` WHERE ( borrow_status not in (1,5,3) ) ORDER BY `borrow_status` ASC LIMIT 0,8   [ RunTime:0.0010s ]
INFO: [ view_parse ] --START--
INFO: [ template_filter ] --START--
INFO: Run Behavior\ContentReplaceBehavior [ RunTime:0.000000s ]
INFO: [ template_filter ] --END-- [ RunTime:0.000000s ]
INFO: Run Behavior\ParseTemplateBehavior [ RunTime:0.052003s ]
INFO: [ view_parse ] --END-- [ RunTime:0.052003s ]
INFO: [ view_filter ] --START--
INFO: Run Behavior\WriteHtmlCacheBehavior [ RunTime:0.003000s ]
INFO: [ view_filter ] --END-- [ RunTime:0.003000s ]
INFO: [ app_end ] --START--
INFO: Run Behavior\ShowPageTraceBehavior [ RunTime:0.003001s ]
INFO: [ app_end ] --END-- [ RunTime:0.004001s ]

