[ 2015-02-10T09:52:15+08:00 ] 127.0.0.1 /Uploads/2015-02-06/54d4684234792.gif
INFO: [ app_init ] --START--
INFO: Run Behavior\BuildLiteBehavior [ RunTime:0.000000s ]
INFO: Run Common\Behavior\InitHookBehavior [ RunTime:0.038002s ]
INFO: [ app_init ] --END-- [ RunTime:0.038002s ]
ERR: 无法加载模块:Uploads

[ 2015-02-10T09:52:15+08:00 ] 127.0.0.1 /script/jquery.shove-1.0.js
INFO: [ app_init ] --START--
INFO: Run Behavior\BuildLiteBehavior [ RunTime:0.000000s ]
INFO: Run Common\Behavior\InitHookBehavior [ RunTime:0.018001s ]
INFO: [ app_init ] --END-- [ RunTime:0.018001s ]
ERR: 无法加载模块:Script

[ 2015-02-10T09:54:45+08:00 ] 127.0.0.1 /_PUBLIC_/Home/js/jquery-1.7.2.min.js
INFO: [ app_init ] --START--
INFO: Run Behavior\BuildLiteBehavior [ RunTime:0.000000s ]
INFO: Run Common\Behavior\InitHookBehavior [ RunTime:0.013001s ]
INFO: [ app_init ] --END-- [ RunTime:0.013001s ]
ERR: 无法加载模块:_PUBLIC_

[ 2015-02-10T09:56:02+08:00 ] 127.0.0.1 /_PUBLIC_/Home/js/jquery-1.7.2.min.js
INFO: [ app_init ] --START--
INFO: Run Behavior\BuildLiteBehavior [ RunTime:0.000000s ]
INFO: Run Common\Behavior\InitHookBehavior [ RunTime:0.015001s ]
INFO: [ app_init ] --END-- [ RunTime:0.016001s ]
ERR: 无法加载模块:_PUBLIC_

[ 2015-02-10T09:56:03+08:00 ] 127.0.0.1 /_PUBLIC_/Home/js/jquery-1.7.2.min.js
INFO: [ app_init ] --START--
INFO: Run Behavior\BuildLiteBehavior [ RunTime:0.000000s ]
INFO: Run Common\Behavior\InitHookBehavior [ RunTime:0.015001s ]
INFO: [ app_init ] --END-- [ RunTime:0.015001s ]
ERR: 无法加载模块:_PUBLIC_

[ 2015-02-10T09:56:04+08:00 ] 127.0.0.1 /_PUBLIC_/Home/js/jquery-1.7.2.min.js
INFO: [ app_init ] --START--
INFO: Run Behavior\BuildLiteBehavior [ RunTime:0.000000s ]
INFO: Run Common\Behavior\InitHookBehavior [ RunTime:0.011001s ]
INFO: [ app_init ] --END-- [ RunTime:0.011001s ]
ERR: 无法加载模块:_PUBLIC_

[ 2015-02-10T10:17:56+08:00 ] 127.0.0.1 /Public/static/rzg_images/banks/bank_02.png
INFO: [ app_init ] --START--
INFO: Run Behavior\BuildLiteBehavior [ RunTime:0.001000s ]
INFO: Run Common\Behavior\InitHookBehavior [ RunTime:0.018001s ]
INFO: [ app_init ] --END-- [ RunTime:0.019001s ]
ERR: 无法加载模块:Public

[ 2015-02-10T10:17:56+08:00 ] 127.0.0.1 /Public/static/rzg_images/banks/bank_04.png
INFO: [ app_init ] --START--
INFO: Run Behavior\BuildLiteBehavior [ RunTime:0.000000s ]
INFO: Run Common\Behavior\InitHookBehavior [ RunTime:0.020001s ]
INFO: [ app_init ] --END-- [ RunTime:0.021001s ]
ERR: 无法加载模块:Public

[ 2015-02-10T10:17:56+08:00 ] 127.0.0.1 /Public/static/rzg_images/banks/bank_05.png
INFO: [ app_init ] --START--
INFO: Run Behavior\BuildLiteBehavior [ RunTime:0.000000s ]
INFO: Run Common\Behavior\InitHookBehavior [ RunTime:0.027002s ]
INFO: [ app_init ] --END-- [ RunTime:0.027002s ]
ERR: 无法加载模块:Public

[ 2015-02-10T10:17:56+08:00 ] 127.0.0.1 /Public/static/rzg_images/banks/bank_07.png
INFO: [ app_init ] --START--
INFO: Run Behavior\BuildLiteBehavior [ RunTime:0.000000s ]
INFO: Run Common\Behavior\InitHookBehavior [ RunTime:0.016001s ]
INFO: [ app_init ] --END-- [ RunTime:0.016001s ]
ERR: 无法加载模块:Public

[ 2015-02-10T10:17:56+08:00 ] 127.0.0.1 /Public/static/rzg_images/banks/bank_09.png
INFO: [ app_init ] --START--
INFO: Run Behavior\BuildLiteBehavior [ RunTime:0.000000s ]
INFO: Run Common\Behavior\InitHookBehavior [ RunTime:0.022001s ]
INFO: [ app_init ] --END-- [ RunTime:0.022001s ]
ERR: 无法加载模块:Public

[ 2015-02-10T10:17:56+08:00 ] 127.0.0.1 /script/jquery-1.7.1.min.js
INFO: [ app_init ] --START--
INFO: Run Behavior\BuildLiteBehavior [ RunTime:0.000000s ]
INFO: Run Common\Behavior\InitHookBehavior [ RunTime:0.017001s ]
INFO: [ app_init ] --END-- [ RunTime:0.017001s ]
ERR: 无法加载模块:Script

[ 2015-02-10T10:17:56+08:00 ] 127.0.0.1 /_PUBLIC_/Home/js/jquery-1.7.2.min.js
INFO: [ app_init ] --START--
INFO: Run Behavior\BuildLiteBehavior [ RunTime:0.000000s ]
INFO: Run Common\Behavior\InitHookBehavior [ RunTime:0.043003s ]
INFO: [ app_init ] --END-- [ RunTime:0.043003s ]
ERR: 无法加载模块:_PUBLIC_

[ 2015-02-10T10:17:56+08:00 ] 127.0.0.1 /Public/static/rzg_images/banks/bank_14.png
INFO: [ app_init ] --START--
INFO: Run Behavior\BuildLiteBehavior [ RunTime:0.000000s ]
INFO: Run Common\Behavior\InitHookBehavior [ RunTime:0.017001s ]
INFO: [ app_init ] --END-- [ RunTime:0.017001s ]
ERR: 无法加载模块:Public

[ 2015-02-10T10:17:56+08:00 ] 127.0.0.1 /Public/static/rzg_images/banks/bank_13.png
INFO: [ app_init ] --START--
INFO: Run Behavior\BuildLiteBehavior [ RunTime:0.000000s ]
INFO: Run Common\Behavior\InitHookBehavior [ RunTime:0.031002s ]
INFO: [ app_init ] --END-- [ RunTime:0.031002s ]
ERR: 无法加载模块:Public

[ 2015-02-10T10:17:56+08:00 ] 127.0.0.1 /Public/static/rzg_images/banks/bank_20.png
INFO: [ app_init ] --START--
INFO: Run Behavior\BuildLiteBehavior [ RunTime:0.000000s ]
INFO: Run Common\Behavior\InitHookBehavior [ RunTime:0.033002s ]
INFO: [ app_init ] --END-- [ RunTime:0.033002s ]
ERR: 无法加载模块:Public

[ 2015-02-10T10:17:56+08:00 ] 127.0.0.1 /Public/static/rzg_images/banks/bank_18.png
INFO: [ app_init ] --START--
INFO: Run Behavior\BuildLiteBehavior [ RunTime:0.000000s ]
INFO: Run Common\Behavior\InitHookBehavior [ RunTime:0.032002s ]
INFO: [ app_init ] --END-- [ RunTime:0.032002s ]
ERR: 无法加载模块:Public

[ 2015-02-10T10:17:56+08:00 ] 127.0.0.1 /$%7Bbank.bankimage%20%7D
INFO: [ app_init ] --START--
INFO: Run Behavior\BuildLiteBehavior [ RunTime:0.000000s ]
INFO: Run Common\Behavior\InitHookBehavior [ RunTime:0.021001s ]
INFO: [ app_init ] --END-- [ RunTime:0.021001s ]
ERR: 无法加载模块:${bank

[ 2015-02-10T10:17:56+08:00 ] 127.0.0.1 /Public/static/rzg_images/banks/bank_06.png
INFO: [ app_init ] --START--
INFO: Run Behavior\BuildLiteBehavior [ RunTime:0.000000s ]
INFO: Run Common\Behavior\InitHookBehavior [ RunTime:0.020001s ]
INFO: [ app_init ] --END-- [ RunTime:0.020001s ]
ERR: 无法加载模块:Public

[ 2015-02-10T10:17:56+08:00 ] 127.0.0.1 /Public/static/rzg_images/banks/bank_02.png
INFO: [ app_init ] --START--
INFO: Run Behavior\BuildLiteBehavior [ RunTime:0.000000s ]
INFO: Run Common\Behavior\InitHookBehavior [ RunTime:0.040002s ]
INFO: [ app_init ] --END-- [ RunTime:0.041002s ]
ERR: 无法加载模块:Public

[ 2015-02-10T10:17:56+08:00 ] 127.0.0.1 /Public/static/rzg_images/banks/bank_03.png
INFO: [ app_init ] --START--
INFO: Run Behavior\BuildLiteBehavior [ RunTime:0.000000s ]
INFO: Run Common\Behavior\InitHookBehavior [ RunTime:0.038002s ]
INFO: [ app_init ] --END-- [ RunTime:0.038002s ]
ERR: 无法加载模块:Public

[ 2015-02-10T10:17:56+08:00 ] 127.0.0.1 /script/jquery-1.7.1.min.js
INFO: [ app_init ] --START--
INFO: Run Behavior\BuildLiteBehavior [ RunTime:0.000000s ]
INFO: Run Common\Behavior\InitHookBehavior [ RunTime:0.034002s ]
INFO: [ app_init ] --END-- [ RunTime:0.035002s ]
ERR: 无法加载模块:Script

[ 2015-02-10T10:17:57+08:00 ] 127.0.0.1 /Public/static/rzg_images/banks/bank_08.png
INFO: [ app_init ] --START--
INFO: Run Behavior\BuildLiteBehavior [ RunTime:0.000000s ]
INFO: Run Common\Behavior\InitHookBehavior [ RunTime:0.024002s ]
INFO: [ app_init ] --END-- [ RunTime:0.024002s ]
ERR: 无法加载模块:Public

[ 2015-02-10T10:17:57+08:00 ] 127.0.0.1 /Public/static/rzg_images/banks/bank_11.png
INFO: [ app_init ] --START--
INFO: Run Behavior\BuildLiteBehavior [ RunTime:0.000000s ]
INFO: Run Common\Behavior\InitHookBehavior [ RunTime:0.054003s ]
INFO: [ app_init ] --END-- [ RunTime:0.054003s ]
ERR: 无法加载模块:Public

[ 2015-02-10T10:17:57+08:00 ] 127.0.0.1 /Public/static/rzg_images/banks/bank_12.png
INFO: [ app_init ] --START--
INFO: Run Behavior\BuildLiteBehavior [ RunTime:0.000000s ]
INFO: Run Common\Behavior\InitHookBehavior [ RunTime:0.029002s ]
INFO: [ app_init ] --END-- [ RunTime:0.030002s ]
ERR: 无法加载模块:Public

[ 2015-02-10T10:17:57+08:00 ] 127.0.0.1 /Public/static/rzg_images/banks/bank_19.png
INFO: [ app_init ] --START--
INFO: Run Behavior\BuildLiteBehavior [ RunTime:0.000000s ]
INFO: Run Common\Behavior\InitHookBehavior [ RunTime:0.021002s ]
INFO: [ app_init ] --END-- [ RunTime:0.021002s ]
ERR: 无法加载模块:Public

[ 2015-02-10T10:17:57+08:00 ] 127.0.0.1 /Public/static/rzg_mages/banks/bank_15.png
INFO: [ app_init ] --START--
INFO: Run Behavior\BuildLiteBehavior [ RunTime:0.000000s ]
INFO: Run Common\Behavior\InitHookBehavior [ RunTime:0.036002s ]
INFO: [ app_init ] --END-- [ RunTime:0.036002s ]
ERR: 无法加载模块:Public

[ 2015-02-10T10:17:57+08:00 ] 127.0.0.1 /Public/static/rzg_images/banks/bank_16.png
INFO: [ app_init ] --START--
INFO: Run Behavior\BuildLiteBehavior [ RunTime:0.000000s ]
INFO: Run Common\Behavior\InitHookBehavior [ RunTime:0.031002s ]
INFO: [ app_init ] --END-- [ RunTime:0.031002s ]
ERR: 无法加载模块:Public

[ 2015-02-10T10:17:57+08:00 ] 127.0.0.1 /Public/static/rzg_images/banks/bank_20.png
INFO: [ app_init ] --START--
INFO: Run Behavior\BuildLiteBehavior [ RunTime:0.000000s ]
INFO: Run Common\Behavior\InitHookBehavior [ RunTime:0.016001s ]
INFO: [ app_init ] --END-- [ RunTime:0.016001s ]
ERR: 无法加载模块:Public

[ 2015-02-10T10:17:58+08:00 ] 127.0.0.1 /My97DatePicker/WdatePicker.js
INFO: [ app_init ] --START--
INFO: Run Behavior\BuildLiteBehavior [ RunTime:0.000000s ]
INFO: Run Common\Behavior\InitHookBehavior [ RunTime:0.023002s ]
INFO: [ app_init ] --END-- [ RunTime:0.023002s ]
ERR: 无法加载模块:My97DatePicker

[ 2015-02-10T10:17:58+08:00 ] 127.0.0.1 /script/jquery.shove-1.0.js
INFO: [ app_init ] --START--
INFO: Run Behavior\BuildLiteBehavior [ RunTime:0.000000s ]
INFO: Run Common\Behavior\InitHookBehavior [ RunTime:0.016001s ]
INFO: [ app_init ] --END-- [ RunTime:0.016001s ]
ERR: 无法加载模块:Script

[ 2015-02-10T10:17:58+08:00 ] 127.0.0.1 /script/jquery-1.7.1.min.js
INFO: [ app_init ] --START--
INFO: Run Behavior\BuildLiteBehavior [ RunTime:0.000000s ]
INFO: Run Common\Behavior\InitHookBehavior [ RunTime:0.019001s ]
INFO: [ app_init ] --END-- [ RunTime:0.019001s ]
ERR: 无法加载模块:Script

[ 2015-02-10T10:17:58+08:00 ] 127.0.0.1 /script/jquery.shove-1.0.js
INFO: [ app_init ] --START--
INFO: Run Behavior\BuildLiteBehavior [ RunTime:0.000000s ]
INFO: Run Common\Behavior\InitHookBehavior [ RunTime:0.009000s ]
INFO: [ app_init ] --END-- [ RunTime:0.009000s ]
ERR: 无法加载模块:Script

[ 2015-02-10T10:18:00+08:00 ] 127.0.0.1 /Public/static/rzg_images/banks/bank_02.png
INFO: [ app_init ] --START--
INFO: Run Behavior\BuildLiteBehavior [ RunTime:0.000000s ]
INFO: Run Common\Behavior\InitHookBehavior [ RunTime:0.015001s ]
INFO: [ app_init ] --END-- [ RunTime:0.015001s ]
ERR: 无法加载模块:Public

[ 2015-02-10T10:18:00+08:00 ] 127.0.0.1 /Public/static/rzg_images/banks/bank_04.png
INFO: [ app_init ] --START--
INFO: Run Behavior\BuildLiteBehavior [ RunTime:0.000000s ]
INFO: Run Common\Behavior\InitHookBehavior [ RunTime:0.021001s ]
INFO: [ app_init ] --END-- [ RunTime:0.022001s ]
ERR: 无法加载模块:Public

[ 2015-02-10T10:18:00+08:00 ] 127.0.0.1 /Public/static/rzg_images/banks/bank_08.png
INFO: [ app_init ] --START--
INFO: Run Behavior\BuildLiteBehavior [ RunTime:0.000000s ]
INFO: Run Common\Behavior\InitHookBehavior [ RunTime:0.017001s ]
INFO: [ app_init ] --END-- [ RunTime:0.017001s ]
ERR: 无法加载模块:Public

[ 2015-02-10T10:18:00+08:00 ] 127.0.0.1 /Public/static/rzg_images/banks/bank_10.png
INFO: [ app_init ] --START--
INFO: Run Behavior\BuildLiteBehavior [ RunTime:0.000000s ]
INFO: Run Common\Behavior\InitHookBehavior [ RunTime:0.025001s ]
INFO: [ app_init ] --END-- [ RunTime:0.025001s ]
ERR: 无法加载模块:Public

[ 2015-02-10T10:18:00+08:00 ] 127.0.0.1 /script/jquery-1.7.1.min.js
INFO: [ app_init ] --START--
INFO: Run Behavior\BuildLiteBehavior [ RunTime:0.000000s ]
INFO: Run Common\Behavior\InitHookBehavior [ RunTime:0.018001s ]
INFO: [ app_init ] --END-- [ RunTime:0.018001s ]
ERR: 无法加载模块:Script

[ 2015-02-10T10:18:01+08:00 ] 127.0.0.1 /Public/static/rzg_mages/banks/bank_15.png
INFO: [ app_init ] --START--
INFO: Run Behavior\BuildLiteBehavior [ RunTime:0.000000s ]
INFO: Run Common\Behavior\InitHookBehavior [ RunTime:0.020001s ]
INFO: [ app_init ] --END-- [ RunTime:0.020001s ]
ERR: 无法加载模块:Public

[ 2015-02-10T10:18:01+08:00 ] 127.0.0.1 /Public/static/rzg_images/banks/bank_14.png
INFO: [ app_init ] --START--
INFO: Run Behavior\BuildLiteBehavior [ RunTime:0.000000s ]
INFO: Run Common\Behavior\InitHookBehavior [ RunTime:0.032002s ]
INFO: [ app_init ] --END-- [ RunTime:0.032002s ]
ERR: 无法加载模块:Public

[ 2015-02-10T10:18:01+08:00 ] 127.0.0.1 /Public/static/rzg_images/banks/bank_20.png
INFO: [ app_init ] --START--
INFO: Run Behavior\BuildLiteBehavior [ RunTime:0.000000s ]
INFO: Run Common\Behavior\InitHookBehavior [ RunTime:0.026001s ]
INFO: [ app_init ] --END-- [ RunTime:0.026001s ]
ERR: 无法加载模块:Public

[ 2015-02-10T10:18:01+08:00 ] 127.0.0.1 /Public/static/rzg_images/banks/bank_05.png
INFO: [ app_init ] --START--
INFO: Run Behavior\BuildLiteBehavior [ RunTime:0.000000s ]
INFO: Run Common\Behavior\InitHookBehavior [ RunTime:0.026001s ]
INFO: [ app_init ] --END-- [ RunTime:0.027001s ]
ERR: 无法加载模块:Public

[ 2015-02-10T10:18:01+08:00 ] 127.0.0.1 /Public/static/rzg_images/banks/bank_02.png
INFO: [ app_init ] --START--
INFO: Run Behavior\BuildLiteBehavior [ RunTime:0.000000s ]
INFO: Run Common\Behavior\InitHookBehavior [ RunTime:0.020001s ]
INFO: [ app_init ] --END-- [ RunTime:0.021001s ]
ERR: 无法加载模块:Public

[ 2015-02-10T10:18:01+08:00 ] 127.0.0.1 /Public/static/rzg_images/banks/bank_03.png
INFO: [ app_init ] --START--
INFO: Run Behavior\BuildLiteBehavior [ RunTime:0.000000s ]
INFO: Run Common\Behavior\InitHookBehavior [ RunTime:0.026001s ]
INFO: [ app_init ] --END-- [ RunTime:0.027001s ]
ERR: 无法加载模块:Public

[ 2015-02-10T10:18:01+08:00 ] 127.0.0.1 /Public/static/rzg_images/banks/bank_05.png
INFO: [ app_init ] --START--
INFO: Run Behavior\BuildLiteBehavior [ RunTime:0.000000s ]
INFO: Run Common\Behavior\InitHookBehavior [ RunTime:0.030001s ]
INFO: [ app_init ] --END-- [ RunTime:0.031002s ]
ERR: 无法加载模块:Public

[ 2015-02-10T10:18:01+08:00 ] 127.0.0.1 /script/jquery-1.7.1.min.js
INFO: [ app_init ] --START--
INFO: Run Behavior\BuildLiteBehavior [ RunTime:0.000000s ]
INFO: Run Common\Behavior\InitHookBehavior [ RunTime:0.019001s ]
INFO: [ app_init ] --END-- [ RunTime:0.019001s ]
ERR: 无法加载模块:Script

[ 2015-02-10T10:18:01+08:00 ] 127.0.0.1 /Public/static/rzg_images/banks/bank_07.png
INFO: [ app_init ] --START--
INFO: Run Behavior\BuildLiteBehavior [ RunTime:0.000000s ]
INFO: Run Common\Behavior\InitHookBehavior [ RunTime:0.031002s ]
INFO: [ app_init ] --END-- [ RunTime:0.031002s ]
ERR: 无法加载模块:Public

[ 2015-02-10T10:18:01+08:00 ] 127.0.0.1 /Public/static/rzg_images/banks/bank_12.png
INFO: [ app_init ] --START--
INFO: Run Behavior\BuildLiteBehavior [ RunTime:0.000000s ]
INFO: Run Common\Behavior\InitHookBehavior [ RunTime:0.024001s ]
INFO: [ app_init ] --END-- [ RunTime:0.024001s ]
ERR: 无法加载模块:Public

[ 2015-02-10T10:18:01+08:00 ] 127.0.0.1 /Public/static/rzg_images/banks/bank_11.png
INFO: [ app_init ] --START--
INFO: Run Behavior\BuildLiteBehavior [ RunTime:0.000000s ]
INFO: Run Common\Behavior\InitHookBehavior [ RunTime:0.031001s ]
INFO: [ app_init ] --END-- [ RunTime:0.031001s ]
ERR: 无法加载模块:Public

[ 2015-02-10T10:18:01+08:00 ] 127.0.0.1 /Public/static/rzg_images/banks/bank_16.png
INFO: [ app_init ] --START--
INFO: Run Behavior\BuildLiteBehavior [ RunTime:0.000000s ]
INFO: Run Common\Behavior\InitHookBehavior [ RunTime:0.019002s ]
INFO: [ app_init ] --END-- [ RunTime:0.019002s ]
ERR: 无法加载模块:Public

[ 2015-02-10T10:18:01+08:00 ] 127.0.0.1 /Public/static/rzg_images/banks/bank_13.png
INFO: [ app_init ] --START--
INFO: Run Behavior\BuildLiteBehavior [ RunTime:0.000000s ]
INFO: Run Common\Behavior\InitHookBehavior [ RunTime:0.038002s ]
INFO: [ app_init ] --END-- [ RunTime:0.039002s ]
ERR: 无法加载模块:Public

[ 2015-02-10T10:18:01+08:00 ] 127.0.0.1 /Public/static/rzg_images/banks/bank_18.png
INFO: [ app_init ] --START--
INFO: Run Behavior\BuildLiteBehavior [ RunTime:0.000000s ]
INFO: Run Common\Behavior\InitHookBehavior [ RunTime:0.035002s ]
INFO: [ app_init ] --END-- [ RunTime:0.035002s ]
ERR: 无法加载模块:Public

[ 2015-02-10T10:18:01+08:00 ] 127.0.0.1 /Public/static/rzg_images/banks/bank_20.png
INFO: [ app_init ] --START--
INFO: Run Behavior\BuildLiteBehavior [ RunTime:0.000000s ]
INFO: Run Common\Behavior\InitHookBehavior [ RunTime:0.018002s ]
INFO: [ app_init ] --END-- [ RunTime:0.019002s ]
ERR: 无法加载模块:Public

[ 2015-02-10T10:18:01+08:00 ] 127.0.0.1 /Public/Home/rzg_images/neiye1_133.jpg
INFO: [ app_init ] --START--
INFO: Run Behavior\BuildLiteBehavior [ RunTime:0.000000s ]
INFO: Run Common\Behavior\InitHookBehavior [ RunTime:0.022001s ]
INFO: [ app_init ] --END-- [ RunTime:0.022001s ]
ERR: 无法加载模块:Public

[ 2015-02-10T10:18:03+08:00 ] 127.0.0.1 /My97DatePicker/WdatePicker.js
INFO: [ app_init ] --START--
INFO: Run Behavior\BuildLiteBehavior [ RunTime:0.000000s ]
INFO: Run Common\Behavior\InitHookBehavior [ RunTime:0.014001s ]
INFO: [ app_init ] --END-- [ RunTime:0.014001s ]
ERR: 无法加载模块:My97DatePicker

[ 2015-02-10T10:18:03+08:00 ] 127.0.0.1 /script/nav-zh.js
INFO: [ app_init ] --START--
INFO: Run Behavior\BuildLiteBehavior [ RunTime:0.000000s ]
INFO: Run Common\Behavior\InitHookBehavior [ RunTime:0.013001s ]
INFO: [ app_init ] --END-- [ RunTime:0.013001s ]
ERR: 无法加载模块:Script

[ 2015-02-10T10:18:03+08:00 ] 127.0.0.1 /_PUBLIC_/Home/js/jquery-1.7.2.min.js
INFO: [ app_init ] --START--
INFO: Run Behavior\BuildLiteBehavior [ RunTime:0.000000s ]
INFO: Run Common\Behavior\InitHookBehavior [ RunTime:0.014001s ]
INFO: [ app_init ] --END-- [ RunTime:0.015001s ]
ERR: 无法加载模块:_PUBLIC_

[ 2015-02-10T10:18:03+08:00 ] 127.0.0.1 /Public/Home/rzg_images/neiye1_133.jpg
INFO: [ app_init ] --START--
INFO: Run Behavior\BuildLiteBehavior [ RunTime:0.000000s ]
INFO: Run Common\Behavior\InitHookBehavior [ RunTime:0.013000s ]
INFO: [ app_init ] --END-- [ RunTime:0.013000s ]
ERR: 无法加载模块:Public

[ 2015-02-10T10:18:50+08:00 ] 127.0.0.1 /Public/static/rzg_images/banks/bank_02.png
INFO: [ app_init ] --START--
INFO: Run Behavior\BuildLiteBehavior [ RunTime:0.000000s ]
INFO: Run Common\Behavior\InitHookBehavior [ RunTime:0.032002s ]
INFO: [ app_init ] --END-- [ RunTime:0.032002s ]
ERR: 无法加载模块:Public

[ 2015-02-10T10:18:50+08:00 ] 127.0.0.1 /Public/static/rzg_images/banks/bank_05.png
INFO: [ app_init ] --START--
INFO: Run Behavior\BuildLiteBehavior [ RunTime:0.000000s ]
INFO: Run Common\Behavior\InitHookBehavior [ RunTime:0.043002s ]
INFO: [ app_init ] --END-- [ RunTime:0.043002s ]
ERR: 无法加载模块:Public

[ 2015-02-10T10:18:50+08:00 ] 127.0.0.1 /Public/static/rzg_images/banks/bank_04.png
INFO: [ app_init ] --START--
INFO: Run Behavior\BuildLiteBehavior [ RunTime:0.000000s ]
INFO: Run Common\Behavior\InitHookBehavior [ RunTime:0.032002s ]
INFO: [ app_init ] --END-- [ RunTime:0.032002s ]
ERR: 无法加载模块:Public

[ 2015-02-10T10:18:50+08:00 ] 127.0.0.1 /script/jquery-1.7.1.min.js
INFO: [ app_init ] --START--
INFO: Run Behavior\BuildLiteBehavior [ RunTime:0.000000s ]
INFO: Run Common\Behavior\InitHookBehavior [ RunTime:0.015000s ]
INFO: [ app_init ] --END-- [ RunTime:0.015000s ]
ERR: 无法加载模块:Script

[ 2015-02-10T10:18:50+08:00 ] 127.0.0.1 /Public/static/rzg_images/banks/bank_10.png
INFO: [ app_init ] --START--
INFO: Run Behavior\BuildLiteBehavior [ RunTime:0.000000s ]
INFO: Run Common\Behavior\InitHookBehavior [ RunTime:0.035002s ]
INFO: [ app_init ] --END-- [ RunTime:0.035002s ]
ERR: 无法加载模块:Public

[ 2015-02-10T10:18:50+08:00 ] 127.0.0.1 /Public/static/rzg_images/banks/bank_08.png
INFO: [ app_init ] --START--
INFO: Run Behavior\BuildLiteBehavior [ RunTime:0.000000s ]
INFO: Run Common\Behavior\InitHookBehavior [ RunTime:0.039002s ]
INFO: [ app_init ] --END-- [ RunTime:0.039002s ]
ERR: 无法加载模块:Public

[ 2015-02-10T10:18:50+08:00 ] 127.0.0.1 /Public/static/rzg_images/banks/bank_11.png
INFO: [ app_init ] --START--
INFO: Run Behavior\BuildLiteBehavior [ RunTime:0.000000s ]
INFO: Run Common\Behavior\InitHookBehavior [ RunTime:0.051003s ]
INFO: [ app_init ] --END-- [ RunTime:0.051003s ]
ERR: 无法加载模块:Public

[ 2015-02-10T10:18:50+08:00 ] 127.0.0.1 /Public/static/rzg_mages/banks/bank_15.png
INFO: [ app_init ] --START--
INFO: Run Behavior\BuildLiteBehavior [ RunTime:0.000000s ]
INFO: Run Common\Behavior\InitHookBehavior [ RunTime:0.020001s ]
INFO: [ app_init ] --END-- [ RunTime:0.020001s ]
ERR: 无法加载模块:Public

[ 2015-02-10T10:18:50+08:00 ] 127.0.0.1 /_PUBLIC_/Home/js/jquery-1.7.2.min.js
INFO: [ app_init ] --START--
INFO: Run Behavior\BuildLiteBehavior [ RunTime:0.000000s ]
INFO: Run Common\Behavior\InitHookBehavior [ RunTime:0.018001s ]
INFO: [ app_init ] --END-- [ RunTime:0.018001s ]
ERR: 无法加载模块:_PUBLIC_

[ 2015-02-10T10:18:50+08:00 ] 127.0.0.1 /Public/static/rzg_images/banks/bank_14.png
INFO: [ app_init ] --START--
INFO: Run Behavior\BuildLiteBehavior [ RunTime:0.000000s ]
INFO: Run Common\Behavior\InitHookBehavior [ RunTime:0.034002s ]
INFO: [ app_init ] --END-- [ RunTime:0.034002s ]
ERR: 无法加载模块:Public

[ 2015-02-10T10:18:50+08:00 ] 127.0.0.1 /Public/static/rzg_images/banks/bank_19.png
INFO: [ app_init ] --START--
INFO: Run Behavior\BuildLiteBehavior [ RunTime:0.000000s ]
INFO: Run Common\Behavior\InitHookBehavior [ RunTime:0.019001s ]
INFO: [ app_init ] --END-- [ RunTime:0.019001s ]
ERR: 无法加载模块:Public

[ 2015-02-10T10:18:50+08:00 ] 127.0.0.1 /Public/static/rzg_images/banks/bank_20.png
INFO: [ app_init ] --START--
INFO: Run Behavior\BuildLiteBehavior [ RunTime:0.000000s ]
INFO: Run Common\Behavior\InitHookBehavior [ RunTime:0.021001s ]
INFO: [ app_init ] --END-- [ RunTime:0.023001s ]
ERR: 无法加载模块:Public

[ 2015-02-10T10:18:50+08:00 ] 127.0.0.1 /script/jquery-1.7.1.min.js
INFO: [ app_init ] --START--
INFO: Run Behavior\BuildLiteBehavior [ RunTime:0.000000s ]
INFO: Run Common\Behavior\InitHookBehavior [ RunTime:0.020001s ]
INFO: [ app_init ] --END-- [ RunTime:0.020001s ]
ERR: 无法加载模块:Script

[ 2015-02-10T10:18:51+08:00 ] 127.0.0.1 /Public/static/rzg_images/banks/bank_03.png
INFO: [ app_init ] --START--
INFO: Run Behavior\BuildLiteBehavior [ RunTime:0.000000s ]
INFO: Run Common\Behavior\InitHookBehavior [ RunTime:0.026002s ]
INFO: [ app_init ] --END-- [ RunTime:0.027002s ]
ERR: 无法加载模块:Public

[ 2015-02-10T10:18:51+08:00 ] 127.0.0.1 /Public/static/rzg_images/banks/bank_01.png
INFO: [ app_init ] --START--
INFO: Run Behavior\BuildLiteBehavior [ RunTime:0.000000s ]
INFO: Run Common\Behavior\InitHookBehavior [ RunTime:0.029002s ]
INFO: [ app_init ] --END-- [ RunTime:0.029002s ]
ERR: 无法加载模块:Public

[ 2015-02-10T10:18:51+08:00 ] 127.0.0.1 /Public/static/rzg_images/banks/bank_05.png
INFO: [ app_init ] --START--
INFO: Run Behavior\BuildLiteBehavior [ RunTime:0.000000s ]
INFO: Run Common\Behavior\InitHookBehavior [ RunTime:0.015001s ]
INFO: [ app_init ] --END-- [ RunTime:0.016001s ]
ERR: 无法加载模块:Public

[ 2015-02-10T10:18:51+08:00 ] 127.0.0.1 /Public/static/rzg_images/banks/bank_06.png
INFO: [ app_init ] --START--
INFO: Run Behavior\BuildLiteBehavior [ RunTime:0.000000s ]
INFO: Run Common\Behavior\InitHookBehavior [ RunTime:0.015001s ]
INFO: [ app_init ] --END-- [ RunTime:0.015001s ]
ERR: 无法加载模块:Public

[ 2015-02-10T10:18:51+08:00 ] 127.0.0.1 /Public/static/rzg_images/banks/bank_09.png
INFO: [ app_init ] --START--
INFO: Run Behavior\BuildLiteBehavior [ RunTime:0.000000s ]
INFO: Run Common\Behavior\InitHookBehavior [ RunTime:0.016001s ]
INFO: [ app_init ] --END-- [ RunTime:0.016001s ]
ERR: 无法加载模块:Public

[ 2015-02-10T10:18:51+08:00 ] 127.0.0.1 /Public/static/rzg_images/banks/bank_07.png
INFO: [ app_init ] --START--
INFO: Run Behavior\BuildLiteBehavior [ RunTime:0.000000s ]
INFO: Run Common\Behavior\InitHookBehavior [ RunTime:0.030002s ]
INFO: [ app_init ] --END-- [ RunTime:0.030002s ]
ERR: 无法加载模块:Public

[ 2015-02-10T10:18:51+08:00 ] 127.0.0.1 /Public/static/rzg_images/banks/bank_10.png
INFO: [ app_init ] --START--
INFO: Run Behavior\BuildLiteBehavior [ RunTime:0.000000s ]
INFO: Run Common\Behavior\InitHookBehavior [ RunTime:0.028001s ]
INFO: [ app_init ] --END-- [ RunTime:0.028001s ]
ERR: 无法加载模块:Public

[ 2015-02-10T10:18:51+08:00 ] 127.0.0.1 /Public/static/rzg_mages/banks/bank_15.png
INFO: [ app_init ] --START--
INFO: Run Behavior\BuildLiteBehavior [ RunTime:0.000000s ]
INFO: Run Common\Behavior\InitHookBehavior [ RunTime:0.022001s ]
INFO: [ app_init ] --END-- [ RunTime:0.022001s ]
ERR: 无法加载模块:Public

[ 2015-02-10T10:18:51+08:00 ] 127.0.0.1 /Public/Home/rzg_images/neiye1_133.jpg
INFO: [ app_init ] --START--
INFO: Run Behavior\BuildLiteBehavior [ RunTime:0.000000s ]
INFO: Run Common\Behavior\InitHookBehavior [ RunTime:0.024001s ]
INFO: [ app_init ] --END-- [ RunTime:0.024001s ]
ERR: 无法加载模块:Public

[ 2015-02-10T20:48:05+08:00 ] 127.0.0.1 /_PUBLIC_/Home/js/jquery-1.7.2.min.js
INFO: [ app_init ] --START--
INFO: Run Behavior\BuildLiteBehavior [ RunTime:0.000000s ]
INFO: Run Common\Behavior\InitHookBehavior [ RunTime:0.014001s ]
INFO: [ app_init ] --END-- [ RunTime:0.014001s ]
ERR: 无法加载模块:_PUBLIC_

[ 2015-02-10T20:48:09+08:00 ] 127.0.0.1 /_PUBLIC_/Home/js/jquery-1.7.2.min.js
INFO: [ app_init ] --START--
INFO: Run Behavior\BuildLiteBehavior [ RunTime:0.000000s ]
INFO: Run Common\Behavior\InitHookBehavior [ RunTime:0.010001s ]
INFO: [ app_init ] --END-- [ RunTime:0.011001s ]
ERR: 无法加载模块:_PUBLIC_

[ 2015-02-10T20:48:09+08:00 ] 127.0.0.1 /Public/Home/rzg_images/neiye1_133.jpg
INFO: [ app_init ] --START--
INFO: Run Behavior\BuildLiteBehavior [ RunTime:0.000000s ]
INFO: Run Common\Behavior\InitHookBehavior [ RunTime:0.010000s ]
INFO: [ app_init ] --END-- [ RunTime:0.011000s ]
ERR: 无法加载模块:Public

[ 2015-02-10T20:50:45+08:00 ] 127.0.0.1 /_PUBLIC_/Home/js/jquery-1.7.2.min.js
INFO: [ app_init ] --START--
INFO: Run Behavior\BuildLiteBehavior [ RunTime:0.000000s ]
INFO: Run Common\Behavior\InitHookBehavior [ RunTime:0.014001s ]
INFO: [ app_init ] --END-- [ RunTime:0.014001s ]
ERR: 无法加载模块:_PUBLIC_

[ 2015-02-10T20:54:32+08:00 ] 127.0.0.1 /Public/RichFunds/css/__PUBLIC__/Home/images/top_icons.png
INFO: [ app_init ] --START--
INFO: Run Behavior\BuildLiteBehavior [ RunTime:0.000000s ]
INFO: Run Common\Behavior\InitHookBehavior [ RunTime:0.012001s ]
INFO: [ app_init ] --END-- [ RunTime:0.012001s ]
ERR: 无法加载模块:Public

[ 2015-02-10T21:02:48+08:00 ] 127.0.0.1 /$%7Bpath%7D/script/jquery-1.7.1.min.js
INFO: [ app_init ] --START--
INFO: Run Behavior\BuildLiteBehavior [ RunTime:0.000000s ]
INFO: Run Common\Behavior\InitHookBehavior [ RunTime:0.027001s ]
INFO: [ app_init ] --END-- [ RunTime:0.027001s ]
ERR: 无法加载模块:${path}

[ 2015-02-10T21:02:48+08:00 ] 127.0.0.1 /script/nav-zh.js
INFO: [ app_init ] --START--
INFO: Run Behavior\BuildLiteBehavior [ RunTime:0.000000s ]
INFO: Run Common\Behavior\InitHookBehavior [ RunTime:0.018001s ]
INFO: [ app_init ] --END-- [ RunTime:0.018001s ]
ERR: 无法加载模块:Script

[ 2015-02-10T21:02:48+08:00 ] 127.0.0.1 /Public/Home/rzg_images/neiye1_133.jpg
INFO: [ app_init ] --START--
INFO: Run Behavior\BuildLiteBehavior [ RunTime:0.000000s ]
INFO: Run Common\Behavior\InitHookBehavior [ RunTime:0.014000s ]
INFO: [ app_init ] --END-- [ RunTime:0.014000s ]
ERR: 无法加载模块:Public

[ 2015-02-10T21:05:57+08:00 ] 127.0.0.1 /_PUBLIC_/Home/js/jquery-1.7.2.min.js
INFO: [ app_init ] --START--
INFO: Run Behavior\BuildLiteBehavior [ RunTime:0.000000s ]
INFO: Run Common\Behavior\InitHookBehavior [ RunTime:0.015001s ]
INFO: [ app_init ] --END-- [ RunTime:0.015001s ]
ERR: 无法加载模块:_PUBLIC_

[ 2015-02-10T21:05:57+08:00 ] 127.0.0.1 /Public/Home/rzg_images/neiye1_133.jpg
INFO: [ app_init ] --START--
INFO: Run Behavior\BuildLiteBehavior [ RunTime:0.000000s ]
INFO: Run Common\Behavior\InitHookBehavior [ RunTime:0.012001s ]
INFO: [ app_init ] --END-- [ RunTime:0.012001s ]
ERR: 无法加载模块:Public

[ 2015-02-10T21:06:42+08:00 ] 127.0.0.1 /_PUBLIC_/Home/js/jquery-1.7.2.min.js
INFO: [ app_init ] --START--
INFO: Run Behavior\BuildLiteBehavior [ RunTime:0.000000s ]
INFO: Run Common\Behavior\InitHookBehavior [ RunTime:0.017001s ]
INFO: [ app_init ] --END-- [ RunTime:0.018001s ]
ERR: 无法加载模块:_PUBLIC_

[ 2015-02-10T21:06:42+08:00 ] 127.0.0.1 /_PUBLIC_/Home/js/jquery-1.7.2.min.js
INFO: [ app_init ] --START--
INFO: Run Behavior\BuildLiteBehavior [ RunTime:0.000000s ]
INFO: Run Common\Behavior\InitHookBehavior [ RunTime:0.010000s ]
INFO: [ app_init ] --END-- [ RunTime:0.010000s ]
ERR: 无法加载模块:_PUBLIC_

[ 2015-02-10T21:06:42+08:00 ] 127.0.0.1 /script/jquery-1.7.1.min.js
INFO: [ app_init ] --START--
INFO: Run Behavior\BuildLiteBehavior [ RunTime:0.000000s ]
INFO: Run Common\Behavior\InitHookBehavior [ RunTime:0.010001s ]
INFO: [ app_init ] --END-- [ RunTime:0.010001s ]
ERR: 无法加载模块:Script

[ 2015-02-10T21:06:49+08:00 ] 127.0.0.1 /_PUBLIC_/Home/js/jquery-1.7.2.min.js
INFO: [ app_init ] --START--
INFO: Run Behavior\BuildLiteBehavior [ RunTime:0.000000s ]
INFO: Run Common\Behavior\InitHookBehavior [ RunTime:0.013001s ]
INFO: [ app_init ] --END-- [ RunTime:0.013001s ]
ERR: 无法加载模块:_PUBLIC_

[ 2015-02-10T21:06:49+08:00 ] 127.0.0.1 /_PUBLIC_/Home/js/jquery-1.7.2.min.js
INFO: [ app_init ] --START--
INFO: Run Behavior\BuildLiteBehavior [ RunTime:0.000000s ]
INFO: Run Common\Behavior\InitHookBehavior [ RunTime:0.012000s ]
INFO: [ app_init ] --END-- [ RunTime:0.012000s ]
ERR: 无法加载模块:_PUBLIC_

[ 2015-02-10T21:06:52+08:00 ] 127.0.0.1 /_PUBLIC_/Home/js/jquery-1.7.2.min.js
INFO: [ app_init ] --START--
INFO: Run Behavior\BuildLiteBehavior [ RunTime:0.000000s ]
INFO: Run Common\Behavior\InitHookBehavior [ RunTime:0.012001s ]
INFO: [ app_init ] --END-- [ RunTime:0.012001s ]
ERR: 无法加载模块:_PUBLIC_

[ 2015-02-10T21:06:53+08:00 ] 127.0.0.1 /_PUBLIC_/Home/js/jquery-1.7.2.min.js
INFO: [ app_init ] --START--
INFO: Run Behavior\BuildLiteBehavior [ RunTime:0.000000s ]
INFO: Run Common\Behavior\InitHookBehavior [ RunTime:0.013001s ]
INFO: [ app_init ] --END-- [ RunTime:0.013001s ]
ERR: 无法加载模块:_PUBLIC_

[ 2015-02-10T21:06:53+08:00 ] 127.0.0.1 /Public/Home/rzg_images/neiye1_133.jpg
INFO: [ app_init ] --START--
INFO: Run Behavior\BuildLiteBehavior [ RunTime:0.000000s ]
INFO: Run Common\Behavior\InitHookBehavior [ RunTime:0.009001s ]
INFO: [ app_init ] --END-- [ RunTime:0.009001s ]
ERR: 无法加载模块:Public

