[ 2015-03-12T09:49:27+08:00 ] 127.0.0.1 /_PUBLIC_/Home/js/jquery-1.7.2.min.js
INFO: [ app_init ] --START--
INFO: Run Behavior\BuildLiteBehavior [ RunTime:0.000000s ]
INFO: Run Common\Behavior\InitHookBehavior [ RunTime:0.012001s ]
INFO: [ app_init ] --END-- [ RunTime:0.013001s ]
ERR: 无法加载模块:_PUBLIC_

[ 2015-03-12T09:49:36+08:00 ] 127.0.0.1 /_PUBLIC_/Home/js/jquery-1.7.2.min.js
INFO: [ app_init ] --START--
INFO: Run Behavior\BuildLiteBehavior [ RunTime:0.000000s ]
INFO: Run Common\Behavior\InitHookBehavior [ RunTime:0.009000s ]
INFO: [ app_init ] --END-- [ RunTime:0.010000s ]
ERR: 无法加载模块:_PUBLIC_

[ 2015-03-12T09:49:36+08:00 ] 127.0.0.1 /_PUBLIC_/Home/js/jquery-1.7.2.min.js
INFO: [ app_init ] --START--
INFO: Run Behavior\BuildLiteBehavior [ RunTime:0.000000s ]
INFO: Run Common\Behavior\InitHookBehavior [ RunTime:0.010000s ]
INFO: [ app_init ] --END-- [ RunTime:0.010000s ]
ERR: 无法加载模块:_PUBLIC_

[ 2015-03-12T09:51:40+08:00 ] 127.0.0.1 /_PUBLIC_/Home/js/jquery-1.7.2.min.js
INFO: [ app_init ] --START--
INFO: Run Behavior\BuildLiteBehavior [ RunTime:0.000000s ]
INFO: Run Common\Behavior\InitHookBehavior [ RunTime:0.031200s ]
INFO: [ app_init ] --END-- [ RunTime:0.031200s ]
ERR: 无法加载模块:_PUBLIC_

[ 2015-03-12T09:51:40+08:00 ] 127.0.0.1 /Public/Home/rzg_images/neiye1_133.jpg
INFO: [ app_init ] --START--
INFO: Run Behavior\BuildLiteBehavior [ RunTime:0.000000s ]
INFO: Run Common\Behavior\InitHookBehavior [ RunTime:0.015600s ]
INFO: [ app_init ] --END-- [ RunTime:0.015600s ]
ERR: 无法加载模块:Public

[ 2015-03-12T09:51:40+08:00 ] 127.0.0.1 /css/popom.js
INFO: [ app_init ] --START--
INFO: Run Behavior\BuildLiteBehavior [ RunTime:0.000000s ]
INFO: Run Common\Behavior\InitHookBehavior [ RunTime:0.015600s ]
INFO: [ app_init ] --END-- [ RunTime:0.015600s ]
ERR: 无法加载模块:Css

[ 2015-03-12T09:53:49+08:00 ] 127.0.0.1 /Public/static/rzg_images/banks/bank_01.png
INFO: [ app_init ] --START--
INFO: Run Behavior\BuildLiteBehavior [ RunTime:0.000000s ]
INFO: Run Common\Behavior\InitHookBehavior [ RunTime:0.015600s ]
INFO: [ app_init ] --END-- [ RunTime:0.015600s ]
ERR: 无法加载模块:Public

[ 2015-03-12T09:53:49+08:00 ] 127.0.0.1 /script/jquery-1.7.1.min.js
INFO: [ app_init ] --START--
INFO: Run Behavior\BuildLiteBehavior [ RunTime:0.000000s ]
INFO: Run Common\Behavior\InitHookBehavior [ RunTime:0.015600s ]
INFO: [ app_init ] --END-- [ RunTime:0.031200s ]
ERR: 无法加载模块:Script

[ 2015-03-12T09:53:49+08:00 ] 127.0.0.1 /Public/static/rzg_images/banks/bank_02.png
INFO: [ app_init ] --START--
INFO: Run Behavior\BuildLiteBehavior [ RunTime:0.000000s ]
INFO: Run Common\Behavior\InitHookBehavior [ RunTime:0.015600s ]
INFO: [ app_init ] --END-- [ RunTime:0.015600s ]
ERR: 无法加载模块:Public

[ 2015-03-12T09:53:49+08:00 ] 127.0.0.1 /_PUBLIC_/Home/js/jquery-1.7.2.min.js
INFO: [ app_init ] --START--
INFO: Run Behavior\BuildLiteBehavior [ RunTime:0.000000s ]
INFO: Run Common\Behavior\InitHookBehavior [ RunTime:0.015600s ]
INFO: [ app_init ] --END-- [ RunTime:0.015600s ]
ERR: 无法加载模块:_PUBLIC_

[ 2015-03-12T09:53:49+08:00 ] 127.0.0.1 /Public/static/rzg_images/banks/bank_10.png
INFO: [ app_init ] --START--
INFO: Run Behavior\BuildLiteBehavior [ RunTime:0.000000s ]
INFO: Run Common\Behavior\InitHookBehavior [ RunTime:0.015600s ]
INFO: [ app_init ] --END-- [ RunTime:0.015600s ]
ERR: 无法加载模块:Public

[ 2015-03-12T09:53:49+08:00 ] 127.0.0.1 /Public/static/rzg_images/banks/bank_09.png
INFO: [ app_init ] --START--
INFO: Run Behavior\BuildLiteBehavior [ RunTime:0.000000s ]
INFO: Run Common\Behavior\InitHookBehavior [ RunTime:0.031200s ]
INFO: [ app_init ] --END-- [ RunTime:0.031200s ]
ERR: 无法加载模块:Public

[ 2015-03-12T09:53:49+08:00 ] 127.0.0.1 /Public/static/rzg_images/banks/bank_13.png
INFO: [ app_init ] --START--
INFO: Run Behavior\BuildLiteBehavior [ RunTime:0.000000s ]
INFO: Run Common\Behavior\InitHookBehavior [ RunTime:0.031200s ]
INFO: [ app_init ] --END-- [ RunTime:0.031200s ]
ERR: 无法加载模块:Public

[ 2015-03-12T09:53:50+08:00 ] 127.0.0.1 /Public/static/rzg_images/banks/bank_14.png
INFO: [ app_init ] --START--
INFO: Run Behavior\BuildLiteBehavior [ RunTime:0.000000s ]
INFO: Run Common\Behavior\InitHookBehavior [ RunTime:0.031200s ]
INFO: [ app_init ] --END-- [ RunTime:0.031200s ]
ERR: 无法加载模块:Public

[ 2015-03-12T09:53:50+08:00 ] 127.0.0.1 /Public/static/rzg_images/banks/bank_18.png
INFO: [ app_init ] --START--
INFO: Run Behavior\BuildLiteBehavior [ RunTime:0.000000s ]
INFO: Run Common\Behavior\InitHookBehavior [ RunTime:0.015600s ]
INFO: [ app_init ] --END-- [ RunTime:0.015600s ]
ERR: 无法加载模块:Public

[ 2015-03-12T09:53:50+08:00 ] 127.0.0.1 /Public/static/rzg_images/banks/bank_19.png
INFO: [ app_init ] --START--
INFO: Run Behavior\BuildLiteBehavior [ RunTime:0.000000s ]
INFO: Run Common\Behavior\InitHookBehavior [ RunTime:0.015600s ]
INFO: [ app_init ] --END-- [ RunTime:0.015600s ]
ERR: 无法加载模块:Public

[ 2015-03-12T09:53:50+08:00 ] 127.0.0.1 /Public/static/rzg_images/banks/bank_02.png
INFO: [ app_init ] --START--
INFO: Run Behavior\BuildLiteBehavior [ RunTime:0.000000s ]
INFO: Run Common\Behavior\InitHookBehavior [ RunTime:0.031200s ]
INFO: [ app_init ] --END-- [ RunTime:0.031200s ]
ERR: 无法加载模块:Public

[ 2015-03-12T09:53:50+08:00 ] 127.0.0.1 /Public/static/rzg_images/banks/bank_04.png
INFO: [ app_init ] --START--
INFO: Run Behavior\BuildLiteBehavior [ RunTime:0.000000s ]
INFO: Run Common\Behavior\InitHookBehavior [ RunTime:0.015600s ]
INFO: [ app_init ] --END-- [ RunTime:0.015600s ]
ERR: 无法加载模块:Public

[ 2015-03-12T09:54:00+08:00 ] 127.0.0.1 /Public/static/rzg_images/banks/bank_06.png
INFO: [ app_init ] --START--
INFO: Run Behavior\BuildLiteBehavior [ RunTime:0.000000s ]
INFO: Run Common\Behavior\InitHookBehavior [ RunTime:0.015600s ]
INFO: [ app_init ] --END-- [ RunTime:0.015600s ]
ERR: 无法加载模块:Public

[ 2015-03-12T09:54:00+08:00 ] 127.0.0.1 /Public/static/rzg_images/banks/bank_02.png
INFO: [ app_init ] --START--
INFO: Run Behavior\BuildLiteBehavior [ RunTime:0.000000s ]
INFO: Run Common\Behavior\InitHookBehavior [ RunTime:0.031200s ]
INFO: [ app_init ] --END-- [ RunTime:0.031200s ]
ERR: 无法加载模块:Public

[ 2015-03-12T09:54:00+08:00 ] 127.0.0.1 /script/jquery-1.7.1.min.js
INFO: [ app_init ] --START--
INFO: Run Behavior\BuildLiteBehavior [ RunTime:0.000000s ]
INFO: Run Common\Behavior\InitHookBehavior [ RunTime:0.031200s ]
INFO: [ app_init ] --END-- [ RunTime:0.031200s ]
ERR: 无法加载模块:Script

[ 2015-03-12T09:54:00+08:00 ] 127.0.0.1 /Public/static/rzg_images/banks/bank_07.png
INFO: [ app_init ] --START--
INFO: Run Behavior\BuildLiteBehavior [ RunTime:0.000000s ]
INFO: Run Common\Behavior\InitHookBehavior [ RunTime:0.031200s ]
INFO: [ app_init ] --END-- [ RunTime:0.031200s ]
ERR: 无法加载模块:Public

[ 2015-03-12T09:54:00+08:00 ] 127.0.0.1 /Public/static/rzg_images/banks/bank_10.png
INFO: [ app_init ] --START--
INFO: Run Behavior\BuildLiteBehavior [ RunTime:0.000000s ]
INFO: Run Common\Behavior\InitHookBehavior [ RunTime:0.015600s ]
INFO: [ app_init ] --END-- [ RunTime:0.015600s ]
ERR: 无法加载模块:Public

[ 2015-03-12T09:54:00+08:00 ] 127.0.0.1 /Public/static/rzg_images/banks/bank_14.png
INFO: [ app_init ] --START--
INFO: Run Behavior\BuildLiteBehavior [ RunTime:0.000000s ]
INFO: Run Common\Behavior\InitHookBehavior [ RunTime:0.031200s ]
INFO: [ app_init ] --END-- [ RunTime:0.031200s ]
ERR: 无法加载模块:Public

[ 2015-03-12T09:54:00+08:00 ] 127.0.0.1 /Public/static/rzg_images/banks/bank_16.png
INFO: [ app_init ] --START--
INFO: Run Behavior\BuildLiteBehavior [ RunTime:0.000000s ]
INFO: Run Common\Behavior\InitHookBehavior [ RunTime:0.015600s ]
INFO: [ app_init ] --END-- [ RunTime:0.015600s ]
ERR: 无法加载模块:Public

[ 2015-03-12T09:54:00+08:00 ] 127.0.0.1 /Public/static/rzg_images/banks/bank_19.png
INFO: [ app_init ] --START--
INFO: Run Behavior\BuildLiteBehavior [ RunTime:0.000000s ]
INFO: Run Common\Behavior\InitHookBehavior [ RunTime:0.015601s ]
INFO: [ app_init ] --END-- [ RunTime:0.015601s ]
ERR: 无法加载模块:Public

[ 2015-03-12T09:54:00+08:00 ] 127.0.0.1 /$%7Bbank.bankimage%20%7D
INFO: [ app_init ] --START--
INFO: Run Behavior\BuildLiteBehavior [ RunTime:0.000000s ]
INFO: Run Common\Behavior\InitHookBehavior [ RunTime:0.015600s ]
INFO: [ app_init ] --END-- [ RunTime:0.015600s ]
ERR: 无法加载模块:${bank

[ 2015-03-12T09:54:00+08:00 ] 127.0.0.1 /Public/static/rzg_images/banks/bank_02.png
INFO: [ app_init ] --START--
INFO: Run Behavior\BuildLiteBehavior [ RunTime:0.000000s ]
INFO: Run Common\Behavior\InitHookBehavior [ RunTime:0.015600s ]
INFO: [ app_init ] --END-- [ RunTime:0.015600s ]
ERR: 无法加载模块:Public

[ 2015-03-12T09:54:02+08:00 ] 127.0.0.1 /_PUBLIC_/Home/js/jquery-1.7.2.min.js
INFO: [ app_init ] --START--
INFO: Run Behavior\BuildLiteBehavior [ RunTime:0.000000s ]
INFO: Run Common\Behavior\InitHookBehavior [ RunTime:0.031200s ]
INFO: [ app_init ] --END-- [ RunTime:0.031200s ]
ERR: 无法加载模块:_PUBLIC_

[ 2015-03-12T09:54:02+08:00 ] 127.0.0.1 /script/nav-zh.js
INFO: [ app_init ] --START--
INFO: Run Behavior\BuildLiteBehavior [ RunTime:0.000000s ]
INFO: Run Common\Behavior\InitHookBehavior [ RunTime:0.015600s ]
INFO: [ app_init ] --END-- [ RunTime:0.015600s ]
ERR: 无法加载模块:Script

[ 2015-03-12T09:54:02+08:00 ] 127.0.0.1 /_PUBLIC_/Home/js/jquery-1.7.2.min.js
INFO: [ app_init ] --START--
INFO: Run Behavior\BuildLiteBehavior [ RunTime:0.000000s ]
INFO: Run Common\Behavior\InitHookBehavior [ RunTime:0.015600s ]
INFO: [ app_init ] --END-- [ RunTime:0.015600s ]
ERR: 无法加载模块:_PUBLIC_

[ 2015-03-12T09:54:02+08:00 ] 127.0.0.1 /Public/Home/rzg_images/neiye1_133.jpg
INFO: [ app_init ] --START--
INFO: Run Behavior\BuildLiteBehavior [ RunTime:0.000000s ]
INFO: Run Common\Behavior\InitHookBehavior [ RunTime:0.000000s ]
INFO: [ app_init ] --END-- [ RunTime:0.000000s ]
ERR: 无法加载模块:Public

[ 2015-03-12T09:57:26+08:00 ] 127.0.0.1 /Public/static/rzg_images/banks/bank_01.png
INFO: [ app_init ] --START--
INFO: Run Behavior\BuildLiteBehavior [ RunTime:0.000000s ]
INFO: Run Common\Behavior\InitHookBehavior [ RunTime:0.015600s ]
INFO: [ app_init ] --END-- [ RunTime:0.015600s ]
ERR: 无法加载模块:Public

[ 2015-03-12T09:57:26+08:00 ] 127.0.0.1 /Public/static/rzg_images/banks/bank_05.png
INFO: [ app_init ] --START--
INFO: Run Behavior\BuildLiteBehavior [ RunTime:0.000000s ]
INFO: Run Common\Behavior\InitHookBehavior [ RunTime:0.015600s ]
INFO: [ app_init ] --END-- [ RunTime:0.015600s ]
ERR: 无法加载模块:Public

[ 2015-03-12T09:57:26+08:00 ] 127.0.0.1 /_PUBLIC_/Home/js/jquery-1.7.2.min.js
INFO: [ app_init ] --START--
INFO: Run Behavior\BuildLiteBehavior [ RunTime:0.000000s ]
INFO: Run Common\Behavior\InitHookBehavior [ RunTime:0.031200s ]
INFO: [ app_init ] --END-- [ RunTime:0.031200s ]
ERR: 无法加载模块:_PUBLIC_

[ 2015-03-12T09:57:26+08:00 ] 127.0.0.1 /script/jquery-1.7.1.min.js
INFO: [ app_init ] --START--
INFO: Run Behavior\BuildLiteBehavior [ RunTime:0.000000s ]
INFO: Run Common\Behavior\InitHookBehavior [ RunTime:0.015600s ]
INFO: [ app_init ] --END-- [ RunTime:0.015600s ]
ERR: 无法加载模块:Script

[ 2015-03-12T09:57:27+08:00 ] 127.0.0.1 /Public/static/rzg_images/banks/bank_10.png
INFO: [ app_init ] --START--
INFO: Run Behavior\BuildLiteBehavior [ RunTime:0.000000s ]
INFO: Run Common\Behavior\InitHookBehavior [ RunTime:0.031200s ]
INFO: [ app_init ] --END-- [ RunTime:0.031200s ]
ERR: 无法加载模块:Public

[ 2015-03-12T09:57:27+08:00 ] 127.0.0.1 /Public/static/rzg_images/banks/bank_11.png
INFO: [ app_init ] --START--
INFO: Run Behavior\BuildLiteBehavior [ RunTime:0.000000s ]
INFO: Run Common\Behavior\InitHookBehavior [ RunTime:0.015600s ]
INFO: [ app_init ] --END-- [ RunTime:0.015600s ]
ERR: 无法加载模块:Public

[ 2015-03-12T09:57:27+08:00 ] 127.0.0.1 /Public/static/rzg_mages/banks/bank_15.png
INFO: [ app_init ] --START--
INFO: Run Behavior\BuildLiteBehavior [ RunTime:0.000000s ]
INFO: Run Common\Behavior\InitHookBehavior [ RunTime:0.015600s ]
INFO: [ app_init ] --END-- [ RunTime:0.015600s ]
ERR: 无法加载模块:Public

[ 2015-03-12T09:57:27+08:00 ] 127.0.0.1 /Public/static/rzg_images/banks/bank_16.png
INFO: [ app_init ] --START--
INFO: Run Behavior\BuildLiteBehavior [ RunTime:0.000000s ]
INFO: Run Common\Behavior\InitHookBehavior [ RunTime:0.015600s ]
INFO: [ app_init ] --END-- [ RunTime:0.015600s ]
ERR: 无法加载模块:Public

[ 2015-03-12T09:57:27+08:00 ] 127.0.0.1 /Public/static/rzg_images/banks/bank_01.png
INFO: [ app_init ] --START--
INFO: Run Behavior\BuildLiteBehavior [ RunTime:0.000000s ]
INFO: Run Common\Behavior\InitHookBehavior [ RunTime:0.031200s ]
INFO: [ app_init ] --END-- [ RunTime:0.031200s ]
ERR: 无法加载模块:Public

[ 2015-03-12T09:57:27+08:00 ] 127.0.0.1 /Public/static/rzg_images/banks/bank_02.png
INFO: [ app_init ] --START--
INFO: Run Behavior\BuildLiteBehavior [ RunTime:0.000000s ]
INFO: Run Common\Behavior\InitHookBehavior [ RunTime:0.031200s ]
INFO: [ app_init ] --END-- [ RunTime:0.031200s ]
ERR: 无法加载模块:Public

[ 2015-03-12T09:57:27+08:00 ] 127.0.0.1 /Public/static/rzg_images/banks/bank_05.png
INFO: [ app_init ] --START--
INFO: Run Behavior\BuildLiteBehavior [ RunTime:0.000000s ]
INFO: Run Common\Behavior\InitHookBehavior [ RunTime:0.031200s ]
INFO: [ app_init ] --END-- [ RunTime:0.031200s ]
ERR: 无法加载模块:Public

[ 2015-03-12T09:57:27+08:00 ] 127.0.0.1 /Public/Home/rzg_images/neiye1_133.jpg
INFO: [ app_init ] --START--
INFO: Run Behavior\BuildLiteBehavior [ RunTime:0.000000s ]
INFO: Run Common\Behavior\InitHookBehavior [ RunTime:0.015600s ]
INFO: [ app_init ] --END-- [ RunTime:0.015600s ]
ERR: 无法加载模块:Public

[ 2015-03-12T10:00:06+08:00 ] 127.0.0.1 /_PUBLIC_/Home/js/jquery-1.7.2.min.js
INFO: [ app_init ] --START--
INFO: Run Behavior\BuildLiteBehavior [ RunTime:0.000000s ]
INFO: Run Common\Behavior\InitHookBehavior [ RunTime:0.015600s ]
INFO: [ app_init ] --END-- [ RunTime:0.015600s ]
ERR: 无法加载模块:_PUBLIC_

[ 2015-03-12T10:00:07+08:00 ] 127.0.0.1 /_PUBLIC_/Home/js/jquery-1.7.2.min.js
INFO: [ app_init ] --START--
INFO: Run Behavior\BuildLiteBehavior [ RunTime:0.000000s ]
INFO: Run Common\Behavior\InitHookBehavior [ RunTime:0.046800s ]
INFO: [ app_init ] --END-- [ RunTime:0.046800s ]
ERR: 无法加载模块:_PUBLIC_

[ 2015-03-12T10:00:07+08:00 ] 127.0.0.1 /Public/static/rzg_images/banks/bank_03.png
INFO: [ app_init ] --START--
INFO: Run Behavior\BuildLiteBehavior [ RunTime:0.000000s ]
INFO: Run Common\Behavior\InitHookBehavior [ RunTime:0.031200s ]
INFO: [ app_init ] --END-- [ RunTime:0.031200s ]
ERR: 无法加载模块:Public

[ 2015-03-12T10:00:08+08:00 ] 127.0.0.1 /Public/static/rzg_images/banks/bank_06.png
INFO: [ app_init ] --START--
INFO: Run Behavior\BuildLiteBehavior [ RunTime:0.000000s ]
INFO: Run Common\Behavior\InitHookBehavior [ RunTime:0.031200s ]
INFO: [ app_init ] --END-- [ RunTime:0.031200s ]
ERR: 无法加载模块:Public

[ 2015-03-12T10:00:08+08:00 ] 127.0.0.1 /Public/static/rzg_images/banks/bank_07.png
INFO: [ app_init ] --START--
INFO: Run Behavior\BuildLiteBehavior [ RunTime:0.000000s ]
INFO: Run Common\Behavior\InitHookBehavior [ RunTime:0.031200s ]
INFO: [ app_init ] --END-- [ RunTime:0.031200s ]
ERR: 无法加载模块:Public

[ 2015-03-12T10:00:08+08:00 ] 127.0.0.1 /Public/static/rzg_images/banks/bank_10.png
INFO: [ app_init ] --START--
INFO: Run Behavior\BuildLiteBehavior [ RunTime:0.000000s ]
INFO: Run Common\Behavior\InitHookBehavior [ RunTime:0.031200s ]
INFO: [ app_init ] --END-- [ RunTime:0.031200s ]
ERR: 无法加载模块:Public

[ 2015-03-12T10:00:08+08:00 ] 127.0.0.1 /Public/static/rzg_images/banks/bank_11.png
INFO: [ app_init ] --START--
INFO: Run Behavior\BuildLiteBehavior [ RunTime:0.000000s ]
INFO: Run Common\Behavior\InitHookBehavior [ RunTime:0.031200s ]
INFO: [ app_init ] --END-- [ RunTime:0.031200s ]
ERR: 无法加载模块:Public

[ 2015-03-12T10:00:08+08:00 ] 127.0.0.1 /Public/static/rzg_mages/banks/bank_15.png
INFO: [ app_init ] --START--
INFO: Run Behavior\BuildLiteBehavior [ RunTime:0.000000s ]
INFO: Run Common\Behavior\InitHookBehavior [ RunTime:0.031200s ]
INFO: [ app_init ] --END-- [ RunTime:0.031200s ]
ERR: 无法加载模块:Public

[ 2015-03-12T10:00:08+08:00 ] 127.0.0.1 /Public/static/rzg_images/banks/bank_14.png
INFO: [ app_init ] --START--
INFO: Run Behavior\BuildLiteBehavior [ RunTime:0.000000s ]
INFO: Run Common\Behavior\InitHookBehavior [ RunTime:0.031200s ]
INFO: [ app_init ] --END-- [ RunTime:0.031200s ]
ERR: 无法加载模块:Public

[ 2015-03-12T10:00:08+08:00 ] 127.0.0.1 /Public/static/rzg_images/banks/bank_20.png
INFO: [ app_init ] --START--
INFO: Run Behavior\BuildLiteBehavior [ RunTime:0.000000s ]
INFO: Run Common\Behavior\InitHookBehavior [ RunTime:0.031200s ]
INFO: [ app_init ] --END-- [ RunTime:0.031200s ]
ERR: 无法加载模块:Public

[ 2015-03-12T10:00:08+08:00 ] 127.0.0.1 /Public/static/rzg_images/banks/bank_04.png
INFO: [ app_init ] --START--
INFO: Run Behavior\BuildLiteBehavior [ RunTime:0.000000s ]
INFO: Run Common\Behavior\InitHookBehavior [ RunTime:0.015600s ]
INFO: [ app_init ] --END-- [ RunTime:0.015600s ]
ERR: 无法加载模块:Public

[ 2015-03-12T10:00:47+08:00 ] 127.0.0.1 /Public/static/rzg_images/banks/bank_04.png
INFO: [ app_init ] --START--
INFO: Run Behavior\BuildLiteBehavior [ RunTime:0.000000s ]
INFO: Run Common\Behavior\InitHookBehavior [ RunTime:0.015600s ]
INFO: [ app_init ] --END-- [ RunTime:0.015600s ]
ERR: 无法加载模块:Public

[ 2015-03-12T10:00:47+08:00 ] 127.0.0.1 /Public/static/rzg_images/banks/bank_02.png
INFO: [ app_init ] --START--
INFO: Run Behavior\BuildLiteBehavior [ RunTime:0.000000s ]
INFO: Run Common\Behavior\InitHookBehavior [ RunTime:0.015600s ]
INFO: [ app_init ] --END-- [ RunTime:0.015600s ]
ERR: 无法加载模块:Public

[ 2015-03-12T10:00:48+08:00 ] 127.0.0.1 /Public/static/rzg_images/banks/bank_08.png
INFO: [ app_init ] --START--
INFO: Run Behavior\BuildLiteBehavior [ RunTime:0.000000s ]
INFO: Run Common\Behavior\InitHookBehavior [ RunTime:0.015600s ]
INFO: [ app_init ] --END-- [ RunTime:0.015600s ]
ERR: 无法加载模块:Public

[ 2015-03-12T10:00:48+08:00 ] 127.0.0.1 /Public/static/rzg_images/banks/bank_12.png
INFO: [ app_init ] --START--
INFO: Run Behavior\BuildLiteBehavior [ RunTime:0.000000s ]
INFO: Run Common\Behavior\InitHookBehavior [ RunTime:0.031200s ]
INFO: [ app_init ] --END-- [ RunTime:0.031200s ]
ERR: 无法加载模块:Public

[ 2015-03-12T10:00:48+08:00 ] 127.0.0.1 /Public/static/rzg_images/banks/bank_09.png
INFO: [ app_init ] --START--
INFO: Run Behavior\BuildLiteBehavior [ RunTime:0.000000s ]
INFO: Run Common\Behavior\InitHookBehavior [ RunTime:0.031200s ]
INFO: [ app_init ] --END-- [ RunTime:0.031200s ]
ERR: 无法加载模块:Public

[ 2015-03-12T10:00:48+08:00 ] 127.0.0.1 /Public/static/rzg_images/banks/bank_16.png
INFO: [ app_init ] --START--
INFO: Run Behavior\BuildLiteBehavior [ RunTime:0.000000s ]
INFO: Run Common\Behavior\InitHookBehavior [ RunTime:0.015600s ]
INFO: [ app_init ] --END-- [ RunTime:0.015600s ]
ERR: 无法加载模块:Public

[ 2015-03-12T10:00:48+08:00 ] 127.0.0.1 /Public/static/rzg_images/banks/bank_19.png
INFO: [ app_init ] --START--
INFO: Run Behavior\BuildLiteBehavior [ RunTime:0.000000s ]
INFO: Run Common\Behavior\InitHookBehavior [ RunTime:0.031200s ]
INFO: [ app_init ] --END-- [ RunTime:0.031200s ]
ERR: 无法加载模块:Public

[ 2015-03-12T10:00:48+08:00 ] 127.0.0.1 /$%7Bbank.bankimage%20%7D
INFO: [ app_init ] --START--
INFO: Run Behavior\BuildLiteBehavior [ RunTime:0.000000s ]
INFO: Run Common\Behavior\InitHookBehavior [ RunTime:0.015600s ]
INFO: [ app_init ] --END-- [ RunTime:0.015600s ]
ERR: 无法加载模块:${bank

[ 2015-03-12T10:01:02+08:00 ] 127.0.0.1 /script/jquery.shove-1.0.js
INFO: [ app_init ] --START--
INFO: Run Behavior\BuildLiteBehavior [ RunTime:0.000000s ]
INFO: Run Common\Behavior\InitHookBehavior [ RunTime:0.015600s ]
INFO: [ app_init ] --END-- [ RunTime:0.015600s ]
ERR: 无法加载模块:Script

[ 2015-03-12T10:01:14+08:00 ] 127.0.0.1 /Public/static/rzg_images/banks/bank_05.png
INFO: [ app_init ] --START--
INFO: Run Behavior\BuildLiteBehavior [ RunTime:0.000000s ]
INFO: Run Common\Behavior\InitHookBehavior [ RunTime:0.031200s ]
INFO: [ app_init ] --END-- [ RunTime:0.031200s ]
ERR: 无法加载模块:Public

[ 2015-03-12T10:01:14+08:00 ] 127.0.0.1 /Public/static/rzg_images/banks/bank_03.png
INFO: [ app_init ] --START--
INFO: Run Behavior\BuildLiteBehavior [ RunTime:0.000000s ]
INFO: Run Common\Behavior\InitHookBehavior [ RunTime:0.031200s ]
INFO: [ app_init ] --END-- [ RunTime:0.031200s ]
ERR: 无法加载模块:Public

[ 2015-03-12T10:01:14+08:00 ] 127.0.0.1 /Public/static/rzg_images/banks/bank_07.png
INFO: [ app_init ] --START--
INFO: Run Behavior\BuildLiteBehavior [ RunTime:0.000000s ]
INFO: Run Common\Behavior\InitHookBehavior [ RunTime:0.031200s ]
INFO: [ app_init ] --END-- [ RunTime:0.031200s ]
ERR: 无法加载模块:Public

[ 2015-03-12T10:01:14+08:00 ] 127.0.0.1 /_PUBLIC_/Home/js/jquery-1.7.2.min.js
INFO: [ app_init ] --START--
INFO: Run Behavior\BuildLiteBehavior [ RunTime:0.000000s ]
INFO: Run Common\Behavior\InitHookBehavior [ RunTime:0.031200s ]
INFO: [ app_init ] --END-- [ RunTime:0.031200s ]
ERR: 无法加载模块:_PUBLIC_

[ 2015-03-12T10:01:14+08:00 ] 127.0.0.1 /Public/static/rzg_images/banks/bank_11.png
INFO: [ app_init ] --START--
INFO: Run Behavior\BuildLiteBehavior [ RunTime:0.000000s ]
INFO: Run Common\Behavior\InitHookBehavior [ RunTime:0.031200s ]
INFO: [ app_init ] --END-- [ RunTime:0.031200s ]
ERR: 无法加载模块:Public

[ 2015-03-12T10:01:14+08:00 ] 127.0.0.1 /Public/static/rzg_images/banks/bank_13.png
INFO: [ app_init ] --START--
INFO: Run Behavior\BuildLiteBehavior [ RunTime:0.000000s ]
INFO: Run Common\Behavior\InitHookBehavior [ RunTime:0.031200s ]
INFO: [ app_init ] --END-- [ RunTime:0.031200s ]
ERR: 无法加载模块:Public

[ 2015-03-12T10:01:14+08:00 ] 127.0.0.1 /Public/static/rzg_mages/banks/bank_15.png
INFO: [ app_init ] --START--
INFO: Run Behavior\BuildLiteBehavior [ RunTime:0.000000s ]
INFO: Run Common\Behavior\InitHookBehavior [ RunTime:0.031200s ]
INFO: [ app_init ] --END-- [ RunTime:0.031200s ]
ERR: 无法加载模块:Public

[ 2015-03-12T10:01:15+08:00 ] 127.0.0.1 /Public/static/rzg_images/banks/bank_20.png
INFO: [ app_init ] --START--
INFO: Run Behavior\BuildLiteBehavior [ RunTime:0.000000s ]
INFO: Run Common\Behavior\InitHookBehavior [ RunTime:0.015600s ]
INFO: [ app_init ] --END-- [ RunTime:0.015600s ]
ERR: 无法加载模块:Public

[ 2015-03-12T10:01:15+08:00 ] 127.0.0.1 /Public/static/rzg_images/banks/bank_19.png
INFO: [ app_init ] --START--
INFO: Run Behavior\BuildLiteBehavior [ RunTime:0.000000s ]
INFO: Run Common\Behavior\InitHookBehavior [ RunTime:0.031200s ]
INFO: [ app_init ] --END-- [ RunTime:0.031200s ]
ERR: 无法加载模块:Public

[ 2015-03-12T10:01:15+08:00 ] 127.0.0.1 /Public/static/rzg_images/banks/bank_05.png
INFO: [ app_init ] --START--
INFO: Run Behavior\BuildLiteBehavior [ RunTime:0.000000s ]
INFO: Run Common\Behavior\InitHookBehavior [ RunTime:0.015600s ]
INFO: [ app_init ] --END-- [ RunTime:0.015600s ]
ERR: 无法加载模块:Public

[ 2015-03-12T10:01:15+08:00 ] 127.0.0.1 /Public/static/rzg_images/banks/bank_06.png
INFO: [ app_init ] --START--
INFO: Run Behavior\BuildLiteBehavior [ RunTime:0.000000s ]
INFO: Run Common\Behavior\InitHookBehavior [ RunTime:0.015600s ]
INFO: [ app_init ] --END-- [ RunTime:0.015600s ]
ERR: 无法加载模块:Public

[ 2015-03-12T10:01:15+08:00 ] 127.0.0.1 /Public/Home/rzg_images/neiye1_133.jpg
INFO: [ app_init ] --START--
INFO: Run Behavior\BuildLiteBehavior [ RunTime:0.000000s ]
INFO: Run Common\Behavior\InitHookBehavior [ RunTime:0.015600s ]
INFO: [ app_init ] --END-- [ RunTime:0.015600s ]
ERR: 无法加载模块:Public

[ 2015-03-12T10:01:16+08:00 ] 127.0.0.1 /script/jquery-1.7.1.min.js
INFO: [ app_init ] --START--
INFO: Run Behavior\BuildLiteBehavior [ RunTime:0.000000s ]
INFO: Run Common\Behavior\InitHookBehavior [ RunTime:0.031200s ]
INFO: [ app_init ] --END-- [ RunTime:0.031200s ]
ERR: 无法加载模块:Script

[ 2015-03-12T10:05:04+08:00 ] 127.0.0.1 /script/jquery.shove-1.0.js
INFO: [ app_init ] --START--
INFO: Run Behavior\BuildLiteBehavior [ RunTime:0.000000s ]
INFO: Run Common\Behavior\InitHookBehavior [ RunTime:0.031200s ]
INFO: [ app_init ] --END-- [ RunTime:0.031200s ]
ERR: 无法加载模块:Script

[ 2015-03-12T10:05:06+08:00 ] 127.0.0.1 /script/nav-zh.js
INFO: [ app_init ] --START--
INFO: Run Behavior\BuildLiteBehavior [ RunTime:0.000000s ]
INFO: Run Common\Behavior\InitHookBehavior [ RunTime:0.031200s ]
INFO: [ app_init ] --END-- [ RunTime:0.031200s ]
ERR: 无法加载模块:Script

[ 2015-03-12T10:17:31+08:00 ] 127.0.0.1 /script/nav-zh.js
INFO: [ app_init ] --START--
INFO: Run Behavior\BuildLiteBehavior [ RunTime:0.000000s ]
INFO: Run Common\Behavior\InitHookBehavior [ RunTime:0.031200s ]
INFO: [ app_init ] --END-- [ RunTime:0.031200s ]
ERR: 无法加载模块:Script

[ 2015-03-12T10:17:31+08:00 ] 127.0.0.1 /$%7Bpath%7D/script/jquery-1.7.1.min.js
INFO: [ app_init ] --START--
INFO: Run Behavior\BuildLiteBehavior [ RunTime:0.000000s ]
INFO: Run Common\Behavior\InitHookBehavior [ RunTime:0.015600s ]
INFO: [ app_init ] --END-- [ RunTime:0.015600s ]
ERR: 无法加载模块:${path}

[ 2015-03-12T10:17:31+08:00 ] 127.0.0.1 /script/jquery.shove-1.0.js
INFO: [ app_init ] --START--
INFO: Run Behavior\BuildLiteBehavior [ RunTime:0.000000s ]
INFO: Run Common\Behavior\InitHookBehavior [ RunTime:0.015600s ]
INFO: [ app_init ] --END-- [ RunTime:0.015600s ]
ERR: 无法加载模块:Script

[ 2015-03-12T10:17:40+08:00 ] 127.0.0.1 /_PUBLIC_/Home/js/jquery-1.7.2.min.js
INFO: [ app_init ] --START--
INFO: Run Behavior\BuildLiteBehavior [ RunTime:0.000000s ]
INFO: Run Common\Behavior\InitHookBehavior [ RunTime:0.015600s ]
INFO: [ app_init ] --END-- [ RunTime:0.015600s ]
ERR: 无法加载模块:_PUBLIC_

[ 2015-03-12T10:17:40+08:00 ] 127.0.0.1 /script/nav-zh.js
INFO: [ app_init ] --START--
INFO: Run Behavior\BuildLiteBehavior [ RunTime:0.000000s ]
INFO: Run Common\Behavior\InitHookBehavior [ RunTime:0.015600s ]
INFO: [ app_init ] --END-- [ RunTime:0.015600s ]
ERR: 无法加载模块:Script

[ 2015-03-12T10:17:40+08:00 ] 127.0.0.1 /_PUBLIC_/Home/js/jquery-1.7.2.min.js
INFO: [ app_init ] --START--
INFO: Run Behavior\BuildLiteBehavior [ RunTime:0.000000s ]
INFO: Run Common\Behavior\InitHookBehavior [ RunTime:0.000000s ]
INFO: [ app_init ] --END-- [ RunTime:0.000000s ]
ERR: 无法加载模块:_PUBLIC_

[ 2015-03-12T10:17:40+08:00 ] 127.0.0.1 /Public/Home/rzg_images/neiye1_133.jpg
INFO: [ app_init ] --START--
INFO: Run Behavior\BuildLiteBehavior [ RunTime:0.000000s ]
INFO: Run Common\Behavior\InitHookBehavior [ RunTime:0.015600s ]
INFO: [ app_init ] --END-- [ RunTime:0.015600s ]
ERR: 无法加载模块:Public

[ 2015-03-12T10:19:47+08:00 ] 127.0.0.1 /_PUBLIC_/Home/js/jquery-1.7.2.min.js
INFO: [ app_init ] --START--
INFO: Run Behavior\BuildLiteBehavior [ RunTime:0.000000s ]
INFO: Run Common\Behavior\InitHookBehavior [ RunTime:0.015600s ]
INFO: [ app_init ] --END-- [ RunTime:0.015600s ]
ERR: 无法加载模块:_PUBLIC_

[ 2015-03-12T10:19:49+08:00 ] 127.0.0.1 /_PUBLIC_/Home/js/jquery-1.7.2.min.js
INFO: [ app_init ] --START--
INFO: Run Behavior\BuildLiteBehavior [ RunTime:0.000000s ]
INFO: Run Common\Behavior\InitHookBehavior [ RunTime:0.031200s ]
INFO: [ app_init ] --END-- [ RunTime:0.031200s ]
ERR: 无法加载模块:_PUBLIC_

[ 2015-03-12T10:19:49+08:00 ] 127.0.0.1 /script/nav-zh.js
INFO: [ app_init ] --START--
INFO: Run Behavior\BuildLiteBehavior [ RunTime:0.000000s ]
INFO: Run Common\Behavior\InitHookBehavior [ RunTime:0.015600s ]
INFO: [ app_init ] --END-- [ RunTime:0.015600s ]
ERR: 无法加载模块:Script

[ 2015-03-12T10:19:49+08:00 ] 127.0.0.1 /css/popom.js
INFO: [ app_init ] --START--
INFO: Run Behavior\BuildLiteBehavior [ RunTime:0.000000s ]
INFO: Run Common\Behavior\InitHookBehavior [ RunTime:0.031200s ]
INFO: [ app_init ] --END-- [ RunTime:0.031200s ]
ERR: 无法加载模块:Css

[ 2015-03-12T10:19:49+08:00 ] 127.0.0.1 /_PUBLIC_/Home/js/jquery-1.7.2.min.js
INFO: [ app_init ] --START--
INFO: Run Behavior\BuildLiteBehavior [ RunTime:0.000000s ]
INFO: Run Common\Behavior\InitHookBehavior [ RunTime:0.015600s ]
INFO: [ app_init ] --END-- [ RunTime:0.015600s ]
ERR: 无法加载模块:_PUBLIC_

[ 2015-03-12T10:19:49+08:00 ] 127.0.0.1 /$%7Bpath%7D/script/jquery-1.7.1.min.js
INFO: [ app_init ] --START--
INFO: Run Behavior\BuildLiteBehavior [ RunTime:0.000000s ]
INFO: Run Common\Behavior\InitHookBehavior [ RunTime:0.015600s ]
INFO: [ app_init ] --END-- [ RunTime:0.015600s ]
ERR: 无法加载模块:${path}

[ 2015-03-12T10:19:49+08:00 ] 127.0.0.1 /script/jquery.shove-1.0.js
INFO: [ app_init ] --START--
INFO: Run Behavior\BuildLiteBehavior [ RunTime:0.000000s ]
INFO: Run Common\Behavior\InitHookBehavior [ RunTime:0.000000s ]
INFO: [ app_init ] --END-- [ RunTime:0.000000s ]
ERR: 无法加载模块:Script

[ 2015-03-12T10:19:50+08:00 ] 127.0.0.1 /css/popom.js
INFO: [ app_init ] --START--
INFO: Run Behavior\BuildLiteBehavior [ RunTime:0.000000s ]
INFO: Run Common\Behavior\InitHookBehavior [ RunTime:0.015600s ]
INFO: [ app_init ] --END-- [ RunTime:0.015600s ]
ERR: 无法加载模块:Css

[ 2015-03-12T10:26:12+08:00 ] 127.0.0.1 /script/nav-zh.js
INFO: [ app_init ] --START--
INFO: Run Behavior\BuildLiteBehavior [ RunTime:0.000000s ]
INFO: Run Common\Behavior\InitHookBehavior [ RunTime:0.015600s ]
INFO: [ app_init ] --END-- [ RunTime:0.015600s ]
ERR: 无法加载模块:Script

[ 2015-03-12T10:26:12+08:00 ] 127.0.0.1 /$%7Bpath%7D/script/jquery-1.7.1.min.js
INFO: [ app_init ] --START--
INFO: Run Behavior\BuildLiteBehavior [ RunTime:0.000000s ]
INFO: Run Common\Behavior\InitHookBehavior [ RunTime:0.046800s ]
INFO: [ app_init ] --END-- [ RunTime:0.046800s ]
ERR: 无法加载模块:${path}

[ 2015-03-12T10:26:12+08:00 ] 127.0.0.1 /script/jquery.shove-1.0.js
INFO: [ app_init ] --START--
INFO: Run Behavior\BuildLiteBehavior [ RunTime:0.000000s ]
INFO: Run Common\Behavior\InitHookBehavior [ RunTime:0.015600s ]
INFO: [ app_init ] --END-- [ RunTime:0.015600s ]
ERR: 无法加载模块:Script

[ 2015-03-12T10:26:12+08:00 ] 127.0.0.1 /$%7Bpath%7D/script/jquery-1.7.1.min.js
INFO: [ app_init ] --START--
INFO: Run Behavior\BuildLiteBehavior [ RunTime:0.000000s ]
INFO: Run Common\Behavior\InitHookBehavior [ RunTime:0.015600s ]
INFO: [ app_init ] --END-- [ RunTime:0.015600s ]
ERR: 无法加载模块:${path}

[ 2015-03-12T10:26:12+08:00 ] 127.0.0.1 /script/jquery.shove-1.0.js
INFO: [ app_init ] --START--
INFO: Run Behavior\BuildLiteBehavior [ RunTime:0.000000s ]
INFO: Run Common\Behavior\InitHookBehavior [ RunTime:0.015600s ]
INFO: [ app_init ] --END-- [ RunTime:0.015600s ]
ERR: 无法加载模块:Script

[ 2015-03-12T10:26:13+08:00 ] 127.0.0.1 /script/nav-zh.js
INFO: [ app_init ] --START--
INFO: Run Behavior\BuildLiteBehavior [ RunTime:0.000000s ]
INFO: Run Common\Behavior\InitHookBehavior [ RunTime:0.015600s ]
INFO: [ app_init ] --END-- [ RunTime:0.015600s ]
ERR: 无法加载模块:Script

[ 2015-03-12T10:26:13+08:00 ] 127.0.0.1 /css/popom.js
INFO: [ app_init ] --START--
INFO: Run Behavior\BuildLiteBehavior [ RunTime:0.000000s ]
INFO: Run Common\Behavior\InitHookBehavior [ RunTime:0.000000s ]
INFO: [ app_init ] --END-- [ RunTime:0.000000s ]
ERR: 无法加载模块:Css

[ 2015-03-12T10:26:47+08:00 ] 127.0.0.1 /script/jquery.shove-1.0.js
INFO: [ app_init ] --START--
INFO: Run Behavior\BuildLiteBehavior [ RunTime:0.000000s ]
INFO: Run Common\Behavior\InitHookBehavior [ RunTime:0.015600s ]
INFO: [ app_init ] --END-- [ RunTime:0.015600s ]
ERR: 无法加载模块:Script

[ 2015-03-12T10:26:47+08:00 ] 127.0.0.1 /script/nav-zh.js
INFO: [ app_init ] --START--
INFO: Run Behavior\BuildLiteBehavior [ RunTime:0.000000s ]
INFO: Run Common\Behavior\InitHookBehavior [ RunTime:0.046800s ]
INFO: [ app_init ] --END-- [ RunTime:0.046800s ]
ERR: 无法加载模块:Script

[ 2015-03-12T10:26:47+08:00 ] 127.0.0.1 /css/popom.js
INFO: [ app_init ] --START--
INFO: Run Behavior\BuildLiteBehavior [ RunTime:0.000000s ]
INFO: Run Common\Behavior\InitHookBehavior [ RunTime:0.000000s ]
INFO: [ app_init ] --END-- [ RunTime:0.000000s ]
ERR: 无法加载模块:Css

[ 2015-03-12T10:26:47+08:00 ] 127.0.0.1 /_PUBLIC_/Home/js/jquery-1.7.2.min.js
INFO: [ app_init ] --START--
INFO: Run Behavior\BuildLiteBehavior [ RunTime:0.000000s ]
INFO: Run Common\Behavior\InitHookBehavior [ RunTime:0.000000s ]
INFO: [ app_init ] --END-- [ RunTime:0.000000s ]
ERR: 无法加载模块:_PUBLIC_

[ 2015-03-12T10:26:47+08:00 ] 127.0.0.1 /Public/Home/rzg_images/neiye1_133.jpg
INFO: [ app_init ] --START--
INFO: Run Behavior\BuildLiteBehavior [ RunTime:0.000000s ]
INFO: Run Common\Behavior\InitHookBehavior [ RunTime:0.000000s ]
INFO: [ app_init ] --END-- [ RunTime:0.000000s ]
ERR: 无法加载模块:Public

[ 2015-03-12T10:27:27+08:00 ] 127.0.0.1 /script/nav-zh.js
INFO: [ app_init ] --START--
INFO: Run Behavior\BuildLiteBehavior [ RunTime:0.000000s ]
INFO: Run Common\Behavior\InitHookBehavior [ RunTime:0.031200s ]
INFO: [ app_init ] --END-- [ RunTime:0.031200s ]
ERR: 无法加载模块:Script

[ 2015-03-12T10:27:27+08:00 ] 127.0.0.1 /css/popom.js
INFO: [ app_init ] --START--
INFO: Run Behavior\BuildLiteBehavior [ RunTime:0.000000s ]
INFO: Run Common\Behavior\InitHookBehavior [ RunTime:0.015600s ]
INFO: [ app_init ] --END-- [ RunTime:0.015600s ]
ERR: 无法加载模块:Css

[ 2015-03-12T10:27:27+08:00 ] 127.0.0.1 /_PUBLIC_/Home/js/jquery-1.7.2.min.js
INFO: [ app_init ] --START--
INFO: Run Behavior\BuildLiteBehavior [ RunTime:0.000000s ]
INFO: Run Common\Behavior\InitHookBehavior [ RunTime:0.046800s ]
INFO: [ app_init ] --END-- [ RunTime:0.046800s ]
ERR: 无法加载模块:_PUBLIC_

[ 2015-03-12T10:27:27+08:00 ] 127.0.0.1 /script/jquery.shove-1.0.js
INFO: [ app_init ] --START--
INFO: Run Behavior\BuildLiteBehavior [ RunTime:0.000000s ]
INFO: Run Common\Behavior\InitHookBehavior [ RunTime:0.015600s ]
INFO: [ app_init ] --END-- [ RunTime:0.015600s ]
ERR: 无法加载模块:Script

[ 2015-03-12T10:27:28+08:00 ] 127.0.0.1 /Public/Home/rzg_images/neiye1_133.jpg
INFO: [ app_init ] --START--
INFO: Run Behavior\BuildLiteBehavior [ RunTime:0.000000s ]
INFO: Run Common\Behavior\InitHookBehavior [ RunTime:0.000000s ]
INFO: [ app_init ] --END-- [ RunTime:0.000000s ]
ERR: 无法加载模块:Public

[ 2015-03-12T10:27:28+08:00 ] 127.0.0.1 /script/jquery.shove-1.0.js
INFO: [ app_init ] --START--
INFO: Run Behavior\BuildLiteBehavior [ RunTime:0.000000s ]
INFO: Run Common\Behavior\InitHookBehavior [ RunTime:0.015600s ]
INFO: [ app_init ] --END-- [ RunTime:0.015600s ]
ERR: 无法加载模块:Script

[ 2015-03-12T10:27:28+08:00 ] 127.0.0.1 /script/nav-zh.js
INFO: [ app_init ] --START--
INFO: Run Behavior\BuildLiteBehavior [ RunTime:0.000000s ]
INFO: Run Common\Behavior\InitHookBehavior [ RunTime:0.000000s ]
INFO: [ app_init ] --END-- [ RunTime:0.000000s ]
ERR: 无法加载模块:Script

[ 2015-03-12T10:27:28+08:00 ] 127.0.0.1 /css/popom.js
INFO: [ app_init ] --START--
INFO: Run Behavior\BuildLiteBehavior [ RunTime:0.000000s ]
INFO: Run Common\Behavior\InitHookBehavior [ RunTime:0.015600s ]
INFO: [ app_init ] --END-- [ RunTime:0.015600s ]
ERR: 无法加载模块:Css

[ 2015-03-12T10:28:32+08:00 ] 127.0.0.1 /_PUBLIC_/Home/js/jquery-1.7.2.min.js
INFO: [ app_init ] --START--
INFO: Run Behavior\BuildLiteBehavior [ RunTime:0.000000s ]
INFO: Run Common\Behavior\InitHookBehavior [ RunTime:0.046800s ]
INFO: [ app_init ] --END-- [ RunTime:0.046800s ]
ERR: 无法加载模块:_PUBLIC_

[ 2015-03-12T10:28:32+08:00 ] 127.0.0.1 /css/popom.js
INFO: [ app_init ] --START--
INFO: Run Behavior\BuildLiteBehavior [ RunTime:0.000000s ]
INFO: Run Common\Behavior\InitHookBehavior [ RunTime:0.031200s ]
INFO: [ app_init ] --END-- [ RunTime:0.031200s ]
ERR: 无法加载模块:Css

[ 2015-03-12T10:28:32+08:00 ] 127.0.0.1 /script/jquery.shove-1.0.js
INFO: [ app_init ] --START--
INFO: Run Behavior\BuildLiteBehavior [ RunTime:0.000000s ]
INFO: Run Common\Behavior\InitHookBehavior [ RunTime:0.031200s ]
INFO: [ app_init ] --END-- [ RunTime:0.031200s ]
ERR: 无法加载模块:Script

[ 2015-03-12T10:28:32+08:00 ] 127.0.0.1 /$%7Bpath%7D/script/jquery-1.7.1.min.js
INFO: [ app_init ] --START--
INFO: Run Behavior\BuildLiteBehavior [ RunTime:0.000000s ]
INFO: Run Common\Behavior\InitHookBehavior [ RunTime:0.015600s ]
INFO: [ app_init ] --END-- [ RunTime:0.015600s ]
ERR: 无法加载模块:${path}

[ 2015-03-12T10:28:32+08:00 ] 127.0.0.1 /Public/Home/rzg_images/neiye1_133.jpg
INFO: [ app_init ] --START--
INFO: Run Behavior\BuildLiteBehavior [ RunTime:0.000000s ]
INFO: Run Common\Behavior\InitHookBehavior [ RunTime:0.015600s ]
INFO: [ app_init ] --END-- [ RunTime:0.015600s ]
ERR: 无法加载模块:Public

[ 2015-03-12T10:29:17+08:00 ] 127.0.0.1 /script/nav-zh.js
INFO: [ app_init ] --START--
INFO: Run Behavior\BuildLiteBehavior [ RunTime:0.000000s ]
INFO: Run Common\Behavior\InitHookBehavior [ RunTime:0.046800s ]
INFO: [ app_init ] --END-- [ RunTime:0.046800s ]
ERR: 无法加载模块:Script

[ 2015-03-12T10:29:17+08:00 ] 127.0.0.1 /_PUBLIC_/Home/js/jquery-1.7.2.min.js
INFO: [ app_init ] --START--
INFO: Run Behavior\BuildLiteBehavior [ RunTime:0.000000s ]
INFO: Run Common\Behavior\InitHookBehavior [ RunTime:0.046800s ]
INFO: [ app_init ] --END-- [ RunTime:0.046800s ]
ERR: 无法加载模块:_PUBLIC_

[ 2015-03-12T10:29:17+08:00 ] 127.0.0.1 /css/popom.js
INFO: [ app_init ] --START--
INFO: Run Behavior\BuildLiteBehavior [ RunTime:0.000000s ]
INFO: Run Common\Behavior\InitHookBehavior [ RunTime:0.015600s ]
INFO: [ app_init ] --END-- [ RunTime:0.015600s ]
ERR: 无法加载模块:Css

[ 2015-03-12T10:29:17+08:00 ] 127.0.0.1 /script/jquery.shove-1.0.js
INFO: [ app_init ] --START--
INFO: Run Behavior\BuildLiteBehavior [ RunTime:0.000000s ]
INFO: Run Common\Behavior\InitHookBehavior [ RunTime:0.000000s ]
INFO: [ app_init ] --END-- [ RunTime:0.000000s ]
ERR: 无法加载模块:Script

[ 2015-03-12T10:29:17+08:00 ] 127.0.0.1 /$%7Bpath%7D/script/jquery-1.7.1.min.js
INFO: [ app_init ] --START--
INFO: Run Behavior\BuildLiteBehavior [ RunTime:0.000000s ]
INFO: Run Common\Behavior\InitHookBehavior [ RunTime:0.015600s ]
INFO: [ app_init ] --END-- [ RunTime:0.015600s ]
ERR: 无法加载模块:${path}

[ 2015-03-12T10:29:17+08:00 ] 127.0.0.1 /Public/Home/rzg_images/neiye1_133.jpg
INFO: [ app_init ] --START--
INFO: Run Behavior\BuildLiteBehavior [ RunTime:0.000000s ]
INFO: Run Common\Behavior\InitHookBehavior [ RunTime:0.015600s ]
INFO: [ app_init ] --END-- [ RunTime:0.015600s ]
ERR: 无法加载模块:Public

[ 2015-03-12T10:29:17+08:00 ] 127.0.0.1 /script/jquery.shove-1.0.js
INFO: [ app_init ] --START--
INFO: Run Behavior\BuildLiteBehavior [ RunTime:0.000000s ]
INFO: Run Common\Behavior\InitHookBehavior [ RunTime:0.015600s ]
INFO: [ app_init ] --END-- [ RunTime:0.015600s ]
ERR: 无法加载模块:Script

[ 2015-03-12T10:29:17+08:00 ] 127.0.0.1 /script/nav-zh.js
INFO: [ app_init ] --START--
INFO: Run Behavior\BuildLiteBehavior [ RunTime:0.000000s ]
INFO: Run Common\Behavior\InitHookBehavior [ RunTime:0.015600s ]
INFO: [ app_init ] --END-- [ RunTime:0.015600s ]
ERR: 无法加载模块:Script

[ 2015-03-12T10:29:17+08:00 ] 127.0.0.1 /css/popom.js
INFO: [ app_init ] --START--
INFO: Run Behavior\BuildLiteBehavior [ RunTime:0.000000s ]
INFO: Run Common\Behavior\InitHookBehavior [ RunTime:0.000000s ]
INFO: [ app_init ] --END-- [ RunTime:0.000000s ]
ERR: 无法加载模块:Css

[ 2015-03-12T10:55:24+08:00 ] 127.0.0.1 /favicon.ico
INFO: [ app_init ] --START--
INFO: Run Behavior\BuildLiteBehavior [ RunTime:0.000000s ]
INFO: Run Common\Behavior\InitHookBehavior [ RunTime:0.010000s ]
INFO: [ app_init ] --END-- [ RunTime:0.010000s ]
ERR: 无法加载模块:Favicon

[ 2015-03-12T11:26:22+08:00 ] 127.0.0.1 /$%7Bpath%7D/script/jquery-1.7.1.min.js
INFO: [ app_init ] --START--
INFO: Run Behavior\BuildLiteBehavior [ RunTime:0.000000s ]
INFO: Run Common\Behavior\InitHookBehavior [ RunTime:0.031200s ]
INFO: [ app_init ] --END-- [ RunTime:0.031200s ]
ERR: 无法加载模块:${path}

[ 2015-03-12T11:26:22+08:00 ] 127.0.0.1 /_PUBLIC_/Home/js/jquery-1.7.2.min.js
INFO: [ app_init ] --START--
INFO: Run Behavior\BuildLiteBehavior [ RunTime:0.000000s ]
INFO: Run Common\Behavior\InitHookBehavior [ RunTime:0.046800s ]
INFO: [ app_init ] --END-- [ RunTime:0.046800s ]
ERR: 无法加载模块:_PUBLIC_

[ 2015-03-12T11:26:23+08:00 ] 127.0.0.1 /Public/Home/rzg_images/neiye1_133.jpg
INFO: [ app_init ] --START--
INFO: Run Behavior\BuildLiteBehavior [ RunTime:0.000000s ]
INFO: Run Common\Behavior\InitHookBehavior [ RunTime:0.000000s ]
INFO: [ app_init ] --END-- [ RunTime:0.000000s ]
ERR: 无法加载模块:Public

[ 2015-03-12T11:28:56+08:00 ] 127.0.0.1 /_PUBLIC_/Home/js/jquery-1.7.2.min.js
INFO: [ app_init ] --START--
INFO: Run Behavior\BuildLiteBehavior [ RunTime:0.000000s ]
INFO: Run Common\Behavior\InitHookBehavior [ RunTime:0.015600s ]
INFO: [ app_init ] --END-- [ RunTime:0.015600s ]
ERR: 无法加载模块:_PUBLIC_

[ 2015-03-12T11:35:12+08:00 ] 127.0.0.1 /$%7Bpath%7D/script/jquery-1.7.1.min.js
INFO: [ app_init ] --START--
INFO: Run Behavior\BuildLiteBehavior [ RunTime:0.000000s ]
INFO: Run Common\Behavior\InitHookBehavior [ RunTime:0.015600s ]
INFO: [ app_init ] --END-- [ RunTime:0.015600s ]
ERR: 无法加载模块:${path}

[ 2015-03-12T11:35:12+08:00 ] 127.0.0.1 /Public/Home/rzg_images/neiye1_133.jpg
INFO: [ app_init ] --START--
INFO: Run Behavior\BuildLiteBehavior [ RunTime:0.000000s ]
INFO: Run Common\Behavior\InitHookBehavior [ RunTime:0.015600s ]
INFO: [ app_init ] --END-- [ RunTime:0.015600s ]
ERR: 无法加载模块:Public

[ 2015-03-12T11:52:21+08:00 ] 127.0.0.1 /_PUBLIC_/Home/js/jquery-1.7.2.min.js
INFO: [ app_init ] --START--
INFO: Run Behavior\BuildLiteBehavior [ RunTime:0.000000s ]
INFO: Run Common\Behavior\InitHookBehavior [ RunTime:0.015600s ]
INFO: [ app_init ] --END-- [ RunTime:0.015600s ]
ERR: 无法加载模块:_PUBLIC_

[ 2015-03-12T11:52:21+08:00 ] 127.0.0.1 /_PUBLIC_/Home/js/jquery-1.7.2.min.js
INFO: [ app_init ] --START--
INFO: Run Behavior\BuildLiteBehavior [ RunTime:0.000000s ]
INFO: Run Common\Behavior\InitHookBehavior [ RunTime:0.021601s ]
INFO: [ app_init ] --END-- [ RunTime:0.021601s ]
ERR: 无法加载模块:_PUBLIC_

[ 2015-03-12T11:52:25+08:00 ] 127.0.0.1 /_PUBLIC_/Home/js/jquery-1.7.2.min.js
INFO: [ app_init ] --START--
INFO: Run Behavior\BuildLiteBehavior [ RunTime:0.000000s ]
INFO: Run Common\Behavior\InitHookBehavior [ RunTime:0.015600s ]
INFO: [ app_init ] --END-- [ RunTime:0.015600s ]
ERR: 无法加载模块:_PUBLIC_

[ 2015-03-12T11:52:25+08:00 ] 127.0.0.1 /_PUBLIC_/Home/js/jquery-1.7.2.min.js
INFO: [ app_init ] --START--
INFO: Run Behavior\BuildLiteBehavior [ RunTime:0.000000s ]
INFO: Run Common\Behavior\InitHookBehavior [ RunTime:0.017600s ]
INFO: [ app_init ] --END-- [ RunTime:0.017600s ]
ERR: 无法加载模块:_PUBLIC_

[ 2015-03-12T11:53:37+08:00 ] 127.0.0.1 /_PUBLIC_/Home/js/jquery-1.7.2.min.js
INFO: [ app_init ] --START--
INFO: Run Behavior\BuildLiteBehavior [ RunTime:0.000000s ]
INFO: Run Common\Behavior\InitHookBehavior [ RunTime:0.015600s ]
INFO: [ app_init ] --END-- [ RunTime:0.015600s ]
ERR: 无法加载模块:_PUBLIC_

[ 2015-03-12T11:53:47+08:00 ] 127.0.0.1 /_PUBLIC_/Home/js/jquery-1.7.2.min.js
INFO: [ app_init ] --START--
INFO: Run Behavior\BuildLiteBehavior [ RunTime:0.000000s ]
INFO: Run Common\Behavior\InitHookBehavior [ RunTime:0.008001s ]
INFO: [ app_init ] --END-- [ RunTime:0.008001s ]
ERR: 无法加载模块:_PUBLIC_

[ 2015-03-12T11:54:16+08:00 ] 127.0.0.1 /script/jquery-1.7.1.min.js
INFO: [ app_init ] --START--
INFO: Run Behavior\BuildLiteBehavior [ RunTime:0.000000s ]
INFO: Run Common\Behavior\InitHookBehavior [ RunTime:0.015600s ]
INFO: [ app_init ] --END-- [ RunTime:0.015600s ]
ERR: 无法加载模块:Script

[ 2015-03-12T11:54:19+08:00 ] 127.0.0.1 /_PUBLIC_/Home/js/jquery-1.7.2.min.js
INFO: [ app_init ] --START--
INFO: Run Behavior\BuildLiteBehavior [ RunTime:0.000000s ]
INFO: Run Common\Behavior\InitHookBehavior [ RunTime:0.020601s ]
INFO: [ app_init ] --END-- [ RunTime:0.020601s ]
ERR: 无法加载模块:_PUBLIC_

[ 2015-03-12T11:54:19+08:00 ] 127.0.0.1 /script/nav-zh.js
INFO: [ app_init ] --START--
INFO: Run Behavior\BuildLiteBehavior [ RunTime:0.000000s ]
INFO: Run Common\Behavior\InitHookBehavior [ RunTime:0.015600s ]
INFO: [ app_init ] --END-- [ RunTime:0.015600s ]
ERR: 无法加载模块:Script

[ 2015-03-12T11:58:10+08:00 ] 127.0.0.1 /_PUBLIC_/Home/js/jquery-1.7.2.min.js
INFO: [ app_init ] --START--
INFO: Run Behavior\BuildLiteBehavior [ RunTime:0.000000s ]
INFO: Run Common\Behavior\InitHookBehavior [ RunTime:0.016600s ]
INFO: [ app_init ] --END-- [ RunTime:0.016600s ]
ERR: 无法加载模块:_PUBLIC_

[ 2015-03-12T11:58:10+08:00 ] 127.0.0.1 /_PUBLIC_/Home/js/jquery-1.7.2.min.js
INFO: [ app_init ] --START--
INFO: Run Behavior\BuildLiteBehavior [ RunTime:0.000000s ]
INFO: Run Common\Behavior\InitHookBehavior [ RunTime:0.015600s ]
INFO: [ app_init ] --END-- [ RunTime:0.015600s ]
ERR: 无法加载模块:_PUBLIC_

[ 2015-03-12T11:58:12+08:00 ] 127.0.0.1 /_PUBLIC_/Home/js/jquery-1.7.2.min.js
INFO: [ app_init ] --START--
INFO: Run Behavior\BuildLiteBehavior [ RunTime:0.000000s ]
INFO: Run Common\Behavior\InitHookBehavior [ RunTime:0.017600s ]
INFO: [ app_init ] --END-- [ RunTime:0.017600s ]
ERR: 无法加载模块:_PUBLIC_

[ 2015-03-12T11:58:12+08:00 ] 127.0.0.1 /_PUBLIC_/Home/js/jquery-1.7.2.min.js
INFO: [ app_init ] --START--
INFO: Run Behavior\BuildLiteBehavior [ RunTime:0.000000s ]
INFO: Run Common\Behavior\InitHookBehavior [ RunTime:0.010000s ]
INFO: [ app_init ] --END-- [ RunTime:0.010000s ]
ERR: 无法加载模块:_PUBLIC_

[ 2015-03-12T11:58:14+08:00 ] 127.0.0.1 /$%7Bpath%7D/script/jquery-1.7.1.min.js
INFO: [ app_init ] --START--
INFO: Run Behavior\BuildLiteBehavior [ RunTime:0.000000s ]
INFO: Run Common\Behavior\InitHookBehavior [ RunTime:0.018001s ]
INFO: [ app_init ] --END-- [ RunTime:0.019001s ]
ERR: 无法加载模块:${path}

[ 2015-03-12T11:58:14+08:00 ] 127.0.0.1 /_PUBLIC_/Home/js/jquery-1.7.2.min.js
INFO: [ app_init ] --START--
INFO: Run Behavior\BuildLiteBehavior [ RunTime:0.000000s ]
INFO: Run Common\Behavior\InitHookBehavior [ RunTime:0.000000s ]
INFO: [ app_init ] --END-- [ RunTime:0.000000s ]
ERR: 无法加载模块:_PUBLIC_

[ 2015-03-12T11:58:14+08:00 ] 127.0.0.1 /$%7Bpath%7D/script/jquery-1.7.1.min.js
INFO: [ app_init ] --START--
INFO: Run Behavior\BuildLiteBehavior [ RunTime:0.000000s ]
INFO: Run Common\Behavior\InitHookBehavior [ RunTime:0.016600s ]
INFO: [ app_init ] --END-- [ RunTime:0.016600s ]
ERR: 无法加载模块:${path}

[ 2015-03-12T11:58:14+08:00 ] 127.0.0.1 /Public/Home/rzg_images/neiye1_133.jpg
INFO: [ app_init ] --START--
INFO: Run Behavior\BuildLiteBehavior [ RunTime:0.000000s ]
INFO: Run Common\Behavior\InitHookBehavior [ RunTime:0.015600s ]
INFO: [ app_init ] --END-- [ RunTime:0.015600s ]
ERR: 无法加载模块:Public

[ 2015-03-12T11:58:14+08:00 ] 127.0.0.1 /script/jquery.shove-1.0.js
INFO: [ app_init ] --START--
INFO: Run Behavior\BuildLiteBehavior [ RunTime:0.000000s ]
INFO: Run Common\Behavior\InitHookBehavior [ RunTime:0.015600s ]
INFO: [ app_init ] --END-- [ RunTime:0.015600s ]
ERR: 无法加载模块:Script

[ 2015-03-12T11:58:15+08:00 ] 127.0.0.1 /script/nav-zh.js
INFO: [ app_init ] --START--
INFO: Run Behavior\BuildLiteBehavior [ RunTime:0.000000s ]
INFO: Run Common\Behavior\InitHookBehavior [ RunTime:0.018600s ]
INFO: [ app_init ] --END-- [ RunTime:0.018600s ]
ERR: 无法加载模块:Script

[ 2015-03-12T11:58:15+08:00 ] 127.0.0.1 /css/popom.js
INFO: [ app_init ] --START--
INFO: Run Behavior\BuildLiteBehavior [ RunTime:0.000000s ]
INFO: Run Common\Behavior\InitHookBehavior [ RunTime:0.012001s ]
INFO: [ app_init ] --END-- [ RunTime:0.012001s ]
ERR: 无法加载模块:Css

[ 2015-03-12T11:59:41+08:00 ] 127.0.0.1 /_PUBLIC_/Home/js/jquery-1.7.2.min.js
INFO: [ app_init ] --START--
INFO: Run Behavior\BuildLiteBehavior [ RunTime:0.000000s ]
INFO: Run Common\Behavior\InitHookBehavior [ RunTime:0.017600s ]
INFO: [ app_init ] --END-- [ RunTime:0.017600s ]
ERR: 无法加载模块:_PUBLIC_

[ 2015-03-12T11:59:41+08:00 ] 127.0.0.1 /_PUBLIC_/Home/js/jquery-1.7.2.min.js
INFO: [ app_init ] --START--
INFO: Run Behavior\BuildLiteBehavior [ RunTime:0.000000s ]
INFO: Run Common\Behavior\InitHookBehavior [ RunTime:0.015600s ]
INFO: [ app_init ] --END-- [ RunTime:0.015600s ]
ERR: 无法加载模块:_PUBLIC_

[ 2015-03-12T11:59:42+08:00 ] 127.0.0.1 /_PUBLIC_/Home/js/jquery-1.7.2.min.js
INFO: [ app_init ] --START--
INFO: Run Behavior\BuildLiteBehavior [ RunTime:0.000000s ]
INFO: Run Common\Behavior\InitHookBehavior [ RunTime:0.015600s ]
INFO: [ app_init ] --END-- [ RunTime:0.015600s ]
ERR: 无法加载模块:_PUBLIC_

[ 2015-03-12T11:59:42+08:00 ] 127.0.0.1 /_PUBLIC_/Home/js/jquery-1.7.2.min.js
INFO: [ app_init ] --START--
INFO: Run Behavior\BuildLiteBehavior [ RunTime:0.000000s ]
INFO: Run Common\Behavior\InitHookBehavior [ RunTime:0.016600s ]
INFO: [ app_init ] --END-- [ RunTime:0.016600s ]
ERR: 无法加载模块:_PUBLIC_

[ 2015-03-12T11:59:44+08:00 ] 127.0.0.1 /_PUBLIC_/Home/js/jquery-1.7.2.min.js
INFO: [ app_init ] --START--
INFO: Run Behavior\BuildLiteBehavior [ RunTime:0.000000s ]
INFO: Run Common\Behavior\InitHookBehavior [ RunTime:0.015600s ]
INFO: [ app_init ] --END-- [ RunTime:0.015600s ]
ERR: 无法加载模块:_PUBLIC_

[ 2015-03-12T11:59:45+08:00 ] 127.0.0.1 /_PUBLIC_/Home/js/jquery-1.7.2.min.js
INFO: [ app_init ] --START--
INFO: Run Behavior\BuildLiteBehavior [ RunTime:0.000000s ]
INFO: Run Common\Behavior\InitHookBehavior [ RunTime:0.000000s ]
INFO: [ app_init ] --END-- [ RunTime:0.000000s ]
ERR: 无法加载模块:_PUBLIC_

[ 2015-03-12T12:00:02+08:00 ] 127.0.0.1 /_PUBLIC_/Home/js/jquery-1.7.2.min.js
INFO: [ app_init ] --START--
INFO: Run Behavior\BuildLiteBehavior [ RunTime:0.000000s ]
INFO: Run Common\Behavior\InitHookBehavior [ RunTime:0.022600s ]
INFO: [ app_init ] --END-- [ RunTime:0.022600s ]
ERR: 无法加载模块:_PUBLIC_

[ 2015-03-12T12:00:02+08:00 ] 127.0.0.1 /_PUBLIC_/Home/js/jquery-1.7.2.min.js
INFO: [ app_init ] --START--
INFO: Run Behavior\BuildLiteBehavior [ RunTime:0.000000s ]
INFO: Run Common\Behavior\InitHookBehavior [ RunTime:0.015600s ]
INFO: [ app_init ] --END-- [ RunTime:0.015600s ]
ERR: 无法加载模块:_PUBLIC_

[ 2015-03-12T12:00:21+08:00 ] 127.0.0.1 /_PUBLIC_/Home/js/jquery-1.7.2.min.js
INFO: [ app_init ] --START--
INFO: Run Behavior\BuildLiteBehavior [ RunTime:0.000000s ]
INFO: Run Common\Behavior\InitHookBehavior [ RunTime:0.015600s ]
INFO: [ app_init ] --END-- [ RunTime:0.015600s ]
ERR: 无法加载模块:_PUBLIC_

[ 2015-03-12T12:00:21+08:00 ] 127.0.0.1 /_PUBLIC_/Home/js/jquery-1.7.2.min.js
INFO: [ app_init ] --START--
INFO: Run Behavior\BuildLiteBehavior [ RunTime:0.000000s ]
INFO: Run Common\Behavior\InitHookBehavior [ RunTime:0.000000s ]
INFO: [ app_init ] --END-- [ RunTime:0.000000s ]
ERR: 无法加载模块:_PUBLIC_

[ 2015-03-12T12:00:32+08:00 ] 127.0.0.1 /_PUBLIC_/Home/js/jquery-1.7.2.min.js
INFO: [ app_init ] --START--
INFO: Run Behavior\BuildLiteBehavior [ RunTime:0.000000s ]
INFO: Run Common\Behavior\InitHookBehavior [ RunTime:0.013001s ]
INFO: [ app_init ] --END-- [ RunTime:0.013001s ]
ERR: 无法加载模块:_PUBLIC_

[ 2015-03-12T12:00:32+08:00 ] 127.0.0.1 /_PUBLIC_/Home/js/jquery-1.7.2.min.js
INFO: [ app_init ] --START--
INFO: Run Behavior\BuildLiteBehavior [ RunTime:0.000000s ]
INFO: Run Common\Behavior\InitHookBehavior [ RunTime:0.011000s ]
INFO: [ app_init ] --END-- [ RunTime:0.011000s ]
ERR: 无法加载模块:_PUBLIC_

[ 2015-03-12T12:00:34+08:00 ] 127.0.0.1 /_PUBLIC_/Home/js/jquery-1.7.2.min.js
INFO: [ app_init ] --START--
INFO: Run Behavior\BuildLiteBehavior [ RunTime:0.000000s ]
INFO: Run Common\Behavior\InitHookBehavior [ RunTime:0.038200s ]
INFO: [ app_init ] --END-- [ RunTime:0.038200s ]
ERR: 无法加载模块:_PUBLIC_

[ 2015-03-12T12:00:34+08:00 ] 127.0.0.1 /script/nav-zh.js
INFO: [ app_init ] --START--
INFO: Run Behavior\BuildLiteBehavior [ RunTime:0.000000s ]
INFO: Run Common\Behavior\InitHookBehavior [ RunTime:0.040201s ]
INFO: [ app_init ] --END-- [ RunTime:0.040201s ]
ERR: 无法加载模块:Script

[ 2015-03-12T12:00:35+08:00 ] 127.0.0.1 /_PUBLIC_/Home/js/jquery-1.7.2.min.js
INFO: [ app_init ] --START--
INFO: Run Behavior\BuildLiteBehavior [ RunTime:0.000000s ]
INFO: Run Common\Behavior\InitHookBehavior [ RunTime:0.017600s ]
INFO: [ app_init ] --END-- [ RunTime:0.017600s ]
ERR: 无法加载模块:_PUBLIC_

[ 2015-03-12T12:00:35+08:00 ] 127.0.0.1 /Public/Home/rzg_images/neiye1_133.jpg
INFO: [ app_init ] --START--
INFO: Run Behavior\BuildLiteBehavior [ RunTime:0.000000s ]
INFO: Run Common\Behavior\InitHookBehavior [ RunTime:0.017600s ]
INFO: [ app_init ] --END-- [ RunTime:0.017600s ]
ERR: 无法加载模块:Public

[ 2015-03-12T12:00:35+08:00 ] 127.0.0.1 /$%7Bpath%7D/script/jquery-1.7.1.min.js
INFO: [ app_init ] --START--
INFO: Run Behavior\BuildLiteBehavior [ RunTime:0.000000s ]
INFO: Run Common\Behavior\InitHookBehavior [ RunTime:0.017600s ]
INFO: [ app_init ] --END-- [ RunTime:0.017600s ]
ERR: 无法加载模块:${path}

[ 2015-03-12T12:00:35+08:00 ] 127.0.0.1 /script/jquery.shove-1.0.js
INFO: [ app_init ] --START--
INFO: Run Behavior\BuildLiteBehavior [ RunTime:0.000000s ]
INFO: Run Common\Behavior\InitHookBehavior [ RunTime:0.019002s ]
INFO: [ app_init ] --END-- [ RunTime:0.019002s ]
ERR: 无法加载模块:Script

[ 2015-03-12T12:00:35+08:00 ] 127.0.0.1 /script/nav-zh.js
INFO: [ app_init ] --START--
INFO: Run Behavior\BuildLiteBehavior [ RunTime:0.000000s ]
INFO: Run Common\Behavior\InitHookBehavior [ RunTime:0.017600s ]
INFO: [ app_init ] --END-- [ RunTime:0.017600s ]
ERR: 无法加载模块:Script

[ 2015-03-12T12:00:35+08:00 ] 127.0.0.1 /css/popom.js
INFO: [ app_init ] --START--
INFO: Run Behavior\BuildLiteBehavior [ RunTime:0.000000s ]
INFO: Run Common\Behavior\InitHookBehavior [ RunTime:0.002000s ]
INFO: [ app_init ] --END-- [ RunTime:0.003000s ]
ERR: 无法加载模块:Css

[ 2015-03-12T12:00:36+08:00 ] 127.0.0.1 /_PUBLIC_/Home/js/jquery-1.7.2.min.js
INFO: [ app_init ] --START--
INFO: Run Behavior\BuildLiteBehavior [ RunTime:0.000000s ]
INFO: Run Common\Behavior\InitHookBehavior [ RunTime:0.015600s ]
INFO: [ app_init ] --END-- [ RunTime:0.015600s ]
ERR: 无法加载模块:_PUBLIC_

[ 2015-03-12T12:00:36+08:00 ] 127.0.0.1 /_PUBLIC_/Home/js/jquery-1.7.2.min.js
INFO: [ app_init ] --START--
INFO: Run Behavior\BuildLiteBehavior [ RunTime:0.000000s ]
INFO: Run Common\Behavior\InitHookBehavior [ RunTime:0.025600s ]
INFO: [ app_init ] --END-- [ RunTime:0.025600s ]
ERR: 无法加载模块:_PUBLIC_

[ 2015-03-12T12:00:37+08:00 ] 127.0.0.1 /_PUBLIC_/Home/js/jquery-1.7.2.min.js
INFO: [ app_init ] --START--
INFO: Run Behavior\BuildLiteBehavior [ RunTime:0.000000s ]
INFO: Run Common\Behavior\InitHookBehavior [ RunTime:0.008001s ]
INFO: [ app_init ] --END-- [ RunTime:0.009001s ]
ERR: 无法加载模块:_PUBLIC_

[ 2015-03-12T12:00:37+08:00 ] 127.0.0.1 /_PUBLIC_/Home/js/jquery-1.7.2.min.js
INFO: [ app_init ] --START--
INFO: Run Behavior\BuildLiteBehavior [ RunTime:0.000000s ]
INFO: Run Common\Behavior\InitHookBehavior [ RunTime:0.024600s ]
INFO: [ app_init ] --END-- [ RunTime:0.025600s ]
ERR: 无法加载模块:_PUBLIC_

[ 2015-03-12T12:00:48+08:00 ] 127.0.0.1 /_PUBLIC_/Home/js/jquery-1.7.2.min.js
INFO: [ app_init ] --START--
INFO: Run Behavior\BuildLiteBehavior [ RunTime:0.000000s ]
INFO: Run Common\Behavior\InitHookBehavior [ RunTime:0.017600s ]
INFO: [ app_init ] --END-- [ RunTime:0.017600s ]
ERR: 无法加载模块:_PUBLIC_

[ 2015-03-12T12:00:48+08:00 ] 127.0.0.1 /_PUBLIC_/Home/js/jquery-1.7.2.min.js
INFO: [ app_init ] --START--
INFO: Run Behavior\BuildLiteBehavior [ RunTime:0.000000s ]
INFO: Run Common\Behavior\InitHookBehavior [ RunTime:0.012001s ]
INFO: [ app_init ] --END-- [ RunTime:0.012001s ]
ERR: 无法加载模块:_PUBLIC_

[ 2015-03-12T18:00:34+08:00 ] 127.0.0.1 /_PUBLIC_/Home/js/jquery-1.7.2.min.js
INFO: [ app_init ] --START--
INFO: Run Behavior\BuildLiteBehavior [ RunTime:0.000000s ]
INFO: Run Common\Behavior\InitHookBehavior [ RunTime:0.012001s ]
INFO: [ app_init ] --END-- [ RunTime:0.013001s ]
ERR: 无法加载模块:_PUBLIC_

[ 2015-03-12T18:00:35+08:00 ] 127.0.0.1 /favicon.ico
INFO: [ app_init ] --START--
INFO: Run Behavior\BuildLiteBehavior [ RunTime:0.000000s ]
INFO: Run Common\Behavior\InitHookBehavior [ RunTime:0.019001s ]
INFO: [ app_init ] --END-- [ RunTime:0.020001s ]
ERR: 无法加载模块:Favicon

[ 2015-03-12T18:00:35+08:00 ] 127.0.0.1 /favicon.ico
INFO: [ app_init ] --START--
INFO: Run Behavior\BuildLiteBehavior [ RunTime:0.000000s ]
INFO: Run Common\Behavior\InitHookBehavior [ RunTime:0.012001s ]
INFO: [ app_init ] --END-- [ RunTime:0.013001s ]
ERR: 无法加载模块:Favicon

[ 2015-03-12T18:00:38+08:00 ] 127.0.0.1 /_PUBLIC_/Home/js/jquery-1.7.2.min.js
INFO: [ app_init ] --START--
INFO: Run Behavior\BuildLiteBehavior [ RunTime:0.000000s ]
INFO: Run Common\Behavior\InitHookBehavior [ RunTime:0.018001s ]
INFO: [ app_init ] --END-- [ RunTime:0.019001s ]
ERR: 无法加载模块:_PUBLIC_

[ 2015-03-12T18:00:38+08:00 ] 127.0.0.1 /_PUBLIC_/Home/js/jquery-1.7.2.min.js
INFO: [ app_init ] --START--
INFO: Run Behavior\BuildLiteBehavior [ RunTime:0.000000s ]
INFO: Run Common\Behavior\InitHookBehavior [ RunTime:0.010000s ]
INFO: [ app_init ] --END-- [ RunTime:0.010000s ]
ERR: 无法加载模块:_PUBLIC_

[ 2015-03-12T18:01:07+08:00 ] 127.0.0.1 /_PUBLIC_/Home/js/jquery-1.7.2.min.js
INFO: [ app_init ] --START--
INFO: Run Behavior\BuildLiteBehavior [ RunTime:0.000000s ]
INFO: Run Common\Behavior\InitHookBehavior [ RunTime:0.015001s ]
INFO: [ app_init ] --END-- [ RunTime:0.016001s ]
ERR: 无法加载模块:_PUBLIC_

[ 2015-03-12T18:01:07+08:00 ] 127.0.0.1 /_PUBLIC_/Home/js/jquery-1.7.2.min.js
INFO: [ app_init ] --START--
INFO: Run Behavior\BuildLiteBehavior [ RunTime:0.000000s ]
INFO: Run Common\Behavior\InitHookBehavior [ RunTime:0.012001s ]
INFO: [ app_init ] --END-- [ RunTime:0.013001s ]
ERR: 无法加载模块:_PUBLIC_

[ 2015-03-12T18:02:03+08:00 ] 127.0.0.1 /_PUBLIC_/Home/js/jquery-1.7.2.min.js
INFO: [ app_init ] --START--
INFO: Run Behavior\BuildLiteBehavior [ RunTime:0.000000s ]
INFO: Run Common\Behavior\InitHookBehavior [ RunTime:0.015001s ]
INFO: [ app_init ] --END-- [ RunTime:0.015001s ]
ERR: 无法加载模块:_PUBLIC_

[ 2015-03-12T18:02:03+08:00 ] 127.0.0.1 /script/nav-zh.js
INFO: [ app_init ] --START--
INFO: Run Behavior\BuildLiteBehavior [ RunTime:0.000000s ]
INFO: Run Common\Behavior\InitHookBehavior [ RunTime:0.017001s ]
INFO: [ app_init ] --END-- [ RunTime:0.017001s ]
ERR: 无法加载模块:Script

[ 2015-03-12T18:02:03+08:00 ] 127.0.0.1 /script/jquery.shove-1.0.js
INFO: [ app_init ] --START--
INFO: Run Behavior\BuildLiteBehavior [ RunTime:0.000000s ]
INFO: Run Common\Behavior\InitHookBehavior [ RunTime:0.016001s ]
INFO: [ app_init ] --END-- [ RunTime:0.016001s ]
ERR: 无法加载模块:Script

[ 2015-03-12T18:02:03+08:00 ] 127.0.0.1 /$%7Bpath%7D/script/jquery-1.7.1.min.js
INFO: [ app_init ] --START--
INFO: Run Behavior\BuildLiteBehavior [ RunTime:0.000000s ]
INFO: Run Common\Behavior\InitHookBehavior [ RunTime:0.018001s ]
INFO: [ app_init ] --END-- [ RunTime:0.018001s ]
ERR: 无法加载模块:${path}

[ 2015-03-12T18:02:03+08:00 ] 127.0.0.1 /css/popom.js
INFO: [ app_init ] --START--
INFO: Run Behavior\BuildLiteBehavior [ RunTime:0.000000s ]
INFO: Run Common\Behavior\InitHookBehavior [ RunTime:0.016001s ]
INFO: [ app_init ] --END-- [ RunTime:0.017001s ]
ERR: 无法加载模块:Css

[ 2015-03-12T18:02:03+08:00 ] 127.0.0.1 /_PUBLIC_/Home/js/jquery-1.7.2.min.js
INFO: [ app_init ] --START--
INFO: Run Behavior\BuildLiteBehavior [ RunTime:0.000000s ]
INFO: Run Common\Behavior\InitHookBehavior [ RunTime:0.011000s ]
INFO: [ app_init ] --END-- [ RunTime:0.011000s ]
ERR: 无法加载模块:_PUBLIC_

[ 2015-03-12T18:02:03+08:00 ] 127.0.0.1 /$%7Bpath%7D/script/jquery-1.7.1.min.js
INFO: [ app_init ] --START--
INFO: Run Behavior\BuildLiteBehavior [ RunTime:0.000000s ]
INFO: Run Common\Behavior\InitHookBehavior [ RunTime:0.013001s ]
INFO: [ app_init ] --END-- [ RunTime:0.013001s ]
ERR: 无法加载模块:${path}

[ 2015-03-12T18:02:03+08:00 ] 127.0.0.1 /Public/Home/rzg_images/neiye1_133.jpg
INFO: [ app_init ] --START--
INFO: Run Behavior\BuildLiteBehavior [ RunTime:0.000000s ]
INFO: Run Common\Behavior\InitHookBehavior [ RunTime:0.013000s ]
INFO: [ app_init ] --END-- [ RunTime:0.013000s ]
ERR: 无法加载模块:Public

[ 2015-03-12T18:02:03+08:00 ] 127.0.0.1 /script/jquery.shove-1.0.js
INFO: [ app_init ] --START--
INFO: Run Behavior\BuildLiteBehavior [ RunTime:0.000000s ]
INFO: Run Common\Behavior\InitHookBehavior [ RunTime:0.013001s ]
INFO: [ app_init ] --END-- [ RunTime:0.014001s ]
ERR: 无法加载模块:Script

[ 2015-03-12T18:02:03+08:00 ] 127.0.0.1 /script/nav-zh.js
INFO: [ app_init ] --START--
INFO: Run Behavior\BuildLiteBehavior [ RunTime:0.000000s ]
INFO: Run Common\Behavior\InitHookBehavior [ RunTime:0.014001s ]
INFO: [ app_init ] --END-- [ RunTime:0.014001s ]
ERR: 无法加载模块:Script

[ 2015-03-12T18:02:03+08:00 ] 127.0.0.1 /css/popom.js
INFO: [ app_init ] --START--
INFO: Run Behavior\BuildLiteBehavior [ RunTime:0.000000s ]
INFO: Run Common\Behavior\InitHookBehavior [ RunTime:0.011001s ]
INFO: [ app_init ] --END-- [ RunTime:0.011001s ]
ERR: 无法加载模块:Css

