[ 2015-07-16T16:40:58+08:00 ] 127.0.0.1 /Member/Index/index.html
INFO: [ app_init ] --START--
INFO: Run Behavior\BuildLiteBehavior [ RunTime:0.000000s ]
INFO: Run Common\Behavior\InitHookBehavior [ RunTime:0.067003s ]
INFO: [ app_init ] --END-- [ RunTime:0.071004s ]
INFO: [ app_begin ] --START--
INFO: Run Behavior\ReadHtmlCacheBehavior [ RunTime:0.018001s ]
INFO: Run Addons\Iswaf\IswafAddon [ RunTime:0.312018s ]
INFO: [ app_begin ] --END-- [ RunTime:0.331019s ]
SQL: SHOW COLUMNS FROM `gica_config` [ RunTime:0.0030s ]
SQL: SELECT `type`,`name`,`value` FROM `gica_config` WHERE `status` = 1  [ RunTime:0.0000s ]
SQL: SHOW COLUMNS FROM `gica_z_members_status` [ RunTime:0.0020s ]
SQL: SELECT * FROM `gica_z_members_status` WHERE `uid` = 85  [ RunTime:0.0010s ]
SQL: SELECT * FROM `gica_z_members_status` WHERE `uid` = 85  [ RunTime:0.0000s ]
NOTIC: [8] Undefined variable: sdata H:\upupw\vhosts\www.ghcf.cn\Application\Member\Controller\IndexController.class.php 第 29 行.
SQL: SHOW COLUMNS FROM `gica_member` [ RunTime:0.0020s ]
SQL: SELECT * FROM `gica_member` RIGHT JOIN gica_ucenter_member ON gica_member.uid = gica_ucenter_member.id RIGHT JOIN gica_z_member_money ON gica_member.uid = gica_z_member_money.uid  WHERE gica_member.uid = '85'  [ RunTime:0.0000s ]
SQL: SHOW COLUMNS FROM `gica_z_borrow_investor` [ RunTime:0.0020s ]
SQL: SELECT sum(investor_capital)investor_capital FROM `gica_z_borrow_investor` WHERE `investor_uid` = 85 GROUP BY investor_uid ORDER BY investor_capital desc  [ RunTime:0.0000s ]
SQL: SHOW COLUMNS FROM `gica_z_borrow_info` [ RunTime:0.0030s ]
SQL: SELECT sum(borrow_money)borrow_money FROM `gica_z_borrow_info` WHERE `borrow_uid` = 85 GROUP BY borrow_uid  [ RunTime:0.0000s ]
SQL: SHOW COLUMNS FROM `gica_z_member_payonline` [ RunTime:0.0020s ]
SQL: SELECT sum(money)money FROM `gica_z_member_payonline` WHERE `uid` = 85 AND `status` = 88 GROUP BY uid  [ RunTime:0.0010s ]
SQL: SHOW COLUMNS FROM `gica_ucenter_member` [ RunTime:0.0020s ]
SQL: SELECT * FROM `gica_ucenter_member` WHERE gica_ucenter_member.id = '85'  [ RunTime:0.0000s ]
SQL: SHOW COLUMNS FROM `gica_z_qq` [ RunTime:0.0020s ]
SQL: SELECT * FROM `gica_z_qq` WHERE `id` = 0  [ RunTime:0.0000s ]
SQL: SHOW COLUMNS FROM `gica_z_investor_detail` [ RunTime:0.0030s ]
SQL: SELECT sum(interest)interest FROM `gica_z_investor_detail` WHERE `investor_uid` = 85 GROUP BY investor_uid  [ RunTime:0.0000s ]
SQL: SELECT `member_level` FROM `gica_ucenter_member` WHERE `id` = 85  [ RunTime:0.0010s ]
INFO: [ view_parse ] --START--
INFO: [ template_filter ] --START--
INFO: Run Behavior\ContentReplaceBehavior [ RunTime:0.000000s ]
INFO: [ template_filter ] --END-- [ RunTime:0.000000s ]
SQL: SELECT `logo_url` FROM `gica_ucenter_member` WHERE `id` = 85 LIMIT 1   [ RunTime:0.0010s ]
SQL: SHOW COLUMNS FROM `gica_z_system_msg` [ RunTime:0.0050s ]
SQL: SELECT COUNT(*) AS tp_count FROM `gica_z_system_msg` WHERE ( status=0 and uid=85 ) LIMIT 1   [ RunTime:0.0010s ]
SQL: SHOW COLUMNS FROM `gica_z_inner_msg` [ RunTime:0.0040s ]
SQL: SELECT COUNT(*) AS tp_count FROM `gica_z_inner_msg` WHERE ( status=0 and tid=85 ) LIMIT 1   [ RunTime:0.0010s ]
SQL: SELECT COUNT(*) AS tp_count FROM `gica_z_system_msg` WHERE ( status=0 and uid=85 ) LIMIT 1   [ RunTime:0.0000s ]
SQL: SELECT COUNT(*) AS tp_count FROM `gica_z_inner_msg` WHERE ( status=0 and tid=85 ) LIMIT 1   [ RunTime:0.0000s ]
NOTIC: [8] Undefined variable: bm H:\upupw\vhosts\www.ghcf.cn\Runtime\Cache\Member\cb6e053e31eae77baa8d17b42ff91420.php 第 557 行.
NOTIC: [8] Undefined variable: bm H:\upupw\vhosts\www.ghcf.cn\Runtime\Cache\Member\cb6e053e31eae77baa8d17b42ff91420.php 第 557 行.
NOTIC: [8] Undefined variable: bm H:\upupw\vhosts\www.ghcf.cn\Runtime\Cache\Member\cb6e053e31eae77baa8d17b42ff91420.php 第 557 行.
INFO: Run Behavior\ParseTemplateBehavior [ RunTime:0.299017s ]
INFO: [ view_parse ] --END-- [ RunTime:0.299017s ]
INFO: [ view_filter ] --START--
INFO: Run Behavior\WriteHtmlCacheBehavior [ RunTime:0.026001s ]
INFO: [ view_filter ] --END-- [ RunTime:0.026001s ]
INFO: [ app_end ] --START--
INFO: Run Behavior\ShowPageTraceBehavior [ RunTime:0.023001s ]
INFO: [ app_end ] --END-- [ RunTime:0.023001s ]

[ 2015-07-16T16:41:43+08:00 ] 127.0.0.1 /Member/Index/Index.html
INFO: [ app_init ] --START--
INFO: Run Behavior\BuildLiteBehavior [ RunTime:0.000000s ]
INFO: Run Common\Behavior\InitHookBehavior [ RunTime:0.070004s ]
INFO: [ app_init ] --END-- [ RunTime:0.074004s ]
INFO: [ app_begin ] --START--
INFO: Run Behavior\ReadHtmlCacheBehavior [ RunTime:0.020001s ]
INFO: Run Addons\Iswaf\IswafAddon [ RunTime:0.328019s ]
INFO: [ app_begin ] --END-- [ RunTime:0.348020s ]
SQL: SHOW COLUMNS FROM `gica_config` [ RunTime:0.0030s ]
SQL: SELECT `type`,`name`,`value` FROM `gica_config` WHERE `status` = 1  [ RunTime:0.0000s ]
SQL: SHOW COLUMNS FROM `gica_z_members_status` [ RunTime:0.0030s ]
SQL: SELECT * FROM `gica_z_members_status` WHERE `uid` = 85  [ RunTime:0.0010s ]
SQL: SELECT * FROM `gica_z_members_status` WHERE `uid` = 85  [ RunTime:0.0000s ]
NOTIC: [8] Undefined variable: sdata H:\upupw\vhosts\www.ghcf.cn\Application\Member\Controller\IndexController.class.php 第 29 行.
SQL: SHOW COLUMNS FROM `gica_member` [ RunTime:0.0020s ]
SQL: SELECT * FROM `gica_member` RIGHT JOIN gica_ucenter_member ON gica_member.uid = gica_ucenter_member.id RIGHT JOIN gica_z_member_money ON gica_member.uid = gica_z_member_money.uid  WHERE gica_member.uid = '85'  [ RunTime:0.0000s ]
SQL: SHOW COLUMNS FROM `gica_z_borrow_investor` [ RunTime:0.0030s ]
SQL: SELECT sum(investor_capital)investor_capital FROM `gica_z_borrow_investor` WHERE `investor_uid` = 85 GROUP BY investor_uid ORDER BY investor_capital desc  [ RunTime:0.0000s ]
SQL: SHOW COLUMNS FROM `gica_z_borrow_info` [ RunTime:0.0030s ]
SQL: SELECT sum(borrow_money)borrow_money FROM `gica_z_borrow_info` WHERE `borrow_uid` = 85 GROUP BY borrow_uid  [ RunTime:0.0010s ]
SQL: SHOW COLUMNS FROM `gica_z_member_payonline` [ RunTime:0.0020s ]
SQL: SELECT sum(money)money FROM `gica_z_member_payonline` WHERE `uid` = 85 AND `status` = 88 GROUP BY uid  [ RunTime:0.0000s ]
SQL: SHOW COLUMNS FROM `gica_ucenter_member` [ RunTime:0.0030s ]
SQL: SELECT * FROM `gica_ucenter_member` WHERE gica_ucenter_member.id = '85'  [ RunTime:0.0000s ]
SQL: SHOW COLUMNS FROM `gica_z_qq` [ RunTime:0.0020s ]
SQL: SELECT * FROM `gica_z_qq` WHERE `id` = 0  [ RunTime:0.0000s ]
SQL: SHOW COLUMNS FROM `gica_z_investor_detail` [ RunTime:0.0020s ]
SQL: SELECT sum(interest)interest FROM `gica_z_investor_detail` WHERE `investor_uid` = 85 GROUP BY investor_uid  [ RunTime:0.0000s ]
SQL: SELECT `member_level` FROM `gica_ucenter_member` WHERE `id` = 85  [ RunTime:0.0000s ]
INFO: [ view_parse ] --START--
INFO: [ template_filter ] --START--
INFO: Run Behavior\ContentReplaceBehavior [ RunTime:0.000000s ]
INFO: [ template_filter ] --END-- [ RunTime:0.000000s ]
SQL: SELECT `logo_url` FROM `gica_ucenter_member` WHERE `id` = 85 LIMIT 1   [ RunTime:0.0000s ]
SQL: SHOW COLUMNS FROM `gica_z_system_msg` [ RunTime:0.0060s ]
SQL: SELECT COUNT(*) AS tp_count FROM `gica_z_system_msg` WHERE ( status=0 and uid=85 ) LIMIT 1   [ RunTime:0.0000s ]
SQL: SHOW COLUMNS FROM `gica_z_inner_msg` [ RunTime:0.0040s ]
SQL: SELECT COUNT(*) AS tp_count FROM `gica_z_inner_msg` WHERE ( status=0 and tid=85 ) LIMIT 1   [ RunTime:0.0000s ]
SQL: SELECT COUNT(*) AS tp_count FROM `gica_z_system_msg` WHERE ( status=0 and uid=85 ) LIMIT 1   [ RunTime:0.0000s ]
SQL: SELECT COUNT(*) AS tp_count FROM `gica_z_inner_msg` WHERE ( status=0 and tid=85 ) LIMIT 1   [ RunTime:0.0010s ]
NOTIC: [8] Undefined variable: bm H:\upupw\vhosts\www.ghcf.cn\Runtime\Cache\Member\46a52aabd96f41d3e32b584e11e9db55.php 第 557 行.
NOTIC: [8] Undefined variable: bm H:\upupw\vhosts\www.ghcf.cn\Runtime\Cache\Member\46a52aabd96f41d3e32b584e11e9db55.php 第 557 行.
NOTIC: [8] Undefined variable: bm H:\upupw\vhosts\www.ghcf.cn\Runtime\Cache\Member\46a52aabd96f41d3e32b584e11e9db55.php 第 557 行.
INFO: Run Behavior\ParseTemplateBehavior [ RunTime:0.282017s ]
INFO: [ view_parse ] --END-- [ RunTime:0.282017s ]
INFO: [ view_filter ] --START--
INFO: Run Behavior\WriteHtmlCacheBehavior [ RunTime:0.023001s ]
INFO: [ view_filter ] --END-- [ RunTime:0.023001s ]
INFO: [ app_end ] --START--
INFO: Run Behavior\ShowPageTraceBehavior [ RunTime:0.020001s ]
INFO: [ app_end ] --END-- [ RunTime:0.020001s ]

[ 2015-07-16T16:45:32+08:00 ] 127.0.0.1 /Member/Userinfo/userchagerwithdraw.html
INFO: [ app_init ] --START--
INFO: Run Behavior\BuildLiteBehavior [ RunTime:0.000000s ]
INFO: Run Common\Behavior\InitHookBehavior [ RunTime:0.070004s ]
INFO: [ app_init ] --END-- [ RunTime:0.074004s ]
INFO: [ app_begin ] --START--
INFO: Run Behavior\ReadHtmlCacheBehavior [ RunTime:0.018001s ]
INFO: Run Addons\Iswaf\IswafAddon [ RunTime:0.314018s ]
INFO: [ app_begin ] --END-- [ RunTime:0.333019s ]
SQL: SHOW COLUMNS FROM `gica_config` [ RunTime:0.0020s ]
SQL: SELECT `type`,`name`,`value` FROM `gica_config` WHERE `status` = 1  [ RunTime:0.0000s ]
SQL: SHOW COLUMNS FROM `gica_z_member_moneylog` [ RunTime:0.0020s ]
SQL: SELECT COUNT(*) AS tp_count FROM `gica_z_member_moneylog` WHERE `uid` = 85 LIMIT 1   [ RunTime:0.0000s ]
SQL: SELECT * FROM `gica_z_member_moneylog` WHERE `uid` = 85 ORDER BY add_time DESC LIMIT 0,10   [ RunTime:0.0010s ]
SQL: SHOW COLUMNS FROM `gica_z_member_money` [ RunTime:0.0020s ]
SQL: SELECT * FROM `gica_z_member_money` WHERE `uid` = 85  [ RunTime:0.0000s ]
INFO: [ view_parse ] --START--
INFO: [ template_filter ] --START--
INFO: Run Behavior\ContentReplaceBehavior [ RunTime:0.000000s ]
INFO: [ template_filter ] --END-- [ RunTime:0.000000s ]
SQL: SHOW COLUMNS FROM `gica_ucenter_member` [ RunTime:0.0040s ]
SQL: SELECT `logo_url` FROM `gica_ucenter_member` WHERE `id` = 85 LIMIT 1   [ RunTime:0.0000s ]
SQL: SHOW COLUMNS FROM `gica_z_system_msg` [ RunTime:0.0050s ]
SQL: SELECT COUNT(*) AS tp_count FROM `gica_z_system_msg` WHERE ( status=0 and uid=85 ) LIMIT 1   [ RunTime:0.0000s ]
SQL: SHOW COLUMNS FROM `gica_z_inner_msg` [ RunTime:0.0050s ]
SQL: SELECT COUNT(*) AS tp_count FROM `gica_z_inner_msg` WHERE ( status=0 and tid=85 ) LIMIT 1   [ RunTime:0.0010s ]
NOTIC: [8] Undefined variable: name H:\upupw\vhosts\www.ghcf.cn\Application\Common\Common\function.php 第 624 行.
NOTIC: [8] Undefined variable: name H:\upupw\vhosts\www.ghcf.cn\Application\Common\Common\function.php 第 624 行.
INFO: Run Behavior\ParseTemplateBehavior [ RunTime:0.297017s ]
INFO: [ view_parse ] --END-- [ RunTime:0.297017s ]
INFO: [ view_filter ] --START--
INFO: Run Behavior\WriteHtmlCacheBehavior [ RunTime:0.023001s ]
INFO: [ view_filter ] --END-- [ RunTime:0.023001s ]
INFO: [ app_end ] --START--
INFO: Run Behavior\ShowPageTraceBehavior [ RunTime:0.021001s ]
INFO: [ app_end ] --END-- [ RunTime:0.021001s ]

