[ 2015-05-29T16:57:22+08:00 ] 127.0.0.1 /Member/Index/index.html
INFO: [ app_init ] --START--
INFO: Run Behavior\BuildLiteBehavior [ RunTime:0.000000s ]
INFO: Run Common\Behavior\InitHookBehavior [ RunTime:0.008000s ]
INFO: [ app_init ] --END-- [ RunTime:0.009000s ]
INFO: [ app_begin ] --START--
INFO: Run Behavior\ReadHtmlCacheBehavior [ RunTime:0.002000s ]
INFO: Run Addons\Iswaf\IswafAddon [ RunTime:0.039002s ]
INFO: [ app_begin ] --END-- [ RunTime:0.041002s ]
SQL: SHOW COLUMNS FROM `gica_config` [ RunTime:0.0030s ]
SQL: SELECT `type`,`name`,`value` FROM `gica_config` WHERE `status` = 1  [ RunTime:0.0000s ]

[ 2015-05-29T16:57:44+08:00 ] 127.0.0.1 /Member/Index/index.html
INFO: [ app_init ] --START--
INFO: Run Behavior\BuildLiteBehavior [ RunTime:0.000000s ]
INFO: Run Common\Behavior\InitHookBehavior [ RunTime:0.008001s ]
INFO: [ app_init ] --END-- [ RunTime:0.009001s ]
INFO: [ app_begin ] --START--
INFO: Run Behavior\ReadHtmlCacheBehavior [ RunTime:0.003000s ]
INFO: Run Addons\Iswaf\IswafAddon [ RunTime:0.038002s ]
INFO: [ app_begin ] --END-- [ RunTime:0.041002s ]
SQL: SHOW COLUMNS FROM `gica_config` [ RunTime:0.0020s ]
SQL: SELECT `type`,`name`,`value` FROM `gica_config` WHERE `status` = 1  [ RunTime:0.0000s ]

[ 2015-05-29T16:58:10+08:00 ] 127.0.0.1 /Member/Index/index.html
INFO: [ app_init ] --START--
INFO: Run Behavior\BuildLiteBehavior [ RunTime:0.000000s ]
INFO: Run Common\Behavior\InitHookBehavior [ RunTime:0.008000s ]
INFO: [ app_init ] --END-- [ RunTime:0.009000s ]
INFO: [ app_begin ] --START--
INFO: Run Behavior\ReadHtmlCacheBehavior [ RunTime:0.003000s ]
INFO: Run Addons\Iswaf\IswafAddon [ RunTime:0.037002s ]
INFO: [ app_begin ] --END-- [ RunTime:0.040002s ]
SQL: SHOW COLUMNS FROM `gica_config` [ RunTime:0.0020s ]
SQL: SELECT `type`,`name`,`value` FROM `gica_config` WHERE `status` = 1  [ RunTime:0.0010s ]

[ 2015-05-29T16:58:28+08:00 ] 127.0.0.1 /Member/Index/index.html
INFO: [ app_init ] --START--
INFO: Run Behavior\BuildLiteBehavior [ RunTime:0.000000s ]
INFO: Run Common\Behavior\InitHookBehavior [ RunTime:0.008000s ]
INFO: [ app_init ] --END-- [ RunTime:0.008000s ]
INFO: [ app_begin ] --START--
INFO: Run Behavior\ReadHtmlCacheBehavior [ RunTime:0.002000s ]
INFO: Run Addons\Iswaf\IswafAddon [ RunTime:0.037002s ]
INFO: [ app_begin ] --END-- [ RunTime:0.039002s ]
SQL: SHOW COLUMNS FROM `gica_config` [ RunTime:0.0020s ]
SQL: SELECT `type`,`name`,`value` FROM `gica_config` WHERE `status` = 1  [ RunTime:0.0000s ]
SQL: SHOW COLUMNS FROM `gica_z_members_status` [ RunTime:0.0020s ]
SQL: SELECT * FROM `gica_z_members_status` WHERE `uid` = 79  [ RunTime:0.0000s ]
SQL: SELECT * FROM `gica_z_members_status` WHERE `uid` = 79  [ RunTime:0.0000s ]
NOTIC: [8] Undefined variable: sdata E:\HZSJ\upupw\vhosts\ghcf\Application\Member\Controller\IndexController.class.php 第 29 行.
SQL: SHOW COLUMNS FROM `gica_member` [ RunTime:0.0020s ]
SQL: SELECT * FROM `gica_member` RIGHT JOIN gica_ucenter_member ON gica_member.uid = gica_ucenter_member.id RIGHT JOIN gica_z_member_money ON gica_member.uid = gica_z_member_money.uid  WHERE gica_member.uid = '79'  [ RunTime:0.0210s ]
SQL: SHOW COLUMNS FROM `gica_z_borrow_investor` [ RunTime:0.0020s ]
SQL: SELECT sum(investor_capital)investor_capital FROM `gica_z_borrow_investor` WHERE `investor_uid` = 79 GROUP BY investor_uid ORDER BY investor_capital desc  [ RunTime:0.0010s ]
SQL: SHOW COLUMNS FROM `gica_z_borrow_info` [ RunTime:0.0030s ]
SQL: SELECT sum(borrow_money)borrow_money FROM `gica_z_borrow_info` WHERE `borrow_uid` = 79 GROUP BY borrow_uid  [ RunTime:0.0010s ]
SQL: SHOW COLUMNS FROM `gica_z_member_payonline` [ RunTime:0.0100s ]
SQL: SELECT sum(money)money FROM `gica_z_member_payonline` WHERE `uid` = 79 AND `status` = 88 GROUP BY uid  [ RunTime:0.0010s ]
SQL: SHOW COLUMNS FROM `gica_ucenter_member` [ RunTime:0.0020s ]
SQL: SELECT * FROM `gica_ucenter_member` WHERE gica_ucenter_member.id = '79'  [ RunTime:0.0010s ]
SQL: SHOW COLUMNS FROM `gica_z_qq` [ RunTime:0.0110s ]
SQL: SELECT * FROM `gica_z_qq` WHERE `id` = 1  [ RunTime:0.0000s ]
SQL: SHOW COLUMNS FROM `gica_z_investor_detail` [ RunTime:0.0030s ]
SQL: SELECT sum(interest)interest FROM `gica_z_investor_detail` WHERE `investor_uid` = 79 GROUP BY investor_uid  [ RunTime:0.0010s ]
SQL: SELECT `member_level` FROM `gica_ucenter_member` WHERE `id` = 79  [ RunTime:0.0000s ]
INFO: [ view_parse ] --START--
INFO: [ template_filter ] --START--
INFO: Run Behavior\ContentReplaceBehavior [ RunTime:0.000000s ]
INFO: [ template_filter ] --END-- [ RunTime:0.001000s ]
SQL: SELECT `logo_url` FROM `gica_ucenter_member` WHERE `id` = 79 LIMIT 1   [ RunTime:0.0000s ]
SQL: SHOW COLUMNS FROM `gica_z_system_msg` [ RunTime:0.0030s ]
SQL: SELECT COUNT(*) AS tp_count FROM `gica_z_system_msg` WHERE ( status=0 and uid=79 ) LIMIT 1   [ RunTime:0.0000s ]
SQL: SHOW COLUMNS FROM `gica_z_inner_msg` [ RunTime:0.0030s ]
SQL: SELECT COUNT(*) AS tp_count FROM `gica_z_inner_msg` WHERE ( status=0 and tid=79 ) LIMIT 1   [ RunTime:0.0000s ]
SQL: SELECT COUNT(*) AS tp_count FROM `gica_z_system_msg` WHERE ( status=0 and uid=79 ) LIMIT 1   [ RunTime:0.0000s ]
SQL: SELECT COUNT(*) AS tp_count FROM `gica_z_inner_msg` WHERE ( status=0 and tid=79 ) LIMIT 1   [ RunTime:0.0000s ]
NOTIC: [8] Undefined variable: bm E:\HZSJ\upupw\vhosts\ghcf\Runtime\Cache\Member\cb6e053e31eae77baa8d17b42ff91420.php 第 547 行.
NOTIC: [8] Undefined variable: bm E:\HZSJ\upupw\vhosts\ghcf\Runtime\Cache\Member\cb6e053e31eae77baa8d17b42ff91420.php 第 547 行.
NOTIC: [8] Undefined variable: bm E:\HZSJ\upupw\vhosts\ghcf\Runtime\Cache\Member\cb6e053e31eae77baa8d17b42ff91420.php 第 547 行.
INFO: Run Behavior\ParseTemplateBehavior [ RunTime:0.049003s ]
INFO: [ view_parse ] --END-- [ RunTime:0.049003s ]
INFO: [ view_filter ] --START--
INFO: Run Behavior\WriteHtmlCacheBehavior [ RunTime:0.003000s ]
INFO: [ view_filter ] --END-- [ RunTime:0.003000s ]
INFO: [ app_end ] --START--
INFO: Run Behavior\ShowPageTraceBehavior [ RunTime:0.002000s ]
INFO: [ app_end ] --END-- [ RunTime:0.002000s ]

[ 2015-05-29T16:58:37+08:00 ] 127.0.0.1 /Member/Index/Index.html
INFO: [ app_init ] --START--
INFO: Run Behavior\BuildLiteBehavior [ RunTime:0.000000s ]
INFO: Run Common\Behavior\InitHookBehavior [ RunTime:0.009000s ]
INFO: [ app_init ] --END-- [ RunTime:0.010001s ]
INFO: [ app_begin ] --START--
INFO: Run Behavior\ReadHtmlCacheBehavior [ RunTime:0.003001s ]
INFO: Run Addons\Iswaf\IswafAddon [ RunTime:0.038002s ]
INFO: [ app_begin ] --END-- [ RunTime:0.041003s ]
SQL: SHOW COLUMNS FROM `gica_config` [ RunTime:0.0020s ]
SQL: SELECT `type`,`name`,`value` FROM `gica_config` WHERE `status` = 1  [ RunTime:0.0010s ]
SQL: SHOW COLUMNS FROM `gica_z_members_status` [ RunTime:0.0020s ]
SQL: SELECT * FROM `gica_z_members_status` WHERE `uid` = 79  [ RunTime:0.0000s ]
SQL: SELECT * FROM `gica_z_members_status` WHERE `uid` = 79  [ RunTime:0.0000s ]
NOTIC: [8] Undefined variable: sdata E:\HZSJ\upupw\vhosts\ghcf\Application\Member\Controller\IndexController.class.php 第 29 行.
SQL: SHOW COLUMNS FROM `gica_member` [ RunTime:0.0020s ]
SQL: SELECT * FROM `gica_member` RIGHT JOIN gica_ucenter_member ON gica_member.uid = gica_ucenter_member.id RIGHT JOIN gica_z_member_money ON gica_member.uid = gica_z_member_money.uid  WHERE gica_member.uid = '79'  [ RunTime:0.0010s ]
SQL: SHOW COLUMNS FROM `gica_z_borrow_investor` [ RunTime:0.0020s ]
SQL: SELECT sum(investor_capital)investor_capital FROM `gica_z_borrow_investor` WHERE `investor_uid` = 79 GROUP BY investor_uid ORDER BY investor_capital desc  [ RunTime:0.0000s ]
SQL: SHOW COLUMNS FROM `gica_z_borrow_info` [ RunTime:0.0020s ]
SQL: SELECT sum(borrow_money)borrow_money FROM `gica_z_borrow_info` WHERE `borrow_uid` = 79 GROUP BY borrow_uid  [ RunTime:0.0000s ]
SQL: SHOW COLUMNS FROM `gica_z_member_payonline` [ RunTime:0.0020s ]
SQL: SELECT sum(money)money FROM `gica_z_member_payonline` WHERE `uid` = 79 AND `status` = 88 GROUP BY uid  [ RunTime:0.0000s ]
SQL: SHOW COLUMNS FROM `gica_ucenter_member` [ RunTime:0.0030s ]
SQL: SELECT * FROM `gica_ucenter_member` WHERE gica_ucenter_member.id = '79'  [ RunTime:0.0000s ]
SQL: SHOW COLUMNS FROM `gica_z_qq` [ RunTime:0.0020s ]
SQL: SELECT * FROM `gica_z_qq` WHERE `id` = 1  [ RunTime:0.0010s ]
SQL: SHOW COLUMNS FROM `gica_z_investor_detail` [ RunTime:0.0020s ]
SQL: SELECT sum(interest)interest FROM `gica_z_investor_detail` WHERE `investor_uid` = 79 GROUP BY investor_uid  [ RunTime:0.0000s ]
SQL: SELECT `member_level` FROM `gica_ucenter_member` WHERE `id` = 79  [ RunTime:0.0000s ]
INFO: [ view_parse ] --START--
INFO: [ template_filter ] --START--
INFO: Run Behavior\ContentReplaceBehavior [ RunTime:0.001000s ]
INFO: [ template_filter ] --END-- [ RunTime:0.001000s ]
SQL: SELECT `logo_url` FROM `gica_ucenter_member` WHERE `id` = 79 LIMIT 1   [ RunTime:0.0000s ]
SQL: SHOW COLUMNS FROM `gica_z_system_msg` [ RunTime:0.0020s ]
SQL: SELECT COUNT(*) AS tp_count FROM `gica_z_system_msg` WHERE ( status=0 and uid=79 ) LIMIT 1   [ RunTime:0.0010s ]
SQL: SHOW COLUMNS FROM `gica_z_inner_msg` [ RunTime:0.0020s ]
SQL: SELECT COUNT(*) AS tp_count FROM `gica_z_inner_msg` WHERE ( status=0 and tid=79 ) LIMIT 1   [ RunTime:0.0000s ]
SQL: SELECT COUNT(*) AS tp_count FROM `gica_z_system_msg` WHERE ( status=0 and uid=79 ) LIMIT 1   [ RunTime:0.0000s ]
SQL: SELECT COUNT(*) AS tp_count FROM `gica_z_inner_msg` WHERE ( status=0 and tid=79 ) LIMIT 1   [ RunTime:0.0010s ]
NOTIC: [8] Undefined variable: bm E:\HZSJ\upupw\vhosts\ghcf\Runtime\Cache\Member\46a52aabd96f41d3e32b584e11e9db55.php 第 547 行.
NOTIC: [8] Undefined variable: bm E:\HZSJ\upupw\vhosts\ghcf\Runtime\Cache\Member\46a52aabd96f41d3e32b584e11e9db55.php 第 547 行.
NOTIC: [8] Undefined variable: bm E:\HZSJ\upupw\vhosts\ghcf\Runtime\Cache\Member\46a52aabd96f41d3e32b584e11e9db55.php 第 547 行.
INFO: Run Behavior\ParseTemplateBehavior [ RunTime:0.046002s ]
INFO: [ view_parse ] --END-- [ RunTime:0.046002s ]
INFO: [ view_filter ] --START--
INFO: Run Behavior\WriteHtmlCacheBehavior [ RunTime:0.003000s ]
INFO: [ view_filter ] --END-- [ RunTime:0.003000s ]
INFO: [ app_end ] --START--
INFO: Run Behavior\ShowPageTraceBehavior [ RunTime:0.002001s ]
INFO: [ app_end ] --END-- [ RunTime:0.002001s ]

[ 2015-05-29T16:59:09+08:00 ] 127.0.0.1 /Member/Userinfo/userselfset.html
INFO: [ app_init ] --START--
INFO: Run Behavior\BuildLiteBehavior [ RunTime:0.000000s ]
INFO: Run Common\Behavior\InitHookBehavior [ RunTime:0.008000s ]
INFO: [ app_init ] --END-- [ RunTime:0.009000s ]
INFO: [ app_begin ] --START--
INFO: Run Behavior\ReadHtmlCacheBehavior [ RunTime:0.003000s ]
INFO: Run Addons\Iswaf\IswafAddon [ RunTime:0.036002s ]
INFO: [ app_begin ] --END-- [ RunTime:0.039002s ]
SQL: SHOW COLUMNS FROM `gica_config` [ RunTime:0.0020s ]
SQL: SELECT `type`,`name`,`value` FROM `gica_config` WHERE `status` = 1  [ RunTime:0.0010s ]
SQL: SHOW COLUMNS FROM `gica_z_members_status` [ RunTime:0.0020s ]
SQL: SELECT * FROM `gica_z_members_status` WHERE `uid` = 79  [ RunTime:0.0000s ]
SQL: SHOW COLUMNS FROM `gica_z_member_info` [ RunTime:0.0030s ]
SQL: SHOW COLUMNS FROM `gica_ucenter_member` [ RunTime:0.0020s ]
SQL: SELECT * FROM `gica_ucenter_member` WHERE `id` = 79  [ RunTime:0.0000s ]
SQL: SELECT * FROM `gica_z_member_info` WHERE `uid` = 79  [ RunTime:0.0000s ]
SQL: SELECT * FROM `gica_z_member_info` WHERE `uid` = 79  [ RunTime:0.0010s ]
INFO: [ view_parse ] --START--
INFO: [ template_filter ] --START--
INFO: Run Behavior\ContentReplaceBehavior [ RunTime:0.001000s ]
INFO: [ template_filter ] --END-- [ RunTime:0.001000s ]
SQL: SELECT `logo_url` FROM `gica_ucenter_member` WHERE `id` = 79 LIMIT 1   [ RunTime:0.0000s ]
SQL: SHOW COLUMNS FROM `gica_z_system_msg` [ RunTime:0.0020s ]
SQL: SELECT COUNT(*) AS tp_count FROM `gica_z_system_msg` WHERE ( status=0 and uid=79 ) LIMIT 1   [ RunTime:0.0000s ]
SQL: SHOW COLUMNS FROM `gica_z_inner_msg` [ RunTime:0.0020s ]
SQL: SELECT COUNT(*) AS tp_count FROM `gica_z_inner_msg` WHERE ( status=0 and tid=79 ) LIMIT 1   [ RunTime:0.0000s ]
INFO: Run Behavior\ParseTemplateBehavior [ RunTime:0.042003s ]
INFO: [ view_parse ] --END-- [ RunTime:0.042003s ]
INFO: [ view_filter ] --START--
INFO: Run Behavior\WriteHtmlCacheBehavior [ RunTime:0.002000s ]
INFO: [ view_filter ] --END-- [ RunTime:0.002000s ]
INFO: [ app_end ] --START--
INFO: Run Behavior\ShowPageTraceBehavior [ RunTime:0.003000s ]
INFO: [ app_end ] --END-- [ RunTime:0.003000s ]

[ 2015-05-29T16:59:28+08:00 ] 127.0.0.1 /Member/Index/index.html
INFO: [ app_init ] --START--
INFO: Run Behavior\BuildLiteBehavior [ RunTime:0.000000s ]
INFO: Run Common\Behavior\InitHookBehavior [ RunTime:0.013001s ]
INFO: [ app_init ] --END-- [ RunTime:0.014001s ]
INFO: [ app_begin ] --START--
INFO: Run Behavior\ReadHtmlCacheBehavior [ RunTime:0.003000s ]
INFO: Run Addons\Iswaf\IswafAddon [ RunTime:0.049003s ]
INFO: [ app_begin ] --END-- [ RunTime:0.053003s ]
SQL: SHOW COLUMNS FROM `gica_config` [ RunTime:0.0030s ]
SQL: SELECT `type`,`name`,`value` FROM `gica_config` WHERE `status` = 1  [ RunTime:0.0000s ]
SQL: SHOW COLUMNS FROM `gica_z_members_status` [ RunTime:0.0020s ]
SQL: SELECT * FROM `gica_z_members_status` WHERE `uid` = 79  [ RunTime:0.0010s ]
SQL: SELECT * FROM `gica_z_members_status` WHERE `uid` = 79  [ RunTime:0.0000s ]
NOTIC: [8] Undefined variable: sdata E:\HZSJ\upupw\vhosts\ghcf\Application\Member\Controller\IndexController.class.php 第 29 行.
SQL: SHOW COLUMNS FROM `gica_member` [ RunTime:0.0020s ]
SQL: SELECT * FROM `gica_member` RIGHT JOIN gica_ucenter_member ON gica_member.uid = gica_ucenter_member.id RIGHT JOIN gica_z_member_money ON gica_member.uid = gica_z_member_money.uid  WHERE gica_member.uid = '79'  [ RunTime:0.0000s ]
SQL: SHOW COLUMNS FROM `gica_z_borrow_investor` [ RunTime:0.0020s ]
SQL: SELECT sum(investor_capital)investor_capital FROM `gica_z_borrow_investor` WHERE `investor_uid` = 79 GROUP BY investor_uid ORDER BY investor_capital desc  [ RunTime:0.0000s ]
SQL: SHOW COLUMNS FROM `gica_z_borrow_info` [ RunTime:0.0030s ]
SQL: SELECT sum(borrow_money)borrow_money FROM `gica_z_borrow_info` WHERE `borrow_uid` = 79 GROUP BY borrow_uid  [ RunTime:0.0000s ]
SQL: SHOW COLUMNS FROM `gica_z_member_payonline` [ RunTime:0.0020s ]
SQL: SELECT sum(money)money FROM `gica_z_member_payonline` WHERE `uid` = 79 AND `status` = 88 GROUP BY uid  [ RunTime:0.0000s ]
SQL: SHOW COLUMNS FROM `gica_ucenter_member` [ RunTime:0.0030s ]
SQL: SELECT * FROM `gica_ucenter_member` WHERE gica_ucenter_member.id = '79'  [ RunTime:0.0000s ]
SQL: SHOW COLUMNS FROM `gica_z_qq` [ RunTime:0.0030s ]
SQL: SELECT * FROM `gica_z_qq` WHERE `id` = 1  [ RunTime:0.0000s ]
SQL: SHOW COLUMNS FROM `gica_z_investor_detail` [ RunTime:0.0020s ]
SQL: SELECT sum(interest)interest FROM `gica_z_investor_detail` WHERE `investor_uid` = 79 GROUP BY investor_uid  [ RunTime:0.0000s ]
SQL: SELECT `member_level` FROM `gica_ucenter_member` WHERE `id` = 79  [ RunTime:0.0000s ]
INFO: [ view_parse ] --START--
INFO: [ template_filter ] --START--
INFO: Run Behavior\ContentReplaceBehavior [ RunTime:0.000000s ]
INFO: [ template_filter ] --END-- [ RunTime:0.000000s ]
SQL: SELECT `logo_url` FROM `gica_ucenter_member` WHERE `id` = 79 LIMIT 1   [ RunTime:0.0010s ]
SQL: SHOW COLUMNS FROM `gica_z_system_msg` [ RunTime:0.0030s ]
SQL: SELECT COUNT(*) AS tp_count FROM `gica_z_system_msg` WHERE ( status=0 and uid=79 ) LIMIT 1   [ RunTime:0.0000s ]
SQL: SHOW COLUMNS FROM `gica_z_inner_msg` [ RunTime:0.0020s ]
SQL: SELECT COUNT(*) AS tp_count FROM `gica_z_inner_msg` WHERE ( status=0 and tid=79 ) LIMIT 1   [ RunTime:0.0000s ]
SQL: SELECT COUNT(*) AS tp_count FROM `gica_z_system_msg` WHERE ( status=0 and uid=79 ) LIMIT 1   [ RunTime:0.0000s ]
SQL: SELECT COUNT(*) AS tp_count FROM `gica_z_inner_msg` WHERE ( status=0 and tid=79 ) LIMIT 1   [ RunTime:0.0000s ]
NOTIC: [8] Undefined variable: bm E:\HZSJ\upupw\vhosts\ghcf\Runtime\Cache\Member\cb6e053e31eae77baa8d17b42ff91420.php 第 547 行.
NOTIC: [8] Undefined variable: bm E:\HZSJ\upupw\vhosts\ghcf\Runtime\Cache\Member\cb6e053e31eae77baa8d17b42ff91420.php 第 547 行.
NOTIC: [8] Undefined variable: bm E:\HZSJ\upupw\vhosts\ghcf\Runtime\Cache\Member\cb6e053e31eae77baa8d17b42ff91420.php 第 547 行.
INFO: Run Behavior\ParseTemplateBehavior [ RunTime:0.048002s ]
INFO: [ view_parse ] --END-- [ RunTime:0.048002s ]
INFO: [ view_filter ] --START--
INFO: Run Behavior\WriteHtmlCacheBehavior [ RunTime:0.002001s ]
INFO: [ view_filter ] --END-- [ RunTime:0.002001s ]
INFO: [ app_end ] --START--
INFO: Run Behavior\ShowPageTraceBehavior [ RunTime:0.003000s ]
INFO: [ app_end ] --END-- [ RunTime:0.003000s ]

[ 2015-05-29T16:59:30+08:00 ] 127.0.0.1 /Member/System/withdrawdeposit.html
INFO: [ app_init ] --START--
INFO: Run Behavior\BuildLiteBehavior [ RunTime:0.000000s ]
INFO: Run Common\Behavior\InitHookBehavior [ RunTime:0.008001s ]
INFO: [ app_init ] --END-- [ RunTime:0.009001s ]
INFO: [ app_begin ] --START--
INFO: Run Behavior\ReadHtmlCacheBehavior [ RunTime:0.002000s ]
INFO: Run Addons\Iswaf\IswafAddon [ RunTime:0.038003s ]
INFO: [ app_begin ] --END-- [ RunTime:0.040003s ]
SQL: SHOW COLUMNS FROM `gica_config` [ RunTime:0.0020s ]
SQL: SELECT `type`,`name`,`value` FROM `gica_config` WHERE `status` = 1  [ RunTime:0.0000s ]
SQL: SHOW COLUMNS FROM `gica_z_member_money` [ RunTime:0.0020s ]
SQL: SELECT * FROM `gica_z_member_money` WHERE `uid` = 79  [ RunTime:0.0000s ]
SQL: SHOW COLUMNS FROM `gica_z_member_info` [ RunTime:0.0020s ]
SQL: SELECT * FROM `gica_z_member_info` WHERE ( uid=79 )  [ RunTime:0.0000s ]
INFO: [ view_parse ] --START--
INFO: [ template_filter ] --START--
INFO: Run Behavior\ContentReplaceBehavior [ RunTime:0.001000s ]
INFO: [ template_filter ] --END-- [ RunTime:0.001000s ]
SQL: SHOW COLUMNS FROM `gica_ucenter_member` [ RunTime:0.0050s ]
SQL: SELECT `logo_url` FROM `gica_ucenter_member` WHERE `id` = 79 LIMIT 1   [ RunTime:0.0000s ]
SQL: SHOW COLUMNS FROM `gica_z_system_msg` [ RunTime:0.0020s ]
SQL: SELECT COUNT(*) AS tp_count FROM `gica_z_system_msg` WHERE ( status=0 and uid=79 ) LIMIT 1   [ RunTime:0.0000s ]
SQL: SHOW COLUMNS FROM `gica_z_inner_msg` [ RunTime:0.0020s ]
SQL: SELECT COUNT(*) AS tp_count FROM `gica_z_inner_msg` WHERE ( status=0 and tid=79 ) LIMIT 1   [ RunTime:0.0000s ]
NOTIC: [8] Undefined variable: message E:\HZSJ\upupw\vhosts\ghcf\Runtime\Cache\Member\2d24e418072d1bdaa4cd45d1aef6e660.php 第 407 行.
INFO: Run Behavior\ParseTemplateBehavior [ RunTime:0.038002s ]
INFO: [ view_parse ] --END-- [ RunTime:0.038002s ]
INFO: [ view_filter ] --START--
INFO: Run Behavior\WriteHtmlCacheBehavior [ RunTime:0.002000s ]
INFO: [ view_filter ] --END-- [ RunTime:0.002000s ]

[ 2015-05-29T16:59:33+08:00 ] 127.0.0.1 /Member/Userinfo/userselfset.html
INFO: [ app_init ] --START--
INFO: Run Behavior\BuildLiteBehavior [ RunTime:0.000000s ]
INFO: Run Common\Behavior\InitHookBehavior [ RunTime:0.008001s ]
INFO: [ app_init ] --END-- [ RunTime:0.009001s ]
INFO: [ app_begin ] --START--
INFO: Run Behavior\ReadHtmlCacheBehavior [ RunTime:0.003000s ]
INFO: Run Addons\Iswaf\IswafAddon [ RunTime:0.038003s ]
INFO: [ app_begin ] --END-- [ RunTime:0.041003s ]
SQL: SHOW COLUMNS FROM `gica_config` [ RunTime:0.0020s ]
SQL: SELECT `type`,`name`,`value` FROM `gica_config` WHERE `status` = 1  [ RunTime:0.0000s ]
SQL: SHOW COLUMNS FROM `gica_z_members_status` [ RunTime:0.0020s ]
SQL: SELECT * FROM `gica_z_members_status` WHERE `uid` = 79  [ RunTime:0.0000s ]
SQL: SHOW COLUMNS FROM `gica_z_member_info` [ RunTime:0.0030s ]
SQL: SHOW COLUMNS FROM `gica_ucenter_member` [ RunTime:0.0020s ]
SQL: SELECT * FROM `gica_ucenter_member` WHERE `id` = 79  [ RunTime:0.0000s ]
SQL: SELECT * FROM `gica_z_member_info` WHERE `uid` = 79  [ RunTime:0.0000s ]
SQL: SELECT * FROM `gica_z_member_info` WHERE `uid` = 79  [ RunTime:0.0000s ]
INFO: [ view_parse ] --START--
INFO: [ template_filter ] --START--
INFO: Run Behavior\ContentReplaceBehavior [ RunTime:0.001001s ]
INFO: [ template_filter ] --END-- [ RunTime:0.001001s ]
SQL: SELECT `logo_url` FROM `gica_ucenter_member` WHERE `id` = 79 LIMIT 1   [ RunTime:0.0010s ]
SQL: SHOW COLUMNS FROM `gica_z_system_msg` [ RunTime:0.0020s ]
SQL: SELECT COUNT(*) AS tp_count FROM `gica_z_system_msg` WHERE ( status=0 and uid=79 ) LIMIT 1   [ RunTime:0.0000s ]
SQL: SHOW COLUMNS FROM `gica_z_inner_msg` [ RunTime:0.0020s ]
SQL: SELECT COUNT(*) AS tp_count FROM `gica_z_inner_msg` WHERE ( status=0 and tid=79 ) LIMIT 1   [ RunTime:0.0010s ]
INFO: Run Behavior\ParseTemplateBehavior [ RunTime:0.042002s ]
INFO: [ view_parse ] --END-- [ RunTime:0.042002s ]
INFO: [ view_filter ] --START--
INFO: Run Behavior\WriteHtmlCacheBehavior [ RunTime:0.002000s ]
INFO: [ view_filter ] --END-- [ RunTime:0.002000s ]
INFO: [ app_end ] --START--
INFO: Run Behavior\ShowPageTraceBehavior [ RunTime:0.003001s ]
INFO: [ app_end ] --END-- [ RunTime:0.003001s ]

[ 2015-05-29T16:59:38+08:00 ] 127.0.0.1 /Member/Index/index.html
INFO: [ app_init ] --START--
INFO: Run Behavior\BuildLiteBehavior [ RunTime:0.000000s ]
INFO: Run Common\Behavior\InitHookBehavior [ RunTime:0.008000s ]
INFO: [ app_init ] --END-- [ RunTime:0.009000s ]
INFO: [ app_begin ] --START--
INFO: Run Behavior\ReadHtmlCacheBehavior [ RunTime:0.002000s ]
INFO: Run Addons\Iswaf\IswafAddon [ RunTime:0.038002s ]
INFO: [ app_begin ] --END-- [ RunTime:0.040002s ]
SQL: SHOW COLUMNS FROM `gica_config` [ RunTime:0.0020s ]
SQL: SELECT `type`,`name`,`value` FROM `gica_config` WHERE `status` = 1  [ RunTime:0.0000s ]
SQL: SHOW COLUMNS FROM `gica_z_members_status` [ RunTime:0.0020s ]
SQL: SELECT * FROM `gica_z_members_status` WHERE `uid` = 79  [ RunTime:0.0000s ]
SQL: SELECT * FROM `gica_z_members_status` WHERE `uid` = 79  [ RunTime:0.0000s ]
NOTIC: [8] Undefined variable: sdata E:\HZSJ\upupw\vhosts\ghcf\Application\Member\Controller\IndexController.class.php 第 29 行.
SQL: SHOW COLUMNS FROM `gica_member` [ RunTime:0.0020s ]
SQL: SELECT * FROM `gica_member` RIGHT JOIN gica_ucenter_member ON gica_member.uid = gica_ucenter_member.id RIGHT JOIN gica_z_member_money ON gica_member.uid = gica_z_member_money.uid  WHERE gica_member.uid = '79'  [ RunTime:0.0010s ]
SQL: SHOW COLUMNS FROM `gica_z_borrow_investor` [ RunTime:0.0020s ]
SQL: SELECT sum(investor_capital)investor_capital FROM `gica_z_borrow_investor` WHERE `investor_uid` = 79 GROUP BY investor_uid ORDER BY investor_capital desc  [ RunTime:0.0010s ]
SQL: SHOW COLUMNS FROM `gica_z_borrow_info` [ RunTime:0.0030s ]
SQL: SELECT sum(borrow_money)borrow_money FROM `gica_z_borrow_info` WHERE `borrow_uid` = 79 GROUP BY borrow_uid  [ RunTime:0.0000s ]
SQL: SHOW COLUMNS FROM `gica_z_member_payonline` [ RunTime:0.0020s ]
SQL: SELECT sum(money)money FROM `gica_z_member_payonline` WHERE `uid` = 79 AND `status` = 88 GROUP BY uid  [ RunTime:0.0000s ]
SQL: SHOW COLUMNS FROM `gica_ucenter_member` [ RunTime:0.0020s ]
SQL: SELECT * FROM `gica_ucenter_member` WHERE gica_ucenter_member.id = '79'  [ RunTime:0.0000s ]
SQL: SHOW COLUMNS FROM `gica_z_qq` [ RunTime:0.0020s ]
SQL: SELECT * FROM `gica_z_qq` WHERE `id` = 1  [ RunTime:0.0000s ]
SQL: SHOW COLUMNS FROM `gica_z_investor_detail` [ RunTime:0.0030s ]
SQL: SELECT sum(interest)interest FROM `gica_z_investor_detail` WHERE `investor_uid` = 79 GROUP BY investor_uid  [ RunTime:0.0000s ]
SQL: SELECT `member_level` FROM `gica_ucenter_member` WHERE `id` = 79  [ RunTime:0.0000s ]
INFO: [ view_parse ] --START--
INFO: [ template_filter ] --START--
INFO: Run Behavior\ContentReplaceBehavior [ RunTime:0.001000s ]
INFO: [ template_filter ] --END-- [ RunTime:0.001000s ]
SQL: SELECT `logo_url` FROM `gica_ucenter_member` WHERE `id` = 79 LIMIT 1   [ RunTime:0.0010s ]
SQL: SHOW COLUMNS FROM `gica_z_system_msg` [ RunTime:0.0020s ]
SQL: SELECT COUNT(*) AS tp_count FROM `gica_z_system_msg` WHERE ( status=0 and uid=79 ) LIMIT 1   [ RunTime:0.0000s ]
SQL: SHOW COLUMNS FROM `gica_z_inner_msg` [ RunTime:0.0020s ]
SQL: SELECT COUNT(*) AS tp_count FROM `gica_z_inner_msg` WHERE ( status=0 and tid=79 ) LIMIT 1   [ RunTime:0.0000s ]
SQL: SELECT COUNT(*) AS tp_count FROM `gica_z_system_msg` WHERE ( status=0 and uid=79 ) LIMIT 1   [ RunTime:0.0000s ]
SQL: SELECT COUNT(*) AS tp_count FROM `gica_z_inner_msg` WHERE ( status=0 and tid=79 ) LIMIT 1   [ RunTime:0.0010s ]
NOTIC: [8] Undefined variable: bm E:\HZSJ\upupw\vhosts\ghcf\Runtime\Cache\Member\cb6e053e31eae77baa8d17b42ff91420.php 第 547 行.
NOTIC: [8] Undefined variable: bm E:\HZSJ\upupw\vhosts\ghcf\Runtime\Cache\Member\cb6e053e31eae77baa8d17b42ff91420.php 第 547 行.
NOTIC: [8] Undefined variable: bm E:\HZSJ\upupw\vhosts\ghcf\Runtime\Cache\Member\cb6e053e31eae77baa8d17b42ff91420.php 第 547 行.
INFO: Run Behavior\ParseTemplateBehavior [ RunTime:0.047003s ]
INFO: [ view_parse ] --END-- [ RunTime:0.047003s ]
INFO: [ view_filter ] --START--
INFO: Run Behavior\WriteHtmlCacheBehavior [ RunTime:0.002000s ]
INFO: [ view_filter ] --END-- [ RunTime:0.002000s ]
INFO: [ app_end ] --START--
INFO: Run Behavior\ShowPageTraceBehavior [ RunTime:0.003001s ]
INFO: [ app_end ] --END-- [ RunTime:0.003001s ]

[ 2015-05-29T17:00:12+08:00 ] 127.0.0.1 /Member/System/recharge.html
INFO: [ app_init ] --START--
INFO: Run Behavior\BuildLiteBehavior [ RunTime:0.000000s ]
INFO: Run Common\Behavior\InitHookBehavior [ RunTime:0.012001s ]
INFO: [ app_init ] --END-- [ RunTime:0.013001s ]
INFO: [ app_begin ] --START--
INFO: Run Behavior\ReadHtmlCacheBehavior [ RunTime:0.003000s ]
INFO: Run Addons\Iswaf\IswafAddon [ RunTime:0.047003s ]
INFO: [ app_begin ] --END-- [ RunTime:0.050003s ]
SQL: SHOW COLUMNS FROM `gica_config` [ RunTime:0.0020s ]
SQL: SELECT `type`,`name`,`value` FROM `gica_config` WHERE `status` = 1  [ RunTime:0.0010s ]
SQL: SHOW COLUMNS FROM `gica_z_member_banks` [ RunTime:0.0030s ]
SQL: SELECT * FROM `gica_z_member_banks` WHERE ( uid=79 )  [ RunTime:0.0000s ]
NOTIC: [8] Undefined variable: memberdata E:\HZSJ\upupw\vhosts\ghcf\Application\Member\Controller\SystemController.class.php 第 306 行.
INFO: [ view_parse ] --START--
INFO: [ template_filter ] --START--
INFO: Run Behavior\ContentReplaceBehavior [ RunTime:0.000000s ]
INFO: [ template_filter ] --END-- [ RunTime:0.000000s ]
SQL: SHOW COLUMNS FROM `gica_ucenter_member` [ RunTime:0.0020s ]
SQL: SELECT `logo_url` FROM `gica_ucenter_member` WHERE `id` = 79 LIMIT 1   [ RunTime:0.0000s ]
SQL: SHOW COLUMNS FROM `gica_z_system_msg` [ RunTime:0.0020s ]
SQL: SELECT COUNT(*) AS tp_count FROM `gica_z_system_msg` WHERE ( status=0 and uid=79 ) LIMIT 1   [ RunTime:0.0000s ]
SQL: SHOW COLUMNS FROM `gica_z_inner_msg` [ RunTime:0.0020s ]
SQL: SELECT COUNT(*) AS tp_count FROM `gica_z_inner_msg` WHERE ( status=0 and tid=79 ) LIMIT 1   [ RunTime:0.0000s ]
NOTIC: [8] Undefined variable: MerNo E:\HZSJ\upupw\vhosts\ghcf\Runtime\Cache\Member\73a46619c0cf34d6041794dbddc85bb4.php 第 460 行.
NOTIC: [8] Undefined variable: BillNo E:\HZSJ\upupw\vhosts\ghcf\Runtime\Cache\Member\73a46619c0cf34d6041794dbddc85bb4.php 第 461 行.
NOTIC: [8] Undefined variable: Amount E:\HZSJ\upupw\vhosts\ghcf\Runtime\Cache\Member\73a46619c0cf34d6041794dbddc85bb4.php 第 462 行.
NOTIC: [8] Undefined variable: ReturnURL E:\HZSJ\upupw\vhosts\ghcf\Runtime\Cache\Member\73a46619c0cf34d6041794dbddc85bb4.php 第 463 行.
NOTIC: [8] Undefined variable: AdviceURL E:\HZSJ\upupw\vhosts\ghcf\Runtime\Cache\Member\73a46619c0cf34d6041794dbddc85bb4.php 第 464 行.
NOTIC: [8] Undefined variable: orderTime E:\HZSJ\upupw\vhosts\ghcf\Runtime\Cache\Member\73a46619c0cf34d6041794dbddc85bb4.php 第 465 行.
NOTIC: [8] Undefined variable: defaultBankNumber E:\HZSJ\upupw\vhosts\ghcf\Runtime\Cache\Member\73a46619c0cf34d6041794dbddc85bb4.php 第 466 行.
NOTIC: [8] Undefined variable: SignInfo E:\HZSJ\upupw\vhosts\ghcf\Runtime\Cache\Member\73a46619c0cf34d6041794dbddc85bb4.php 第 467 行.
NOTIC: [8] Undefined variable: Remark E:\HZSJ\upupw\vhosts\ghcf\Runtime\Cache\Member\73a46619c0cf34d6041794dbddc85bb4.php 第 468 行.
NOTIC: [8] Undefined variable: products E:\HZSJ\upupw\vhosts\ghcf\Runtime\Cache\Member\73a46619c0cf34d6041794dbddc85bb4.php 第 469 行.
INFO: Run Behavior\ParseTemplateBehavior [ RunTime:0.040002s ]
INFO: [ view_parse ] --END-- [ RunTime:0.040002s ]
INFO: [ view_filter ] --START--
INFO: Run Behavior\WriteHtmlCacheBehavior [ RunTime:0.002000s ]
INFO: [ view_filter ] --END-- [ RunTime:0.002000s ]
INFO: [ app_end ] --START--
INFO: Run Behavior\ShowPageTraceBehavior [ RunTime:0.002000s ]
INFO: [ app_end ] --END-- [ RunTime:0.002000s ]

[ 2015-05-29T17:00:40+08:00 ] 127.0.0.1 /Member/Index/index.html
INFO: [ app_init ] --START--
INFO: Run Behavior\BuildLiteBehavior [ RunTime:0.000000s ]
INFO: Run Common\Behavior\InitHookBehavior [ RunTime:0.008000s ]
INFO: [ app_init ] --END-- [ RunTime:0.009000s ]
INFO: [ app_begin ] --START--
INFO: Run Behavior\ReadHtmlCacheBehavior [ RunTime:0.002000s ]
INFO: Run Addons\Iswaf\IswafAddon [ RunTime:0.038002s ]
INFO: [ app_begin ] --END-- [ RunTime:0.040002s ]
SQL: SHOW COLUMNS FROM `gica_config` [ RunTime:0.0020s ]
SQL: SELECT `type`,`name`,`value` FROM `gica_config` WHERE `status` = 1  [ RunTime:0.0010s ]
SQL: SHOW COLUMNS FROM `gica_z_members_status` [ RunTime:0.0020s ]
SQL: SELECT * FROM `gica_z_members_status` WHERE `uid` = 79  [ RunTime:0.0000s ]
SQL: SELECT * FROM `gica_z_members_status` WHERE `uid` = 79  [ RunTime:0.0000s ]
NOTIC: [8] Undefined variable: sdata E:\HZSJ\upupw\vhosts\ghcf\Application\Member\Controller\IndexController.class.php 第 29 行.
SQL: SHOW COLUMNS FROM `gica_member` [ RunTime:0.0020s ]
SQL: SELECT * FROM `gica_member` RIGHT JOIN gica_ucenter_member ON gica_member.uid = gica_ucenter_member.id RIGHT JOIN gica_z_member_money ON gica_member.uid = gica_z_member_money.uid  WHERE gica_member.uid = '79'  [ RunTime:0.0000s ]
SQL: SHOW COLUMNS FROM `gica_z_borrow_investor` [ RunTime:0.0020s ]
SQL: SELECT sum(investor_capital)investor_capital FROM `gica_z_borrow_investor` WHERE `investor_uid` = 79 GROUP BY investor_uid ORDER BY investor_capital desc  [ RunTime:0.0000s ]
SQL: SHOW COLUMNS FROM `gica_z_borrow_info` [ RunTime:0.0030s ]
SQL: SELECT sum(borrow_money)borrow_money FROM `gica_z_borrow_info` WHERE `borrow_uid` = 79 GROUP BY borrow_uid  [ RunTime:0.0000s ]
SQL: SHOW COLUMNS FROM `gica_z_member_payonline` [ RunTime:0.0020s ]
SQL: SELECT sum(money)money FROM `gica_z_member_payonline` WHERE `uid` = 79 AND `status` = 88 GROUP BY uid  [ RunTime:0.0010s ]
SQL: SHOW COLUMNS FROM `gica_ucenter_member` [ RunTime:0.0020s ]
SQL: SELECT * FROM `gica_ucenter_member` WHERE gica_ucenter_member.id = '79'  [ RunTime:0.0010s ]
SQL: SHOW COLUMNS FROM `gica_z_qq` [ RunTime:0.0020s ]
SQL: SELECT * FROM `gica_z_qq` WHERE `id` = 1  [ RunTime:0.0000s ]
SQL: SHOW COLUMNS FROM `gica_z_investor_detail` [ RunTime:0.0020s ]
SQL: SELECT sum(interest)interest FROM `gica_z_investor_detail` WHERE `investor_uid` = 79 GROUP BY investor_uid  [ RunTime:0.0000s ]
SQL: SELECT `member_level` FROM `gica_ucenter_member` WHERE `id` = 79  [ RunTime:0.0000s ]
INFO: [ view_parse ] --START--
INFO: [ template_filter ] --START--
INFO: Run Behavior\ContentReplaceBehavior [ RunTime:0.001000s ]
INFO: [ template_filter ] --END-- [ RunTime:0.001000s ]
SQL: SELECT `logo_url` FROM `gica_ucenter_member` WHERE `id` = 79 LIMIT 1   [ RunTime:0.0000s ]
SQL: SHOW COLUMNS FROM `gica_z_system_msg` [ RunTime:0.0030s ]
SQL: SELECT COUNT(*) AS tp_count FROM `gica_z_system_msg` WHERE ( status=0 and uid=79 ) LIMIT 1   [ RunTime:0.0000s ]
SQL: SHOW COLUMNS FROM `gica_z_inner_msg` [ RunTime:0.0020s ]
SQL: SELECT COUNT(*) AS tp_count FROM `gica_z_inner_msg` WHERE ( status=0 and tid=79 ) LIMIT 1   [ RunTime:0.0000s ]
SQL: SELECT COUNT(*) AS tp_count FROM `gica_z_system_msg` WHERE ( status=0 and uid=79 ) LIMIT 1   [ RunTime:0.0000s ]
SQL: SELECT COUNT(*) AS tp_count FROM `gica_z_inner_msg` WHERE ( status=0 and tid=79 ) LIMIT 1   [ RunTime:0.0000s ]
NOTIC: [8] Undefined variable: bm E:\HZSJ\upupw\vhosts\ghcf\Runtime\Cache\Member\cb6e053e31eae77baa8d17b42ff91420.php 第 547 行.
NOTIC: [8] Undefined variable: bm E:\HZSJ\upupw\vhosts\ghcf\Runtime\Cache\Member\cb6e053e31eae77baa8d17b42ff91420.php 第 547 行.
NOTIC: [8] Undefined variable: bm E:\HZSJ\upupw\vhosts\ghcf\Runtime\Cache\Member\cb6e053e31eae77baa8d17b42ff91420.php 第 547 行.
INFO: Run Behavior\ParseTemplateBehavior [ RunTime:0.047003s ]
INFO: [ view_parse ] --END-- [ RunTime:0.047003s ]
INFO: [ view_filter ] --START--
INFO: Run Behavior\WriteHtmlCacheBehavior [ RunTime:0.003000s ]
INFO: [ view_filter ] --END-- [ RunTime:0.003000s ]
INFO: [ app_end ] --START--
INFO: Run Behavior\ShowPageTraceBehavior [ RunTime:0.002000s ]
INFO: [ app_end ] --END-- [ RunTime:0.002000s ]

[ 2015-05-29T17:01:23+08:00 ] 127.0.0.1 /Member/Index/Index.html
INFO: [ app_init ] --START--
INFO: Run Behavior\BuildLiteBehavior [ RunTime:0.000000s ]
INFO: Run Common\Behavior\InitHookBehavior [ RunTime:0.014001s ]
INFO: [ app_init ] --END-- [ RunTime:0.016001s ]
INFO: [ app_begin ] --START--
INFO: Run Behavior\ReadHtmlCacheBehavior [ RunTime:0.004001s ]
INFO: Run Addons\Iswaf\IswafAddon [ RunTime:0.041002s ]
INFO: [ app_begin ] --END-- [ RunTime:0.045003s ]
SQL: SHOW COLUMNS FROM `gica_config` [ RunTime:0.0020s ]
SQL: SELECT `type`,`name`,`value` FROM `gica_config` WHERE `status` = 1  [ RunTime:0.0010s ]
SQL: SHOW COLUMNS FROM `gica_z_members_status` [ RunTime:0.0020s ]
SQL: SELECT * FROM `gica_z_members_status` WHERE `uid` = 79  [ RunTime:0.0010s ]
SQL: SELECT * FROM `gica_z_members_status` WHERE `uid` = 79  [ RunTime:0.0000s ]
NOTIC: [8] Undefined variable: sdata E:\HZSJ\upupw\vhosts\ghcf\Application\Member\Controller\IndexController.class.php 第 29 行.
SQL: SHOW COLUMNS FROM `gica_member` [ RunTime:0.0020s ]
SQL: SELECT * FROM `gica_member` RIGHT JOIN gica_ucenter_member ON gica_member.uid = gica_ucenter_member.id RIGHT JOIN gica_z_member_money ON gica_member.uid = gica_z_member_money.uid  WHERE gica_member.uid = '79'  [ RunTime:0.0000s ]
SQL: SHOW COLUMNS FROM `gica_z_borrow_investor` [ RunTime:0.0020s ]
SQL: SELECT sum(investor_capital)investor_capital FROM `gica_z_borrow_investor` WHERE `investor_uid` = 79 GROUP BY investor_uid ORDER BY investor_capital desc  [ RunTime:0.0000s ]
SQL: SHOW COLUMNS FROM `gica_z_borrow_info` [ RunTime:0.0020s ]
SQL: SELECT sum(borrow_money)borrow_money FROM `gica_z_borrow_info` WHERE `borrow_uid` = 79 GROUP BY borrow_uid  [ RunTime:0.0010s ]
SQL: SHOW COLUMNS FROM `gica_z_member_payonline` [ RunTime:0.0020s ]
SQL: SELECT sum(money)money FROM `gica_z_member_payonline` WHERE `uid` = 79 AND `status` = 88 GROUP BY uid  [ RunTime:0.0000s ]
SQL: SHOW COLUMNS FROM `gica_ucenter_member` [ RunTime:0.0030s ]
SQL: SELECT * FROM `gica_ucenter_member` WHERE gica_ucenter_member.id = '79'  [ RunTime:0.0000s ]
SQL: SHOW COLUMNS FROM `gica_z_qq` [ RunTime:0.0020s ]
SQL: SELECT * FROM `gica_z_qq` WHERE `id` = 1  [ RunTime:0.0010s ]
SQL: SHOW COLUMNS FROM `gica_z_investor_detail` [ RunTime:0.0020s ]
SQL: SELECT sum(interest)interest FROM `gica_z_investor_detail` WHERE `investor_uid` = 79 GROUP BY investor_uid  [ RunTime:0.0000s ]
SQL: SELECT `member_level` FROM `gica_ucenter_member` WHERE `id` = 79  [ RunTime:0.0010s ]
INFO: [ view_parse ] --START--
INFO: [ template_filter ] --START--
INFO: Run Behavior\ContentReplaceBehavior [ RunTime:0.000000s ]
INFO: [ template_filter ] --END-- [ RunTime:0.000000s ]
SQL: SELECT `logo_url` FROM `gica_ucenter_member` WHERE `id` = 79 LIMIT 1   [ RunTime:0.0010s ]
SQL: SHOW COLUMNS FROM `gica_z_system_msg` [ RunTime:0.0020s ]
SQL: SELECT COUNT(*) AS tp_count FROM `gica_z_system_msg` WHERE ( status=0 and uid=79 ) LIMIT 1   [ RunTime:0.0000s ]
SQL: SHOW COLUMNS FROM `gica_z_inner_msg` [ RunTime:0.0020s ]
SQL: SELECT COUNT(*) AS tp_count FROM `gica_z_inner_msg` WHERE ( status=0 and tid=79 ) LIMIT 1   [ RunTime:0.0010s ]
SQL: SELECT COUNT(*) AS tp_count FROM `gica_z_system_msg` WHERE ( status=0 and uid=79 ) LIMIT 1   [ RunTime:0.0000s ]
SQL: SELECT COUNT(*) AS tp_count FROM `gica_z_inner_msg` WHERE ( status=0 and tid=79 ) LIMIT 1   [ RunTime:0.0000s ]
NOTIC: [8] Undefined variable: bm E:\HZSJ\upupw\vhosts\ghcf\Runtime\Cache\Member\46a52aabd96f41d3e32b584e11e9db55.php 第 547 行.
NOTIC: [8] Undefined variable: bm E:\HZSJ\upupw\vhosts\ghcf\Runtime\Cache\Member\46a52aabd96f41d3e32b584e11e9db55.php 第 547 行.
NOTIC: [8] Undefined variable: bm E:\HZSJ\upupw\vhosts\ghcf\Runtime\Cache\Member\46a52aabd96f41d3e32b584e11e9db55.php 第 547 行.
INFO: Run Behavior\ParseTemplateBehavior [ RunTime:0.047003s ]
INFO: [ view_parse ] --END-- [ RunTime:0.047003s ]
INFO: [ view_filter ] --START--
INFO: Run Behavior\WriteHtmlCacheBehavior [ RunTime:0.002000s ]
INFO: [ view_filter ] --END-- [ RunTime:0.002000s ]
INFO: [ app_end ] --START--
INFO: Run Behavior\ShowPageTraceBehavior [ RunTime:0.002000s ]
INFO: [ app_end ] --END-- [ RunTime:0.002000s ]

[ 2015-05-29T17:01:26+08:00 ] 127.0.0.1 /Member/Index/index.html
INFO: [ app_init ] --START--
INFO: Run Behavior\BuildLiteBehavior [ RunTime:0.000000s ]
INFO: Run Common\Behavior\InitHookBehavior [ RunTime:0.008000s ]
INFO: [ app_init ] --END-- [ RunTime:0.010000s ]
INFO: [ app_begin ] --START--
INFO: Run Behavior\ReadHtmlCacheBehavior [ RunTime:0.002001s ]
INFO: Run Addons\Iswaf\IswafAddon [ RunTime:0.038002s ]
INFO: [ app_begin ] --END-- [ RunTime:0.040003s ]
SQL: SHOW COLUMNS FROM `gica_config` [ RunTime:0.0030s ]
SQL: SELECT `type`,`name`,`value` FROM `gica_config` WHERE `status` = 1  [ RunTime:0.0000s ]
SQL: SHOW COLUMNS FROM `gica_z_members_status` [ RunTime:0.0020s ]
SQL: SELECT * FROM `gica_z_members_status` WHERE `uid` = 79  [ RunTime:0.0000s ]
SQL: SELECT * FROM `gica_z_members_status` WHERE `uid` = 79  [ RunTime:0.0000s ]
NOTIC: [8] Undefined variable: sdata E:\HZSJ\upupw\vhosts\ghcf\Application\Member\Controller\IndexController.class.php 第 29 行.
SQL: SHOW COLUMNS FROM `gica_member` [ RunTime:0.0010s ]
SQL: SELECT * FROM `gica_member` RIGHT JOIN gica_ucenter_member ON gica_member.uid = gica_ucenter_member.id RIGHT JOIN gica_z_member_money ON gica_member.uid = gica_z_member_money.uid  WHERE gica_member.uid = '79'  [ RunTime:0.0000s ]
SQL: SHOW COLUMNS FROM `gica_z_borrow_investor` [ RunTime:0.0020s ]
SQL: SELECT sum(investor_capital)investor_capital FROM `gica_z_borrow_investor` WHERE `investor_uid` = 79 GROUP BY investor_uid ORDER BY investor_capital desc  [ RunTime:0.0010s ]
SQL: SHOW COLUMNS FROM `gica_z_borrow_info` [ RunTime:0.0020s ]
SQL: SELECT sum(borrow_money)borrow_money FROM `gica_z_borrow_info` WHERE `borrow_uid` = 79 GROUP BY borrow_uid  [ RunTime:0.0010s ]
SQL: SHOW COLUMNS FROM `gica_z_member_payonline` [ RunTime:0.0020s ]
SQL: SELECT sum(money)money FROM `gica_z_member_payonline` WHERE `uid` = 79 AND `status` = 88 GROUP BY uid  [ RunTime:0.0000s ]
SQL: SHOW COLUMNS FROM `gica_ucenter_member` [ RunTime:0.0020s ]
SQL: SELECT * FROM `gica_ucenter_member` WHERE gica_ucenter_member.id = '79'  [ RunTime:0.0000s ]
SQL: SHOW COLUMNS FROM `gica_z_qq` [ RunTime:0.0020s ]
SQL: SELECT * FROM `gica_z_qq` WHERE `id` = 1  [ RunTime:0.0000s ]
SQL: SHOW COLUMNS FROM `gica_z_investor_detail` [ RunTime:0.0020s ]
SQL: SELECT sum(interest)interest FROM `gica_z_investor_detail` WHERE `investor_uid` = 79 GROUP BY investor_uid  [ RunTime:0.0000s ]
SQL: SELECT `member_level` FROM `gica_ucenter_member` WHERE `id` = 79  [ RunTime:0.0000s ]
INFO: [ view_parse ] --START--
INFO: [ template_filter ] --START--
INFO: Run Behavior\ContentReplaceBehavior [ RunTime:0.000000s ]
INFO: [ template_filter ] --END-- [ RunTime:0.000000s ]
SQL: SELECT `logo_url` FROM `gica_ucenter_member` WHERE `id` = 79 LIMIT 1   [ RunTime:0.0000s ]
SQL: SHOW COLUMNS FROM `gica_z_system_msg` [ RunTime:0.0020s ]
SQL: SELECT COUNT(*) AS tp_count FROM `gica_z_system_msg` WHERE ( status=0 and uid=79 ) LIMIT 1   [ RunTime:0.0000s ]
SQL: SHOW COLUMNS FROM `gica_z_inner_msg` [ RunTime:0.0020s ]
SQL: SELECT COUNT(*) AS tp_count FROM `gica_z_inner_msg` WHERE ( status=0 and tid=79 ) LIMIT 1   [ RunTime:0.0010s ]
SQL: SELECT COUNT(*) AS tp_count FROM `gica_z_system_msg` WHERE ( status=0 and uid=79 ) LIMIT 1   [ RunTime:0.0000s ]
SQL: SELECT COUNT(*) AS tp_count FROM `gica_z_inner_msg` WHERE ( status=0 and tid=79 ) LIMIT 1   [ RunTime:0.0000s ]
NOTIC: [8] Undefined variable: bm E:\HZSJ\upupw\vhosts\ghcf\Runtime\Cache\Member\cb6e053e31eae77baa8d17b42ff91420.php 第 547 行.
NOTIC: [8] Undefined variable: bm E:\HZSJ\upupw\vhosts\ghcf\Runtime\Cache\Member\cb6e053e31eae77baa8d17b42ff91420.php 第 547 行.
NOTIC: [8] Undefined variable: bm E:\HZSJ\upupw\vhosts\ghcf\Runtime\Cache\Member\cb6e053e31eae77baa8d17b42ff91420.php 第 547 行.
INFO: Run Behavior\ParseTemplateBehavior [ RunTime:0.047003s ]
INFO: [ view_parse ] --END-- [ RunTime:0.047003s ]
INFO: [ view_filter ] --START--
INFO: Run Behavior\WriteHtmlCacheBehavior [ RunTime:0.002000s ]
INFO: [ view_filter ] --END-- [ RunTime:0.002000s ]
INFO: [ app_end ] --START--
INFO: Run Behavior\ShowPageTraceBehavior [ RunTime:0.003000s ]
INFO: [ app_end ] --END-- [ RunTime:0.003000s ]

[ 2015-05-29T17:04:14+08:00 ] 127.0.0.1 /Member/Index/index.html
INFO: [ app_init ] --START--
INFO: Run Behavior\BuildLiteBehavior [ RunTime:0.000000s ]
INFO: Run Common\Behavior\InitHookBehavior [ RunTime:0.009001s ]
INFO: [ app_init ] --END-- [ RunTime:0.009001s ]
INFO: [ app_begin ] --START--
INFO: Run Behavior\ReadHtmlCacheBehavior [ RunTime:0.002000s ]
INFO: Run Addons\Iswaf\IswafAddon [ RunTime:0.037002s ]
INFO: [ app_begin ] --END-- [ RunTime:0.039002s ]
SQL: SHOW COLUMNS FROM `gica_config` [ RunTime:0.0020s ]
SQL: SELECT `type`,`name`,`value` FROM `gica_config` WHERE `status` = 1  [ RunTime:0.0000s ]
SQL: SHOW COLUMNS FROM `gica_z_members_status` [ RunTime:0.0020s ]
SQL: SELECT * FROM `gica_z_members_status` WHERE `uid` = 79  [ RunTime:0.0000s ]
SQL: SELECT * FROM `gica_z_members_status` WHERE `uid` = 79  [ RunTime:0.0000s ]
NOTIC: [8] Undefined variable: sdata E:\HZSJ\upupw\vhosts\ghcf\Application\Member\Controller\IndexController.class.php 第 29 行.
SQL: SHOW COLUMNS FROM `gica_member` [ RunTime:0.0020s ]
SQL: SELECT * FROM `gica_member` RIGHT JOIN gica_ucenter_member ON gica_member.uid = gica_ucenter_member.id RIGHT JOIN gica_z_member_money ON gica_member.uid = gica_z_member_money.uid  WHERE gica_member.uid = '79'  [ RunTime:0.0010s ]
SQL: SHOW COLUMNS FROM `gica_z_borrow_investor` [ RunTime:0.0020s ]
SQL: SELECT sum(investor_capital)investor_capital FROM `gica_z_borrow_investor` WHERE `investor_uid` = 79 GROUP BY investor_uid ORDER BY investor_capital desc  [ RunTime:0.0000s ]
SQL: SHOW COLUMNS FROM `gica_z_borrow_info` [ RunTime:0.0030s ]
SQL: SELECT sum(borrow_money)borrow_money FROM `gica_z_borrow_info` WHERE `borrow_uid` = 79 GROUP BY borrow_uid  [ RunTime:0.0000s ]
SQL: SHOW COLUMNS FROM `gica_z_member_payonline` [ RunTime:0.0010s ]
SQL: SELECT sum(money)money FROM `gica_z_member_payonline` WHERE `uid` = 79 AND `status` = 88 GROUP BY uid  [ RunTime:0.0000s ]
SQL: SHOW COLUMNS FROM `gica_ucenter_member` [ RunTime:0.0020s ]
SQL: SELECT * FROM `gica_ucenter_member` WHERE gica_ucenter_member.id = '79'  [ RunTime:0.0010s ]
SQL: SHOW COLUMNS FROM `gica_z_qq` [ RunTime:0.0010s ]
SQL: SELECT * FROM `gica_z_qq` WHERE `id` = 1  [ RunTime:0.0000s ]
SQL: SHOW COLUMNS FROM `gica_z_investor_detail` [ RunTime:0.0020s ]
SQL: SELECT sum(interest)interest FROM `gica_z_investor_detail` WHERE `investor_uid` = 79 GROUP BY investor_uid  [ RunTime:0.0000s ]
SQL: SELECT `member_level` FROM `gica_ucenter_member` WHERE `id` = 79  [ RunTime:0.0000s ]
INFO: [ view_parse ] --START--
INFO: [ template_filter ] --START--
INFO: Run Behavior\ContentReplaceBehavior [ RunTime:0.000000s ]
INFO: [ template_filter ] --END-- [ RunTime:0.000000s ]
SQL: SELECT `logo_url` FROM `gica_ucenter_member` WHERE `id` = 79 LIMIT 1   [ RunTime:0.0010s ]
SQL: SHOW COLUMNS FROM `gica_z_system_msg` [ RunTime:0.0020s ]
SQL: SELECT COUNT(*) AS tp_count FROM `gica_z_system_msg` WHERE ( status=0 and uid=79 ) LIMIT 1   [ RunTime:0.0000s ]
SQL: SHOW COLUMNS FROM `gica_z_inner_msg` [ RunTime:0.0020s ]
SQL: SELECT COUNT(*) AS tp_count FROM `gica_z_inner_msg` WHERE ( status=0 and tid=79 ) LIMIT 1   [ RunTime:0.0000s ]
SQL: SELECT COUNT(*) AS tp_count FROM `gica_z_system_msg` WHERE ( status=0 and uid=79 ) LIMIT 1   [ RunTime:0.0000s ]
SQL: SELECT COUNT(*) AS tp_count FROM `gica_z_inner_msg` WHERE ( status=0 and tid=79 ) LIMIT 1   [ RunTime:0.0000s ]
NOTIC: [8] Undefined variable: bm E:\HZSJ\upupw\vhosts\ghcf\Runtime\Cache\Member\cb6e053e31eae77baa8d17b42ff91420.php 第 547 行.
NOTIC: [8] Undefined variable: bm E:\HZSJ\upupw\vhosts\ghcf\Runtime\Cache\Member\cb6e053e31eae77baa8d17b42ff91420.php 第 547 行.
NOTIC: [8] Undefined variable: bm E:\HZSJ\upupw\vhosts\ghcf\Runtime\Cache\Member\cb6e053e31eae77baa8d17b42ff91420.php 第 547 行.
INFO: Run Behavior\ParseTemplateBehavior [ RunTime:0.047002s ]
INFO: [ view_parse ] --END-- [ RunTime:0.047002s ]
INFO: [ view_filter ] --START--
INFO: Run Behavior\WriteHtmlCacheBehavior [ RunTime:0.002001s ]
INFO: [ view_filter ] --END-- [ RunTime:0.003001s ]
INFO: [ app_end ] --START--
INFO: Run Behavior\ShowPageTraceBehavior [ RunTime:0.002000s ]
INFO: [ app_end ] --END-- [ RunTime:0.002000s ]

[ 2015-05-29T17:04:17+08:00 ] 127.0.0.1 /Member/Borrow/myborrowapply.html
INFO: [ app_init ] --START--
INFO: Run Behavior\BuildLiteBehavior [ RunTime:0.000000s ]
INFO: Run Common\Behavior\InitHookBehavior [ RunTime:0.009000s ]
INFO: [ app_init ] --END-- [ RunTime:0.009000s ]
INFO: [ app_begin ] --START--
INFO: Run Behavior\ReadHtmlCacheBehavior [ RunTime:0.002000s ]
INFO: Run Addons\Iswaf\IswafAddon [ RunTime:0.036002s ]
INFO: [ app_begin ] --END-- [ RunTime:0.038002s ]
SQL: SHOW COLUMNS FROM `gica_config` [ RunTime:0.0020s ]
SQL: SELECT `type`,`name`,`value` FROM `gica_config` WHERE `status` = 1  [ RunTime:0.0000s ]
SQL: SHOW COLUMNS FROM `gica_z_members_status` [ RunTime:0.0020s ]
SQL: SELECT * FROM `gica_z_members_status` WHERE `uid` = 79  [ RunTime:0.0000s ]
SQL: SHOW COLUMNS FROM `gica_z_borrow_apply` [ RunTime:0.0020s ]
NOTIC: [8] Use of undefined constant desc - assumed 'desc' E:\HZSJ\upupw\vhosts\ghcf\Application\Member\Controller\BorrowController.class.php 第 423 行.
SQL: SELECT COUNT(*) AS tp_count FROM `gica_z_borrow_apply` WHERE ( apply_uid=79 ) ORDER BY status LIMIT 1   [ RunTime:0.0000s ]
NOTIC: [8] Use of undefined constant desc - assumed 'desc' E:\HZSJ\upupw\vhosts\ghcf\Application\Member\Controller\BorrowController.class.php 第 426 行.
SQL: SELECT * FROM `gica_z_borrow_apply` WHERE ( apply_uid=79 ) ORDER BY status LIMIT 0,10   [ RunTime:0.0000s ]
INFO: [ view_parse ] --START--
INFO: [ template_filter ] --START--
INFO: Run Behavior\ContentReplaceBehavior [ RunTime:0.001000s ]
INFO: [ template_filter ] --END-- [ RunTime:0.001000s ]
SQL: SHOW COLUMNS FROM `gica_ucenter_member` [ RunTime:0.0030s ]
SQL: SELECT `logo_url` FROM `gica_ucenter_member` WHERE `id` = 79 LIMIT 1   [ RunTime:0.0000s ]
SQL: SHOW COLUMNS FROM `gica_z_system_msg` [ RunTime:0.0020s ]
SQL: SELECT COUNT(*) AS tp_count FROM `gica_z_system_msg` WHERE ( status=0 and uid=79 ) LIMIT 1   [ RunTime:0.0000s ]
SQL: SHOW COLUMNS FROM `gica_z_inner_msg` [ RunTime:0.0010s ]
SQL: SELECT COUNT(*) AS tp_count FROM `gica_z_inner_msg` WHERE ( status=0 and tid=79 ) LIMIT 1   [ RunTime:0.0000s ]
INFO: Run Behavior\ParseTemplateBehavior [ RunTime:0.040002s ]
INFO: [ view_parse ] --END-- [ RunTime:0.041002s ]
INFO: [ view_filter ] --START--
INFO: Run Behavior\WriteHtmlCacheBehavior [ RunTime:0.002000s ]
INFO: [ view_filter ] --END-- [ RunTime:0.002000s ]
INFO: [ app_end ] --START--
INFO: Run Behavior\ShowPageTraceBehavior [ RunTime:0.002000s ]
INFO: [ app_end ] --END-- [ RunTime:0.002000s ]

[ 2015-05-29T17:04:19+08:00 ] 127.0.0.1 /Member/Borrow/passapply.html
INFO: [ app_init ] --START--
INFO: Run Behavior\BuildLiteBehavior [ RunTime:0.000000s ]
INFO: Run Common\Behavior\InitHookBehavior [ RunTime:0.009001s ]
INFO: [ app_init ] --END-- [ RunTime:0.009001s ]
INFO: [ app_begin ] --START--
INFO: Run Behavior\ReadHtmlCacheBehavior [ RunTime:0.002000s ]
INFO: Run Addons\Iswaf\IswafAddon [ RunTime:0.037002s ]
INFO: [ app_begin ] --END-- [ RunTime:0.039002s ]
SQL: SHOW COLUMNS FROM `gica_config` [ RunTime:0.0020s ]
SQL: SELECT `type`,`name`,`value` FROM `gica_config` WHERE `status` = 1  [ RunTime:0.0010s ]
SQL: SHOW COLUMNS FROM `gica_z_borrow_apply` [ RunTime:0.0020s ]
SQL: SELECT COUNT(*) AS tp_count FROM `gica_z_borrow_apply` WHERE ( status=1 and apply_uid=79 ) LIMIT 1   [ RunTime:0.0010s ]
NOTIC: [8] Use of undefined constant desc - assumed 'desc' E:\HZSJ\upupw\vhosts\ghcf\Application\Member\Controller\BorrowController.class.php 第 454 行.
SQL: SELECT * FROM `gica_z_borrow_apply` WHERE ( status=1 and apply_uid=79 ) ORDER BY status LIMIT 0,10   [ RunTime:0.0000s ]
INFO: [ view_parse ] --START--
INFO: [ template_filter ] --START--
INFO: Run Behavior\ContentReplaceBehavior [ RunTime:0.000000s ]
INFO: [ template_filter ] --END-- [ RunTime:0.000000s ]
SQL: SHOW COLUMNS FROM `gica_ucenter_member` [ RunTime:0.0040s ]
SQL: SELECT `logo_url` FROM `gica_ucenter_member` WHERE `id` = 79 LIMIT 1   [ RunTime:0.0000s ]
SQL: SHOW COLUMNS FROM `gica_z_system_msg` [ RunTime:0.0020s ]
SQL: SELECT COUNT(*) AS tp_count FROM `gica_z_system_msg` WHERE ( status=0 and uid=79 ) LIMIT 1   [ RunTime:0.0000s ]
SQL: SHOW COLUMNS FROM `gica_z_inner_msg` [ RunTime:0.0020s ]
SQL: SELECT COUNT(*) AS tp_count FROM `gica_z_inner_msg` WHERE ( status=0 and tid=79 ) LIMIT 1   [ RunTime:0.0010s ]
NOTIC: [8] Undefined variable: i E:\HZSJ\upupw\vhosts\ghcf\Runtime\Cache\Member\63885afb02646af2d9f7b1fd707afc7b.php 第 517 行.
INFO: Run Behavior\ParseTemplateBehavior [ RunTime:0.048002s ]
INFO: [ view_parse ] --END-- [ RunTime:0.048002s ]
INFO: [ view_filter ] --START--
INFO: Run Behavior\WriteHtmlCacheBehavior [ RunTime:0.003001s ]
INFO: [ view_filter ] --END-- [ RunTime:0.003001s ]
INFO: [ app_end ] --START--
INFO: Run Behavior\ShowPageTraceBehavior [ RunTime:0.002000s ]
INFO: [ app_end ] --END-- [ RunTime:0.002000s ]

[ 2015-05-29T17:04:33+08:00 ] 127.0.0.1 /Member/Borrow/overapply.html
INFO: [ app_init ] --START--
INFO: Run Behavior\BuildLiteBehavior [ RunTime:0.000000s ]
INFO: Run Common\Behavior\InitHookBehavior [ RunTime:0.008000s ]
INFO: [ app_init ] --END-- [ RunTime:0.009000s ]
INFO: [ app_begin ] --START--
INFO: Run Behavior\ReadHtmlCacheBehavior [ RunTime:0.002000s ]
INFO: Run Addons\Iswaf\IswafAddon [ RunTime:0.038002s ]
INFO: [ app_begin ] --END-- [ RunTime:0.040002s ]
SQL: SHOW COLUMNS FROM `gica_config` [ RunTime:0.0020s ]
SQL: SELECT `type`,`name`,`value` FROM `gica_config` WHERE `status` = 1  [ RunTime:0.0000s ]
SQL: SHOW COLUMNS FROM `gica_z_borrow_apply` [ RunTime:0.0030s ]
SQL: SELECT COUNT(*) AS tp_count FROM `gica_z_borrow_apply` WHERE ( status=3 and apply_uid=79 ) LIMIT 1   [ RunTime:0.0000s ]
NOTIC: [8] Use of undefined constant desc - assumed 'desc' E:\HZSJ\upupw\vhosts\ghcf\Application\Member\Controller\BorrowController.class.php 第 466 行.
SQL: SELECT * FROM `gica_z_borrow_apply` WHERE ( status=3 and apply_uid=79 ) ORDER BY status LIMIT 0,10   [ RunTime:0.0000s ]
INFO: [ view_parse ] --START--
INFO: [ template_filter ] --START--
INFO: Run Behavior\ContentReplaceBehavior [ RunTime:0.001001s ]
INFO: [ template_filter ] --END-- [ RunTime:0.001001s ]
SQL: SHOW COLUMNS FROM `gica_ucenter_member` [ RunTime:0.0030s ]
SQL: SELECT `logo_url` FROM `gica_ucenter_member` WHERE `id` = 79 LIMIT 1   [ RunTime:0.0000s ]
SQL: SHOW COLUMNS FROM `gica_z_system_msg` [ RunTime:0.0020s ]
SQL: SELECT COUNT(*) AS tp_count FROM `gica_z_system_msg` WHERE ( status=0 and uid=79 ) LIMIT 1   [ RunTime:0.0010s ]
SQL: SHOW COLUMNS FROM `gica_z_inner_msg` [ RunTime:0.0020s ]
SQL: SELECT COUNT(*) AS tp_count FROM `gica_z_inner_msg` WHERE ( status=0 and tid=79 ) LIMIT 1   [ RunTime:0.0000s ]
INFO: Run Behavior\ParseTemplateBehavior [ RunTime:0.041002s ]
INFO: [ view_parse ] --END-- [ RunTime:0.041002s ]
INFO: [ view_filter ] --START--
INFO: Run Behavior\WriteHtmlCacheBehavior [ RunTime:0.002000s ]
INFO: [ view_filter ] --END-- [ RunTime:0.002000s ]
INFO: [ app_end ] --START--
INFO: Run Behavior\ShowPageTraceBehavior [ RunTime:0.003001s ]
INFO: [ app_end ] --END-- [ RunTime:0.003001s ]

[ 2015-05-29T17:04:35+08:00 ] 127.0.0.1 /Member/Borrow/checkingapply.html
INFO: [ app_init ] --START--
INFO: Run Behavior\BuildLiteBehavior [ RunTime:0.000000s ]
INFO: Run Common\Behavior\InitHookBehavior [ RunTime:0.008000s ]
INFO: [ app_init ] --END-- [ RunTime:0.009000s ]
INFO: [ app_begin ] --START--
INFO: Run Behavior\ReadHtmlCacheBehavior [ RunTime:0.003000s ]
INFO: Run Addons\Iswaf\IswafAddon [ RunTime:0.037002s ]
INFO: [ app_begin ] --END-- [ RunTime:0.040002s ]
SQL: SHOW COLUMNS FROM `gica_config` [ RunTime:0.0040s ]
SQL: SELECT `type`,`name`,`value` FROM `gica_config` WHERE `status` = 1  [ RunTime:0.0000s ]
SQL: SHOW COLUMNS FROM `gica_z_borrow_apply` [ RunTime:0.0020s ]
SQL: SELECT COUNT(*) AS tp_count FROM `gica_z_borrow_apply` WHERE ( status=0 and apply_uid=79 ) LIMIT 1   [ RunTime:0.0000s ]
NOTIC: [8] Use of undefined constant desc - assumed 'desc' E:\HZSJ\upupw\vhosts\ghcf\Application\Member\Controller\BorrowController.class.php 第 440 行.
SQL: SELECT * FROM `gica_z_borrow_apply` WHERE ( status=0 and apply_uid=79 ) ORDER BY status LIMIT 0,10   [ RunTime:0.0000s ]
INFO: [ view_parse ] --START--
INFO: [ template_filter ] --START--
INFO: Run Behavior\ContentReplaceBehavior [ RunTime:0.000000s ]
INFO: [ template_filter ] --END-- [ RunTime:0.000000s ]
SQL: SHOW COLUMNS FROM `gica_ucenter_member` [ RunTime:0.0030s ]
SQL: SELECT `logo_url` FROM `gica_ucenter_member` WHERE `id` = 79 LIMIT 1   [ RunTime:0.0000s ]
SQL: SHOW COLUMNS FROM `gica_z_system_msg` [ RunTime:0.0020s ]
SQL: SELECT COUNT(*) AS tp_count FROM `gica_z_system_msg` WHERE ( status=0 and uid=79 ) LIMIT 1   [ RunTime:0.0010s ]
SQL: SHOW COLUMNS FROM `gica_z_inner_msg` [ RunTime:0.0020s ]
SQL: SELECT COUNT(*) AS tp_count FROM `gica_z_inner_msg` WHERE ( status=0 and tid=79 ) LIMIT 1   [ RunTime:0.0000s ]
NOTIC: [8] Undefined variable: i E:\HZSJ\upupw\vhosts\ghcf\Runtime\Cache\Member\6677d480b6f250cf5d13a82a4339417d.php 第 516 行.
INFO: Run Behavior\ParseTemplateBehavior [ RunTime:0.041003s ]
INFO: [ view_parse ] --END-- [ RunTime:0.041003s ]
INFO: [ view_filter ] --START--
INFO: Run Behavior\WriteHtmlCacheBehavior [ RunTime:0.002000s ]
INFO: [ view_filter ] --END-- [ RunTime:0.002000s ]
INFO: [ app_end ] --START--
INFO: Run Behavior\ShowPageTraceBehavior [ RunTime:0.003000s ]
INFO: [ app_end ] --END-- [ RunTime:0.003000s ]

[ 2015-05-29T17:04:37+08:00 ] 127.0.0.1 /Member/Borrow/myborrowapply.html
INFO: [ app_init ] --START--
INFO: Run Behavior\BuildLiteBehavior [ RunTime:0.000000s ]
INFO: Run Common\Behavior\InitHookBehavior [ RunTime:0.008001s ]
INFO: [ app_init ] --END-- [ RunTime:0.009001s ]
INFO: [ app_begin ] --START--
INFO: Run Behavior\ReadHtmlCacheBehavior [ RunTime:0.002000s ]
INFO: Run Addons\Iswaf\IswafAddon [ RunTime:0.037002s ]
INFO: [ app_begin ] --END-- [ RunTime:0.039002s ]
SQL: SHOW COLUMNS FROM `gica_config` [ RunTime:0.0020s ]
SQL: SELECT `type`,`name`,`value` FROM `gica_config` WHERE `status` = 1  [ RunTime:0.0010s ]
SQL: SHOW COLUMNS FROM `gica_z_members_status` [ RunTime:0.0030s ]
SQL: SELECT * FROM `gica_z_members_status` WHERE `uid` = 79  [ RunTime:0.0000s ]
SQL: SHOW COLUMNS FROM `gica_z_borrow_apply` [ RunTime:0.0020s ]
NOTIC: [8] Use of undefined constant desc - assumed 'desc' E:\HZSJ\upupw\vhosts\ghcf\Application\Member\Controller\BorrowController.class.php 第 423 行.
SQL: SELECT COUNT(*) AS tp_count FROM `gica_z_borrow_apply` WHERE ( apply_uid=79 ) ORDER BY status LIMIT 1   [ RunTime:0.0000s ]
NOTIC: [8] Use of undefined constant desc - assumed 'desc' E:\HZSJ\upupw\vhosts\ghcf\Application\Member\Controller\BorrowController.class.php 第 426 行.
SQL: SELECT * FROM `gica_z_borrow_apply` WHERE ( apply_uid=79 ) ORDER BY status LIMIT 0,10   [ RunTime:0.0010s ]
INFO: [ view_parse ] --START--
INFO: [ template_filter ] --START--
INFO: Run Behavior\ContentReplaceBehavior [ RunTime:0.001000s ]
INFO: [ template_filter ] --END-- [ RunTime:0.001000s ]
SQL: SHOW COLUMNS FROM `gica_ucenter_member` [ RunTime:0.0020s ]
SQL: SELECT `logo_url` FROM `gica_ucenter_member` WHERE `id` = 79 LIMIT 1   [ RunTime:0.0000s ]
SQL: SHOW COLUMNS FROM `gica_z_system_msg` [ RunTime:0.0020s ]
SQL: SELECT COUNT(*) AS tp_count FROM `gica_z_system_msg` WHERE ( status=0 and uid=79 ) LIMIT 1   [ RunTime:0.0000s ]
SQL: SHOW COLUMNS FROM `gica_z_inner_msg` [ RunTime:0.0030s ]
SQL: SELECT COUNT(*) AS tp_count FROM `gica_z_inner_msg` WHERE ( status=0 and tid=79 ) LIMIT 1   [ RunTime:0.0000s ]
INFO: Run Behavior\ParseTemplateBehavior [ RunTime:0.041002s ]
INFO: [ view_parse ] --END-- [ RunTime:0.041002s ]
INFO: [ view_filter ] --START--
INFO: Run Behavior\WriteHtmlCacheBehavior [ RunTime:0.002000s ]
INFO: [ view_filter ] --END-- [ RunTime:0.002000s ]
INFO: [ app_end ] --START--
INFO: Run Behavior\ShowPageTraceBehavior [ RunTime:0.002000s ]
INFO: [ app_end ] --END-- [ RunTime:0.002000s ]

[ 2015-05-29T17:26:30+08:00 ] 127.0.0.1 /Member/Index/index.html
INFO: [ app_init ] --START--
INFO: Run Behavior\BuildLiteBehavior [ RunTime:0.000000s ]
INFO: Run Common\Behavior\InitHookBehavior [ RunTime:0.011000s ]
INFO: [ app_init ] --END-- [ RunTime:0.012000s ]
INFO: [ app_begin ] --START--
INFO: Run Behavior\ReadHtmlCacheBehavior [ RunTime:0.002000s ]
INFO: Run Addons\Iswaf\IswafAddon [ RunTime:0.037002s ]
INFO: [ app_begin ] --END-- [ RunTime:0.040002s ]
SQL: SHOW COLUMNS FROM `gica_config` [ RunTime:0.0020s ]
SQL: SELECT `type`,`name`,`value` FROM `gica_config` WHERE `status` = 1  [ RunTime:0.0010s ]
SQL: SHOW COLUMNS FROM `gica_z_members_status` [ RunTime:0.0030s ]
SQL: SELECT * FROM `gica_z_members_status` WHERE `uid` = 79  [ RunTime:0.0000s ]
SQL: SELECT * FROM `gica_z_members_status` WHERE `uid` = 79  [ RunTime:0.0000s ]
NOTIC: [8] Undefined variable: sdata E:\HZSJ\upupw\vhosts\ghcf\Application\Member\Controller\IndexController.class.php 第 29 行.
SQL: SHOW COLUMNS FROM `gica_member` [ RunTime:0.0020s ]
SQL: SELECT * FROM `gica_member` RIGHT JOIN gica_ucenter_member ON gica_member.uid = gica_ucenter_member.id RIGHT JOIN gica_z_member_money ON gica_member.uid = gica_z_member_money.uid  WHERE gica_member.uid = '79'  [ RunTime:0.0000s ]
SQL: SHOW COLUMNS FROM `gica_z_borrow_investor` [ RunTime:0.0020s ]
SQL: SELECT sum(investor_capital)investor_capital FROM `gica_z_borrow_investor` WHERE `investor_uid` = 79 GROUP BY investor_uid ORDER BY investor_capital desc  [ RunTime:0.0010s ]
SQL: SHOW COLUMNS FROM `gica_z_borrow_info` [ RunTime:0.0020s ]
SQL: SELECT sum(borrow_money)borrow_money FROM `gica_z_borrow_info` WHERE `borrow_uid` = 79 GROUP BY borrow_uid  [ RunTime:0.0000s ]
SQL: SHOW COLUMNS FROM `gica_z_member_payonline` [ RunTime:0.0020s ]
SQL: SELECT sum(money)money FROM `gica_z_member_payonline` WHERE `uid` = 79 AND `status` = 88 GROUP BY uid  [ RunTime:0.0000s ]
SQL: SHOW COLUMNS FROM `gica_ucenter_member` [ RunTime:0.0020s ]
SQL: SELECT * FROM `gica_ucenter_member` WHERE gica_ucenter_member.id = '79'  [ RunTime:0.0000s ]
SQL: SHOW COLUMNS FROM `gica_z_qq` [ RunTime:0.0020s ]
SQL: SELECT * FROM `gica_z_qq` WHERE `id` = 1  [ RunTime:0.0010s ]
SQL: SHOW COLUMNS FROM `gica_z_investor_detail` [ RunTime:0.0020s ]
SQL: SELECT sum(interest)interest FROM `gica_z_investor_detail` WHERE `investor_uid` = 79 GROUP BY investor_uid  [ RunTime:0.0000s ]
SQL: SELECT `member_level` FROM `gica_ucenter_member` WHERE `id` = 79  [ RunTime:0.0000s ]
INFO: [ view_parse ] --START--
INFO: [ template_filter ] --START--
INFO: Run Behavior\ContentReplaceBehavior [ RunTime:0.001000s ]
INFO: [ template_filter ] --END-- [ RunTime:0.001000s ]
SQL: SELECT `logo_url` FROM `gica_ucenter_member` WHERE `id` = 79 LIMIT 1   [ RunTime:0.0010s ]
SQL: SHOW COLUMNS FROM `gica_z_system_msg` [ RunTime:0.0020s ]
SQL: SELECT COUNT(*) AS tp_count FROM `gica_z_system_msg` WHERE ( status=0 and uid=79 ) LIMIT 1   [ RunTime:0.0000s ]
SQL: SHOW COLUMNS FROM `gica_z_inner_msg` [ RunTime:0.0020s ]
SQL: SELECT COUNT(*) AS tp_count FROM `gica_z_inner_msg` WHERE ( status=0 and tid=79 ) LIMIT 1   [ RunTime:0.0010s ]
SQL: SELECT COUNT(*) AS tp_count FROM `gica_z_system_msg` WHERE ( status=0 and uid=79 ) LIMIT 1   [ RunTime:0.0000s ]
SQL: SELECT COUNT(*) AS tp_count FROM `gica_z_inner_msg` WHERE ( status=0 and tid=79 ) LIMIT 1   [ RunTime:0.0000s ]
NOTIC: [8] Undefined variable: bm E:\HZSJ\upupw\vhosts\ghcf\Runtime\Cache\Member\cb6e053e31eae77baa8d17b42ff91420.php 第 547 行.
NOTIC: [8] Undefined variable: bm E:\HZSJ\upupw\vhosts\ghcf\Runtime\Cache\Member\cb6e053e31eae77baa8d17b42ff91420.php 第 547 行.
NOTIC: [8] Undefined variable: bm E:\HZSJ\upupw\vhosts\ghcf\Runtime\Cache\Member\cb6e053e31eae77baa8d17b42ff91420.php 第 547 行.
INFO: Run Behavior\ParseTemplateBehavior [ RunTime:0.047003s ]
INFO: [ view_parse ] --END-- [ RunTime:0.047003s ]
INFO: [ view_filter ] --START--
INFO: Run Behavior\WriteHtmlCacheBehavior [ RunTime:0.002000s ]
INFO: [ view_filter ] --END-- [ RunTime:0.002000s ]
INFO: [ app_end ] --START--
INFO: Run Behavior\ShowPageTraceBehavior [ RunTime:0.003001s ]
INFO: [ app_end ] --END-- [ RunTime:0.003001s ]

[ 2015-05-29T17:45:54+08:00 ] 127.0.0.1 /Member/Index/index.html
INFO: [ app_init ] --START--
INFO: Run Behavior\BuildLiteBehavior [ RunTime:0.000000s ]
INFO: Run Common\Behavior\InitHookBehavior [ RunTime:0.008001s ]
INFO: [ app_init ] --END-- [ RunTime:0.009001s ]
INFO: [ app_begin ] --START--
INFO: Run Behavior\ReadHtmlCacheBehavior [ RunTime:0.002000s ]
INFO: Run Addons\Iswaf\IswafAddon [ RunTime:0.038002s ]
INFO: [ app_begin ] --END-- [ RunTime:0.040002s ]
SQL: SHOW COLUMNS FROM `gica_config` [ RunTime:0.0020s ]
SQL: SELECT `type`,`name`,`value` FROM `gica_config` WHERE `status` = 1  [ RunTime:0.0010s ]
SQL: SHOW COLUMNS FROM `gica_z_members_status` [ RunTime:0.0020s ]
SQL: SELECT * FROM `gica_z_members_status` WHERE `uid` = 79  [ RunTime:0.0000s ]
SQL: SELECT * FROM `gica_z_members_status` WHERE `uid` = 79  [ RunTime:0.0000s ]
NOTIC: [8] Undefined variable: sdata E:\HZSJ\upupw\vhosts\ghcf\Application\Member\Controller\IndexController.class.php 第 29 行.
SQL: SHOW COLUMNS FROM `gica_member` [ RunTime:0.0020s ]
SQL: SELECT * FROM `gica_member` RIGHT JOIN gica_ucenter_member ON gica_member.uid = gica_ucenter_member.id RIGHT JOIN gica_z_member_money ON gica_member.uid = gica_z_member_money.uid  WHERE gica_member.uid = '79'  [ RunTime:0.0000s ]
SQL: SHOW COLUMNS FROM `gica_z_borrow_investor` [ RunTime:0.0020s ]
SQL: SELECT sum(investor_capital)investor_capital FROM `gica_z_borrow_investor` WHERE `investor_uid` = 79 GROUP BY investor_uid ORDER BY investor_capital desc  [ RunTime:0.0010s ]
SQL: SHOW COLUMNS FROM `gica_z_borrow_info` [ RunTime:0.0020s ]
SQL: SELECT sum(borrow_money)borrow_money FROM `gica_z_borrow_info` WHERE `borrow_uid` = 79 GROUP BY borrow_uid  [ RunTime:0.0010s ]
SQL: SHOW COLUMNS FROM `gica_z_member_payonline` [ RunTime:0.0020s ]
SQL: SELECT sum(money)money FROM `gica_z_member_payonline` WHERE `uid` = 79 AND `status` = 88 GROUP BY uid  [ RunTime:0.0000s ]
SQL: SHOW COLUMNS FROM `gica_ucenter_member` [ RunTime:0.0020s ]
SQL: SELECT * FROM `gica_ucenter_member` WHERE gica_ucenter_member.id = '79'  [ RunTime:0.0000s ]
SQL: SHOW COLUMNS FROM `gica_z_qq` [ RunTime:0.0020s ]
SQL: SELECT * FROM `gica_z_qq` WHERE `id` = 1  [ RunTime:0.0000s ]
SQL: SHOW COLUMNS FROM `gica_z_investor_detail` [ RunTime:0.0020s ]
SQL: SELECT sum(interest)interest FROM `gica_z_investor_detail` WHERE `investor_uid` = 79 GROUP BY investor_uid  [ RunTime:0.0000s ]
SQL: SELECT `member_level` FROM `gica_ucenter_member` WHERE `id` = 79  [ RunTime:0.0010s ]
INFO: [ view_parse ] --START--
INFO: [ template_filter ] --START--
INFO: Run Behavior\ContentReplaceBehavior [ RunTime:0.001000s ]
INFO: [ template_filter ] --END-- [ RunTime:0.001000s ]
SQL: SELECT `logo_url` FROM `gica_ucenter_member` WHERE `id` = 79 LIMIT 1   [ RunTime:0.0000s ]
SQL: SHOW COLUMNS FROM `gica_z_system_msg` [ RunTime:0.0020s ]
SQL: SELECT COUNT(*) AS tp_count FROM `gica_z_system_msg` WHERE ( status=0 and uid=79 ) LIMIT 1   [ RunTime:0.0000s ]
SQL: SHOW COLUMNS FROM `gica_z_inner_msg` [ RunTime:0.0020s ]
SQL: SELECT COUNT(*) AS tp_count FROM `gica_z_inner_msg` WHERE ( status=0 and tid=79 ) LIMIT 1   [ RunTime:0.0000s ]
SQL: SELECT COUNT(*) AS tp_count FROM `gica_z_system_msg` WHERE ( status=0 and uid=79 ) LIMIT 1   [ RunTime:0.0010s ]
SQL: SELECT COUNT(*) AS tp_count FROM `gica_z_inner_msg` WHERE ( status=0 and tid=79 ) LIMIT 1   [ RunTime:0.0000s ]
NOTIC: [8] Undefined variable: bm E:\HZSJ\upupw\vhosts\ghcf\Runtime\Cache\Member\cb6e053e31eae77baa8d17b42ff91420.php 第 547 行.
NOTIC: [8] Undefined variable: bm E:\HZSJ\upupw\vhosts\ghcf\Runtime\Cache\Member\cb6e053e31eae77baa8d17b42ff91420.php 第 547 行.
NOTIC: [8] Undefined variable: bm E:\HZSJ\upupw\vhosts\ghcf\Runtime\Cache\Member\cb6e053e31eae77baa8d17b42ff91420.php 第 547 行.
INFO: Run Behavior\ParseTemplateBehavior [ RunTime:0.046003s ]
INFO: [ view_parse ] --END-- [ RunTime:0.046003s ]
INFO: [ view_filter ] --START--
INFO: Run Behavior\WriteHtmlCacheBehavior [ RunTime:0.003000s ]
INFO: [ view_filter ] --END-- [ RunTime:0.003000s ]
INFO: [ app_end ] --START--
INFO: Run Behavior\ShowPageTraceBehavior [ RunTime:0.002000s ]
INFO: [ app_end ] --END-- [ RunTime:0.002000s ]

