[ 2015-01-17T16:54:13+08:00 ] 127.0.0.1 /index.php?s=/Member/Index/index.html
INFO: [ app_init ] --START--
INFO: Run Behavior\BuildLiteBehavior [ RunTime:0.000000s ]
INFO: Run Common\Behavior\InitHookBehavior [ RunTime:0.010000s ]
INFO: [ app_init ] --END-- [ RunTime:0.011000s ]
INFO: [ app_begin ] --START--
INFO: Run Behavior\ReadHtmlCacheBehavior [ RunTime:0.004000s ]
INFO: [ app_begin ] --END-- [ RunTime:0.004000s ]
SQL: SHOW COLUMNS FROM `gica_config` [ RunTime:0.0050s ]
SQL: SELECT `type`,`name`,`value` FROM `gica_config` WHERE `status` = 1  [ RunTime:0.0010s ]
INFO: [ view_parse ] --START--
INFO: [ template_filter ] --START--
INFO: Run Behavior\ContentReplaceBehavior [ RunTime:0.000000s ]
INFO: [ template_filter ] --END-- [ RunTime:0.000000s ]
NOTIC: [8] Undefined variable: message D:\UPGICA\upupw\vhosts\tp\Runtime\Cache\Member\2d24e418072d1bdaa4cd45d1aef6e660.php 第 215 行.
INFO: Run Behavior\ParseTemplateBehavior [ RunTime:0.043002s ]
INFO: [ view_parse ] --END-- [ RunTime:0.044002s ]
INFO: [ view_filter ] --START--
INFO: Run Behavior\WriteHtmlCacheBehavior [ RunTime:0.003000s ]
INFO: [ view_filter ] --END-- [ RunTime:0.003000s ]

[ 2015-01-17T16:54:29+08:00 ] 127.0.0.1 /index.php?s=/Member/Index/index.html
INFO: [ app_init ] --START--
INFO: Run Behavior\BuildLiteBehavior [ RunTime:0.000000s ]
INFO: Run Common\Behavior\InitHookBehavior [ RunTime:0.016001s ]
INFO: [ app_init ] --END-- [ RunTime:0.016001s ]
INFO: [ app_begin ] --START--
INFO: Run Behavior\ReadHtmlCacheBehavior [ RunTime:0.003000s ]
INFO: [ app_begin ] --END-- [ RunTime:0.003000s ]
SQL: SHOW COLUMNS FROM `gica_config` [ RunTime:0.0050s ]
SQL: SELECT `type`,`name`,`value` FROM `gica_config` WHERE `status` = 1  [ RunTime:0.0010s ]
SQL: SHOW COLUMNS FROM `gica_member` [ RunTime:0.0040s ]
SQL: SELECT * FROM `gica_member` RIGHT JOIN gica_ucenter_member ON gica_member.uid = gica_ucenter_member.id RIGHT JOIN gica_z_member_money ON gica_member.uid = gica_z_member_money.uid  WHERE gica_member.uid = '1'  [ RunTime:0.0010s ]
SQL: SHOW COLUMNS FROM `gica_z_borrow_investor` [ RunTime:0.0040s ]
SQL: SELECT sum(investor_capital)investor_capital FROM `gica_z_borrow_investor` WHERE `investor_uid` = 1 GROUP BY investor_uid ORDER BY investor_capital desc  [ RunTime:0.0010s ]
SQL: SHOW COLUMNS FROM `gica_z_borrow_info` [ RunTime:0.0050s ]
SQL: SELECT sum(borrow_money)borrow_money FROM `gica_z_borrow_info` WHERE `borrow_uid` = 1 GROUP BY borrow_uid  [ RunTime:0.0010s ]
SQL: SHOW COLUMNS FROM `gica_ucenter_member` [ RunTime:0.0040s ]
SQL: SELECT * FROM `gica_ucenter_member` WHERE gica_ucenter_member.id = '1'  [ RunTime:0.0000s ]
INFO: [ view_parse ] --START--
INFO: [ template_filter ] --START--
INFO: Run Behavior\ContentReplaceBehavior [ RunTime:0.000000s ]
INFO: [ template_filter ] --END-- [ RunTime:0.000000s ]
NOTIC: [8] Undefined variable: vs D:\UPGICA\upupw\vhosts\tp\Runtime\Cache\Member\cb6e053e31eae77baa8d17b42ff91420.php 第 257 行.
NOTIC: [8] Undefined variable: vs D:\UPGICA\upupw\vhosts\tp\Runtime\Cache\Member\cb6e053e31eae77baa8d17b42ff91420.php 第 264 行.
NOTIC: [8] Undefined variable: vs D:\UPGICA\upupw\vhosts\tp\Runtime\Cache\Member\cb6e053e31eae77baa8d17b42ff91420.php 第 271 行.
NOTIC: [8] Undefined variable: vs D:\UPGICA\upupw\vhosts\tp\Runtime\Cache\Member\cb6e053e31eae77baa8d17b42ff91420.php 第 278 行.
NOTIC: [8] Undefined variable: vs D:\UPGICA\upupw\vhosts\tp\Runtime\Cache\Member\cb6e053e31eae77baa8d17b42ff91420.php 第 285 行.
INFO: Run Behavior\ParseTemplateBehavior [ RunTime:0.058003s ]
INFO: [ view_parse ] --END-- [ RunTime:0.058003s ]
INFO: [ view_filter ] --START--
INFO: Run Behavior\WriteHtmlCacheBehavior [ RunTime:0.003000s ]
INFO: [ view_filter ] --END-- [ RunTime:0.003000s ]
INFO: [ app_end ] --START--
INFO: Run Behavior\ShowPageTraceBehavior [ RunTime:0.002000s ]
INFO: [ app_end ] --END-- [ RunTime:0.003000s ]

[ 2015-01-17T16:54:33+08:00 ] 127.0.0.1 /index.php?s=/Member/System/usermailindex.html
INFO: [ app_init ] --START--
INFO: Run Behavior\BuildLiteBehavior [ RunTime:0.000000s ]
INFO: Run Common\Behavior\InitHookBehavior [ RunTime:0.015001s ]
INFO: [ app_init ] --END-- [ RunTime:0.015001s ]
INFO: [ app_begin ] --START--
INFO: Run Behavior\ReadHtmlCacheBehavior [ RunTime:0.003000s ]
INFO: [ app_begin ] --END-- [ RunTime:0.003000s ]
SQL: SHOW COLUMNS FROM `gica_config` [ RunTime:0.0050s ]
SQL: SELECT `type`,`name`,`value` FROM `gica_config` WHERE `status` = 1  [ RunTime:0.0010s ]
SQL: SHOW COLUMNS FROM `gica_z_inner_msg` [ RunTime:0.0050s ]
SQL: SHOW COLUMNS FROM `gica_z_inner_msg` [ RunTime:0.0050s ]
SQL: SELECT stats.id as id,stats.title as title,stats.status as status,stats.send_time as send_time,stats.msg as msg,profile.nickname as postname FROM gica_z_inner_msg stats,gica_member profile WHERE ( stats.uid = profile.uid and stats.tid=1 ) ORDER BY stats.tid desc  [ RunTime:0.0010s ]
SQL: SHOW COLUMNS FROM `gica_z_inner_msg` [ RunTime:0.0030s ]
SQL: SELECT stats.id as id,stats.title as title,stats.send_time as send_time,profile.nickname as recvname FROM gica_z_inner_msg stats,gica_member profile WHERE ( stats.tid = profile.uid and stats.uid=1 ) ORDER BY stats.tid desc  [ RunTime:0.0000s ]
SQL: SHOW COLUMNS FROM `gica_z_inner_msg` [ RunTime:0.0050s ]
SQL: SELECT stats.id as id,stats.title as title,stats.status as status,stats.send_time as send_time,profile.nickname as sysname FROM gica_z_inner_msg stats,gica_member profile WHERE ( stats.tid = profile.uid and stats.tid=1 ) ORDER BY stats.tid desc  [ RunTime:0.0010s ]
INFO: [ view_parse ] --START--
INFO: [ template_filter ] --START--
INFO: Run Behavior\ContentReplaceBehavior [ RunTime:0.000000s ]
INFO: [ template_filter ] --END-- [ RunTime:0.000000s ]
NOTIC: [8] Use of undefined constant sysname - assumed 'sysname' D:\UPGICA\upupw\vhosts\tp\Runtime\Cache\Member\2d33748f80fab9beffaddcc7203e3c27.php 第 277 行.
NOTIC: [8] Use of undefined constant sysname - assumed 'sysname' D:\UPGICA\upupw\vhosts\tp\Runtime\Cache\Member\2d33748f80fab9beffaddcc7203e3c27.php 第 277 行.
INFO: Run Behavior\ParseTemplateBehavior [ RunTime:0.053003s ]
INFO: [ view_parse ] --END-- [ RunTime:0.053003s ]
INFO: [ view_filter ] --START--
INFO: Run Behavior\WriteHtmlCacheBehavior [ RunTime:0.003001s ]
INFO: [ view_filter ] --END-- [ RunTime:0.003001s ]
INFO: [ app_end ] --START--
INFO: Run Behavior\ShowPageTraceBehavior [ RunTime:0.003000s ]
INFO: [ app_end ] --END-- [ RunTime:0.003000s ]

[ 2015-01-17T17:02:54+08:00 ] 127.0.0.1 /index.php?s=/Member/Index/index.html
INFO: [ app_init ] --START--
INFO: Run Behavior\BuildLiteBehavior [ RunTime:0.000000s ]
INFO: Run Common\Behavior\InitHookBehavior [ RunTime:0.014001s ]
INFO: [ app_init ] --END-- [ RunTime:0.015001s ]
INFO: [ app_begin ] --START--
INFO: Run Behavior\ReadHtmlCacheBehavior [ RunTime:0.003001s ]
INFO: [ app_begin ] --END-- [ RunTime:0.003001s ]
SQL: SHOW COLUMNS FROM `gica_config` [ RunTime:0.0050s ]
SQL: SELECT `type`,`name`,`value` FROM `gica_config` WHERE `status` = 1  [ RunTime:0.0000s ]
INFO: [ view_parse ] --START--
INFO: [ template_filter ] --START--
INFO: Run Behavior\ContentReplaceBehavior [ RunTime:0.000000s ]
INFO: [ template_filter ] --END-- [ RunTime:0.000000s ]
NOTIC: [8] Undefined variable: message D:\UPGICA\upupw\vhosts\tp\Runtime\Cache\Member\2d24e418072d1bdaa4cd45d1aef6e660.php 第 215 行.
INFO: Run Behavior\ParseTemplateBehavior [ RunTime:0.045003s ]
INFO: [ view_parse ] --END-- [ RunTime:0.045003s ]
INFO: [ view_filter ] --START--
INFO: Run Behavior\WriteHtmlCacheBehavior [ RunTime:0.005000s ]
INFO: [ view_filter ] --END-- [ RunTime:0.005000s ]

[ 2015-01-17T17:03:12+08:00 ] 127.0.0.1 /index.php?s=/Member/Index/index.html
INFO: [ app_init ] --START--
INFO: Run Behavior\BuildLiteBehavior [ RunTime:0.000000s ]
INFO: Run Common\Behavior\InitHookBehavior [ RunTime:0.015001s ]
INFO: [ app_init ] --END-- [ RunTime:0.016001s ]
INFO: [ app_begin ] --START--
INFO: Run Behavior\ReadHtmlCacheBehavior [ RunTime:0.003000s ]
INFO: [ app_begin ] --END-- [ RunTime:0.003000s ]
SQL: SHOW COLUMNS FROM `gica_config` [ RunTime:0.0050s ]
SQL: SELECT `type`,`name`,`value` FROM `gica_config` WHERE `status` = 1  [ RunTime:0.0010s ]
SQL: SHOW COLUMNS FROM `gica_member` [ RunTime:0.0070s ]
SQL: SELECT * FROM `gica_member` RIGHT JOIN gica_ucenter_member ON gica_member.uid = gica_ucenter_member.id RIGHT JOIN gica_z_member_money ON gica_member.uid = gica_z_member_money.uid  WHERE gica_member.uid = '1'  [ RunTime:0.0010s ]
SQL: SHOW COLUMNS FROM `gica_z_borrow_investor` [ RunTime:0.0070s ]
SQL: SELECT sum(investor_capital)investor_capital FROM `gica_z_borrow_investor` WHERE `investor_uid` = 1 GROUP BY investor_uid ORDER BY investor_capital desc  [ RunTime:0.0010s ]
SQL: SHOW COLUMNS FROM `gica_z_borrow_info` [ RunTime:0.0080s ]
SQL: SELECT sum(borrow_money)borrow_money FROM `gica_z_borrow_info` WHERE `borrow_uid` = 1 GROUP BY borrow_uid  [ RunTime:0.0010s ]
SQL: SHOW COLUMNS FROM `gica_ucenter_member` [ RunTime:0.0050s ]
SQL: SELECT * FROM `gica_ucenter_member` WHERE gica_ucenter_member.id = '1'  [ RunTime:0.0000s ]
INFO: [ view_parse ] --START--
INFO: [ template_filter ] --START--
INFO: Run Behavior\ContentReplaceBehavior [ RunTime:0.000000s ]
INFO: [ template_filter ] --END-- [ RunTime:0.000000s ]
NOTIC: [8] Undefined variable: vs D:\UPGICA\upupw\vhosts\tp\Runtime\Cache\Member\cb6e053e31eae77baa8d17b42ff91420.php 第 257 行.
NOTIC: [8] Undefined variable: vs D:\UPGICA\upupw\vhosts\tp\Runtime\Cache\Member\cb6e053e31eae77baa8d17b42ff91420.php 第 264 行.
NOTIC: [8] Undefined variable: vs D:\UPGICA\upupw\vhosts\tp\Runtime\Cache\Member\cb6e053e31eae77baa8d17b42ff91420.php 第 271 行.
NOTIC: [8] Undefined variable: vs D:\UPGICA\upupw\vhosts\tp\Runtime\Cache\Member\cb6e053e31eae77baa8d17b42ff91420.php 第 278 行.
NOTIC: [8] Undefined variable: vs D:\UPGICA\upupw\vhosts\tp\Runtime\Cache\Member\cb6e053e31eae77baa8d17b42ff91420.php 第 285 行.
INFO: Run Behavior\ParseTemplateBehavior [ RunTime:0.054003s ]
INFO: [ view_parse ] --END-- [ RunTime:0.054003s ]
INFO: [ view_filter ] --START--
INFO: Run Behavior\WriteHtmlCacheBehavior [ RunTime:0.003000s ]
INFO: [ view_filter ] --END-- [ RunTime:0.003000s ]
INFO: [ app_end ] --START--
INFO: Run Behavior\ShowPageTraceBehavior [ RunTime:0.004001s ]
INFO: [ app_end ] --END-- [ RunTime:0.004001s ]

[ 2015-01-17T17:03:16+08:00 ] 127.0.0.1 /index.php?s=/Member/Index/index.html
INFO: [ app_init ] --START--
INFO: Run Behavior\BuildLiteBehavior [ RunTime:0.000000s ]
INFO: Run Common\Behavior\InitHookBehavior [ RunTime:0.014001s ]
INFO: [ app_init ] --END-- [ RunTime:0.014001s ]
INFO: [ app_begin ] --START--
INFO: Run Behavior\ReadHtmlCacheBehavior [ RunTime:0.004000s ]
INFO: [ app_begin ] --END-- [ RunTime:0.004000s ]
SQL: SHOW COLUMNS FROM `gica_config` [ RunTime:0.0060s ]
SQL: SELECT `type`,`name`,`value` FROM `gica_config` WHERE `status` = 1  [ RunTime:0.0010s ]
SQL: SHOW COLUMNS FROM `gica_member` [ RunTime:0.0050s ]
SQL: SELECT * FROM `gica_member` RIGHT JOIN gica_ucenter_member ON gica_member.uid = gica_ucenter_member.id RIGHT JOIN gica_z_member_money ON gica_member.uid = gica_z_member_money.uid  WHERE gica_member.uid = '1'  [ RunTime:0.0010s ]
SQL: SHOW COLUMNS FROM `gica_z_borrow_investor` [ RunTime:0.0040s ]
SQL: SELECT sum(investor_capital)investor_capital FROM `gica_z_borrow_investor` WHERE `investor_uid` = 1 GROUP BY investor_uid ORDER BY investor_capital desc  [ RunTime:0.0000s ]
SQL: SHOW COLUMNS FROM `gica_z_borrow_info` [ RunTime:0.0060s ]
SQL: SELECT sum(borrow_money)borrow_money FROM `gica_z_borrow_info` WHERE `borrow_uid` = 1 GROUP BY borrow_uid  [ RunTime:0.0010s ]
SQL: SHOW COLUMNS FROM `gica_ucenter_member` [ RunTime:0.0050s ]
SQL: SELECT * FROM `gica_ucenter_member` WHERE gica_ucenter_member.id = '1'  [ RunTime:0.0010s ]
INFO: [ view_parse ] --START--
INFO: [ template_filter ] --START--
INFO: Run Behavior\ContentReplaceBehavior [ RunTime:0.000000s ]
INFO: [ template_filter ] --END-- [ RunTime:0.000000s ]
NOTIC: [8] Undefined variable: vs D:\UPGICA\upupw\vhosts\tp\Runtime\Cache\Member\cb6e053e31eae77baa8d17b42ff91420.php 第 257 行.
NOTIC: [8] Undefined variable: vs D:\UPGICA\upupw\vhosts\tp\Runtime\Cache\Member\cb6e053e31eae77baa8d17b42ff91420.php 第 264 行.
NOTIC: [8] Undefined variable: vs D:\UPGICA\upupw\vhosts\tp\Runtime\Cache\Member\cb6e053e31eae77baa8d17b42ff91420.php 第 271 行.
NOTIC: [8] Undefined variable: vs D:\UPGICA\upupw\vhosts\tp\Runtime\Cache\Member\cb6e053e31eae77baa8d17b42ff91420.php 第 278 行.
NOTIC: [8] Undefined variable: vs D:\UPGICA\upupw\vhosts\tp\Runtime\Cache\Member\cb6e053e31eae77baa8d17b42ff91420.php 第 285 行.
INFO: Run Behavior\ParseTemplateBehavior [ RunTime:0.046003s ]
INFO: [ view_parse ] --END-- [ RunTime:0.046003s ]
INFO: [ view_filter ] --START--
INFO: Run Behavior\WriteHtmlCacheBehavior [ RunTime:0.003000s ]
INFO: [ view_filter ] --END-- [ RunTime:0.003000s ]
INFO: [ app_end ] --START--
INFO: Run Behavior\ShowPageTraceBehavior [ RunTime:0.003000s ]
INFO: [ app_end ] --END-- [ RunTime:0.003000s ]

[ 2015-01-17T17:03:26+08:00 ] 127.0.0.1 /index.php?s=/Member/Index/upload
INFO: [ app_init ] --START--
INFO: Run Behavior\BuildLiteBehavior [ RunTime:0.000000s ]
INFO: Run Common\Behavior\InitHookBehavior [ RunTime:0.012001s ]
INFO: [ app_init ] --END-- [ RunTime:0.012001s ]
INFO: [ app_begin ] --START--
INFO: Run Behavior\ReadHtmlCacheBehavior [ RunTime:0.003001s ]
INFO: [ app_begin ] --END-- [ RunTime:0.003001s ]
SQL: SHOW COLUMNS FROM `gica_config` [ RunTime:0.0040s ]
SQL: SELECT `type`,`name`,`value` FROM `gica_config` WHERE `status` = 1  [ RunTime:0.0000s ]
NOTIC: [8] Undefined index: depict D:\UPGICA\upupw\vhosts\tp\Application\Member\Controller\IndexController.class.php 第 79 行.
NOTIC: [2] call_user_func() expects parameter 1 to be a valid callback, no array or string given D:\UPGICA\upupw\vhosts\tp\ThinkPHP\Library\Think\Upload.class.php 第 161 行.
SQL: SHOW COLUMNS FROM `gica_ucenter_member` [ RunTime:0.0160s ]
SQL: UPDATE `gica_ucenter_member` SET `logo_url`='1/2015-01-17/54ba255ed4b51.jpg' WHERE `id` = 1 [ RunTime:0.0010s ]
INFO: [ view_parse ] --START--
INFO: [ template_filter ] --START--
INFO: Run Behavior\ContentReplaceBehavior [ RunTime:0.001000s ]
INFO: [ template_filter ] --END-- [ RunTime:0.001000s ]
INFO: Run Behavior\ParseTemplateBehavior [ RunTime:0.043002s ]
INFO: [ view_parse ] --END-- [ RunTime:0.043002s ]
INFO: [ view_filter ] --START--
INFO: Run Behavior\WriteHtmlCacheBehavior [ RunTime:0.003000s ]
INFO: [ view_filter ] --END-- [ RunTime:0.003000s ]
INFO: [ app_end ] --START--
INFO: Run Behavior\ShowPageTraceBehavior [ RunTime:0.002000s ]
INFO: [ app_end ] --END-- [ RunTime:0.002000s ]

[ 2015-01-17T17:03:28+08:00 ] 127.0.0.1 /index.php?s=/Member/Index/index.html
INFO: [ app_init ] --START--
INFO: Run Behavior\BuildLiteBehavior [ RunTime:0.000000s ]
INFO: Run Common\Behavior\InitHookBehavior [ RunTime:0.015001s ]
INFO: [ app_init ] --END-- [ RunTime:0.016001s ]
INFO: [ app_begin ] --START--
INFO: Run Behavior\ReadHtmlCacheBehavior [ RunTime:0.004000s ]
INFO: [ app_begin ] --END-- [ RunTime:0.004000s ]
SQL: SHOW COLUMNS FROM `gica_config` [ RunTime:0.0040s ]
SQL: SELECT `type`,`name`,`value` FROM `gica_config` WHERE `status` = 1  [ RunTime:0.0000s ]
SQL: SHOW COLUMNS FROM `gica_member` [ RunTime:0.0040s ]
SQL: SELECT * FROM `gica_member` RIGHT JOIN gica_ucenter_member ON gica_member.uid = gica_ucenter_member.id RIGHT JOIN gica_z_member_money ON gica_member.uid = gica_z_member_money.uid  WHERE gica_member.uid = '1'  [ RunTime:0.0010s ]
SQL: SHOW COLUMNS FROM `gica_z_borrow_investor` [ RunTime:0.0040s ]
SQL: SELECT sum(investor_capital)investor_capital FROM `gica_z_borrow_investor` WHERE `investor_uid` = 1 GROUP BY investor_uid ORDER BY investor_capital desc  [ RunTime:0.0010s ]
SQL: SHOW COLUMNS FROM `gica_z_borrow_info` [ RunTime:0.0060s ]
SQL: SELECT sum(borrow_money)borrow_money FROM `gica_z_borrow_info` WHERE `borrow_uid` = 1 GROUP BY borrow_uid  [ RunTime:0.0010s ]
SQL: SHOW COLUMNS FROM `gica_ucenter_member` [ RunTime:0.0060s ]
SQL: SELECT * FROM `gica_ucenter_member` WHERE gica_ucenter_member.id = '1'  [ RunTime:0.0000s ]
INFO: [ view_parse ] --START--
INFO: [ template_filter ] --START--
INFO: Run Behavior\ContentReplaceBehavior [ RunTime:0.001000s ]
INFO: [ template_filter ] --END-- [ RunTime:0.001000s ]
NOTIC: [8] Undefined variable: vs D:\UPGICA\upupw\vhosts\tp\Runtime\Cache\Member\cb6e053e31eae77baa8d17b42ff91420.php 第 257 行.
NOTIC: [8] Undefined variable: vs D:\UPGICA\upupw\vhosts\tp\Runtime\Cache\Member\cb6e053e31eae77baa8d17b42ff91420.php 第 264 行.
NOTIC: [8] Undefined variable: vs D:\UPGICA\upupw\vhosts\tp\Runtime\Cache\Member\cb6e053e31eae77baa8d17b42ff91420.php 第 271 行.
NOTIC: [8] Undefined variable: vs D:\UPGICA\upupw\vhosts\tp\Runtime\Cache\Member\cb6e053e31eae77baa8d17b42ff91420.php 第 278 行.
NOTIC: [8] Undefined variable: vs D:\UPGICA\upupw\vhosts\tp\Runtime\Cache\Member\cb6e053e31eae77baa8d17b42ff91420.php 第 285 行.
INFO: Run Behavior\ParseTemplateBehavior [ RunTime:0.054003s ]
INFO: [ view_parse ] --END-- [ RunTime:0.054003s ]
INFO: [ view_filter ] --START--
INFO: Run Behavior\WriteHtmlCacheBehavior [ RunTime:0.003000s ]
INFO: [ view_filter ] --END-- [ RunTime:0.003000s ]
INFO: [ app_end ] --START--
INFO: Run Behavior\ShowPageTraceBehavior [ RunTime:0.004000s ]
INFO: [ app_end ] --END-- [ RunTime:0.004000s ]

[ 2015-01-17T17:03:42+08:00 ] 127.0.0.1 /index.php?s=/Member/System/usermailindex.html
INFO: [ app_init ] --START--
INFO: Run Behavior\BuildLiteBehavior [ RunTime:0.000000s ]
INFO: Run Common\Behavior\InitHookBehavior [ RunTime:0.011001s ]
INFO: [ app_init ] --END-- [ RunTime:0.011001s ]
INFO: [ app_begin ] --START--
INFO: Run Behavior\ReadHtmlCacheBehavior [ RunTime:0.003000s ]
INFO: [ app_begin ] --END-- [ RunTime:0.003000s ]
SQL: SHOW COLUMNS FROM `gica_config` [ RunTime:0.0060s ]
SQL: SELECT `type`,`name`,`value` FROM `gica_config` WHERE `status` = 1  [ RunTime:0.0010s ]
SQL: SHOW COLUMNS FROM `gica_z_inner_msg` [ RunTime:0.0040s ]
SQL: SHOW COLUMNS FROM `gica_z_inner_msg` [ RunTime:0.0050s ]
SQL: SELECT stats.id as id,stats.title as title,stats.status as status,stats.send_time as send_time,stats.msg as msg,profile.nickname as postname FROM gica_z_inner_msg stats,gica_member profile WHERE ( stats.uid = profile.uid and stats.tid=1 ) ORDER BY stats.tid desc  [ RunTime:0.0000s ]
SQL: SHOW COLUMNS FROM `gica_z_inner_msg` [ RunTime:0.0040s ]
SQL: SELECT stats.id as id,stats.title as title,stats.send_time as send_time,profile.nickname as recvname FROM gica_z_inner_msg stats,gica_member profile WHERE ( stats.tid = profile.uid and stats.uid=1 ) ORDER BY stats.tid desc  [ RunTime:0.0010s ]
SQL: SHOW COLUMNS FROM `gica_z_inner_msg` [ RunTime:0.0040s ]
SQL: SELECT stats.id as id,stats.title as title,stats.status as status,stats.send_time as send_time,profile.nickname as sysname FROM gica_z_inner_msg stats,gica_member profile WHERE ( stats.tid = profile.uid and stats.tid=1 ) ORDER BY stats.tid desc  [ RunTime:0.0000s ]
INFO: [ view_parse ] --START--
INFO: [ template_filter ] --START--
INFO: Run Behavior\ContentReplaceBehavior [ RunTime:0.000000s ]
INFO: [ template_filter ] --END-- [ RunTime:0.000000s ]
NOTIC: [8] Use of undefined constant sysname - assumed 'sysname' D:\UPGICA\upupw\vhosts\tp\Runtime\Cache\Member\2d33748f80fab9beffaddcc7203e3c27.php 第 277 行.
NOTIC: [8] Use of undefined constant sysname - assumed 'sysname' D:\UPGICA\upupw\vhosts\tp\Runtime\Cache\Member\2d33748f80fab9beffaddcc7203e3c27.php 第 277 行.
INFO: Run Behavior\ParseTemplateBehavior [ RunTime:0.043002s ]
INFO: [ view_parse ] --END-- [ RunTime:0.044002s ]
INFO: [ view_filter ] --START--
INFO: Run Behavior\WriteHtmlCacheBehavior [ RunTime:0.003000s ]
INFO: [ view_filter ] --END-- [ RunTime:0.003000s ]
INFO: [ app_end ] --START--
INFO: Run Behavior\ShowPageTraceBehavior [ RunTime:0.002001s ]
INFO: [ app_end ] --END-- [ RunTime:0.002001s ]

[ 2015-01-17T17:28:23+08:00 ] 127.0.0.1 /index.php?s=/Member/Index/index.html
INFO: [ app_init ] --START--
INFO: Run Behavior\BuildLiteBehavior [ RunTime:0.000000s ]
INFO: Run Common\Behavior\InitHookBehavior [ RunTime:0.013000s ]
INFO: [ app_init ] --END-- [ RunTime:0.013000s ]
INFO: [ app_begin ] --START--
INFO: Run Behavior\ReadHtmlCacheBehavior [ RunTime:0.004000s ]
INFO: [ app_begin ] --END-- [ RunTime:0.004000s ]
SQL: SHOW COLUMNS FROM `gica_config` [ RunTime:0.0070s ]
SQL: SELECT `type`,`name`,`value` FROM `gica_config` WHERE `status` = 1  [ RunTime:0.0020s ]
SQL: SHOW COLUMNS FROM `gica_member` [ RunTime:0.0070s ]
SQL: SELECT * FROM `gica_member` RIGHT JOIN gica_ucenter_member ON gica_member.uid = gica_ucenter_member.id RIGHT JOIN gica_z_member_money ON gica_member.uid = gica_z_member_money.uid  WHERE gica_member.uid = '1'  [ RunTime:0.0010s ]
SQL: SHOW COLUMNS FROM `gica_z_borrow_investor` [ RunTime:0.0050s ]
SQL: SELECT sum(investor_capital)investor_capital FROM `gica_z_borrow_investor` WHERE `investor_uid` = 1 GROUP BY investor_uid ORDER BY investor_capital desc  [ RunTime:0.0010s ]
SQL: SHOW COLUMNS FROM `gica_z_borrow_info` [ RunTime:0.0090s ]
SQL: SELECT sum(borrow_money)borrow_money FROM `gica_z_borrow_info` WHERE `borrow_uid` = 1 GROUP BY borrow_uid  [ RunTime:0.0000s ]
SQL: SHOW COLUMNS FROM `gica_ucenter_member` [ RunTime:0.0090s ]
SQL: SELECT * FROM `gica_ucenter_member` WHERE gica_ucenter_member.id = '1'  [ RunTime:0.0010s ]
INFO: [ view_parse ] --START--
INFO: [ template_filter ] --START--
INFO: Run Behavior\ContentReplaceBehavior [ RunTime:0.000000s ]
INFO: [ template_filter ] --END-- [ RunTime:0.000000s ]
NOTIC: [8] Undefined variable: vs D:\UPGICA\upupw\vhosts\tp\Runtime\Cache\Member\cb6e053e31eae77baa8d17b42ff91420.php 第 257 行.
NOTIC: [8] Undefined variable: vs D:\UPGICA\upupw\vhosts\tp\Runtime\Cache\Member\cb6e053e31eae77baa8d17b42ff91420.php 第 264 行.
NOTIC: [8] Undefined variable: vs D:\UPGICA\upupw\vhosts\tp\Runtime\Cache\Member\cb6e053e31eae77baa8d17b42ff91420.php 第 271 行.
NOTIC: [8] Undefined variable: vs D:\UPGICA\upupw\vhosts\tp\Runtime\Cache\Member\cb6e053e31eae77baa8d17b42ff91420.php 第 278 行.
NOTIC: [8] Undefined variable: vs D:\UPGICA\upupw\vhosts\tp\Runtime\Cache\Member\cb6e053e31eae77baa8d17b42ff91420.php 第 285 行.
INFO: Run Behavior\ParseTemplateBehavior [ RunTime:0.049002s ]
INFO: [ view_parse ] --END-- [ RunTime:0.049002s ]
INFO: [ view_filter ] --START--
INFO: Run Behavior\WriteHtmlCacheBehavior [ RunTime:0.003000s ]
INFO: [ view_filter ] --END-- [ RunTime:0.003000s ]
INFO: [ app_end ] --START--
INFO: Run Behavior\ShowPageTraceBehavior [ RunTime:0.003000s ]
INFO: [ app_end ] --END-- [ RunTime:0.003000s ]

[ 2015-01-17T17:34:46+08:00 ] 127.0.0.1 /index.php?s=/Member/Index/index.html
INFO: [ app_init ] --START--
INFO: Run Behavior\BuildLiteBehavior [ RunTime:0.000000s ]
INFO: Run Common\Behavior\InitHookBehavior [ RunTime:0.013001s ]
INFO: [ app_init ] --END-- [ RunTime:0.013001s ]
INFO: [ app_begin ] --START--
INFO: Run Behavior\ReadHtmlCacheBehavior [ RunTime:0.003000s ]
INFO: [ app_begin ] --END-- [ RunTime:0.003000s ]
SQL: SHOW COLUMNS FROM `gica_config` [ RunTime:0.0060s ]
SQL: SELECT `type`,`name`,`value` FROM `gica_config` WHERE `status` = 1  [ RunTime:0.0010s ]
SQL: SHOW COLUMNS FROM `gica_member` [ RunTime:0.0050s ]
SQL: SELECT * FROM `gica_member` RIGHT JOIN gica_ucenter_member ON gica_member.uid = gica_ucenter_member.id RIGHT JOIN gica_z_member_money ON gica_member.uid = gica_z_member_money.uid  WHERE gica_member.uid = '1'  [ RunTime:0.0010s ]
SQL: SHOW COLUMNS FROM `gica_z_borrow_investor` [ RunTime:0.0080s ]
SQL: SELECT sum(investor_capital)investor_capital FROM `gica_z_borrow_investor` WHERE `investor_uid` = 1 GROUP BY investor_uid ORDER BY investor_capital desc  [ RunTime:0.0010s ]
SQL: SHOW COLUMNS FROM `gica_z_borrow_info` [ RunTime:0.0070s ]
SQL: SELECT sum(borrow_money)borrow_money FROM `gica_z_borrow_info` WHERE `borrow_uid` = 1 GROUP BY borrow_uid  [ RunTime:0.0010s ]
SQL: SHOW COLUMNS FROM `gica_ucenter_member` [ RunTime:0.0080s ]
SQL: SELECT * FROM `gica_ucenter_member` WHERE gica_ucenter_member.id = '1'  [ RunTime:0.0000s ]
INFO: [ view_parse ] --START--
INFO: [ template_filter ] --START--
INFO: Run Behavior\ContentReplaceBehavior [ RunTime:0.000000s ]
INFO: [ template_filter ] --END-- [ RunTime:0.000000s ]
NOTIC: [8] Undefined variable: vs D:\UPGICA\upupw\vhosts\tp\Runtime\Cache\Member\cb6e053e31eae77baa8d17b42ff91420.php 第 257 行.
NOTIC: [8] Undefined variable: vs D:\UPGICA\upupw\vhosts\tp\Runtime\Cache\Member\cb6e053e31eae77baa8d17b42ff91420.php 第 264 行.
NOTIC: [8] Undefined variable: vs D:\UPGICA\upupw\vhosts\tp\Runtime\Cache\Member\cb6e053e31eae77baa8d17b42ff91420.php 第 271 行.
NOTIC: [8] Undefined variable: vs D:\UPGICA\upupw\vhosts\tp\Runtime\Cache\Member\cb6e053e31eae77baa8d17b42ff91420.php 第 278 行.
NOTIC: [8] Undefined variable: vs D:\UPGICA\upupw\vhosts\tp\Runtime\Cache\Member\cb6e053e31eae77baa8d17b42ff91420.php 第 285 行.
INFO: Run Behavior\ParseTemplateBehavior [ RunTime:0.047002s ]
INFO: [ view_parse ] --END-- [ RunTime:0.047002s ]
INFO: [ view_filter ] --START--
INFO: Run Behavior\WriteHtmlCacheBehavior [ RunTime:0.004001s ]
INFO: [ view_filter ] --END-- [ RunTime:0.004001s ]
INFO: [ app_end ] --START--
INFO: Run Behavior\ShowPageTraceBehavior [ RunTime:0.003000s ]
INFO: [ app_end ] --END-- [ RunTime:0.003000s ]

[ 2015-01-17T17:40:59+08:00 ] 127.0.0.1 /index.php?s=/Member/Index/index.html
INFO: [ app_init ] --START--
INFO: Run Behavior\BuildLiteBehavior [ RunTime:0.000000s ]
INFO: Run Common\Behavior\InitHookBehavior [ RunTime:0.014000s ]
INFO: [ app_init ] --END-- [ RunTime:0.014000s ]
INFO: [ app_begin ] --START--
INFO: Run Behavior\ReadHtmlCacheBehavior [ RunTime:0.005000s ]
INFO: [ app_begin ] --END-- [ RunTime:0.005000s ]
SQL: SHOW COLUMNS FROM `gica_config` [ RunTime:0.0050s ]
SQL: SELECT `type`,`name`,`value` FROM `gica_config` WHERE `status` = 1  [ RunTime:0.0000s ]
SQL: SHOW COLUMNS FROM `gica_member` [ RunTime:0.0070s ]
SQL: SELECT * FROM `gica_member` RIGHT JOIN gica_ucenter_member ON gica_member.uid = gica_ucenter_member.id RIGHT JOIN gica_z_member_money ON gica_member.uid = gica_z_member_money.uid  WHERE gica_member.uid = '1'  [ RunTime:0.0020s ]
SQL: SHOW COLUMNS FROM `gica_z_borrow_investor` [ RunTime:0.0040s ]
SQL: SELECT sum(investor_capital)investor_capital FROM `gica_z_borrow_investor` WHERE `investor_uid` = 1 GROUP BY investor_uid ORDER BY investor_capital desc  [ RunTime:0.0010s ]
SQL: SHOW COLUMNS FROM `gica_z_borrow_info` [ RunTime:0.0060s ]
SQL: SELECT sum(borrow_money)borrow_money FROM `gica_z_borrow_info` WHERE `borrow_uid` = 1 GROUP BY borrow_uid  [ RunTime:0.0000s ]
SQL: SHOW COLUMNS FROM `gica_ucenter_member` [ RunTime:0.0050s ]
SQL: SELECT * FROM `gica_ucenter_member` WHERE gica_ucenter_member.id = '1'  [ RunTime:0.0000s ]
INFO: [ view_parse ] --START--
INFO: [ template_filter ] --START--
INFO: Run Behavior\ContentReplaceBehavior [ RunTime:0.000000s ]
INFO: [ template_filter ] --END-- [ RunTime:0.001000s ]
NOTIC: [8] Undefined variable: vs D:\UPGICA\upupw\vhosts\tp\Runtime\Cache\Member\cb6e053e31eae77baa8d17b42ff91420.php 第 257 行.
NOTIC: [8] Undefined variable: vs D:\UPGICA\upupw\vhosts\tp\Runtime\Cache\Member\cb6e053e31eae77baa8d17b42ff91420.php 第 264 行.
NOTIC: [8] Undefined variable: vs D:\UPGICA\upupw\vhosts\tp\Runtime\Cache\Member\cb6e053e31eae77baa8d17b42ff91420.php 第 271 行.
NOTIC: [8] Undefined variable: vs D:\UPGICA\upupw\vhosts\tp\Runtime\Cache\Member\cb6e053e31eae77baa8d17b42ff91420.php 第 278 行.
NOTIC: [8] Undefined variable: vs D:\UPGICA\upupw\vhosts\tp\Runtime\Cache\Member\cb6e053e31eae77baa8d17b42ff91420.php 第 285 行.
INFO: Run Behavior\ParseTemplateBehavior [ RunTime:0.048003s ]
INFO: [ view_parse ] --END-- [ RunTime:0.048003s ]
INFO: [ view_filter ] --START--
INFO: Run Behavior\WriteHtmlCacheBehavior [ RunTime:0.005000s ]
INFO: [ view_filter ] --END-- [ RunTime:0.005000s ]
INFO: [ app_end ] --START--
INFO: Run Behavior\ShowPageTraceBehavior [ RunTime:0.003000s ]
INFO: [ app_end ] --END-- [ RunTime:0.003000s ]

[ 2015-01-17T17:41:01+08:00 ] 127.0.0.1 /index.php?s=/Member/Friends/friends.html
INFO: [ app_init ] --START--
INFO: Run Behavior\BuildLiteBehavior [ RunTime:0.000000s ]
INFO: Run Common\Behavior\InitHookBehavior [ RunTime:0.012000s ]
INFO: [ app_init ] --END-- [ RunTime:0.012000s ]
INFO: [ app_begin ] --START--
INFO: Run Behavior\ReadHtmlCacheBehavior [ RunTime:0.003000s ]
INFO: [ app_begin ] --END-- [ RunTime:0.003000s ]
SQL: SHOW COLUMNS FROM `gica_config` [ RunTime:0.0150s ]
SQL: SELECT `type`,`name`,`value` FROM `gica_config` WHERE `status` = 1  [ RunTime:0.0010s ]
NOTIC: [8] Undefined index: email D:\UPGICA\upupw\vhosts\tp\Application\Member\Controller\FriendsController.class.php 第 21 行.
NOTIC: [8] Undefined index: content D:\UPGICA\upupw\vhosts\tp\Application\Member\Controller\FriendsController.class.php 第 22 行.
SQL: SHOW COLUMNS FROM `gica_ucenter_member` [ RunTime:0.0080s ]
SQL: SELECT * FROM `gica_ucenter_member` WHERE ( id=1 )  [ RunTime:0.0010s ]
SQL: SHOW COLUMNS FROM `gica_z_member_info` [ RunTime:0.0080s ]
SQL: SELECT `real_name` FROM `gica_z_member_info` WHERE ( 1 )  [ RunTime:0.0000s ]
SQL: select * from (select * from gica_ucenter_member as m right join(select f.uid as fuid from gica_z_member_friend as f
	    		 where friend_id=1 ) t on m.id=t.fuid) f left join gica_z_borrow_investor as p on f.fuid=p.investor_uid [ RunTime:0.0690s ]
INFO: [ view_parse ] --START--
INFO: [ template_filter ] --START--
INFO: Run Behavior\ContentReplaceBehavior [ RunTime:0.000000s ]
INFO: [ template_filter ] --END-- [ RunTime:0.000000s ]
NOTIC: [8] Undefined variable: page D:\UPGICA\upupw\vhosts\tp\Runtime\Cache\Member\5532ec3179a6ea89d1373274f3954b92.php 第 391 行.
INFO: Run Behavior\ParseTemplateBehavior [ RunTime:0.056003s ]
INFO: [ view_parse ] --END-- [ RunTime:0.056003s ]
INFO: [ view_filter ] --START--
INFO: Run Behavior\WriteHtmlCacheBehavior [ RunTime:0.005000s ]
INFO: [ view_filter ] --END-- [ RunTime:0.005000s ]
INFO: [ app_end ] --START--
INFO: Run Behavior\ShowPageTraceBehavior [ RunTime:0.003000s ]
INFO: [ app_end ] --END-- [ RunTime:0.003000s ]

[ 2015-01-17T17:41:04+08:00 ] 127.0.0.1 /index.php?s=/Member/System/usermailindex.html
INFO: [ app_init ] --START--
INFO: Run Behavior\BuildLiteBehavior [ RunTime:0.000000s ]
INFO: Run Common\Behavior\InitHookBehavior [ RunTime:0.012001s ]
INFO: [ app_init ] --END-- [ RunTime:0.012001s ]
INFO: [ app_begin ] --START--
INFO: Run Behavior\ReadHtmlCacheBehavior [ RunTime:0.003000s ]
INFO: [ app_begin ] --END-- [ RunTime:0.003000s ]
SQL: SHOW COLUMNS FROM `gica_config` [ RunTime:0.0050s ]
SQL: SELECT `type`,`name`,`value` FROM `gica_config` WHERE `status` = 1  [ RunTime:0.0000s ]
SQL: SHOW COLUMNS FROM `gica_z_inner_msg` [ RunTime:0.0050s ]
SQL: SHOW COLUMNS FROM `gica_z_inner_msg` [ RunTime:0.0060s ]
SQL: SELECT stats.id as id,stats.title as title,stats.status as status,stats.send_time as send_time,stats.msg as msg,profile.nickname as postname FROM gica_z_inner_msg stats,gica_member profile WHERE ( stats.uid = profile.uid and stats.tid=1 ) ORDER BY stats.tid desc  [ RunTime:0.0010s ]
SQL: SHOW COLUMNS FROM `gica_z_inner_msg` [ RunTime:0.0040s ]
SQL: SELECT stats.id as id,stats.title as title,stats.send_time as send_time,profile.nickname as recvname FROM gica_z_inner_msg stats,gica_member profile WHERE ( stats.tid = profile.uid and stats.uid=1 ) ORDER BY stats.tid desc  [ RunTime:0.0000s ]
SQL: SHOW COLUMNS FROM `gica_z_inner_msg` [ RunTime:0.0060s ]
SQL: SELECT stats.id as id,stats.title as title,stats.status as status,stats.send_time as send_time,profile.nickname as sysname FROM gica_z_inner_msg stats,gica_member profile WHERE ( stats.tid = profile.uid and stats.tid=1 ) ORDER BY stats.tid desc  [ RunTime:0.0010s ]
INFO: [ view_parse ] --START--
INFO: [ template_filter ] --START--
INFO: Run Behavior\ContentReplaceBehavior [ RunTime:0.000000s ]
INFO: [ template_filter ] --END-- [ RunTime:0.000000s ]
NOTIC: [8] Use of undefined constant sysname - assumed 'sysname' D:\UPGICA\upupw\vhosts\tp\Runtime\Cache\Member\2d33748f80fab9beffaddcc7203e3c27.php 第 277 行.
NOTIC: [8] Use of undefined constant sysname - assumed 'sysname' D:\UPGICA\upupw\vhosts\tp\Runtime\Cache\Member\2d33748f80fab9beffaddcc7203e3c27.php 第 277 行.
INFO: Run Behavior\ParseTemplateBehavior [ RunTime:0.042003s ]
INFO: [ view_parse ] --END-- [ RunTime:0.042003s ]
INFO: [ view_filter ] --START--
INFO: Run Behavior\WriteHtmlCacheBehavior [ RunTime:0.003000s ]
INFO: [ view_filter ] --END-- [ RunTime:0.003000s ]
INFO: [ app_end ] --START--
INFO: Run Behavior\ShowPageTraceBehavior [ RunTime:0.003000s ]
INFO: [ app_end ] --END-- [ RunTime:0.004000s ]

